Args in experiment:
Namespace(random_seed=2024, is_training=1, model_id='60_5', model='PatchTST', data='custom', root_path='./dataset/', data_path='sym_lv3.csv', features='M', target='Target', freq='h', checkpoints='./checkpoints/', seq_len=60, label_len=48, pred_len=5, fc_dropout=0.2, head_dropout=0.0, patch_len=5, stride=2, padding_patch='end', revin=1, affine=0, subtract_last=0, decomposition=0, kernel_size=25, individual=0, embed_type=0, enc_in=6, dec_in=7, c_out=7, d_model=16, n_heads=4, e_layers=3, d_layers=1, d_ff=128, moving_avg=25, factor=1, distil=True, dropout=0.2, embed='timeF', activation='gelu', output_attention=False, do_predict=False, num_workers=10, itr=1, train_epochs=100, batch_size=16, patience=100, learning_rate=0.0025, des='Exp', loss='mse', lradj='constant', pct_start=0.3, use_amp=False, use_gpu=False, gpu=0, use_multi_gpu=False, devices='0,1,2,3', test_flop=False)
Use CPU
>>>>>>>start training : 60_5_PatchTST_custom_ftM_sl60_ll48_pl5_dm16_nh4_el3_dl1_df128_fc1_ebtimeF_dtTrue_Exp_0>>>>>>>>>>>>>>>>>>>>>>>>>>
train 4161
val 601
test 1203
	iters: 100, epoch: 1 | loss: 0.6325143
	speed: 0.0806s/iter; left time: 2088.2865s
	iters: 200, epoch: 1 | loss: 0.3616211
	speed: 0.0805s/iter; left time: 2077.1338s
Epoch: 1 cost time: 20.962652921676636
Epoch: 1, Steps: 260 | Train Loss: 0.5313441 Vali Loss: 0.5617113 Test Loss: 1.7356887
Validation loss decreased (inf --> 0.561711).  Saving model ...
Updating learning rate to 0.0025
	iters: 100, epoch: 2 | loss: 0.2360898
	speed: 0.1582s/iter; left time: 4057.0672s
	iters: 200, epoch: 2 | loss: 0.1809065
	speed: 0.0820s/iter; left time: 2093.8280s
Epoch: 2 cost time: 21.127230882644653
Epoch: 2, Steps: 260 | Train Loss: 0.2915713 Vali Loss: 0.3409407 Test Loss: 1.1269493
Validation loss decreased (0.561711 --> 0.340941).  Saving model ...
Updating learning rate to 0.0025
	iters: 100, epoch: 3 | loss: 0.1860077
	speed: 0.1589s/iter; left time: 4033.5695s
	iters: 200, epoch: 3 | loss: 0.1222330
	speed: 0.0841s/iter; left time: 2125.6037s
Epoch: 3 cost time: 21.42746591567993
Epoch: 3, Steps: 260 | Train Loss: 0.2105947 Vali Loss: 0.2573951 Test Loss: 0.7843130
Validation loss decreased (0.340941 --> 0.257395).  Saving model ...
Updating learning rate to 0.0025
	iters: 100, epoch: 4 | loss: 0.1686941
	speed: 0.1586s/iter; left time: 3985.1856s
	iters: 200, epoch: 4 | loss: 0.2111232
	speed: 0.0836s/iter; left time: 2092.3576s
Epoch: 4 cost time: 21.307745218276978
Epoch: 4, Steps: 260 | Train Loss: 0.1842763 Vali Loss: 0.2293945 Test Loss: 0.7182029
Validation loss decreased (0.257395 --> 0.229394).  Saving model ...
Updating learning rate to 0.0025
	iters: 100, epoch: 5 | loss: 0.1188770
	speed: 0.1554s/iter; left time: 3864.5075s
	iters: 200, epoch: 5 | loss: 0.1477999
	speed: 0.0843s/iter; left time: 2088.5022s
Epoch: 5 cost time: 21.12714195251465
Epoch: 5, Steps: 260 | Train Loss: 0.1714387 Vali Loss: 0.2079031 Test Loss: 0.6849959
Validation loss decreased (0.229394 --> 0.207903).  Saving model ...
Updating learning rate to 0.0025
	iters: 100, epoch: 6 | loss: 0.1472592
	speed: 0.1566s/iter; left time: 3851.6098s
	iters: 200, epoch: 6 | loss: 0.1333616
	speed: 0.0815s/iter; left time: 1997.8347s
Epoch: 6 cost time: 21.103128671646118
Epoch: 6, Steps: 260 | Train Loss: 0.1615761 Vali Loss: 0.2103141 Test Loss: 0.6616634
EarlyStopping counter: 1 out of 100
Updating learning rate to 0.0025
	iters: 100, epoch: 7 | loss: 0.1656461
	speed: 0.1557s/iter; left time: 3791.0249s
	iters: 200, epoch: 7 | loss: 0.1760477
	speed: 0.0789s/iter; left time: 1913.2132s
Epoch: 7 cost time: 20.446674585342407
Epoch: 7, Steps: 260 | Train Loss: 0.1571626 Vali Loss: 0.2058648 Test Loss: 0.6136747
Validation loss decreased (0.207903 --> 0.205865).  Saving model ...
Updating learning rate to 0.0025
	iters: 100, epoch: 8 | loss: 0.1865110
	speed: 0.1535s/iter; left time: 3695.3480s
	iters: 200, epoch: 8 | loss: 0.1396031
	speed: 0.0842s/iter; left time: 2019.2496s
Epoch: 8 cost time: 20.93497395515442
Epoch: 8, Steps: 260 | Train Loss: 0.1506789 Vali Loss: 0.1999635 Test Loss: 0.6065246
Validation loss decreased (0.205865 --> 0.199963).  Saving model ...
Updating learning rate to 0.0025
	iters: 100, epoch: 9 | loss: 0.1216546
	speed: 0.1582s/iter; left time: 3767.9688s
	iters: 200, epoch: 9 | loss: 0.1548502
	speed: 0.0808s/iter; left time: 1916.9098s
Epoch: 9 cost time: 21.181177616119385
Epoch: 9, Steps: 260 | Train Loss: 0.1492060 Vali Loss: 0.1909727 Test Loss: 0.5821152
Validation loss decreased (0.199963 --> 0.190973).  Saving model ...
Updating learning rate to 0.0025
	iters: 100, epoch: 10 | loss: 0.1870478
	speed: 0.1566s/iter; left time: 3690.0380s
	iters: 200, epoch: 10 | loss: 0.1484735
	speed: 0.0815s/iter; left time: 1911.0631s
Epoch: 10 cost time: 21.17932415008545
Epoch: 10, Steps: 260 | Train Loss: 0.1440646 Vali Loss: 0.1848177 Test Loss: 0.5472689
Validation loss decreased (0.190973 --> 0.184818).  Saving model ...
Updating learning rate to 0.0025
	iters: 100, epoch: 11 | loss: 0.1153247
	speed: 0.1579s/iter; left time: 3679.4766s
	iters: 200, epoch: 11 | loss: 0.1864585
	speed: 0.0852s/iter; left time: 1977.8536s
Epoch: 11 cost time: 21.278208255767822
Epoch: 11, Steps: 260 | Train Loss: 0.1369390 Vali Loss: 0.1719928 Test Loss: 0.5144451
Validation loss decreased (0.184818 --> 0.171993).  Saving model ...
Updating learning rate to 0.0025
	iters: 100, epoch: 12 | loss: 0.1110762
	speed: 0.1586s/iter; left time: 3653.1886s
	iters: 200, epoch: 12 | loss: 0.1217957
	speed: 0.0820s/iter; left time: 1881.3762s
Epoch: 12 cost time: 21.34545350074768
Epoch: 12, Steps: 260 | Train Loss: 0.1317187 Vali Loss: 0.1610422 Test Loss: 0.4742630
Validation loss decreased (0.171993 --> 0.161042).  Saving model ...
Updating learning rate to 0.0025
	iters: 100, epoch: 13 | loss: 0.1269011
	speed: 0.1593s/iter; left time: 3628.7789s
	iters: 200, epoch: 13 | loss: 0.1599492
	speed: 0.0814s/iter; left time: 1846.6726s
Epoch: 13 cost time: 21.18835425376892
Epoch: 13, Steps: 260 | Train Loss: 0.1293535 Vali Loss: 0.1703794 Test Loss: 0.5204365
EarlyStopping counter: 1 out of 100
Updating learning rate to 0.0025
	iters: 100, epoch: 14 | loss: 0.2296167
	speed: 0.1574s/iter; left time: 3544.9629s
	iters: 200, epoch: 14 | loss: 0.0961036
	speed: 0.0812s/iter; left time: 1821.2992s
Epoch: 14 cost time: 20.822343111038208
Epoch: 14, Steps: 260 | Train Loss: 0.1249108 Vali Loss: 0.1559067 Test Loss: 0.4640951
Validation loss decreased (0.161042 --> 0.155907).  Saving model ...
Updating learning rate to 0.0025
	iters: 100, epoch: 15 | loss: 0.1774581
	speed: 0.1556s/iter; left time: 3463.1473s
	iters: 200, epoch: 15 | loss: 0.1111025
	speed: 0.0829s/iter; left time: 1836.5787s
Epoch: 15 cost time: 21.223554134368896
Epoch: 15, Steps: 260 | Train Loss: 0.1190743 Vali Loss: 0.1375560 Test Loss: 0.4046845
Validation loss decreased (0.155907 --> 0.137556).  Saving model ...
Updating learning rate to 0.0025
	iters: 100, epoch: 16 | loss: 0.1158339
	speed: 0.1595s/iter; left time: 3508.2161s
	iters: 200, epoch: 16 | loss: 0.1185464
	speed: 0.0833s/iter; left time: 1825.4094s
Epoch: 16 cost time: 21.157756567001343
Epoch: 16, Steps: 260 | Train Loss: 0.1157473 Vali Loss: 0.1316787 Test Loss: 0.3815483
Validation loss decreased (0.137556 --> 0.131679).  Saving model ...
Updating learning rate to 0.0025
	iters: 100, epoch: 17 | loss: 0.0726497
	speed: 0.1559s/iter; left time: 3389.8698s
	iters: 200, epoch: 17 | loss: 0.0714575
	speed: 0.0811s/iter; left time: 1754.5012s
Epoch: 17 cost time: 20.972493171691895
Epoch: 17, Steps: 260 | Train Loss: 0.1106803 Vali Loss: 0.1399954 Test Loss: 0.4023513
EarlyStopping counter: 1 out of 100
Updating learning rate to 0.0025
	iters: 100, epoch: 18 | loss: 0.1465251
	speed: 0.1588s/iter; left time: 3410.8743s
	iters: 200, epoch: 18 | loss: 0.0807596
	speed: 0.0830s/iter; left time: 1774.8679s
Epoch: 18 cost time: 21.257338762283325
Epoch: 18, Steps: 260 | Train Loss: 0.1079272 Vali Loss: 0.1401792 Test Loss: 0.4002576
EarlyStopping counter: 2 out of 100
Updating learning rate to 0.0025
	iters: 100, epoch: 19 | loss: 0.1150010
	speed: 0.1611s/iter; left time: 3418.6198s
	iters: 200, epoch: 19 | loss: 0.1080137
	speed: 0.0826s/iter; left time: 1744.8554s
Epoch: 19 cost time: 21.44544816017151
Epoch: 19, Steps: 260 | Train Loss: 0.1076526 Vali Loss: 0.1311403 Test Loss: 0.3943748
Validation loss decreased (0.131679 --> 0.131140).  Saving model ...
Updating learning rate to 0.0025
	iters: 100, epoch: 20 | loss: 0.0752062
	speed: 0.1594s/iter; left time: 3340.5858s
	iters: 200, epoch: 20 | loss: 0.0822806
	speed: 0.0829s/iter; left time: 1729.0196s
Epoch: 20 cost time: 21.043927431106567
Epoch: 20, Steps: 260 | Train Loss: 0.1049798 Vali Loss: 0.1237351 Test Loss: 0.3718436
Validation loss decreased (0.131140 --> 0.123735).  Saving model ...
Updating learning rate to 0.0025
	iters: 100, epoch: 21 | loss: 0.0681517
	speed: 0.1529s/iter; left time: 3164.9776s
	iters: 200, epoch: 21 | loss: 0.0899860
	speed: 0.0820s/iter; left time: 1688.3581s
Epoch: 21 cost time: 20.84525775909424
Epoch: 21, Steps: 260 | Train Loss: 0.1047020 Vali Loss: 0.1136050 Test Loss: 0.3412619
Validation loss decreased (0.123735 --> 0.113605).  Saving model ...
Updating learning rate to 0.0025
	iters: 100, epoch: 22 | loss: 0.0592015
	speed: 0.1573s/iter; left time: 3216.2417s
	iters: 200, epoch: 22 | loss: 0.0948386
	speed: 0.0823s/iter; left time: 1674.9024s
Epoch: 22 cost time: 21.23656439781189
Epoch: 22, Steps: 260 | Train Loss: 0.0984284 Vali Loss: 0.1184824 Test Loss: 0.3585550
EarlyStopping counter: 1 out of 100
Updating learning rate to 0.0025
	iters: 100, epoch: 23 | loss: 0.1048953
	speed: 0.1584s/iter; left time: 3196.2993s
	iters: 200, epoch: 23 | loss: 0.1754532
	speed: 0.0836s/iter; left time: 1679.5561s
Epoch: 23 cost time: 20.91621994972229
Epoch: 23, Steps: 260 | Train Loss: 0.0995027 Vali Loss: 0.1186997 Test Loss: 0.3615859
EarlyStopping counter: 2 out of 100
Updating learning rate to 0.0025
	iters: 100, epoch: 24 | loss: 0.0990998
	speed: 0.1513s/iter; left time: 3013.2404s
	iters: 200, epoch: 24 | loss: 0.1368006
	speed: 0.0829s/iter; left time: 1642.4955s
Epoch: 24 cost time: 20.954303741455078
Epoch: 24, Steps: 260 | Train Loss: 0.0970735 Vali Loss: 0.1212371 Test Loss: 0.3605580
EarlyStopping counter: 3 out of 100
Updating learning rate to 0.0025
	iters: 100, epoch: 25 | loss: 0.0570489
	speed: 0.1585s/iter; left time: 3117.0531s
	iters: 200, epoch: 25 | loss: 0.0762239
	speed: 0.0802s/iter; left time: 1568.3999s
Epoch: 25 cost time: 21.21842122077942
Epoch: 25, Steps: 260 | Train Loss: 0.0978122 Vali Loss: 0.1149422 Test Loss: 0.3406329
EarlyStopping counter: 4 out of 100
Updating learning rate to 0.0025
	iters: 100, epoch: 26 | loss: 0.0641184
	speed: 0.1577s/iter; left time: 3059.2695s
	iters: 200, epoch: 26 | loss: 0.0929802
	speed: 0.0808s/iter; left time: 1558.9752s
Epoch: 26 cost time: 20.651970863342285
Epoch: 26, Steps: 260 | Train Loss: 0.0962863 Vali Loss: 0.1156141 Test Loss: 0.3483195
EarlyStopping counter: 5 out of 100
Updating learning rate to 0.0025
	iters: 100, epoch: 27 | loss: 0.0748684
	speed: 0.1545s/iter; left time: 2958.1315s
	iters: 200, epoch: 27 | loss: 0.0654875
	speed: 0.0817s/iter; left time: 1556.0905s
Epoch: 27 cost time: 20.71918296813965
Epoch: 27, Steps: 260 | Train Loss: 0.0932308 Vali Loss: 0.1076167 Test Loss: 0.3130278
Validation loss decreased (0.113605 --> 0.107617).  Saving model ...
Updating learning rate to 0.0025
	iters: 100, epoch: 28 | loss: 0.0855447
	speed: 0.1553s/iter; left time: 2931.3937s
	iters: 200, epoch: 28 | loss: 0.0726669
	speed: 0.0828s/iter; left time: 1555.5750s
Epoch: 28 cost time: 21.137773990631104
Epoch: 28, Steps: 260 | Train Loss: 0.0922025 Vali Loss: 0.1143504 Test Loss: 0.3357508
EarlyStopping counter: 1 out of 100
Updating learning rate to 0.0025
	iters: 100, epoch: 29 | loss: 0.0603578
	speed: 0.1568s/iter; left time: 2919.4120s
	iters: 200, epoch: 29 | loss: 0.0640765
	speed: 0.0786s/iter; left time: 1456.1385s
Epoch: 29 cost time: 20.926968336105347
Epoch: 29, Steps: 260 | Train Loss: 0.0935753 Vali Loss: 0.1069765 Test Loss: 0.3063579
Validation loss decreased (0.107617 --> 0.106976).  Saving model ...
Updating learning rate to 0.0025
	iters: 100, epoch: 30 | loss: 0.0906503
	speed: 0.1548s/iter; left time: 2842.9889s
	iters: 200, epoch: 30 | loss: 0.1668000
	speed: 0.0780s/iter; left time: 1423.7014s
Epoch: 30 cost time: 20.432753801345825
Epoch: 30, Steps: 260 | Train Loss: 0.0935711 Vali Loss: 0.1113577 Test Loss: 0.3261035
EarlyStopping counter: 1 out of 100
Updating learning rate to 0.0025
	iters: 100, epoch: 31 | loss: 0.0741133
	speed: 0.1542s/iter; left time: 2790.7225s
	iters: 200, epoch: 31 | loss: 0.0959495
	speed: 0.0827s/iter; left time: 1489.0408s
Epoch: 31 cost time: 20.515450716018677
Epoch: 31, Steps: 260 | Train Loss: 0.0915165 Vali Loss: 0.1065637 Test Loss: 0.3057376
Validation loss decreased (0.106976 --> 0.106564).  Saving model ...
Updating learning rate to 0.0025
	iters: 100, epoch: 32 | loss: 0.1284999
	speed: 0.1519s/iter; left time: 2709.2115s
	iters: 200, epoch: 32 | loss: 0.0969010
	speed: 0.0798s/iter; left time: 1415.3330s
Epoch: 32 cost time: 20.51425337791443
Epoch: 32, Steps: 260 | Train Loss: 0.0875899 Vali Loss: 0.1121378 Test Loss: 0.3320442
EarlyStopping counter: 1 out of 100
Updating learning rate to 0.0025
	iters: 100, epoch: 33 | loss: 0.1026907
	speed: 0.1547s/iter; left time: 2719.9334s
	iters: 200, epoch: 33 | loss: 0.0793962
	speed: 0.0811s/iter; left time: 1417.8375s
Epoch: 33 cost time: 20.80262327194214
Epoch: 33, Steps: 260 | Train Loss: 0.0884476 Vali Loss: 0.1030094 Test Loss: 0.3073620
Validation loss decreased (0.106564 --> 0.103009).  Saving model ...
Updating learning rate to 0.0025
	iters: 100, epoch: 34 | loss: 0.0677043
	speed: 0.1517s/iter; left time: 2627.1974s
	iters: 200, epoch: 34 | loss: 0.0698462
	speed: 0.0800s/iter; left time: 1376.8868s
Epoch: 34 cost time: 20.433075428009033
Epoch: 34, Steps: 260 | Train Loss: 0.0864076 Vali Loss: 0.1072989 Test Loss: 0.3079171
EarlyStopping counter: 1 out of 100
Updating learning rate to 0.0025
	iters: 100, epoch: 35 | loss: 0.0696426
	speed: 0.1540s/iter; left time: 2628.2092s
	iters: 200, epoch: 35 | loss: 0.0744998
	speed: 0.0812s/iter; left time: 1376.4317s
Epoch: 35 cost time: 20.87962055206299
Epoch: 35, Steps: 260 | Train Loss: 0.0868169 Vali Loss: 0.0986299 Test Loss: 0.2898645
Validation loss decreased (0.103009 --> 0.098630).  Saving model ...
Updating learning rate to 0.0025
	iters: 100, epoch: 36 | loss: 0.1114309
	speed: 0.1551s/iter; left time: 2606.3358s
	iters: 200, epoch: 36 | loss: 0.0567173
	speed: 0.0822s/iter; left time: 1373.0731s
Epoch: 36 cost time: 20.60523796081543
Epoch: 36, Steps: 260 | Train Loss: 0.0845216 Vali Loss: 0.0964776 Test Loss: 0.2856646
Validation loss decreased (0.098630 --> 0.096478).  Saving model ...
Updating learning rate to 0.0025
	iters: 100, epoch: 37 | loss: 0.0534383
	speed: 0.1531s/iter; left time: 2531.9676s
	iters: 200, epoch: 37 | loss: 0.1152245
	speed: 0.0807s/iter; left time: 1326.2274s
Epoch: 37 cost time: 20.967276334762573
Epoch: 37, Steps: 260 | Train Loss: 0.0862528 Vali Loss: 0.0967855 Test Loss: 0.2894457
EarlyStopping counter: 1 out of 100
Updating learning rate to 0.0025
	iters: 100, epoch: 38 | loss: 0.1007088
	speed: 0.1560s/iter; left time: 2539.3347s
	iters: 200, epoch: 38 | loss: 0.0838396
	speed: 0.0817s/iter; left time: 1322.4784s
Epoch: 38 cost time: 20.785200119018555
Epoch: 38, Steps: 260 | Train Loss: 0.0837127 Vali Loss: 0.1007245 Test Loss: 0.2986011
EarlyStopping counter: 2 out of 100
Updating learning rate to 0.0025
	iters: 100, epoch: 39 | loss: 0.0797956
	speed: 0.1523s/iter; left time: 2439.2156s
	iters: 200, epoch: 39 | loss: 0.1128691
	speed: 0.0820s/iter; left time: 1304.9577s
Epoch: 39 cost time: 20.56712579727173
Epoch: 39, Steps: 260 | Train Loss: 0.0836217 Vali Loss: 0.1004876 Test Loss: 0.2960422
EarlyStopping counter: 3 out of 100
Updating learning rate to 0.0025
	iters: 100, epoch: 40 | loss: 0.0937180
	speed: 0.1519s/iter; left time: 2394.0501s
	iters: 200, epoch: 40 | loss: 0.0473887
	speed: 0.0812s/iter; left time: 1271.4399s
Epoch: 40 cost time: 20.5158908367157
Epoch: 40, Steps: 260 | Train Loss: 0.0865950 Vali Loss: 0.0916920 Test Loss: 0.2652164
Validation loss decreased (0.096478 --> 0.091692).  Saving model ...
Updating learning rate to 0.0025
	iters: 100, epoch: 41 | loss: 0.0681420
	speed: 0.1557s/iter; left time: 2412.8569s
	iters: 200, epoch: 41 | loss: 0.1106538
	speed: 0.0821s/iter; left time: 1265.0424s
Epoch: 41 cost time: 21.103241682052612
Epoch: 41, Steps: 260 | Train Loss: 0.0821611 Vali Loss: 0.0990720 Test Loss: 0.2972796
EarlyStopping counter: 1 out of 100
Updating learning rate to 0.0025
	iters: 100, epoch: 42 | loss: 0.0530605
	speed: 0.1569s/iter; left time: 2391.2853s
	iters: 200, epoch: 42 | loss: 0.0404841
	speed: 0.0803s/iter; left time: 1215.2077s
Epoch: 42 cost time: 20.8607976436615
Epoch: 42, Steps: 260 | Train Loss: 0.0837592 Vali Loss: 0.1001119 Test Loss: 0.2953388
EarlyStopping counter: 2 out of 100
Updating learning rate to 0.0025
	iters: 100, epoch: 43 | loss: 0.0888051
	speed: 0.1553s/iter; left time: 2326.5808s
	iters: 200, epoch: 43 | loss: 0.0626250
	speed: 0.0840s/iter; left time: 1249.2957s
Epoch: 43 cost time: 21.172540426254272
Epoch: 43, Steps: 260 | Train Loss: 0.0835125 Vali Loss: 0.1127578 Test Loss: 0.3332057
EarlyStopping counter: 3 out of 100
Updating learning rate to 0.0025
	iters: 100, epoch: 44 | loss: 0.1013880
	speed: 0.1567s/iter; left time: 2307.2892s
	iters: 200, epoch: 44 | loss: 0.0554599
	speed: 0.0804s/iter; left time: 1176.1798s
Epoch: 44 cost time: 20.92128610610962
Epoch: 44, Steps: 260 | Train Loss: 0.0820312 Vali Loss: 0.0960635 Test Loss: 0.2878641
EarlyStopping counter: 4 out of 100
Updating learning rate to 0.0025
	iters: 100, epoch: 45 | loss: 0.0829468
	speed: 0.1571s/iter; left time: 2272.3975s
	iters: 200, epoch: 45 | loss: 0.1195352
	speed: 0.0830s/iter; left time: 1191.8224s
Epoch: 45 cost time: 21.2104709148407
Epoch: 45, Steps: 260 | Train Loss: 0.0817283 Vali Loss: 0.1019218 Test Loss: 0.3006642
EarlyStopping counter: 5 out of 100
Updating learning rate to 0.0025
	iters: 100, epoch: 46 | loss: 0.0985839
	speed: 0.1586s/iter; left time: 2252.7857s
	iters: 200, epoch: 46 | loss: 0.0513382
	speed: 0.0813s/iter; left time: 1145.9369s
Epoch: 46 cost time: 21.301369428634644
Epoch: 46, Steps: 260 | Train Loss: 0.0779476 Vali Loss: 0.0948475 Test Loss: 0.2715445
EarlyStopping counter: 6 out of 100
Updating learning rate to 0.0025
	iters: 100, epoch: 47 | loss: 0.0597385
	speed: 0.1570s/iter; left time: 2189.4033s
	iters: 200, epoch: 47 | loss: 0.0988289
	speed: 0.0824s/iter; left time: 1140.1736s
Epoch: 47 cost time: 20.95882487297058
Epoch: 47, Steps: 260 | Train Loss: 0.0784300 Vali Loss: 0.1026553 Test Loss: 0.2980892
EarlyStopping counter: 7 out of 100
Updating learning rate to 0.0025
	iters: 100, epoch: 48 | loss: 0.1465196
	speed: 0.1568s/iter; left time: 2145.5951s
	iters: 200, epoch: 48 | loss: 0.0682513
	speed: 0.0838s/iter; left time: 1137.4425s
Epoch: 48 cost time: 21.362658262252808
Epoch: 48, Steps: 260 | Train Loss: 0.0806964 Vali Loss: 0.1005040 Test Loss: 0.2994204
EarlyStopping counter: 8 out of 100
Updating learning rate to 0.0025
	iters: 100, epoch: 49 | loss: 0.0583377
	speed: 0.1564s/iter; left time: 2098.4308s
	iters: 200, epoch: 49 | loss: 0.0877923
	speed: 0.0795s/iter; left time: 1059.5634s
Epoch: 49 cost time: 20.795512199401855
Epoch: 49, Steps: 260 | Train Loss: 0.0802565 Vali Loss: 0.0941108 Test Loss: 0.2777120
EarlyStopping counter: 9 out of 100
Updating learning rate to 0.0025
	iters: 100, epoch: 50 | loss: 0.0535935
	speed: 0.1579s/iter; left time: 2078.3547s
	iters: 200, epoch: 50 | loss: 0.0647848
	speed: 0.0821s/iter; left time: 1071.9415s
Epoch: 50 cost time: 20.847923755645752
Epoch: 50, Steps: 260 | Train Loss: 0.0795459 Vali Loss: 0.0900909 Test Loss: 0.2700648
Validation loss decreased (0.091692 --> 0.090091).  Saving model ...
Updating learning rate to 0.0025
	iters: 100, epoch: 51 | loss: 0.0712792
	speed: 0.1580s/iter; left time: 2038.8929s
	iters: 200, epoch: 51 | loss: 0.0577916
	speed: 0.0795s/iter; left time: 1017.6080s
Epoch: 51 cost time: 21.265299320220947
Epoch: 51, Steps: 260 | Train Loss: 0.0780427 Vali Loss: 0.0936997 Test Loss: 0.2826843
EarlyStopping counter: 1 out of 100
Updating learning rate to 0.0025
	iters: 100, epoch: 52 | loss: 0.1017071
	speed: 0.1602s/iter; left time: 2025.1546s
	iters: 200, epoch: 52 | loss: 0.0742384
	speed: 0.0819s/iter; left time: 1027.3786s
Epoch: 52 cost time: 21.260396242141724
Epoch: 52, Steps: 260 | Train Loss: 0.0776526 Vali Loss: 0.0991129 Test Loss: 0.2835318
EarlyStopping counter: 2 out of 100
Updating learning rate to 0.0025
	iters: 100, epoch: 53 | loss: 0.0755322
	speed: 0.1573s/iter; left time: 1947.3053s
	iters: 200, epoch: 53 | loss: 0.0706942
	speed: 0.0821s/iter; left time: 1008.2043s
Epoch: 53 cost time: 21.22400164604187
Epoch: 53, Steps: 260 | Train Loss: 0.0779711 Vali Loss: 0.0954039 Test Loss: 0.2761675
EarlyStopping counter: 3 out of 100
Updating learning rate to 0.0025
	iters: 100, epoch: 54 | loss: 0.0638023
	speed: 0.1580s/iter; left time: 1914.7707s
	iters: 200, epoch: 54 | loss: 0.1041938
	speed: 0.0829s/iter; left time: 996.8828s
Epoch: 54 cost time: 21.102007627487183
Epoch: 54, Steps: 260 | Train Loss: 0.0767447 Vali Loss: 0.0926755 Test Loss: 0.2763194
EarlyStopping counter: 4 out of 100
Updating learning rate to 0.0025
	iters: 100, epoch: 55 | loss: 0.0836224
	speed: 0.1568s/iter; left time: 1860.2789s
	iters: 200, epoch: 55 | loss: 0.0619175
	speed: 0.0806s/iter; left time: 947.9789s
Epoch: 55 cost time: 20.83396625518799
Epoch: 55, Steps: 260 | Train Loss: 0.0795924 Vali Loss: 0.0982700 Test Loss: 0.2822759
EarlyStopping counter: 5 out of 100
Updating learning rate to 0.0025
	iters: 100, epoch: 56 | loss: 0.0603753
	speed: 0.1572s/iter; left time: 1823.9932s
	iters: 200, epoch: 56 | loss: 0.0407592
	speed: 0.0789s/iter; left time: 907.0212s
Epoch: 56 cost time: 20.96668839454651
Epoch: 56, Steps: 260 | Train Loss: 0.0756173 Vali Loss: 0.0963286 Test Loss: 0.2835347
EarlyStopping counter: 6 out of 100
Updating learning rate to 0.0025
	iters: 100, epoch: 57 | loss: 0.0736194
	speed: 0.1565s/iter; left time: 1774.4621s
	iters: 200, epoch: 57 | loss: 0.0758817
	speed: 0.0821s/iter; left time: 923.4365s
Epoch: 57 cost time: 20.83747148513794
Epoch: 57, Steps: 260 | Train Loss: 0.0767616 Vali Loss: 0.0976724 Test Loss: 0.2800555
EarlyStopping counter: 7 out of 100
Updating learning rate to 0.0025
	iters: 100, epoch: 58 | loss: 0.0908967
	speed: 0.1587s/iter; left time: 1758.9379s
	iters: 200, epoch: 58 | loss: 0.0673154
	speed: 0.0812s/iter; left time: 891.8780s
Epoch: 58 cost time: 20.91334366798401
Epoch: 58, Steps: 260 | Train Loss: 0.0756529 Vali Loss: 0.0961804 Test Loss: 0.2777492
EarlyStopping counter: 8 out of 100
Updating learning rate to 0.0025
	iters: 100, epoch: 59 | loss: 0.0656956
	speed: 0.1539s/iter; left time: 1665.2205s
	iters: 200, epoch: 59 | loss: 0.0925368
	speed: 0.0800s/iter; left time: 857.9630s
Epoch: 59 cost time: 20.851376056671143
Epoch: 59, Steps: 260 | Train Loss: 0.0775738 Vali Loss: 0.1006120 Test Loss: 0.2896872
EarlyStopping counter: 9 out of 100
Updating learning rate to 0.0025
	iters: 100, epoch: 60 | loss: 0.0374087
	speed: 0.1577s/iter; left time: 1665.4793s
	iters: 200, epoch: 60 | loss: 0.0727901
	speed: 0.0774s/iter; left time: 810.1371s
Epoch: 60 cost time: 20.63694977760315
Epoch: 60, Steps: 260 | Train Loss: 0.0757382 Vali Loss: 0.1029753 Test Loss: 0.2940341
EarlyStopping counter: 10 out of 100
Updating learning rate to 0.0025
	iters: 100, epoch: 61 | loss: 0.0596808
	speed: 0.1594s/iter; left time: 1642.2444s
	iters: 200, epoch: 61 | loss: 0.0734785
	speed: 0.0812s/iter; left time: 828.2797s
Epoch: 61 cost time: 21.034229516983032
Epoch: 61, Steps: 260 | Train Loss: 0.0747060 Vali Loss: 0.0883832 Test Loss: 0.2592162
Validation loss decreased (0.090091 --> 0.088383).  Saving model ...
Updating learning rate to 0.0025
	iters: 100, epoch: 62 | loss: 0.1203672
	speed: 0.1544s/iter; left time: 1550.0571s
	iters: 200, epoch: 62 | loss: 0.0771135
	speed: 0.0821s/iter; left time: 816.1373s
Epoch: 62 cost time: 20.941328763961792
Epoch: 62, Steps: 260 | Train Loss: 0.0758325 Vali Loss: 0.0881591 Test Loss: 0.2626822
Validation loss decreased (0.088383 --> 0.088159).  Saving model ...
Updating learning rate to 0.0025
	iters: 100, epoch: 63 | loss: 0.0823107
	speed: 0.1567s/iter; left time: 1532.9843s
	iters: 200, epoch: 63 | loss: 0.0596559
	speed: 0.0768s/iter; left time: 743.8833s
Epoch: 63 cost time: 20.83764958381653
Epoch: 63, Steps: 260 | Train Loss: 0.0761496 Vali Loss: 0.0915528 Test Loss: 0.2738939
EarlyStopping counter: 1 out of 100
Updating learning rate to 0.0025
	iters: 100, epoch: 64 | loss: 0.0665623
	speed: 0.1572s/iter; left time: 1496.3088s
	iters: 200, epoch: 64 | loss: 0.0982994
	speed: 0.0776s/iter; left time: 731.3136s
Epoch: 64 cost time: 20.510188579559326
Epoch: 64, Steps: 260 | Train Loss: 0.0757761 Vali Loss: 0.0911620 Test Loss: 0.2668644
EarlyStopping counter: 2 out of 100
Updating learning rate to 0.0025
	iters: 100, epoch: 65 | loss: 0.1476255
	speed: 0.1582s/iter; left time: 1465.2676s
	iters: 200, epoch: 65 | loss: 0.0835259
	speed: 0.0786s/iter; left time: 720.3832s
Epoch: 65 cost time: 20.8461754322052
Epoch: 65, Steps: 260 | Train Loss: 0.0761834 Vali Loss: 0.0956669 Test Loss: 0.2879667
EarlyStopping counter: 3 out of 100
Updating learning rate to 0.0025
	iters: 100, epoch: 66 | loss: 0.0451367
	speed: 0.1584s/iter; left time: 1426.0244s
	iters: 200, epoch: 66 | loss: 0.1141183
	speed: 0.0795s/iter; left time: 708.0369s
Epoch: 66 cost time: 20.94293737411499
Epoch: 66, Steps: 260 | Train Loss: 0.0729278 Vali Loss: 0.0982737 Test Loss: 0.2876357
EarlyStopping counter: 4 out of 100
Updating learning rate to 0.0025
	iters: 100, epoch: 67 | loss: 0.0558571
	speed: 0.1545s/iter; left time: 1350.7532s
	iters: 200, epoch: 67 | loss: 0.0993444
	speed: 0.0795s/iter; left time: 686.6636s
Epoch: 67 cost time: 20.716795921325684
Epoch: 67, Steps: 260 | Train Loss: 0.0749156 Vali Loss: 0.0888811 Test Loss: 0.2707739
EarlyStopping counter: 5 out of 100
Updating learning rate to 0.0025
	iters: 100, epoch: 68 | loss: 0.0735573
	speed: 0.1574s/iter; left time: 1334.9121s
	iters: 200, epoch: 68 | loss: 0.0804136
	speed: 0.0775s/iter; left time: 649.6598s
Epoch: 68 cost time: 20.9937641620636
Epoch: 68, Steps: 260 | Train Loss: 0.0740483 Vali Loss: 0.0901001 Test Loss: 0.2557567
EarlyStopping counter: 6 out of 100
Updating learning rate to 0.0025
	iters: 100, epoch: 69 | loss: 0.0439707
	speed: 0.1615s/iter; left time: 1327.5064s
	iters: 200, epoch: 69 | loss: 0.0864025
	speed: 0.0800s/iter; left time: 649.7832s
Epoch: 69 cost time: 20.86217451095581
Epoch: 69, Steps: 260 | Train Loss: 0.0712628 Vali Loss: 0.0995961 Test Loss: 0.2922713
EarlyStopping counter: 7 out of 100
Updating learning rate to 0.0025
	iters: 100, epoch: 70 | loss: 0.0497395
	speed: 0.1546s/iter; left time: 1230.6573s
	iters: 200, epoch: 70 | loss: 0.0788560
	speed: 0.0756s/iter; left time: 594.0645s
Epoch: 70 cost time: 20.22099995613098
Epoch: 70, Steps: 260 | Train Loss: 0.0734735 Vali Loss: 0.0965402 Test Loss: 0.2766747
EarlyStopping counter: 8 out of 100
Updating learning rate to 0.0025
	iters: 100, epoch: 71 | loss: 0.0709514
	speed: 0.1560s/iter; left time: 1201.3074s
	iters: 200, epoch: 71 | loss: 0.0638433
	speed: 0.0765s/iter; left time: 581.6249s
Epoch: 71 cost time: 20.485100030899048
Epoch: 71, Steps: 260 | Train Loss: 0.0736148 Vali Loss: 0.0928170 Test Loss: 0.2753007
EarlyStopping counter: 9 out of 100
Updating learning rate to 0.0025
	iters: 100, epoch: 72 | loss: 0.0725536
	speed: 0.1588s/iter; left time: 1181.5877s
	iters: 200, epoch: 72 | loss: 0.0853800
	speed: 0.0761s/iter; left time: 558.3892s
Epoch: 72 cost time: 20.73032236099243
Epoch: 72, Steps: 260 | Train Loss: 0.0736429 Vali Loss: 0.0959751 Test Loss: 0.2820567
EarlyStopping counter: 10 out of 100
Updating learning rate to 0.0025
	iters: 100, epoch: 73 | loss: 0.0930621
	speed: 0.1593s/iter; left time: 1144.0115s
	iters: 200, epoch: 73 | loss: 0.0892371
	speed: 0.0771s/iter; left time: 546.2179s
Epoch: 73 cost time: 20.68863821029663
Epoch: 73, Steps: 260 | Train Loss: 0.0727456 Vali Loss: 0.0922052 Test Loss: 0.2759687
EarlyStopping counter: 11 out of 100
Updating learning rate to 0.0025
	iters: 100, epoch: 74 | loss: 0.0574811
	speed: 0.1603s/iter; left time: 1109.3431s
	iters: 200, epoch: 74 | loss: 0.0886738
	speed: 0.0782s/iter; left time: 533.2009s
Epoch: 74 cost time: 20.641293048858643
Epoch: 74, Steps: 260 | Train Loss: 0.0725391 Vali Loss: 0.0910210 Test Loss: 0.2622391
EarlyStopping counter: 12 out of 100
Updating learning rate to 0.0025
	iters: 100, epoch: 75 | loss: 0.0762027
	speed: 0.1593s/iter; left time: 1060.8721s
	iters: 200, epoch: 75 | loss: 0.0803540
	speed: 0.0755s/iter; left time: 495.5593s
Epoch: 75 cost time: 20.817204475402832
Epoch: 75, Steps: 260 | Train Loss: 0.0733788 Vali Loss: 0.0856764 Test Loss: 0.2515159
Validation loss decreased (0.088159 --> 0.085676).  Saving model ...
Updating learning rate to 0.0025
	iters: 100, epoch: 76 | loss: 0.0981029
	speed: 0.1586s/iter; left time: 1015.4910s
	iters: 200, epoch: 76 | loss: 0.1585029
	speed: 0.0806s/iter; left time: 507.9137s
Epoch: 76 cost time: 21.13435649871826
Epoch: 76, Steps: 260 | Train Loss: 0.0735439 Vali Loss: 0.0919683 Test Loss: 0.2733740
EarlyStopping counter: 1 out of 100
Updating learning rate to 0.0025
	iters: 100, epoch: 77 | loss: 0.0573432
	speed: 0.1602s/iter; left time: 984.0366s
	iters: 200, epoch: 77 | loss: 0.0603634
	speed: 0.0791s/iter; left time: 477.8460s
Epoch: 77 cost time: 21.028844118118286
Epoch: 77, Steps: 260 | Train Loss: 0.0730748 Vali Loss: 0.0878000 Test Loss: 0.2460647
EarlyStopping counter: 2 out of 100
Updating learning rate to 0.0025
	iters: 100, epoch: 78 | loss: 0.0752655
	speed: 0.1568s/iter; left time: 922.0383s
	iters: 200, epoch: 78 | loss: 0.0552707
	speed: 0.0798s/iter; left time: 461.4644s
Epoch: 78 cost time: 20.86347270011902
Epoch: 78, Steps: 260 | Train Loss: 0.0726701 Vali Loss: 0.0858443 Test Loss: 0.2482162
EarlyStopping counter: 3 out of 100
Updating learning rate to 0.0025
	iters: 100, epoch: 79 | loss: 0.0813025
	speed: 0.1596s/iter; left time: 896.8792s
	iters: 200, epoch: 79 | loss: 0.0988912
	speed: 0.0783s/iter; left time: 432.2962s
Epoch: 79 cost time: 20.999574899673462
Epoch: 79, Steps: 260 | Train Loss: 0.0734211 Vali Loss: 0.0916945 Test Loss: 0.2645627
EarlyStopping counter: 4 out of 100
Updating learning rate to 0.0025
	iters: 100, epoch: 80 | loss: 0.0738505
	speed: 0.1651s/iter; left time: 884.8762s
	iters: 200, epoch: 80 | loss: 0.0727314
	speed: 0.0800s/iter; left time: 420.7547s
Epoch: 80 cost time: 21.552138566970825
Epoch: 80, Steps: 260 | Train Loss: 0.0713584 Vali Loss: 0.0900506 Test Loss: 0.2564461
EarlyStopping counter: 5 out of 100
Updating learning rate to 0.0025
	iters: 100, epoch: 81 | loss: 0.0680898
	speed: 0.1630s/iter; left time: 831.6611s
	iters: 200, epoch: 81 | loss: 0.0703660
	speed: 0.0803s/iter; left time: 401.6995s
Epoch: 81 cost time: 21.298132181167603
Epoch: 81, Steps: 260 | Train Loss: 0.0691185 Vali Loss: 0.0908394 Test Loss: 0.2728539
EarlyStopping counter: 6 out of 100
Updating learning rate to 0.0025
	iters: 100, epoch: 82 | loss: 0.0697721
	speed: 0.1597s/iter; left time: 773.1154s
	iters: 200, epoch: 82 | loss: 0.0732813
	speed: 0.0808s/iter; left time: 383.0105s
Epoch: 82 cost time: 21.315101385116577
Epoch: 82, Steps: 260 | Train Loss: 0.0725187 Vali Loss: 0.0934579 Test Loss: 0.2715902
EarlyStopping counter: 7 out of 100
Updating learning rate to 0.0025
	iters: 100, epoch: 83 | loss: 0.0831865
	speed: 0.1627s/iter; left time: 745.4810s
	iters: 200, epoch: 83 | loss: 0.0970128
	speed: 0.0797s/iter; left time: 357.1527s
Epoch: 83 cost time: 20.99999213218689
Epoch: 83, Steps: 260 | Train Loss: 0.0708102 Vali Loss: 0.0978080 Test Loss: 0.2793520
EarlyStopping counter: 8 out of 100
Updating learning rate to 0.0025
	iters: 100, epoch: 84 | loss: 0.0764174
	speed: 0.1570s/iter; left time: 678.4086s
	iters: 200, epoch: 84 | loss: 0.0662782
	speed: 0.0791s/iter; left time: 333.9475s
Epoch: 84 cost time: 21.12225317955017
Epoch: 84, Steps: 260 | Train Loss: 0.0711804 Vali Loss: 0.0940223 Test Loss: 0.2583575
EarlyStopping counter: 9 out of 100
Updating learning rate to 0.0025
	iters: 100, epoch: 85 | loss: 0.0731449
	speed: 0.1601s/iter; left time: 650.0613s
	iters: 200, epoch: 85 | loss: 0.0548762
	speed: 0.0800s/iter; left time: 316.8742s
Epoch: 85 cost time: 21.015209436416626
Epoch: 85, Steps: 260 | Train Loss: 0.0728900 Vali Loss: 0.0907126 Test Loss: 0.2533804
EarlyStopping counter: 10 out of 100
Updating learning rate to 0.0025
	iters: 100, epoch: 86 | loss: 0.0727584
	speed: 0.1644s/iter; left time: 624.8839s
	iters: 200, epoch: 86 | loss: 0.0703967
	speed: 0.0822s/iter; left time: 304.3413s
Epoch: 86 cost time: 21.537888765335083
Epoch: 86, Steps: 260 | Train Loss: 0.0699281 Vali Loss: 0.0898660 Test Loss: 0.2666950
EarlyStopping counter: 11 out of 100
Updating learning rate to 0.0025
	iters: 100, epoch: 87 | loss: 0.0602629
	speed: 0.1594s/iter; left time: 564.5922s
	iters: 200, epoch: 87 | loss: 0.0444576
	speed: 0.0764s/iter; left time: 262.9023s
Epoch: 87 cost time: 20.552042245864868
Epoch: 87, Steps: 260 | Train Loss: 0.0719013 Vali Loss: 0.0874126 Test Loss: 0.2538857
EarlyStopping counter: 12 out of 100
Updating learning rate to 0.0025
	iters: 100, epoch: 88 | loss: 0.0451460
	speed: 0.1572s/iter; left time: 515.6238s
	iters: 200, epoch: 88 | loss: 0.0660205
	speed: 0.0776s/iter; left time: 246.9570s
Epoch: 88 cost time: 20.772201538085938
Epoch: 88, Steps: 260 | Train Loss: 0.0692886 Vali Loss: 0.0890043 Test Loss: 0.2679647
EarlyStopping counter: 13 out of 100
Updating learning rate to 0.0025
	iters: 100, epoch: 89 | loss: 0.0575486
	speed: 0.1591s/iter; left time: 480.6512s
	iters: 200, epoch: 89 | loss: 0.0859907
	speed: 0.0763s/iter; left time: 222.8285s
Epoch: 89 cost time: 20.31263518333435
Epoch: 89, Steps: 260 | Train Loss: 0.0701460 Vali Loss: 0.0911403 Test Loss: 0.2625106
EarlyStopping counter: 14 out of 100
Updating learning rate to 0.0025
	iters: 100, epoch: 90 | loss: 0.0584037
	speed: 0.1574s/iter; left time: 434.6176s
	iters: 200, epoch: 90 | loss: 0.0693567
	speed: 0.0771s/iter; left time: 205.1195s
Epoch: 90 cost time: 20.446908235549927
Epoch: 90, Steps: 260 | Train Loss: 0.0680180 Vali Loss: 0.0897978 Test Loss: 0.2577528
EarlyStopping counter: 15 out of 100
Updating learning rate to 0.0025
	iters: 100, epoch: 91 | loss: 0.0731049
	speed: 0.1586s/iter; left time: 396.6013s
	iters: 200, epoch: 91 | loss: 0.0824062
	speed: 0.0784s/iter; left time: 188.1760s
Epoch: 91 cost time: 20.84539818763733
Epoch: 91, Steps: 260 | Train Loss: 0.0711001 Vali Loss: 0.0886134 Test Loss: 0.2522923
EarlyStopping counter: 16 out of 100
Updating learning rate to 0.0025
	iters: 100, epoch: 92 | loss: 0.0523900
	speed: 0.1561s/iter; left time: 349.7720s
	iters: 200, epoch: 92 | loss: 0.0714299
	speed: 0.0770s/iter; left time: 164.7756s
Epoch: 92 cost time: 20.450422763824463
Epoch: 92, Steps: 260 | Train Loss: 0.0711504 Vali Loss: 0.0939521 Test Loss: 0.2699791
EarlyStopping counter: 17 out of 100
Updating learning rate to 0.0025
	iters: 100, epoch: 93 | loss: 0.0465366
	speed: 0.1597s/iter; left time: 316.3371s
	iters: 200, epoch: 93 | loss: 0.0665037
	speed: 0.0773s/iter; left time: 145.4269s
Epoch: 93 cost time: 20.572893142700195
Epoch: 93, Steps: 260 | Train Loss: 0.0702109 Vali Loss: 0.0911995 Test Loss: 0.2639361
EarlyStopping counter: 18 out of 100
Updating learning rate to 0.0025
	iters: 100, epoch: 94 | loss: 0.0481774
	speed: 0.1582s/iter; left time: 272.3243s
	iters: 200, epoch: 94 | loss: 0.0895272
	speed: 0.0770s/iter; left time: 124.8475s
Epoch: 94 cost time: 20.682694911956787
Epoch: 94, Steps: 260 | Train Loss: 0.0705534 Vali Loss: 0.1032855 Test Loss: 0.2964141
EarlyStopping counter: 19 out of 100
Updating learning rate to 0.0025
	iters: 100, epoch: 95 | loss: 0.0723539
	speed: 0.1605s/iter; left time: 234.5222s
	iters: 200, epoch: 95 | loss: 0.0534226
	speed: 0.0786s/iter; left time: 106.9887s
Epoch: 95 cost time: 20.967573642730713
Epoch: 95, Steps: 260 | Train Loss: 0.0680563 Vali Loss: 0.0887833 Test Loss: 0.2555146
EarlyStopping counter: 20 out of 100
Updating learning rate to 0.0025
	iters: 100, epoch: 96 | loss: 0.0750640
	speed: 0.1597s/iter; left time: 191.8519s
	iters: 200, epoch: 96 | loss: 0.0584686
	speed: 0.0778s/iter; left time: 85.6233s
Epoch: 96 cost time: 20.722707748413086
Epoch: 96, Steps: 260 | Train Loss: 0.0673258 Vali Loss: 0.0884206 Test Loss: 0.2556850
EarlyStopping counter: 21 out of 100
Updating learning rate to 0.0025
	iters: 100, epoch: 97 | loss: 0.0413877
	speed: 0.1579s/iter; left time: 148.6085s
	iters: 200, epoch: 97 | loss: 0.0474633
	speed: 0.0748s/iter; left time: 62.9023s
Epoch: 97 cost time: 20.74897813796997
Epoch: 97, Steps: 260 | Train Loss: 0.0705757 Vali Loss: 0.1028963 Test Loss: 0.2941360
EarlyStopping counter: 22 out of 100
Updating learning rate to 0.0025
	iters: 100, epoch: 98 | loss: 0.0870631
	speed: 0.1591s/iter; left time: 108.3374s
	iters: 200, epoch: 98 | loss: 0.0661741
	speed: 0.0794s/iter; left time: 46.1515s
Epoch: 98 cost time: 20.872086763381958
Epoch: 98, Steps: 260 | Train Loss: 0.0681874 Vali Loss: 0.0952102 Test Loss: 0.2753298
EarlyStopping counter: 23 out of 100
Updating learning rate to 0.0025
	iters: 100, epoch: 99 | loss: 0.1488107
	speed: 0.1575s/iter; left time: 66.3251s
	iters: 200, epoch: 99 | loss: 0.0875320
	speed: 0.0768s/iter; left time: 24.6604s
Epoch: 99 cost time: 20.654353618621826
Epoch: 99, Steps: 260 | Train Loss: 0.0707658 Vali Loss: 0.0870549 Test Loss: 0.2563247
EarlyStopping counter: 24 out of 100
Updating learning rate to 0.0025
	iters: 100, epoch: 100 | loss: 0.0661845
	speed: 0.1593s/iter; left time: 25.6520s
	iters: 200, epoch: 100 | loss: 0.0717404
	speed: 0.0764s/iter; left time: 4.6575s
Epoch: 100 cost time: 20.271618127822876
Epoch: 100, Steps: 260 | Train Loss: 0.0684732 Vali Loss: 0.0905206 Test Loss: 0.2621732
EarlyStopping counter: 25 out of 100
Updating learning rate to 0.0025
>>>>>>>testing : 60_5_PatchTST_custom_ftM_sl60_ll48_pl5_dm16_nh4_el3_dl1_df128_fc1_ebtimeF_dtTrue_Exp_0<<<<<<<<<<<<<<<<<<<<<<<<<<<<<<<<<
test 1203
mse:0.2515158951282501, mae:0.2765491306781769, rse:0.12724779546260834
