Args in experiment:
Namespace(random_seed=2024, is_training=1, model_id='60_5', model='PatchTST', data='custom', root_path='./dataset/', data_path='haar_lv4.csv', features='M', target='Target', freq='h', checkpoints='./checkpoints/', seq_len=60, label_len=48, pred_len=5, fc_dropout=0.2, head_dropout=0.0, patch_len=5, stride=2, padding_patch='end', revin=1, affine=0, subtract_last=0, decomposition=0, kernel_size=25, individual=0, embed_type=0, enc_in=7, dec_in=7, c_out=7, d_model=16, n_heads=4, e_layers=3, d_layers=1, d_ff=128, moving_avg=25, factor=1, distil=True, dropout=0.2, embed='timeF', activation='gelu', output_attention=False, do_predict=False, num_workers=10, itr=1, train_epochs=100, batch_size=16, patience=100, learning_rate=0.0025, des='Exp', loss='mse', lradj='constant', pct_start=0.3, use_amp=False, use_gpu=False, gpu=0, use_multi_gpu=False, devices='0,1,2,3', test_flop=False)
Use CPU
>>>>>>>start training : 60_5_PatchTST_custom_ftM_sl60_ll48_pl5_dm16_nh4_el3_dl1_df128_fc1_ebtimeF_dtTrue_Exp_0>>>>>>>>>>>>>>>>>>>>>>>>>>
train 4161
val 601
test 1203
	iters: 100, epoch: 1 | loss: 0.8368927
	speed: 0.0935s/iter; left time: 2421.9713s
	iters: 200, epoch: 1 | loss: 0.4494517
	speed: 0.0916s/iter; left time: 2363.2854s
Epoch: 1 cost time: 23.83794379234314
Epoch: 1, Steps: 260 | Train Loss: 0.5897632 Vali Loss: 0.5162790 Test Loss: 1.6034384
Validation loss decreased (inf --> 0.516279).  Saving model ...
Updating learning rate to 0.0025
	iters: 100, epoch: 2 | loss: 0.5377970
	speed: 0.1791s/iter; left time: 4592.1273s
	iters: 200, epoch: 2 | loss: 0.2968318
	speed: 0.0896s/iter; left time: 2288.4915s
Epoch: 2 cost time: 23.49695086479187
Epoch: 2, Steps: 260 | Train Loss: 0.3091258 Vali Loss: 0.3068013 Test Loss: 0.9725181
Validation loss decreased (0.516279 --> 0.306801).  Saving model ...
Updating learning rate to 0.0025
	iters: 100, epoch: 3 | loss: 0.1676298
	speed: 0.1769s/iter; left time: 4490.6708s
	iters: 200, epoch: 3 | loss: 0.3084178
	speed: 0.0900s/iter; left time: 2274.5990s
Epoch: 3 cost time: 23.706756114959717
Epoch: 3, Steps: 260 | Train Loss: 0.2675676 Vali Loss: 0.2917668 Test Loss: 0.9460933
Validation loss decreased (0.306801 --> 0.291767).  Saving model ...
Updating learning rate to 0.0025
	iters: 100, epoch: 4 | loss: 0.2579185
	speed: 0.1831s/iter; left time: 4599.1128s
	iters: 200, epoch: 4 | loss: 0.2515762
	speed: 0.0906s/iter; left time: 2267.1120s
Epoch: 4 cost time: 24.50796413421631
Epoch: 4, Steps: 260 | Train Loss: 0.2478464 Vali Loss: 0.2709825 Test Loss: 0.8994407
Validation loss decreased (0.291767 --> 0.270982).  Saving model ...
Updating learning rate to 0.0025
	iters: 100, epoch: 5 | loss: 0.2141920
	speed: 0.1795s/iter; left time: 4462.4898s
	iters: 200, epoch: 5 | loss: 0.1774297
	speed: 0.0895s/iter; left time: 2215.4724s
Epoch: 5 cost time: 23.56169319152832
Epoch: 5, Steps: 260 | Train Loss: 0.2405194 Vali Loss: 0.2473625 Test Loss: 0.8034719
Validation loss decreased (0.270982 --> 0.247362).  Saving model ...
Updating learning rate to 0.0025
	iters: 100, epoch: 6 | loss: 0.2161653
	speed: 0.1786s/iter; left time: 4393.8802s
	iters: 200, epoch: 6 | loss: 0.2413709
	speed: 0.0901s/iter; left time: 2207.8159s
Epoch: 6 cost time: 23.845428943634033
Epoch: 6, Steps: 260 | Train Loss: 0.2337377 Vali Loss: 0.2510552 Test Loss: 0.8416745
EarlyStopping counter: 1 out of 100
Updating learning rate to 0.0025
	iters: 100, epoch: 7 | loss: 0.2603325
	speed: 0.1795s/iter; left time: 4370.2754s
	iters: 200, epoch: 7 | loss: 0.2096187
	speed: 0.0871s/iter; left time: 2112.3876s
Epoch: 7 cost time: 23.455628633499146
Epoch: 7, Steps: 260 | Train Loss: 0.2249747 Vali Loss: 0.2409853 Test Loss: 0.8156511
Validation loss decreased (0.247362 --> 0.240985).  Saving model ...
Updating learning rate to 0.0025
	iters: 100, epoch: 8 | loss: 0.1345420
	speed: 0.1815s/iter; left time: 4371.8949s
	iters: 200, epoch: 8 | loss: 0.1232543
	speed: 0.0898s/iter; left time: 2154.2884s
Epoch: 8 cost time: 24.069256067276
Epoch: 8, Steps: 260 | Train Loss: 0.2240880 Vali Loss: 0.2411272 Test Loss: 0.8214141
EarlyStopping counter: 1 out of 100
Updating learning rate to 0.0025
	iters: 100, epoch: 9 | loss: 0.1588014
	speed: 0.1833s/iter; left time: 4367.3305s
	iters: 200, epoch: 9 | loss: 0.1955951
	speed: 0.0895s/iter; left time: 2123.4033s
Epoch: 9 cost time: 24.38490867614746
Epoch: 9, Steps: 260 | Train Loss: 0.2190085 Vali Loss: 0.2417711 Test Loss: 0.7910999
EarlyStopping counter: 2 out of 100
Updating learning rate to 0.0025
	iters: 100, epoch: 10 | loss: 0.1932148
	speed: 0.1789s/iter; left time: 4214.8627s
	iters: 200, epoch: 10 | loss: 0.1866803
	speed: 0.0941s/iter; left time: 2206.9849s
Epoch: 10 cost time: 24.154841423034668
Epoch: 10, Steps: 260 | Train Loss: 0.2166372 Vali Loss: 0.2260988 Test Loss: 0.7792410
Validation loss decreased (0.240985 --> 0.226099).  Saving model ...
Updating learning rate to 0.0025
	iters: 100, epoch: 11 | loss: 0.1151224
	speed: 0.1789s/iter; left time: 4168.1195s
	iters: 200, epoch: 11 | loss: 0.1874564
	speed: 0.0912s/iter; left time: 2116.2284s
Epoch: 11 cost time: 23.991775035858154
Epoch: 11, Steps: 260 | Train Loss: 0.2140859 Vali Loss: 0.2275059 Test Loss: 0.7581047
EarlyStopping counter: 1 out of 100
Updating learning rate to 0.0025
	iters: 100, epoch: 12 | loss: 0.1163834
	speed: 0.1794s/iter; left time: 4133.9758s
	iters: 200, epoch: 12 | loss: 0.1842674
	speed: 0.0899s/iter; left time: 2062.4512s
Epoch: 12 cost time: 23.66564130783081
Epoch: 12, Steps: 260 | Train Loss: 0.2086257 Vali Loss: 0.2235713 Test Loss: 0.7839140
Validation loss decreased (0.226099 --> 0.223571).  Saving model ...
Updating learning rate to 0.0025
	iters: 100, epoch: 13 | loss: 0.1638449
	speed: 0.1820s/iter; left time: 4146.8917s
	iters: 200, epoch: 13 | loss: 0.0929762
	speed: 0.0906s/iter; left time: 2054.5589s
Epoch: 13 cost time: 24.038508653640747
Epoch: 13, Steps: 260 | Train Loss: 0.2077077 Vali Loss: 0.2288862 Test Loss: 0.7690303
EarlyStopping counter: 1 out of 100
Updating learning rate to 0.0025
	iters: 100, epoch: 14 | loss: 0.3207381
	speed: 0.1804s/iter; left time: 4063.8838s
	iters: 200, epoch: 14 | loss: 0.2474379
	speed: 0.0906s/iter; left time: 2030.4799s
Epoch: 14 cost time: 23.862417221069336
Epoch: 14, Steps: 260 | Train Loss: 0.2077894 Vali Loss: 0.2398123 Test Loss: 0.7799908
EarlyStopping counter: 2 out of 100
Updating learning rate to 0.0025
	iters: 100, epoch: 15 | loss: 0.2626877
	speed: 0.1773s/iter; left time: 3947.0865s
	iters: 200, epoch: 15 | loss: 0.3506463
	speed: 0.0864s/iter; left time: 1915.0223s
Epoch: 15 cost time: 23.40317130088806
Epoch: 15, Steps: 260 | Train Loss: 0.2031101 Vali Loss: 0.2440710 Test Loss: 0.8173762
EarlyStopping counter: 3 out of 100
Updating learning rate to 0.0025
	iters: 100, epoch: 16 | loss: 0.1219535
	speed: 0.1799s/iter; left time: 3957.6242s
	iters: 200, epoch: 16 | loss: 0.2307421
	speed: 0.0895s/iter; left time: 1960.8484s
Epoch: 16 cost time: 23.922048091888428
Epoch: 16, Steps: 260 | Train Loss: 0.2005281 Vali Loss: 0.2386679 Test Loss: 0.7971051
EarlyStopping counter: 4 out of 100
Updating learning rate to 0.0025
	iters: 100, epoch: 17 | loss: 0.3795639
	speed: 0.1754s/iter; left time: 3814.4273s
	iters: 200, epoch: 17 | loss: 0.1988662
	speed: 0.0932s/iter; left time: 2016.4187s
Epoch: 17 cost time: 24.014055013656616
Epoch: 17, Steps: 260 | Train Loss: 0.2004895 Vali Loss: 0.2174587 Test Loss: 0.7623354
Validation loss decreased (0.223571 --> 0.217459).  Saving model ...
Updating learning rate to 0.0025
	iters: 100, epoch: 18 | loss: 0.1264695
	speed: 0.1803s/iter; left time: 3872.6093s
	iters: 200, epoch: 18 | loss: 0.2163250
	speed: 0.0914s/iter; left time: 1954.0070s
Epoch: 18 cost time: 23.999378204345703
Epoch: 18, Steps: 260 | Train Loss: 0.1979663 Vali Loss: 0.2289872 Test Loss: 0.7485199
EarlyStopping counter: 1 out of 100
Updating learning rate to 0.0025
	iters: 100, epoch: 19 | loss: 0.1467482
	speed: 0.1802s/iter; left time: 3823.7516s
	iters: 200, epoch: 19 | loss: 0.0611688
	speed: 0.0877s/iter; left time: 1852.9505s
Epoch: 19 cost time: 23.636070728302002
Epoch: 19, Steps: 260 | Train Loss: 0.1936960 Vali Loss: 0.2213504 Test Loss: 0.7339233
EarlyStopping counter: 2 out of 100
Updating learning rate to 0.0025
	iters: 100, epoch: 20 | loss: 0.1668477
	speed: 0.1815s/iter; left time: 3805.3021s
	iters: 200, epoch: 20 | loss: 0.1830521
	speed: 0.0901s/iter; left time: 1879.4767s
Epoch: 20 cost time: 23.958947896957397
Epoch: 20, Steps: 260 | Train Loss: 0.1947512 Vali Loss: 0.2081667 Test Loss: 0.7333347
Validation loss decreased (0.217459 --> 0.208167).  Saving model ...
Updating learning rate to 0.0025
	iters: 100, epoch: 21 | loss: 0.1322234
	speed: 0.1798s/iter; left time: 3721.4354s
	iters: 200, epoch: 21 | loss: 0.1958751
	speed: 0.0920s/iter; left time: 1895.6986s
Epoch: 21 cost time: 24.231350660324097
Epoch: 21, Steps: 260 | Train Loss: 0.1886817 Vali Loss: 0.2164549 Test Loss: 0.7257130
EarlyStopping counter: 1 out of 100
Updating learning rate to 0.0025
	iters: 100, epoch: 22 | loss: 0.1166276
	speed: 0.1828s/iter; left time: 3737.5229s
	iters: 200, epoch: 22 | loss: 0.1790921
	speed: 0.0915s/iter; left time: 1860.6558s
Epoch: 22 cost time: 24.089366912841797
Epoch: 22, Steps: 260 | Train Loss: 0.1903030 Vali Loss: 0.2338931 Test Loss: 0.7376245
EarlyStopping counter: 2 out of 100
Updating learning rate to 0.0025
	iters: 100, epoch: 23 | loss: 0.2444113
	speed: 0.1834s/iter; left time: 3701.9162s
	iters: 200, epoch: 23 | loss: 0.2211248
	speed: 0.0881s/iter; left time: 1769.4813s
Epoch: 23 cost time: 23.9775071144104
Epoch: 23, Steps: 260 | Train Loss: 0.1913979 Vali Loss: 0.2081120 Test Loss: 0.6995070
Validation loss decreased (0.208167 --> 0.208112).  Saving model ...
Updating learning rate to 0.0025
	iters: 100, epoch: 24 | loss: 0.1909614
	speed: 0.1805s/iter; left time: 3595.0076s
	iters: 200, epoch: 24 | loss: 0.0935439
	speed: 0.0928s/iter; left time: 1840.2360s
Epoch: 24 cost time: 24.65527582168579
Epoch: 24, Steps: 260 | Train Loss: 0.1858512 Vali Loss: 0.2095142 Test Loss: 0.6888295
EarlyStopping counter: 1 out of 100
Updating learning rate to 0.0025
	iters: 100, epoch: 25 | loss: 0.2489363
	speed: 0.1868s/iter; left time: 3672.5211s
	iters: 200, epoch: 25 | loss: 0.1016406
	speed: 0.0930s/iter; left time: 1818.3990s
Epoch: 25 cost time: 24.14178967475891
Epoch: 25, Steps: 260 | Train Loss: 0.1837491 Vali Loss: 0.1992833 Test Loss: 0.7017983
Validation loss decreased (0.208112 --> 0.199283).  Saving model ...
Updating learning rate to 0.0025
	iters: 100, epoch: 26 | loss: 0.1273153
	speed: 0.1870s/iter; left time: 3627.3486s
	iters: 200, epoch: 26 | loss: 0.1784004
	speed: 0.0879s/iter; left time: 1696.5655s
Epoch: 26 cost time: 24.1719810962677
Epoch: 26, Steps: 260 | Train Loss: 0.1852162 Vali Loss: 0.2044088 Test Loss: 0.6699417
EarlyStopping counter: 1 out of 100
Updating learning rate to 0.0025
	iters: 100, epoch: 27 | loss: 0.2031552
	speed: 0.1811s/iter; left time: 3467.0284s
	iters: 200, epoch: 27 | loss: 0.1536199
	speed: 0.0912s/iter; left time: 1736.5266s
Epoch: 27 cost time: 24.381530046463013
Epoch: 27, Steps: 260 | Train Loss: 0.1820216 Vali Loss: 0.2024281 Test Loss: 0.6622916
EarlyStopping counter: 2 out of 100
Updating learning rate to 0.0025
	iters: 100, epoch: 28 | loss: 0.2629139
	speed: 0.1815s/iter; left time: 3427.8198s
	iters: 200, epoch: 28 | loss: 0.2852378
	speed: 0.0930s/iter; left time: 1746.5201s
Epoch: 28 cost time: 23.915259838104248
Epoch: 28, Steps: 260 | Train Loss: 0.1790892 Vali Loss: 0.2082894 Test Loss: 0.6916190
EarlyStopping counter: 3 out of 100
Updating learning rate to 0.0025
	iters: 100, epoch: 29 | loss: 0.1265034
	speed: 0.1781s/iter; left time: 3317.0955s
	iters: 200, epoch: 29 | loss: 0.2934064
	speed: 0.0888s/iter; left time: 1645.0068s
Epoch: 29 cost time: 23.89945650100708
Epoch: 29, Steps: 260 | Train Loss: 0.1802765 Vali Loss: 0.1947486 Test Loss: 0.6647507
Validation loss decreased (0.199283 --> 0.194749).  Saving model ...
Updating learning rate to 0.0025
	iters: 100, epoch: 30 | loss: 0.1621824
	speed: 0.1756s/iter; left time: 3225.0875s
	iters: 200, epoch: 30 | loss: 0.1425999
	speed: 0.0880s/iter; left time: 1606.2639s
Epoch: 30 cost time: 23.367335081100464
Epoch: 30, Steps: 260 | Train Loss: 0.1794047 Vali Loss: 0.2035905 Test Loss: 0.6960586
EarlyStopping counter: 1 out of 100
Updating learning rate to 0.0025
	iters: 100, epoch: 31 | loss: 0.0935588
	speed: 0.1779s/iter; left time: 3220.2476s
	iters: 200, epoch: 31 | loss: 0.1461443
	speed: 0.0903s/iter; left time: 1626.2091s
Epoch: 31 cost time: 23.6293044090271
Epoch: 31, Steps: 260 | Train Loss: 0.1799643 Vali Loss: 0.1932115 Test Loss: 0.6490548
Validation loss decreased (0.194749 --> 0.193211).  Saving model ...
Updating learning rate to 0.0025
	iters: 100, epoch: 32 | loss: 0.1187746
	speed: 0.1809s/iter; left time: 3227.4912s
	iters: 200, epoch: 32 | loss: 0.1733075
	speed: 0.0893s/iter; left time: 1584.8480s
Epoch: 32 cost time: 23.686577796936035
Epoch: 32, Steps: 260 | Train Loss: 0.1780431 Vali Loss: 0.1942157 Test Loss: 0.6351096
EarlyStopping counter: 1 out of 100
Updating learning rate to 0.0025
	iters: 100, epoch: 33 | loss: 0.1285724
	speed: 0.1809s/iter; left time: 3180.2429s
	iters: 200, epoch: 33 | loss: 0.1637933
	speed: 0.0902s/iter; left time: 1576.0130s
Epoch: 33 cost time: 24.11221218109131
Epoch: 33, Steps: 260 | Train Loss: 0.1753028 Vali Loss: 0.2059339 Test Loss: 0.6784737
EarlyStopping counter: 2 out of 100
Updating learning rate to 0.0025
	iters: 100, epoch: 34 | loss: 0.1636313
	speed: 0.1784s/iter; left time: 3089.7757s
	iters: 200, epoch: 34 | loss: 0.1229873
	speed: 0.0908s/iter; left time: 1564.3228s
Epoch: 34 cost time: 23.90146279335022
Epoch: 34, Steps: 260 | Train Loss: 0.1758877 Vali Loss: 0.1905552 Test Loss: 0.6455762
Validation loss decreased (0.193211 --> 0.190555).  Saving model ...
Updating learning rate to 0.0025
	iters: 100, epoch: 35 | loss: 0.1522877
	speed: 0.1779s/iter; left time: 3034.8219s
	iters: 200, epoch: 35 | loss: 0.1818466
	speed: 0.0911s/iter; left time: 1545.3406s
Epoch: 35 cost time: 23.7101047039032
Epoch: 35, Steps: 260 | Train Loss: 0.1732251 Vali Loss: 0.1993420 Test Loss: 0.6479698
EarlyStopping counter: 1 out of 100
Updating learning rate to 0.0025
	iters: 100, epoch: 36 | loss: 0.1006251
	speed: 0.1798s/iter; left time: 3021.0945s
	iters: 200, epoch: 36 | loss: 0.1192728
	speed: 0.0912s/iter; left time: 1522.8214s
Epoch: 36 cost time: 24.005587100982666
Epoch: 36, Steps: 260 | Train Loss: 0.1725101 Vali Loss: 0.2040185 Test Loss: 0.6817067
EarlyStopping counter: 2 out of 100
Updating learning rate to 0.0025
	iters: 100, epoch: 37 | loss: 0.1461442
	speed: 0.1786s/iter; left time: 2953.9436s
	iters: 200, epoch: 37 | loss: 0.2930312
	speed: 0.0905s/iter; left time: 1488.6752s
Epoch: 37 cost time: 23.82043480873108
Epoch: 37, Steps: 260 | Train Loss: 0.1749047 Vali Loss: 0.1904719 Test Loss: 0.6607751
Validation loss decreased (0.190555 --> 0.190472).  Saving model ...
Updating learning rate to 0.0025
	iters: 100, epoch: 38 | loss: 0.1131566
	speed: 0.1820s/iter; left time: 2962.6418s
	iters: 200, epoch: 38 | loss: 0.2460752
	speed: 0.0917s/iter; left time: 1483.4206s
Epoch: 38 cost time: 24.243444204330444
Epoch: 38, Steps: 260 | Train Loss: 0.1721668 Vali Loss: 0.2059544 Test Loss: 0.6705895
EarlyStopping counter: 1 out of 100
Updating learning rate to 0.0025
	iters: 100, epoch: 39 | loss: 0.1121419
	speed: 0.1797s/iter; left time: 2878.2078s
	iters: 200, epoch: 39 | loss: 0.0988895
	speed: 0.0888s/iter; left time: 1413.5243s
Epoch: 39 cost time: 23.62916612625122
Epoch: 39, Steps: 260 | Train Loss: 0.1730827 Vali Loss: 0.1805445 Test Loss: 0.6432301
Validation loss decreased (0.190472 --> 0.180544).  Saving model ...
Updating learning rate to 0.0025
	iters: 100, epoch: 40 | loss: 0.2351570
	speed: 0.1767s/iter; left time: 2785.3025s
	iters: 200, epoch: 40 | loss: 0.2394172
	speed: 0.0896s/iter; left time: 1403.1322s
Epoch: 40 cost time: 23.28454303741455
Epoch: 40, Steps: 260 | Train Loss: 0.1714006 Vali Loss: 0.1881385 Test Loss: 0.6639621
EarlyStopping counter: 1 out of 100
Updating learning rate to 0.0025
	iters: 100, epoch: 41 | loss: 0.0904553
	speed: 0.1754s/iter; left time: 2719.1897s
	iters: 200, epoch: 41 | loss: 0.2620052
	speed: 0.0905s/iter; left time: 1394.4333s
Epoch: 41 cost time: 23.82405424118042
Epoch: 41, Steps: 260 | Train Loss: 0.1731629 Vali Loss: 0.1893816 Test Loss: 0.6342283
EarlyStopping counter: 2 out of 100
Updating learning rate to 0.0025
	iters: 100, epoch: 42 | loss: 0.1010266
	speed: 0.1798s/iter; left time: 2740.7034s
	iters: 200, epoch: 42 | loss: 0.2057137
	speed: 0.0916s/iter; left time: 1386.7250s
Epoch: 42 cost time: 23.921212911605835
Epoch: 42, Steps: 260 | Train Loss: 0.1700125 Vali Loss: 0.1948531 Test Loss: 0.6493497
EarlyStopping counter: 3 out of 100
Updating learning rate to 0.0025
	iters: 100, epoch: 43 | loss: 0.1513937
	speed: 0.1757s/iter; left time: 2631.8216s
	iters: 200, epoch: 43 | loss: 0.1490645
	speed: 0.0902s/iter; left time: 1341.8091s
Epoch: 43 cost time: 23.644293785095215
Epoch: 43, Steps: 260 | Train Loss: 0.1689668 Vali Loss: 0.1931480 Test Loss: 0.6411569
EarlyStopping counter: 4 out of 100
Updating learning rate to 0.0025
	iters: 100, epoch: 44 | loss: 0.1320742
	speed: 0.1806s/iter; left time: 2658.7424s
	iters: 200, epoch: 44 | loss: 0.1098645
	speed: 0.0899s/iter; left time: 1314.6232s
Epoch: 44 cost time: 23.870928287506104
Epoch: 44, Steps: 260 | Train Loss: 0.1669981 Vali Loss: 0.1875239 Test Loss: 0.6300381
EarlyStopping counter: 5 out of 100
Updating learning rate to 0.0025
	iters: 100, epoch: 45 | loss: 0.1215399
	speed: 0.1799s/iter; left time: 2601.9897s
	iters: 200, epoch: 45 | loss: 0.2887396
	speed: 0.0898s/iter; left time: 1289.8214s
Epoch: 45 cost time: 23.64233160018921
Epoch: 45, Steps: 260 | Train Loss: 0.1674846 Vali Loss: 0.1856184 Test Loss: 0.6463167
EarlyStopping counter: 6 out of 100
Updating learning rate to 0.0025
	iters: 100, epoch: 46 | loss: 0.1416733
	speed: 0.1764s/iter; left time: 2504.5461s
	iters: 200, epoch: 46 | loss: 0.1820182
	speed: 0.0903s/iter; left time: 1273.1663s
Epoch: 46 cost time: 23.498400449752808
Epoch: 46, Steps: 260 | Train Loss: 0.1640413 Vali Loss: 0.1892891 Test Loss: 0.6297193
EarlyStopping counter: 7 out of 100
Updating learning rate to 0.0025
	iters: 100, epoch: 47 | loss: 0.2206746
	speed: 0.1749s/iter; left time: 2438.6989s
	iters: 200, epoch: 47 | loss: 0.1698017
	speed: 0.0908s/iter; left time: 1256.9629s
Epoch: 47 cost time: 23.619009256362915
Epoch: 47, Steps: 260 | Train Loss: 0.1669900 Vali Loss: 0.2081780 Test Loss: 0.6909947
EarlyStopping counter: 8 out of 100
Updating learning rate to 0.0025
	iters: 100, epoch: 48 | loss: 0.1848516
	speed: 0.1768s/iter; left time: 2418.7870s
	iters: 200, epoch: 48 | loss: 0.3487236
	speed: 0.0959s/iter; left time: 1302.4816s
Epoch: 48 cost time: 24.600062131881714
Epoch: 48, Steps: 260 | Train Loss: 0.1645588 Vali Loss: 0.1818731 Test Loss: 0.6335725
EarlyStopping counter: 9 out of 100
Updating learning rate to 0.0025
	iters: 100, epoch: 49 | loss: 0.1314277
	speed: 0.1822s/iter; left time: 2445.4803s
	iters: 200, epoch: 49 | loss: 0.0898885
	speed: 0.0864s/iter; left time: 1151.2052s
Epoch: 49 cost time: 23.884149074554443
Epoch: 49, Steps: 260 | Train Loss: 0.1627659 Vali Loss: 0.1796665 Test Loss: 0.5853896
Validation loss decreased (0.180544 --> 0.179666).  Saving model ...
Updating learning rate to 0.0025
	iters: 100, epoch: 50 | loss: 0.2478462
	speed: 0.1830s/iter; left time: 2408.0294s
	iters: 200, epoch: 50 | loss: 0.2247028
	speed: 0.0884s/iter; left time: 1155.1721s
Epoch: 50 cost time: 24.290417671203613
Epoch: 50, Steps: 260 | Train Loss: 0.1655178 Vali Loss: 0.1893473 Test Loss: 0.6157681
EarlyStopping counter: 1 out of 100
Updating learning rate to 0.0025
	iters: 100, epoch: 51 | loss: 0.2284998
	speed: 0.1810s/iter; left time: 2334.6276s
	iters: 200, epoch: 51 | loss: 0.1569147
	speed: 0.0886s/iter; left time: 1133.7184s
Epoch: 51 cost time: 23.68375825881958
Epoch: 51, Steps: 260 | Train Loss: 0.1646452 Vali Loss: 0.1844469 Test Loss: 0.6028546
EarlyStopping counter: 2 out of 100
Updating learning rate to 0.0025
	iters: 100, epoch: 52 | loss: 0.1262739
	speed: 0.1796s/iter; left time: 2270.4194s
	iters: 200, epoch: 52 | loss: 0.0920611
	speed: 0.0885s/iter; left time: 1109.7278s
Epoch: 52 cost time: 23.57926344871521
Epoch: 52, Steps: 260 | Train Loss: 0.1613691 Vali Loss: 0.1811886 Test Loss: 0.6575919
EarlyStopping counter: 3 out of 100
Updating learning rate to 0.0025
	iters: 100, epoch: 53 | loss: 0.0619512
	speed: 0.1761s/iter; left time: 2180.1452s
	iters: 200, epoch: 53 | loss: 0.1957978
	speed: 0.0915s/iter; left time: 1123.4095s
Epoch: 53 cost time: 23.627254486083984
Epoch: 53, Steps: 260 | Train Loss: 0.1659718 Vali Loss: 0.1882797 Test Loss: 0.6593723
EarlyStopping counter: 4 out of 100
Updating learning rate to 0.0025
	iters: 100, epoch: 54 | loss: 0.0681364
	speed: 0.1790s/iter; left time: 2170.0614s
	iters: 200, epoch: 54 | loss: 0.2644385
	speed: 0.0907s/iter; left time: 1090.6458s
Epoch: 54 cost time: 24.078046083450317
Epoch: 54, Steps: 260 | Train Loss: 0.1632503 Vali Loss: 0.1743760 Test Loss: 0.6061286
Validation loss decreased (0.179666 --> 0.174376).  Saving model ...
Updating learning rate to 0.0025
	iters: 100, epoch: 55 | loss: 0.0892756
	speed: 0.1807s/iter; left time: 2143.8296s
	iters: 200, epoch: 55 | loss: 0.1220254
	speed: 0.0915s/iter; left time: 1076.4587s
Epoch: 55 cost time: 24.110722303390503
Epoch: 55, Steps: 260 | Train Loss: 0.1637745 Vali Loss: 0.1875433 Test Loss: 0.6395930
EarlyStopping counter: 1 out of 100
Updating learning rate to 0.0025
	iters: 100, epoch: 56 | loss: 0.1686448
	speed: 0.1799s/iter; left time: 2087.0725s
	iters: 200, epoch: 56 | loss: 0.1752881
	speed: 0.0927s/iter; left time: 1065.8019s
Epoch: 56 cost time: 24.054136753082275
Epoch: 56, Steps: 260 | Train Loss: 0.1599292 Vali Loss: 0.1799857 Test Loss: 0.6034843
EarlyStopping counter: 2 out of 100
Updating learning rate to 0.0025
	iters: 100, epoch: 57 | loss: 0.1022703
	speed: 0.1800s/iter; left time: 2041.2700s
	iters: 200, epoch: 57 | loss: 0.1256583
	speed: 0.0943s/iter; left time: 1060.5383s
Epoch: 57 cost time: 24.26422691345215
Epoch: 57, Steps: 260 | Train Loss: 0.1606360 Vali Loss: 0.1723618 Test Loss: 0.5718074
Validation loss decreased (0.174376 --> 0.172362).  Saving model ...
Updating learning rate to 0.0025
	iters: 100, epoch: 58 | loss: 0.1787342
	speed: 0.1822s/iter; left time: 2019.2727s
	iters: 200, epoch: 58 | loss: 0.1784398
	speed: 0.0922s/iter; left time: 1012.1830s
Epoch: 58 cost time: 24.35634183883667
Epoch: 58, Steps: 260 | Train Loss: 0.1594308 Vali Loss: 0.1738084 Test Loss: 0.6067218
EarlyStopping counter: 1 out of 100
Updating learning rate to 0.0025
	iters: 100, epoch: 59 | loss: 0.1097036
	speed: 0.1848s/iter; left time: 2000.1355s
	iters: 200, epoch: 59 | loss: 0.2161006
	speed: 0.0919s/iter; left time: 985.7320s
Epoch: 59 cost time: 24.261949062347412
Epoch: 59, Steps: 260 | Train Loss: 0.1586435 Vali Loss: 0.1812299 Test Loss: 0.5871822
EarlyStopping counter: 2 out of 100
Updating learning rate to 0.0025
	iters: 100, epoch: 60 | loss: 0.1732256
	speed: 0.1805s/iter; left time: 1906.2000s
	iters: 200, epoch: 60 | loss: 0.2315582
	speed: 0.0889s/iter; left time: 929.9879s
Epoch: 60 cost time: 23.894579648971558
Epoch: 60, Steps: 260 | Train Loss: 0.1593133 Vali Loss: 0.1808977 Test Loss: 0.6229973
EarlyStopping counter: 3 out of 100
Updating learning rate to 0.0025
	iters: 100, epoch: 61 | loss: 0.2144216
	speed: 0.1827s/iter; left time: 1881.9833s
	iters: 200, epoch: 61 | loss: 0.2251864
	speed: 0.0911s/iter; left time: 929.0871s
Epoch: 61 cost time: 24.049310207366943
Epoch: 61, Steps: 260 | Train Loss: 0.1603492 Vali Loss: 0.1766651 Test Loss: 0.6063934
EarlyStopping counter: 4 out of 100
Updating learning rate to 0.0025
	iters: 100, epoch: 62 | loss: 0.1328913
	speed: 0.1830s/iter; left time: 1837.7030s
	iters: 200, epoch: 62 | loss: 0.1369236
	speed: 0.0910s/iter; left time: 904.5524s
Epoch: 62 cost time: 24.21841812133789
Epoch: 62, Steps: 260 | Train Loss: 0.1563793 Vali Loss: 0.1642869 Test Loss: 0.5785889
Validation loss decreased (0.172362 --> 0.164287).  Saving model ...
Updating learning rate to 0.0025
	iters: 100, epoch: 63 | loss: 0.1522119
	speed: 0.1796s/iter; left time: 1757.0669s
	iters: 200, epoch: 63 | loss: 0.1786588
	speed: 0.0928s/iter; left time: 898.8797s
Epoch: 63 cost time: 24.054171800613403
Epoch: 63, Steps: 260 | Train Loss: 0.1590641 Vali Loss: 0.1761210 Test Loss: 0.6229337
EarlyStopping counter: 1 out of 100
Updating learning rate to 0.0025
	iters: 100, epoch: 64 | loss: 0.1959421
	speed: 0.1813s/iter; left time: 1726.5996s
	iters: 200, epoch: 64 | loss: 0.1294768
	speed: 0.0917s/iter; left time: 864.1568s
Epoch: 64 cost time: 24.153235912322998
Epoch: 64, Steps: 260 | Train Loss: 0.1574393 Vali Loss: 0.1745224 Test Loss: 0.6212721
EarlyStopping counter: 2 out of 100
Updating learning rate to 0.0025
	iters: 100, epoch: 65 | loss: 0.2547814
	speed: 0.1820s/iter; left time: 1685.5781s
	iters: 200, epoch: 65 | loss: 0.1572032
	speed: 0.0920s/iter; left time: 842.5252s
Epoch: 65 cost time: 24.332350254058838
Epoch: 65, Steps: 260 | Train Loss: 0.1630629 Vali Loss: 0.1760003 Test Loss: 0.5996510
EarlyStopping counter: 3 out of 100
Updating learning rate to 0.0025
	iters: 100, epoch: 66 | loss: 0.4735468
	speed: 0.1801s/iter; left time: 1621.2452s
	iters: 200, epoch: 66 | loss: 0.2872085
	speed: 0.0912s/iter; left time: 811.7029s
Epoch: 66 cost time: 24.033268690109253
Epoch: 66, Steps: 260 | Train Loss: 0.1568423 Vali Loss: 0.1680655 Test Loss: 0.5856266
EarlyStopping counter: 4 out of 100
Updating learning rate to 0.0025
	iters: 100, epoch: 67 | loss: 0.1133112
	speed: 0.1809s/iter; left time: 1581.3962s
	iters: 200, epoch: 67 | loss: 0.2250849
	speed: 0.0933s/iter; left time: 806.2990s
Epoch: 67 cost time: 24.2902512550354
Epoch: 67, Steps: 260 | Train Loss: 0.1555844 Vali Loss: 0.1726315 Test Loss: 0.5757368
EarlyStopping counter: 5 out of 100
Updating learning rate to 0.0025
	iters: 100, epoch: 68 | loss: 0.1231465
	speed: 0.1819s/iter; left time: 1542.8702s
	iters: 200, epoch: 68 | loss: 0.1407368
	speed: 0.0928s/iter; left time: 778.1537s
Epoch: 68 cost time: 24.498199462890625
Epoch: 68, Steps: 260 | Train Loss: 0.1549881 Vali Loss: 0.1772585 Test Loss: 0.5911182
EarlyStopping counter: 6 out of 100
Updating learning rate to 0.0025
	iters: 100, epoch: 69 | loss: 0.0974980
	speed: 0.1803s/iter; left time: 1482.1856s
	iters: 200, epoch: 69 | loss: 0.1168571
	speed: 0.0893s/iter; left time: 725.0764s
Epoch: 69 cost time: 23.599384546279907
Epoch: 69, Steps: 260 | Train Loss: 0.1564132 Vali Loss: 0.1794055 Test Loss: 0.6246070
EarlyStopping counter: 7 out of 100
Updating learning rate to 0.0025
	iters: 100, epoch: 70 | loss: 0.1133388
	speed: 0.1766s/iter; left time: 1406.1756s
	iters: 200, epoch: 70 | loss: 0.1623013
	speed: 0.0946s/iter; left time: 743.6970s
Epoch: 70 cost time: 23.98160457611084
Epoch: 70, Steps: 260 | Train Loss: 0.1579215 Vali Loss: 0.1810677 Test Loss: 0.6177047
EarlyStopping counter: 8 out of 100
Updating learning rate to 0.0025
	iters: 100, epoch: 71 | loss: 0.0629951
	speed: 0.1785s/iter; left time: 1374.6195s
	iters: 200, epoch: 71 | loss: 0.1425644
	speed: 0.0932s/iter; left time: 708.2418s
Epoch: 71 cost time: 24.00625705718994
Epoch: 71, Steps: 260 | Train Loss: 0.1574279 Vali Loss: 0.1757165 Test Loss: 0.6081498
EarlyStopping counter: 9 out of 100
Updating learning rate to 0.0025
	iters: 100, epoch: 72 | loss: 0.2141751
	speed: 0.1845s/iter; left time: 1372.5038s
	iters: 200, epoch: 72 | loss: 0.1551124
	speed: 0.0930s/iter; left time: 682.8712s
Epoch: 72 cost time: 24.585023641586304
Epoch: 72, Steps: 260 | Train Loss: 0.1559703 Vali Loss: 0.1824592 Test Loss: 0.5824850
EarlyStopping counter: 10 out of 100
Updating learning rate to 0.0025
	iters: 100, epoch: 73 | loss: 0.1672205
	speed: 0.1828s/iter; left time: 1312.3863s
	iters: 200, epoch: 73 | loss: 0.1264885
	speed: 0.0926s/iter; left time: 655.9203s
Epoch: 73 cost time: 24.622567176818848
Epoch: 73, Steps: 260 | Train Loss: 0.1584535 Vali Loss: 0.1641741 Test Loss: 0.5628834
Validation loss decreased (0.164287 --> 0.164174).  Saving model ...
Updating learning rate to 0.0025
	iters: 100, epoch: 74 | loss: 0.0661695
	speed: 0.1792s/iter; left time: 1240.2354s
	iters: 200, epoch: 74 | loss: 0.1225471
	speed: 0.0899s/iter; left time: 612.9995s
Epoch: 74 cost time: 23.528611421585083
Epoch: 74, Steps: 260 | Train Loss: 0.1529790 Vali Loss: 0.1671660 Test Loss: 0.5751640
EarlyStopping counter: 1 out of 100
Updating learning rate to 0.0025
	iters: 100, epoch: 75 | loss: 0.1238321
	speed: 0.1768s/iter; left time: 1177.6768s
	iters: 200, epoch: 75 | loss: 0.1439717
	speed: 0.0958s/iter; left time: 628.2593s
Epoch: 75 cost time: 24.195230722427368
Epoch: 75, Steps: 260 | Train Loss: 0.1526013 Vali Loss: 0.1733152 Test Loss: 0.5752920
EarlyStopping counter: 2 out of 100
Updating learning rate to 0.0025
	iters: 100, epoch: 76 | loss: 0.0699141
	speed: 0.1780s/iter; left time: 1139.2723s
	iters: 200, epoch: 76 | loss: 0.1137279
	speed: 0.0943s/iter; left time: 594.0347s
Epoch: 76 cost time: 24.33265256881714
Epoch: 76, Steps: 260 | Train Loss: 0.1534849 Vali Loss: 0.1753471 Test Loss: 0.5979002
EarlyStopping counter: 3 out of 100
Updating learning rate to 0.0025
	iters: 100, epoch: 77 | loss: 0.1206077
	speed: 0.1777s/iter; left time: 1091.4635s
	iters: 200, epoch: 77 | loss: 0.1255967
	speed: 0.0925s/iter; left time: 558.7775s
Epoch: 77 cost time: 23.861942291259766
Epoch: 77, Steps: 260 | Train Loss: 0.1535890 Vali Loss: 0.1666753 Test Loss: 0.5665951
EarlyStopping counter: 4 out of 100
Updating learning rate to 0.0025
	iters: 100, epoch: 78 | loss: 0.1093574
	speed: 0.1761s/iter; left time: 1035.6913s
	iters: 200, epoch: 78 | loss: 0.0918091
	speed: 0.0920s/iter; left time: 531.7708s
Epoch: 78 cost time: 23.620028972625732
Epoch: 78, Steps: 260 | Train Loss: 0.1515532 Vali Loss: 0.1666257 Test Loss: 0.5728986
EarlyStopping counter: 5 out of 100
Updating learning rate to 0.0025
	iters: 100, epoch: 79 | loss: 0.2216243
	speed: 0.1769s/iter; left time: 994.5213s
	iters: 200, epoch: 79 | loss: 0.1496797
	speed: 0.0944s/iter; left time: 520.9588s
Epoch: 79 cost time: 24.405759811401367
Epoch: 79, Steps: 260 | Train Loss: 0.1525028 Vali Loss: 0.1796680 Test Loss: 0.6093491
EarlyStopping counter: 6 out of 100
Updating learning rate to 0.0025
	iters: 100, epoch: 80 | loss: 0.1542359
	speed: 0.1788s/iter; left time: 958.6421s
	iters: 200, epoch: 80 | loss: 0.2149076
	speed: 0.0940s/iter; left time: 494.7364s
Epoch: 80 cost time: 23.924766063690186
Epoch: 80, Steps: 260 | Train Loss: 0.1546883 Vali Loss: 0.1816047 Test Loss: 0.6069993
EarlyStopping counter: 7 out of 100
Updating learning rate to 0.0025
	iters: 100, epoch: 81 | loss: 0.1250241
	speed: 0.1778s/iter; left time: 907.1629s
	iters: 200, epoch: 81 | loss: 0.1165580
	speed: 0.0951s/iter; left time: 475.7771s
Epoch: 81 cost time: 24.465112924575806
Epoch: 81, Steps: 260 | Train Loss: 0.1523162 Vali Loss: 0.1729081 Test Loss: 0.6172217
EarlyStopping counter: 8 out of 100
Updating learning rate to 0.0025
	iters: 100, epoch: 82 | loss: 0.1174521
	speed: 0.1783s/iter; left time: 863.0626s
	iters: 200, epoch: 82 | loss: 0.1264756
	speed: 0.0939s/iter; left time: 445.3328s
Epoch: 82 cost time: 23.78886604309082
Epoch: 82, Steps: 260 | Train Loss: 0.1521523 Vali Loss: 0.1698728 Test Loss: 0.5870515
EarlyStopping counter: 9 out of 100
Updating learning rate to 0.0025
	iters: 100, epoch: 83 | loss: 0.2505417
	speed: 0.1782s/iter; left time: 816.2404s
	iters: 200, epoch: 83 | loss: 0.1394778
	speed: 0.0948s/iter; left time: 424.6346s
Epoch: 83 cost time: 24.287865161895752
Epoch: 83, Steps: 260 | Train Loss: 0.1517390 Vali Loss: 0.1649565 Test Loss: 0.5550879
EarlyStopping counter: 10 out of 100
Updating learning rate to 0.0025
	iters: 100, epoch: 84 | loss: 0.1654477
	speed: 0.1783s/iter; left time: 770.2932s
	iters: 200, epoch: 84 | loss: 0.2501869
	speed: 0.0903s/iter; left time: 381.0350s
Epoch: 84 cost time: 23.469453811645508
Epoch: 84, Steps: 260 | Train Loss: 0.1529897 Vali Loss: 0.1727580 Test Loss: 0.5527408
EarlyStopping counter: 11 out of 100
Updating learning rate to 0.0025
	iters: 100, epoch: 85 | loss: 0.1534715
	speed: 0.1765s/iter; left time: 716.7383s
	iters: 200, epoch: 85 | loss: 0.4184971
	speed: 0.0950s/iter; left time: 376.4850s
Epoch: 85 cost time: 23.954007387161255
Epoch: 85, Steps: 260 | Train Loss: 0.1509435 Vali Loss: 0.1706598 Test Loss: 0.5891085
EarlyStopping counter: 12 out of 100
Updating learning rate to 0.0025
	iters: 100, epoch: 86 | loss: 0.0877419
	speed: 0.1783s/iter; left time: 677.5461s
	iters: 200, epoch: 86 | loss: 0.0969167
	speed: 0.0913s/iter; left time: 337.9250s
Epoch: 86 cost time: 23.915791511535645
Epoch: 86, Steps: 260 | Train Loss: 0.1520997 Vali Loss: 0.1742086 Test Loss: 0.5768670
EarlyStopping counter: 13 out of 100
Updating learning rate to 0.0025
	iters: 100, epoch: 87 | loss: 0.0877637
	speed: 0.1786s/iter; left time: 632.5670s
	iters: 200, epoch: 87 | loss: 0.1681137
	speed: 0.0951s/iter; left time: 327.3772s
Epoch: 87 cost time: 24.26487946510315
Epoch: 87, Steps: 260 | Train Loss: 0.1498410 Vali Loss: 0.1750333 Test Loss: 0.5634640
EarlyStopping counter: 14 out of 100
Updating learning rate to 0.0025
	iters: 100, epoch: 88 | loss: 0.1672941
	speed: 0.1832s/iter; left time: 601.0592s
	iters: 200, epoch: 88 | loss: 0.0859384
	speed: 0.0909s/iter; left time: 289.0560s
Epoch: 88 cost time: 24.313737392425537
Epoch: 88, Steps: 260 | Train Loss: 0.1509005 Vali Loss: 0.1788947 Test Loss: 0.5997710
EarlyStopping counter: 15 out of 100
Updating learning rate to 0.0025
	iters: 100, epoch: 89 | loss: 0.1722087
	speed: 0.1779s/iter; left time: 537.5606s
	iters: 200, epoch: 89 | loss: 0.0917993
	speed: 0.0925s/iter; left time: 270.2917s
Epoch: 89 cost time: 23.730581760406494
Epoch: 89, Steps: 260 | Train Loss: 0.1502163 Vali Loss: 0.1766295 Test Loss: 0.5729557
EarlyStopping counter: 16 out of 100
Updating learning rate to 0.0025
	iters: 100, epoch: 90 | loss: 0.1291893
	speed: 0.1777s/iter; left time: 490.4937s
	iters: 200, epoch: 90 | loss: 0.1053238
	speed: 0.0954s/iter; left time: 253.7816s
Epoch: 90 cost time: 24.119603872299194
Epoch: 90, Steps: 260 | Train Loss: 0.1483151 Vali Loss: 0.1738182 Test Loss: 0.6094474
EarlyStopping counter: 17 out of 100
Updating learning rate to 0.0025
	iters: 100, epoch: 91 | loss: 0.0965523
	speed: 0.1821s/iter; left time: 455.3778s
	iters: 200, epoch: 91 | loss: 0.0652926
	speed: 0.0939s/iter; left time: 225.5668s
Epoch: 91 cost time: 24.255403757095337
Epoch: 91, Steps: 260 | Train Loss: 0.1508339 Vali Loss: 0.1685232 Test Loss: 0.5676342
EarlyStopping counter: 18 out of 100
Updating learning rate to 0.0025
	iters: 100, epoch: 92 | loss: 0.0918168
	speed: 0.1755s/iter; left time: 393.3399s
	iters: 200, epoch: 92 | loss: 0.1718618
	speed: 0.0944s/iter; left time: 202.1530s
Epoch: 92 cost time: 23.71284818649292
Epoch: 92, Steps: 260 | Train Loss: 0.1475971 Vali Loss: 0.1761932 Test Loss: 0.6266377
EarlyStopping counter: 19 out of 100
Updating learning rate to 0.0025
	iters: 100, epoch: 93 | loss: 0.1533878
	speed: 0.1745s/iter; left time: 345.6703s
	iters: 200, epoch: 93 | loss: 0.0968934
	speed: 0.0927s/iter; left time: 174.3926s
Epoch: 93 cost time: 23.608075618743896
Epoch: 93, Steps: 260 | Train Loss: 0.1504910 Vali Loss: 0.1742169 Test Loss: 0.5973042
EarlyStopping counter: 20 out of 100
Updating learning rate to 0.0025
	iters: 100, epoch: 94 | loss: 0.0711553
	speed: 0.1750s/iter; left time: 301.1763s
	iters: 200, epoch: 94 | loss: 0.1690405
	speed: 0.0901s/iter; left time: 146.0527s
Epoch: 94 cost time: 23.47718095779419
Epoch: 94, Steps: 260 | Train Loss: 0.1486495 Vali Loss: 0.1964479 Test Loss: 0.6632379
EarlyStopping counter: 21 out of 100
Updating learning rate to 0.0025
	iters: 100, epoch: 95 | loss: 0.0868149
	speed: 0.1774s/iter; left time: 259.2501s
	iters: 200, epoch: 95 | loss: 0.1690653
	speed: 0.0898s/iter; left time: 122.2289s
Epoch: 95 cost time: 23.46982479095459
Epoch: 95, Steps: 260 | Train Loss: 0.1513141 Vali Loss: 0.1769105 Test Loss: 0.5835202
EarlyStopping counter: 22 out of 100
Updating learning rate to 0.0025
	iters: 100, epoch: 96 | loss: 0.0529104
	speed: 0.1780s/iter; left time: 213.7379s
	iters: 200, epoch: 96 | loss: 0.1411768
	speed: 0.0894s/iter; left time: 98.4483s
Epoch: 96 cost time: 23.661682605743408
Epoch: 96, Steps: 260 | Train Loss: 0.1493646 Vali Loss: 0.1841090 Test Loss: 0.6286943
EarlyStopping counter: 23 out of 100
Updating learning rate to 0.0025
	iters: 100, epoch: 97 | loss: 0.2866378
	speed: 0.1780s/iter; left time: 167.4827s
	iters: 200, epoch: 97 | loss: 0.1563770
	speed: 0.0922s/iter; left time: 77.5004s
Epoch: 97 cost time: 23.905542612075806
Epoch: 97, Steps: 260 | Train Loss: 0.1473820 Vali Loss: 0.1796810 Test Loss: 0.5946858
EarlyStopping counter: 24 out of 100
Updating learning rate to 0.0025
	iters: 100, epoch: 98 | loss: 0.0656926
	speed: 0.1756s/iter; left time: 119.5798s
	iters: 200, epoch: 98 | loss: 0.1331394
	speed: 0.0920s/iter; left time: 53.4727s
Epoch: 98 cost time: 23.641567945480347
Epoch: 98, Steps: 260 | Train Loss: 0.1492861 Vali Loss: 0.1618773 Test Loss: 0.5440931
Validation loss decreased (0.164174 --> 0.161877).  Saving model ...
Updating learning rate to 0.0025
	iters: 100, epoch: 99 | loss: 0.2218245
	speed: 0.1740s/iter; left time: 73.2451s
	iters: 200, epoch: 99 | loss: 0.1421270
	speed: 0.0966s/iter; left time: 31.0173s
Epoch: 99 cost time: 24.483487606048584
Epoch: 99, Steps: 260 | Train Loss: 0.1486977 Vali Loss: 0.1608229 Test Loss: 0.5334609
Validation loss decreased (0.161877 --> 0.160823).  Saving model ...
Updating learning rate to 0.0025
	iters: 100, epoch: 100 | loss: 0.1653629
	speed: 0.1824s/iter; left time: 29.3736s
	iters: 200, epoch: 100 | loss: 0.1576145
	speed: 0.0935s/iter; left time: 5.7061s
Epoch: 100 cost time: 24.289465188980103
Epoch: 100, Steps: 260 | Train Loss: 0.1474454 Vali Loss: 0.1636758 Test Loss: 0.5271473
EarlyStopping counter: 1 out of 100
Updating learning rate to 0.0025
>>>>>>>testing : 60_5_PatchTST_custom_ftM_sl60_ll48_pl5_dm16_nh4_el3_dl1_df128_fc1_ebtimeF_dtTrue_Exp_0<<<<<<<<<<<<<<<<<<<<<<<<<<<<<<<<<
test 1203
mse:0.5334608554840088, mae:0.30177509784698486, rse:0.18838725984096527
