Args in experiment:
Namespace(random_seed=2024, is_training=1, model_id='60_20', model='PatchTST', data='custom', root_path='./dataset/', data_path='db_lv4.csv', features='M', target='Target', freq='h', checkpoints='./checkpoints/', seq_len=60, label_len=48, pred_len=20, fc_dropout=0.2, head_dropout=0.0, patch_len=5, stride=2, padding_patch='end', revin=1, affine=0, subtract_last=0, decomposition=0, kernel_size=25, individual=0, embed_type=0, enc_in=7, dec_in=7, c_out=7, d_model=16, n_heads=4, e_layers=3, d_layers=1, d_ff=128, moving_avg=25, factor=1, distil=True, dropout=0.2, embed='timeF', activation='gelu', output_attention=False, do_predict=False, num_workers=10, itr=1, train_epochs=100, batch_size=16, patience=100, learning_rate=0.0025, des='Exp', loss='mse', lradj='constant', pct_start=0.3, use_amp=False, use_gpu=False, gpu=0, use_multi_gpu=False, devices='0,1,2,3', test_flop=False)
Use CPU
>>>>>>>start training : 60_20_PatchTST_custom_ftM_sl60_ll48_pl20_dm16_nh4_el3_dl1_df128_fc1_ebtimeF_dtTrue_Exp_0>>>>>>>>>>>>>>>>>>>>>>>>>>
train 4146
val 586
test 1188
	iters: 100, epoch: 1 | loss: 0.5755332
	speed: 0.0597s/iter; left time: 1541.5315s
	iters: 200, epoch: 1 | loss: 0.4252578
	speed: 0.0568s/iter; left time: 1459.8340s
Epoch: 1 cost time: 15.11426329612732
Epoch: 1, Steps: 259 | Train Loss: 0.6038826 Vali Loss: 0.5245264 Test Loss: 1.4876627
Validation loss decreased (inf --> 0.524526).  Saving model ...
Updating learning rate to 0.0025
	iters: 100, epoch: 2 | loss: 0.4163991
	speed: 0.1147s/iter; left time: 2928.6189s
	iters: 200, epoch: 2 | loss: 0.3970951
	speed: 0.0577s/iter; left time: 1468.9369s
Epoch: 2 cost time: 15.033239841461182
Epoch: 2, Steps: 259 | Train Loss: 0.4312133 Vali Loss: 0.4289840 Test Loss: 1.2832750
Validation loss decreased (0.524526 --> 0.428984).  Saving model ...
Updating learning rate to 0.0025
	iters: 100, epoch: 3 | loss: 0.3262158
	speed: 0.1138s/iter; left time: 2877.8835s
	iters: 200, epoch: 3 | loss: 0.4253081
	speed: 0.0569s/iter; left time: 1433.8732s
Epoch: 3 cost time: 14.994239807128906
Epoch: 3, Steps: 259 | Train Loss: 0.3835823 Vali Loss: 0.4037184 Test Loss: 1.2212255
Validation loss decreased (0.428984 --> 0.403718).  Saving model ...
Updating learning rate to 0.0025
	iters: 100, epoch: 4 | loss: 0.4022318
	speed: 0.1152s/iter; left time: 2882.6359s
	iters: 200, epoch: 4 | loss: 0.3024901
	speed: 0.0572s/iter; left time: 1424.7665s
Epoch: 4 cost time: 15.185247659683228
Epoch: 4, Steps: 259 | Train Loss: 0.3614950 Vali Loss: 0.3775451 Test Loss: 1.1049236
Validation loss decreased (0.403718 --> 0.377545).  Saving model ...
Updating learning rate to 0.0025
	iters: 100, epoch: 5 | loss: 0.3761172
	speed: 0.1124s/iter; left time: 2783.7429s
	iters: 200, epoch: 5 | loss: 0.2524548
	speed: 0.0580s/iter; left time: 1431.4962s
Epoch: 5 cost time: 14.988269329071045
Epoch: 5, Steps: 259 | Train Loss: 0.3461919 Vali Loss: 0.3528135 Test Loss: 1.0331959
Validation loss decreased (0.377545 --> 0.352813).  Saving model ...
Updating learning rate to 0.0025
	iters: 100, epoch: 6 | loss: 0.4142188
	speed: 0.1125s/iter; left time: 2756.4437s
	iters: 200, epoch: 6 | loss: 0.3654900
	speed: 0.0579s/iter; left time: 1412.4181s
Epoch: 6 cost time: 14.955211639404297
Epoch: 6, Steps: 259 | Train Loss: 0.3337963 Vali Loss: 0.3492050 Test Loss: 1.0315946
Validation loss decreased (0.352813 --> 0.349205).  Saving model ...
Updating learning rate to 0.0025
	iters: 100, epoch: 7 | loss: 0.3573845
	speed: 0.1133s/iter; left time: 2747.2365s
	iters: 200, epoch: 7 | loss: 0.4725834
	speed: 0.0558s/iter; left time: 1347.5525s
Epoch: 7 cost time: 14.995412588119507
Epoch: 7, Steps: 259 | Train Loss: 0.3319557 Vali Loss: 0.3423444 Test Loss: 1.0106928
Validation loss decreased (0.349205 --> 0.342344).  Saving model ...
Updating learning rate to 0.0025
	iters: 100, epoch: 8 | loss: 0.2730630
	speed: 0.1138s/iter; left time: 2730.1677s
	iters: 200, epoch: 8 | loss: 0.3878157
	speed: 0.0566s/iter; left time: 1353.0568s
Epoch: 8 cost time: 14.868082761764526
Epoch: 8, Steps: 259 | Train Loss: 0.3255596 Vali Loss: 0.3441329 Test Loss: 1.0275791
EarlyStopping counter: 1 out of 100
Updating learning rate to 0.0025
	iters: 100, epoch: 9 | loss: 0.3505536
	speed: 0.1131s/iter; left time: 2684.6750s
	iters: 200, epoch: 9 | loss: 0.2295301
	speed: 0.0566s/iter; left time: 1338.4380s
Epoch: 9 cost time: 14.85724139213562
Epoch: 9, Steps: 259 | Train Loss: 0.3184525 Vali Loss: 0.3356471 Test Loss: 0.9942448
Validation loss decreased (0.342344 --> 0.335647).  Saving model ...
Updating learning rate to 0.0025
	iters: 100, epoch: 10 | loss: 0.3041841
	speed: 0.1131s/iter; left time: 2654.7759s
	iters: 200, epoch: 10 | loss: 0.3057096
	speed: 0.0559s/iter; left time: 1307.1976s
Epoch: 10 cost time: 15.039877891540527
Epoch: 10, Steps: 259 | Train Loss: 0.3172986 Vali Loss: 0.3448409 Test Loss: 1.0194217
EarlyStopping counter: 1 out of 100
Updating learning rate to 0.0025
	iters: 100, epoch: 11 | loss: 0.3340894
	speed: 0.1126s/iter; left time: 2612.7400s
	iters: 200, epoch: 11 | loss: 0.2840175
	speed: 0.0571s/iter; left time: 1320.7832s
Epoch: 11 cost time: 14.787211656570435
Epoch: 11, Steps: 259 | Train Loss: 0.3098694 Vali Loss: 0.3207527 Test Loss: 0.9663717
Validation loss decreased (0.335647 --> 0.320753).  Saving model ...
Updating learning rate to 0.0025
	iters: 100, epoch: 12 | loss: 0.2473810
	speed: 0.1113s/iter; left time: 2554.8276s
	iters: 200, epoch: 12 | loss: 0.4795547
	speed: 0.0570s/iter; left time: 1302.0904s
Epoch: 12 cost time: 14.804487466812134
Epoch: 12, Steps: 259 | Train Loss: 0.3078520 Vali Loss: 0.3216229 Test Loss: 0.9744818
EarlyStopping counter: 1 out of 100
Updating learning rate to 0.0025
	iters: 100, epoch: 13 | loss: 0.2428712
	speed: 0.1140s/iter; left time: 2587.6361s
	iters: 200, epoch: 13 | loss: 0.3251069
	speed: 0.0559s/iter; left time: 1261.9135s
Epoch: 13 cost time: 14.98979663848877
Epoch: 13, Steps: 259 | Train Loss: 0.3071128 Vali Loss: 0.3205111 Test Loss: 0.9664910
Validation loss decreased (0.320753 --> 0.320511).  Saving model ...
Updating learning rate to 0.0025
	iters: 100, epoch: 14 | loss: 0.2425424
	speed: 0.1131s/iter; left time: 2538.0458s
	iters: 200, epoch: 14 | loss: 0.3201118
	speed: 0.0585s/iter; left time: 1305.6139s
Epoch: 14 cost time: 15.075493812561035
Epoch: 14, Steps: 259 | Train Loss: 0.3043224 Vali Loss: 0.3081788 Test Loss: 0.9394089
Validation loss decreased (0.320511 --> 0.308179).  Saving model ...
Updating learning rate to 0.0025
	iters: 100, epoch: 15 | loss: 0.2306181
	speed: 0.1128s/iter; left time: 2500.2491s
	iters: 200, epoch: 15 | loss: 0.3182226
	speed: 0.0573s/iter; left time: 1264.5264s
Epoch: 15 cost time: 14.91149091720581
Epoch: 15, Steps: 259 | Train Loss: 0.2993895 Vali Loss: 0.3128092 Test Loss: 0.9460649
EarlyStopping counter: 1 out of 100
Updating learning rate to 0.0025
	iters: 100, epoch: 16 | loss: 0.2653389
	speed: 0.1139s/iter; left time: 2496.6341s
	iters: 200, epoch: 16 | loss: 0.2774407
	speed: 0.0571s/iter; left time: 1244.6970s
Epoch: 16 cost time: 15.176389455795288
Epoch: 16, Steps: 259 | Train Loss: 0.2979747 Vali Loss: 0.3092618 Test Loss: 0.9127656
EarlyStopping counter: 2 out of 100
Updating learning rate to 0.0025
	iters: 100, epoch: 17 | loss: 0.3228602
	speed: 0.1136s/iter; left time: 2459.9016s
	iters: 200, epoch: 17 | loss: 0.3109718
	speed: 0.0575s/iter; left time: 1238.6793s
Epoch: 17 cost time: 15.07906699180603
Epoch: 17, Steps: 259 | Train Loss: 0.2959193 Vali Loss: 0.3106539 Test Loss: 0.9364468
EarlyStopping counter: 3 out of 100
Updating learning rate to 0.0025
	iters: 100, epoch: 18 | loss: 0.2381081
	speed: 0.1148s/iter; left time: 2456.6241s
	iters: 200, epoch: 18 | loss: 0.3771973
	speed: 0.0584s/iter; left time: 1243.8732s
Epoch: 18 cost time: 15.112174034118652
Epoch: 18, Steps: 259 | Train Loss: 0.2939277 Vali Loss: 0.3287183 Test Loss: 0.9619265
EarlyStopping counter: 4 out of 100
Updating learning rate to 0.0025
	iters: 100, epoch: 19 | loss: 0.2582787
	speed: 0.1145s/iter; left time: 2419.4621s
	iters: 200, epoch: 19 | loss: 0.2531179
	speed: 0.0569s/iter; left time: 1197.4254s
Epoch: 19 cost time: 15.055060863494873
Epoch: 19, Steps: 259 | Train Loss: 0.2913972 Vali Loss: 0.3023611 Test Loss: 0.9198558
Validation loss decreased (0.308179 --> 0.302361).  Saving model ...
Updating learning rate to 0.0025
	iters: 100, epoch: 20 | loss: 0.5606133
	speed: 0.1153s/iter; left time: 2407.1954s
	iters: 200, epoch: 20 | loss: 0.2523688
	speed: 0.0566s/iter; left time: 1176.3952s
Epoch: 20 cost time: 15.028789520263672
Epoch: 20, Steps: 259 | Train Loss: 0.2922567 Vali Loss: 0.2990659 Test Loss: 0.9005926
Validation loss decreased (0.302361 --> 0.299066).  Saving model ...
Updating learning rate to 0.0025
	iters: 100, epoch: 21 | loss: 0.1670937
	speed: 0.1146s/iter; left time: 2363.3548s
	iters: 200, epoch: 21 | loss: 0.3005181
	speed: 0.0585s/iter; left time: 1199.6589s
Epoch: 21 cost time: 15.22044587135315
Epoch: 21, Steps: 259 | Train Loss: 0.2885430 Vali Loss: 0.3046962 Test Loss: 0.9341275
EarlyStopping counter: 1 out of 100
Updating learning rate to 0.0025
	iters: 100, epoch: 22 | loss: 0.2142803
	speed: 0.1138s/iter; left time: 2316.6929s
	iters: 200, epoch: 22 | loss: 0.3050548
	speed: 0.0578s/iter; left time: 1170.5084s
Epoch: 22 cost time: 15.181700944900513
Epoch: 22, Steps: 259 | Train Loss: 0.2869460 Vali Loss: 0.2932208 Test Loss: 0.8778643
Validation loss decreased (0.299066 --> 0.293221).  Saving model ...
Updating learning rate to 0.0025
	iters: 100, epoch: 23 | loss: 0.2673965
	speed: 0.1154s/iter; left time: 2319.1038s
	iters: 200, epoch: 23 | loss: 0.3816873
	speed: 0.0577s/iter; left time: 1154.1095s
Epoch: 23 cost time: 15.296979665756226
Epoch: 23, Steps: 259 | Train Loss: 0.2850140 Vali Loss: 0.2989871 Test Loss: 0.8849181
EarlyStopping counter: 1 out of 100
Updating learning rate to 0.0025
	iters: 100, epoch: 24 | loss: 0.2064059
	speed: 0.1147s/iter; left time: 2276.3791s
	iters: 200, epoch: 24 | loss: 0.3050712
	speed: 0.0587s/iter; left time: 1159.2541s
Epoch: 24 cost time: 15.221036195755005
Epoch: 24, Steps: 259 | Train Loss: 0.2860829 Vali Loss: 0.3033530 Test Loss: 0.9120356
EarlyStopping counter: 2 out of 100
Updating learning rate to 0.0025
	iters: 100, epoch: 25 | loss: 0.2560096
	speed: 0.1151s/iter; left time: 2253.9846s
	iters: 200, epoch: 25 | loss: 0.3201423
	speed: 0.0580s/iter; left time: 1129.5502s
Epoch: 25 cost time: 15.213778734207153
Epoch: 25, Steps: 259 | Train Loss: 0.2808652 Vali Loss: 0.2936569 Test Loss: 0.8543543
EarlyStopping counter: 3 out of 100
Updating learning rate to 0.0025
	iters: 100, epoch: 26 | loss: 0.3122230
	speed: 0.1185s/iter; left time: 2289.6780s
	iters: 200, epoch: 26 | loss: 0.3935928
	speed: 0.0574s/iter; left time: 1103.5669s
Epoch: 26 cost time: 15.656925201416016
Epoch: 26, Steps: 259 | Train Loss: 0.2804640 Vali Loss: 0.2995134 Test Loss: 0.8743948
EarlyStopping counter: 4 out of 100
Updating learning rate to 0.0025
	iters: 100, epoch: 27 | loss: 0.2495099
	speed: 0.1151s/iter; left time: 2195.4655s
	iters: 200, epoch: 27 | loss: 0.3086250
	speed: 0.0577s/iter; left time: 1094.5468s
Epoch: 27 cost time: 15.10279130935669
Epoch: 27, Steps: 259 | Train Loss: 0.2778061 Vali Loss: 0.2799653 Test Loss: 0.8562720
Validation loss decreased (0.293221 --> 0.279965).  Saving model ...
Updating learning rate to 0.0025
	iters: 100, epoch: 28 | loss: 0.2463105
	speed: 0.1145s/iter; left time: 2154.3897s
	iters: 200, epoch: 28 | loss: 0.2722714
	speed: 0.0575s/iter; left time: 1075.5712s
Epoch: 28 cost time: 15.152107954025269
Epoch: 28, Steps: 259 | Train Loss: 0.2778684 Vali Loss: 0.2856146 Test Loss: 0.8559188
EarlyStopping counter: 1 out of 100
Updating learning rate to 0.0025
	iters: 100, epoch: 29 | loss: 0.2381350
	speed: 0.1139s/iter; left time: 2112.7819s
	iters: 200, epoch: 29 | loss: 0.2269664
	speed: 0.0561s/iter; left time: 1035.8902s
Epoch: 29 cost time: 14.885160207748413
Epoch: 29, Steps: 259 | Train Loss: 0.2736482 Vali Loss: 0.2749838 Test Loss: 0.8803524
Validation loss decreased (0.279965 --> 0.274984).  Saving model ...
Updating learning rate to 0.0025
	iters: 100, epoch: 30 | loss: 0.2180139
	speed: 0.1161s/iter; left time: 2123.4833s
	iters: 200, epoch: 30 | loss: 0.3077119
	speed: 0.0574s/iter; left time: 1043.9412s
Epoch: 30 cost time: 15.06215238571167
Epoch: 30, Steps: 259 | Train Loss: 0.2753678 Vali Loss: 0.2815063 Test Loss: 0.8420067
EarlyStopping counter: 1 out of 100
Updating learning rate to 0.0025
	iters: 100, epoch: 31 | loss: 0.2674478
	speed: 0.1132s/iter; left time: 2040.9667s
	iters: 200, epoch: 31 | loss: 0.2483920
	speed: 0.0579s/iter; left time: 1037.7189s
Epoch: 31 cost time: 15.085487127304077
Epoch: 31, Steps: 259 | Train Loss: 0.2726495 Vali Loss: 0.2736097 Test Loss: 0.8323566
Validation loss decreased (0.274984 --> 0.273610).  Saving model ...
Updating learning rate to 0.0025
	iters: 100, epoch: 32 | loss: 0.3852403
	speed: 0.1133s/iter; left time: 2014.2567s
	iters: 200, epoch: 32 | loss: 0.2847504
	speed: 0.0564s/iter; left time: 996.6765s
Epoch: 32 cost time: 15.00467300415039
Epoch: 32, Steps: 259 | Train Loss: 0.2698320 Vali Loss: 0.2625076 Test Loss: 0.8401154
Validation loss decreased (0.273610 --> 0.262508).  Saving model ...
Updating learning rate to 0.0025
	iters: 100, epoch: 33 | loss: 0.1985817
	speed: 0.1129s/iter; left time: 1976.9585s
	iters: 200, epoch: 33 | loss: 0.1833778
	speed: 0.0566s/iter; left time: 985.7475s
Epoch: 33 cost time: 14.873029232025146
Epoch: 33, Steps: 259 | Train Loss: 0.2692573 Vali Loss: 0.2755778 Test Loss: 0.8413512
EarlyStopping counter: 1 out of 100
Updating learning rate to 0.0025
	iters: 100, epoch: 34 | loss: 0.1902629
	speed: 0.1129s/iter; left time: 1947.6892s
	iters: 200, epoch: 34 | loss: 0.2475763
	speed: 0.0574s/iter; left time: 985.4375s
Epoch: 34 cost time: 15.038639307022095
Epoch: 34, Steps: 259 | Train Loss: 0.2688934 Vali Loss: 0.2801698 Test Loss: 0.8565386
EarlyStopping counter: 2 out of 100
Updating learning rate to 0.0025
	iters: 100, epoch: 35 | loss: 0.2662737
	speed: 0.1170s/iter; left time: 1987.9601s
	iters: 200, epoch: 35 | loss: 0.2659584
	speed: 0.0845s/iter; left time: 1428.3152s
Epoch: 35 cost time: 19.59306263923645
Epoch: 35, Steps: 259 | Train Loss: 0.2663645 Vali Loss: 0.2814063 Test Loss: 0.8686013
EarlyStopping counter: 3 out of 100
Updating learning rate to 0.0025
	iters: 100, epoch: 36 | loss: 0.2202548
	speed: 0.1698s/iter; left time: 2841.0051s
	iters: 200, epoch: 36 | loss: 0.2760973
	speed: 0.0903s/iter; left time: 1501.6534s
Epoch: 36 cost time: 23.550666093826294
Epoch: 36, Steps: 259 | Train Loss: 0.2678541 Vali Loss: 0.2639684 Test Loss: 0.8594317
EarlyStopping counter: 4 out of 100
Updating learning rate to 0.0025
	iters: 100, epoch: 37 | loss: 0.2222399
	speed: 0.1987s/iter; left time: 3273.2073s
	iters: 200, epoch: 37 | loss: 0.2524127
	speed: 0.0960s/iter; left time: 1572.8570s
Epoch: 37 cost time: 26.442065954208374
Epoch: 37, Steps: 259 | Train Loss: 0.2631033 Vali Loss: 0.2671012 Test Loss: 0.8476750
EarlyStopping counter: 5 out of 100
Updating learning rate to 0.0025
	iters: 100, epoch: 38 | loss: 0.2147602
	speed: 0.1830s/iter; left time: 2967.3906s
	iters: 200, epoch: 38 | loss: 0.3594595
	speed: 0.0890s/iter; left time: 1434.8785s
Epoch: 38 cost time: 23.514122009277344
Epoch: 38, Steps: 259 | Train Loss: 0.2604966 Vali Loss: 0.2641677 Test Loss: 0.8118040
EarlyStopping counter: 6 out of 100
Updating learning rate to 0.0025
	iters: 100, epoch: 39 | loss: 0.3043180
	speed: 0.1763s/iter; left time: 2813.1858s
	iters: 200, epoch: 39 | loss: 0.2321973
	speed: 0.0883s/iter; left time: 1400.4270s
Epoch: 39 cost time: 23.284597396850586
Epoch: 39, Steps: 259 | Train Loss: 0.2601544 Vali Loss: 0.2667265 Test Loss: 0.8162972
EarlyStopping counter: 7 out of 100
Updating learning rate to 0.0025
	iters: 100, epoch: 40 | loss: 0.1864522
	speed: 0.1860s/iter; left time: 2920.8546s
	iters: 200, epoch: 40 | loss: 0.2386795
	speed: 0.0919s/iter; left time: 1433.1149s
Epoch: 40 cost time: 24.10297179222107
Epoch: 40, Steps: 259 | Train Loss: 0.2598117 Vali Loss: 0.2740394 Test Loss: 0.8440119
EarlyStopping counter: 8 out of 100
Updating learning rate to 0.0025
	iters: 100, epoch: 41 | loss: 0.2652075
	speed: 0.1717s/iter; left time: 2651.3142s
	iters: 200, epoch: 41 | loss: 0.2135446
	speed: 0.0862s/iter; left time: 1322.2753s
Epoch: 41 cost time: 22.635035753250122
Epoch: 41, Steps: 259 | Train Loss: 0.2571183 Vali Loss: 0.2629493 Test Loss: 0.8144025
EarlyStopping counter: 9 out of 100
Updating learning rate to 0.0025
	iters: 100, epoch: 42 | loss: 0.2689001
	speed: 0.1748s/iter; left time: 2654.2730s
	iters: 200, epoch: 42 | loss: 0.3320785
	speed: 0.0849s/iter; left time: 1280.1746s
Epoch: 42 cost time: 22.964577198028564
Epoch: 42, Steps: 259 | Train Loss: 0.2552868 Vali Loss: 0.2656513 Test Loss: 0.8362802
EarlyStopping counter: 10 out of 100
Updating learning rate to 0.0025
	iters: 100, epoch: 43 | loss: 0.3088127
	speed: 0.1664s/iter; left time: 2482.4425s
	iters: 200, epoch: 43 | loss: 0.2355319
	speed: 0.0847s/iter; left time: 1255.6916s
Epoch: 43 cost time: 22.244727849960327
Epoch: 43, Steps: 259 | Train Loss: 0.2548373 Vali Loss: 0.2617407 Test Loss: 0.7730206
Validation loss decreased (0.262508 --> 0.261741).  Saving model ...
Updating learning rate to 0.0025
	iters: 100, epoch: 44 | loss: 0.1484714
	speed: 0.1765s/iter; left time: 2587.7665s
	iters: 200, epoch: 44 | loss: 0.2761627
	speed: 0.0874s/iter; left time: 1272.8135s
Epoch: 44 cost time: 23.162750244140625
Epoch: 44, Steps: 259 | Train Loss: 0.2547403 Vali Loss: 0.2640136 Test Loss: 0.8049413
EarlyStopping counter: 1 out of 100
Updating learning rate to 0.0025
	iters: 100, epoch: 45 | loss: 0.2761324
	speed: 0.1718s/iter; left time: 2474.3252s
	iters: 200, epoch: 45 | loss: 0.2014951
	speed: 0.0914s/iter; left time: 1307.7219s
Epoch: 45 cost time: 23.34521508216858
Epoch: 45, Steps: 259 | Train Loss: 0.2521820 Vali Loss: 0.2529773 Test Loss: 0.8095477
Validation loss decreased (0.261741 --> 0.252977).  Saving model ...
Updating learning rate to 0.0025
	iters: 100, epoch: 46 | loss: 0.2700976
	speed: 0.1721s/iter; left time: 2435.0894s
	iters: 200, epoch: 46 | loss: 0.3072585
	speed: 0.0880s/iter; left time: 1236.5013s
Epoch: 46 cost time: 22.618138074874878
Epoch: 46, Steps: 259 | Train Loss: 0.2504222 Vali Loss: 0.2668616 Test Loss: 0.8057724
EarlyStopping counter: 1 out of 100
Updating learning rate to 0.0025
	iters: 100, epoch: 47 | loss: 0.2087922
	speed: 0.1723s/iter; left time: 2393.1187s
	iters: 200, epoch: 47 | loss: 0.3405996
	speed: 0.0901s/iter; left time: 1241.5779s
Epoch: 47 cost time: 23.253661632537842
Epoch: 47, Steps: 259 | Train Loss: 0.2504015 Vali Loss: 0.2596704 Test Loss: 0.7731172
EarlyStopping counter: 2 out of 100
Updating learning rate to 0.0025
	iters: 100, epoch: 48 | loss: 0.3214099
	speed: 0.1712s/iter; left time: 2333.5034s
	iters: 200, epoch: 48 | loss: 0.2743514
	speed: 0.0860s/iter; left time: 1163.0192s
Epoch: 48 cost time: 22.5142502784729
Epoch: 48, Steps: 259 | Train Loss: 0.2497446 Vali Loss: 0.2766190 Test Loss: 0.8219658
EarlyStopping counter: 3 out of 100
Updating learning rate to 0.0025
	iters: 100, epoch: 49 | loss: 0.2865874
	speed: 0.1776s/iter; left time: 2373.7897s
	iters: 200, epoch: 49 | loss: 0.2691181
	speed: 0.0856s/iter; left time: 1135.9497s
Epoch: 49 cost time: 23.231182098388672
Epoch: 49, Steps: 259 | Train Loss: 0.2466980 Vali Loss: 0.2654315 Test Loss: 0.7849780
EarlyStopping counter: 4 out of 100
Updating learning rate to 0.0025
	iters: 100, epoch: 50 | loss: 0.2367071
	speed: 0.1704s/iter; left time: 2234.2490s
	iters: 200, epoch: 50 | loss: 0.1714170
	speed: 0.0869s/iter; left time: 1130.0931s
Epoch: 50 cost time: 22.923011302947998
Epoch: 50, Steps: 259 | Train Loss: 0.2480101 Vali Loss: 0.2577068 Test Loss: 0.8021672
EarlyStopping counter: 5 out of 100
Updating learning rate to 0.0025
	iters: 100, epoch: 51 | loss: 0.1938060
	speed: 0.1752s/iter; left time: 2251.2861s
	iters: 200, epoch: 51 | loss: 0.3396156
	speed: 0.0879s/iter; left time: 1120.2542s
Epoch: 51 cost time: 22.74594235420227
Epoch: 51, Steps: 259 | Train Loss: 0.2467725 Vali Loss: 0.2435904 Test Loss: 0.7696557
Validation loss decreased (0.252977 --> 0.243590).  Saving model ...
Updating learning rate to 0.0025
	iters: 100, epoch: 52 | loss: 0.2889321
	speed: 0.1699s/iter; left time: 2139.4739s
	iters: 200, epoch: 52 | loss: 0.5073518
	speed: 0.0933s/iter; left time: 1166.0281s
Epoch: 52 cost time: 23.49200940132141
Epoch: 52, Steps: 259 | Train Loss: 0.2466004 Vali Loss: 0.2626909 Test Loss: 0.7897294
EarlyStopping counter: 1 out of 100
Updating learning rate to 0.0025
	iters: 100, epoch: 53 | loss: 0.3039690
	speed: 0.1734s/iter; left time: 2138.9753s
	iters: 200, epoch: 53 | loss: 0.1973079
	speed: 0.0872s/iter; left time: 1066.9296s
Epoch: 53 cost time: 23.039257049560547
Epoch: 53, Steps: 259 | Train Loss: 0.2492450 Vali Loss: 0.2613465 Test Loss: 0.8020039
EarlyStopping counter: 2 out of 100
Updating learning rate to 0.0025
	iters: 100, epoch: 54 | loss: 0.2007285
	speed: 0.1736s/iter; left time: 2095.8193s
	iters: 200, epoch: 54 | loss: 0.2264297
	speed: 0.0863s/iter; left time: 1032.8215s
Epoch: 54 cost time: 22.893444776535034
Epoch: 54, Steps: 259 | Train Loss: 0.2448000 Vali Loss: 0.2689638 Test Loss: 0.8058805
EarlyStopping counter: 3 out of 100
Updating learning rate to 0.0025
	iters: 100, epoch: 55 | loss: 0.3883516
	speed: 0.1713s/iter; left time: 2024.2271s
	iters: 200, epoch: 55 | loss: 0.3027962
	speed: 0.0876s/iter; left time: 1026.0421s
Epoch: 55 cost time: 22.923471927642822
Epoch: 55, Steps: 259 | Train Loss: 0.2432829 Vali Loss: 0.2583991 Test Loss: 0.7694182
EarlyStopping counter: 4 out of 100
Updating learning rate to 0.0025
	iters: 100, epoch: 56 | loss: 0.1625034
	speed: 0.1765s/iter; left time: 2039.2320s
	iters: 200, epoch: 56 | loss: 0.2368714
	speed: 0.0850s/iter; left time: 973.2741s
Epoch: 56 cost time: 22.85271716117859
Epoch: 56, Steps: 259 | Train Loss: 0.2416172 Vali Loss: 0.2585595 Test Loss: 0.7889946
EarlyStopping counter: 5 out of 100
Updating learning rate to 0.0025
	iters: 100, epoch: 57 | loss: 0.2843436
	speed: 0.1719s/iter; left time: 1941.8430s
	iters: 200, epoch: 57 | loss: 0.2275463
	speed: 0.0865s/iter; left time: 968.5762s
Epoch: 57 cost time: 23.18557095527649
Epoch: 57, Steps: 259 | Train Loss: 0.2425852 Vali Loss: 0.2600304 Test Loss: 0.7830166
EarlyStopping counter: 6 out of 100
Updating learning rate to 0.0025
	iters: 100, epoch: 58 | loss: 0.1787118
	speed: 0.1733s/iter; left time: 1912.9415s
	iters: 200, epoch: 58 | loss: 0.2726779
	speed: 0.0864s/iter; left time: 945.0874s
Epoch: 58 cost time: 22.494146585464478
Epoch: 58, Steps: 259 | Train Loss: 0.2418928 Vali Loss: 0.2542478 Test Loss: 0.7693812
EarlyStopping counter: 7 out of 100
Updating learning rate to 0.0025
	iters: 100, epoch: 59 | loss: 0.2464180
	speed: 0.1713s/iter; left time: 1846.1305s
	iters: 200, epoch: 59 | loss: 0.2320015
	speed: 0.0921s/iter; left time: 984.0697s
Epoch: 59 cost time: 23.399354457855225
Epoch: 59, Steps: 259 | Train Loss: 0.2409447 Vali Loss: 0.2458574 Test Loss: 0.7796398
EarlyStopping counter: 8 out of 100
Updating learning rate to 0.0025
	iters: 100, epoch: 60 | loss: 0.2347423
	speed: 0.1708s/iter; left time: 1796.9971s
	iters: 200, epoch: 60 | loss: 0.2075367
	speed: 0.0877s/iter; left time: 913.4121s
Epoch: 60 cost time: 22.72996759414673
Epoch: 60, Steps: 259 | Train Loss: 0.2395666 Vali Loss: 0.2664719 Test Loss: 0.7861017
EarlyStopping counter: 9 out of 100
Updating learning rate to 0.0025
	iters: 100, epoch: 61 | loss: 0.2706800
	speed: 0.1748s/iter; left time: 1793.6485s
	iters: 200, epoch: 61 | loss: 0.1611287
	speed: 0.0844s/iter; left time: 857.2124s
Epoch: 61 cost time: 22.970051050186157
Epoch: 61, Steps: 259 | Train Loss: 0.2395571 Vali Loss: 0.2537991 Test Loss: 0.7723861
EarlyStopping counter: 10 out of 100
Updating learning rate to 0.0025
	iters: 100, epoch: 62 | loss: 0.1683976
	speed: 0.1692s/iter; left time: 1692.4725s
	iters: 200, epoch: 62 | loss: 0.2693085
	speed: 0.0849s/iter; left time: 840.8399s
Epoch: 62 cost time: 22.555561065673828
Epoch: 62, Steps: 259 | Train Loss: 0.2377900 Vali Loss: 0.2591387 Test Loss: 0.7835461
EarlyStopping counter: 11 out of 100
Updating learning rate to 0.0025
	iters: 100, epoch: 63 | loss: 0.2087638
	speed: 0.1756s/iter; left time: 1710.8774s
	iters: 200, epoch: 63 | loss: 0.2946754
	speed: 0.0826s/iter; left time: 796.3244s
Epoch: 63 cost time: 22.36532998085022
Epoch: 63, Steps: 259 | Train Loss: 0.2379508 Vali Loss: 0.2622103 Test Loss: 0.7676612
EarlyStopping counter: 12 out of 100
Updating learning rate to 0.0025
	iters: 100, epoch: 64 | loss: 0.2196606
	speed: 0.1684s/iter; left time: 1597.5264s
	iters: 200, epoch: 64 | loss: 0.2587430
	speed: 0.0865s/iter; left time: 811.8184s
Epoch: 64 cost time: 22.775437116622925
Epoch: 64, Steps: 259 | Train Loss: 0.2394636 Vali Loss: 0.2578924 Test Loss: 0.7828691
EarlyStopping counter: 13 out of 100
Updating learning rate to 0.0025
	iters: 100, epoch: 65 | loss: 0.3820849
	speed: 0.1741s/iter; left time: 1605.8074s
	iters: 200, epoch: 65 | loss: 0.2468458
	speed: 0.0847s/iter; left time: 772.4720s
Epoch: 65 cost time: 22.571566104888916
Epoch: 65, Steps: 259 | Train Loss: 0.2408045 Vali Loss: 0.2596861 Test Loss: 0.7745741
EarlyStopping counter: 14 out of 100
Updating learning rate to 0.0025
	iters: 100, epoch: 66 | loss: 0.2110248
	speed: 0.1708s/iter; left time: 1531.7294s
	iters: 200, epoch: 66 | loss: 0.3069833
	speed: 0.0884s/iter; left time: 783.8070s
Epoch: 66 cost time: 22.987006902694702
Epoch: 66, Steps: 259 | Train Loss: 0.2366473 Vali Loss: 0.2611523 Test Loss: 0.7864082
EarlyStopping counter: 15 out of 100
Updating learning rate to 0.0025
	iters: 100, epoch: 67 | loss: 0.2060968
	speed: 0.1685s/iter; left time: 1467.2806s
	iters: 200, epoch: 67 | loss: 0.2018066
	speed: 0.0854s/iter; left time: 734.6296s
Epoch: 67 cost time: 22.457550764083862
Epoch: 67, Steps: 259 | Train Loss: 0.2392424 Vali Loss: 0.2671410 Test Loss: 0.8082548
EarlyStopping counter: 16 out of 100
Updating learning rate to 0.0025
	iters: 100, epoch: 68 | loss: 0.2335392
	speed: 0.1746s/iter; left time: 1475.4125s
	iters: 200, epoch: 68 | loss: 0.3550086
	speed: 0.0881s/iter; left time: 735.5205s
Epoch: 68 cost time: 23.299421310424805
Epoch: 68, Steps: 259 | Train Loss: 0.2384603 Vali Loss: 0.2527078 Test Loss: 0.7916964
EarlyStopping counter: 17 out of 100
Updating learning rate to 0.0025
	iters: 100, epoch: 69 | loss: 0.3080062
	speed: 0.1733s/iter; left time: 1419.0176s
	iters: 200, epoch: 69 | loss: 0.2130883
	speed: 0.0861s/iter; left time: 696.1342s
Epoch: 69 cost time: 23.14748501777649
Epoch: 69, Steps: 259 | Train Loss: 0.2403401 Vali Loss: 0.2510269 Test Loss: 0.7612668
EarlyStopping counter: 18 out of 100
Updating learning rate to 0.0025
	iters: 100, epoch: 70 | loss: 0.2152593
	speed: 0.1718s/iter; left time: 1362.6002s
	iters: 200, epoch: 70 | loss: 0.1786459
	speed: 0.0867s/iter; left time: 678.9212s
Epoch: 70 cost time: 22.632735013961792
Epoch: 70, Steps: 259 | Train Loss: 0.2370353 Vali Loss: 0.2507812 Test Loss: 0.7675664
EarlyStopping counter: 19 out of 100
Updating learning rate to 0.0025
	iters: 100, epoch: 71 | loss: 0.2772969
	speed: 0.1695s/iter; left time: 1300.3239s
	iters: 200, epoch: 71 | loss: 0.2463846
	speed: 0.0898s/iter; left time: 680.0981s
Epoch: 71 cost time: 23.109843254089355
Epoch: 71, Steps: 259 | Train Loss: 0.2348749 Vali Loss: 0.2531627 Test Loss: 0.7742518
EarlyStopping counter: 20 out of 100
Updating learning rate to 0.0025
	iters: 100, epoch: 72 | loss: 0.2905079
	speed: 0.1735s/iter; left time: 1286.1681s
	iters: 200, epoch: 72 | loss: 0.2253829
	speed: 0.0887s/iter; left time: 648.8359s
Epoch: 72 cost time: 23.20081615447998
Epoch: 72, Steps: 259 | Train Loss: 0.2388889 Vali Loss: 0.2500975 Test Loss: 0.7524674
EarlyStopping counter: 21 out of 100
Updating learning rate to 0.0025
	iters: 100, epoch: 73 | loss: 0.2087140
	speed: 0.1965s/iter; left time: 1405.6275s
	iters: 200, epoch: 73 | loss: 0.1944659
	speed: 0.0920s/iter; left time: 648.8403s
Epoch: 73 cost time: 25.534254550933838
Epoch: 73, Steps: 259 | Train Loss: 0.2325581 Vali Loss: 0.2646632 Test Loss: 0.7427084
EarlyStopping counter: 22 out of 100
Updating learning rate to 0.0025
	iters: 100, epoch: 74 | loss: 0.2229319
	speed: 0.1703s/iter; left time: 1173.9714s
	iters: 200, epoch: 74 | loss: 0.2195921
	speed: 0.0894s/iter; left time: 607.6308s
Epoch: 74 cost time: 23.21721887588501
Epoch: 74, Steps: 259 | Train Loss: 0.2333244 Vali Loss: 0.2487609 Test Loss: 0.7735013
EarlyStopping counter: 23 out of 100
Updating learning rate to 0.0025
	iters: 100, epoch: 75 | loss: 0.1791770
	speed: 0.1789s/iter; left time: 1186.8793s
	iters: 200, epoch: 75 | loss: 0.2916315
	speed: 0.0894s/iter; left time: 584.2062s
Epoch: 75 cost time: 23.48626136779785
Epoch: 75, Steps: 259 | Train Loss: 0.2311796 Vali Loss: 0.2612297 Test Loss: 0.7611316
EarlyStopping counter: 24 out of 100
Updating learning rate to 0.0025
	iters: 100, epoch: 76 | loss: 0.2389015
	speed: 0.1718s/iter; left time: 1095.6532s
	iters: 200, epoch: 76 | loss: 0.1741502
	speed: 0.0904s/iter; left time: 567.1771s
Epoch: 76 cost time: 23.6579167842865
Epoch: 76, Steps: 259 | Train Loss: 0.2335833 Vali Loss: 0.2551146 Test Loss: 0.7662966
EarlyStopping counter: 25 out of 100
Updating learning rate to 0.0025
	iters: 100, epoch: 77 | loss: 0.3304378
	speed: 0.1782s/iter; left time: 1090.0812s
	iters: 200, epoch: 77 | loss: 0.1919866
	speed: 0.0896s/iter; left time: 539.0741s
Epoch: 77 cost time: 23.177669286727905
Epoch: 77, Steps: 259 | Train Loss: 0.2323508 Vali Loss: 0.2491699 Test Loss: 0.7613139
EarlyStopping counter: 26 out of 100
Updating learning rate to 0.0025
	iters: 100, epoch: 78 | loss: 0.1974152
	speed: 0.1743s/iter; left time: 1020.7599s
	iters: 200, epoch: 78 | loss: 0.2616200
	speed: 0.0916s/iter; left time: 527.1603s
Epoch: 78 cost time: 23.65604019165039
Epoch: 78, Steps: 259 | Train Loss: 0.2322996 Vali Loss: 0.2520145 Test Loss: 0.7386129
EarlyStopping counter: 27 out of 100
Updating learning rate to 0.0025
	iters: 100, epoch: 79 | loss: 0.1528598
	speed: 0.1747s/iter; left time: 978.3397s
	iters: 200, epoch: 79 | loss: 0.2628963
	speed: 0.0895s/iter; left time: 492.1308s
Epoch: 79 cost time: 23.37321949005127
Epoch: 79, Steps: 259 | Train Loss: 0.2307514 Vali Loss: 0.2507420 Test Loss: 0.7543675
EarlyStopping counter: 28 out of 100
Updating learning rate to 0.0025
	iters: 100, epoch: 80 | loss: 0.2432740
	speed: 0.1783s/iter; left time: 952.2569s
	iters: 200, epoch: 80 | loss: 0.1779121
	speed: 0.0883s/iter; left time: 462.9471s
Epoch: 80 cost time: 23.47741389274597
Epoch: 80, Steps: 259 | Train Loss: 0.2323194 Vali Loss: 0.2517463 Test Loss: 0.7669866
EarlyStopping counter: 29 out of 100
Updating learning rate to 0.0025
	iters: 100, epoch: 81 | loss: 0.1980646
	speed: 0.1715s/iter; left time: 871.5692s
	iters: 200, epoch: 81 | loss: 0.2174727
	speed: 0.0884s/iter; left time: 440.1661s
Epoch: 81 cost time: 23.164865493774414
Epoch: 81, Steps: 259 | Train Loss: 0.2263582 Vali Loss: 0.2502092 Test Loss: 0.7284282
EarlyStopping counter: 30 out of 100
Updating learning rate to 0.0025
	iters: 100, epoch: 82 | loss: 0.3036063
	speed: 0.1783s/iter; left time: 859.8094s
	iters: 200, epoch: 82 | loss: 0.3232171
	speed: 0.0873s/iter; left time: 412.2942s
Epoch: 82 cost time: 23.063467264175415
Epoch: 82, Steps: 259 | Train Loss: 0.2315722 Vali Loss: 0.2485500 Test Loss: 0.7362816
EarlyStopping counter: 31 out of 100
Updating learning rate to 0.0025
	iters: 100, epoch: 83 | loss: 0.1847581
	speed: 0.1692s/iter; left time: 771.8765s
	iters: 200, epoch: 83 | loss: 0.1609492
	speed: 0.0902s/iter; left time: 402.5681s
Epoch: 83 cost time: 23.24842596054077
Epoch: 83, Steps: 259 | Train Loss: 0.2323086 Vali Loss: 0.2491941 Test Loss: 0.7763906
EarlyStopping counter: 32 out of 100
Updating learning rate to 0.0025
	iters: 100, epoch: 84 | loss: 0.2575082
	speed: 0.1721s/iter; left time: 740.5983s
	iters: 200, epoch: 84 | loss: 0.2573881
	speed: 0.0883s/iter; left time: 371.4124s
Epoch: 84 cost time: 22.954391956329346
Epoch: 84, Steps: 259 | Train Loss: 0.2317882 Vali Loss: 0.2564471 Test Loss: 0.7686741
EarlyStopping counter: 33 out of 100
Updating learning rate to 0.0025
	iters: 100, epoch: 85 | loss: 0.2396942
	speed: 0.1723s/iter; left time: 696.8387s
	iters: 200, epoch: 85 | loss: 0.2605201
	speed: 0.0952s/iter; left time: 375.3725s
Epoch: 85 cost time: 23.805880308151245
Epoch: 85, Steps: 259 | Train Loss: 0.2307893 Vali Loss: 0.2426043 Test Loss: 0.7356865
Validation loss decreased (0.243590 --> 0.242604).  Saving model ...
Updating learning rate to 0.0025
	iters: 100, epoch: 86 | loss: 0.1604667
	speed: 0.1880s/iter; left time: 711.7200s
	iters: 200, epoch: 86 | loss: 0.1597932
	speed: 0.0933s/iter; left time: 344.0160s
Epoch: 86 cost time: 24.766091346740723
Epoch: 86, Steps: 259 | Train Loss: 0.2320007 Vali Loss: 0.2456911 Test Loss: 0.7428859
EarlyStopping counter: 1 out of 100
Updating learning rate to 0.0025
	iters: 100, epoch: 87 | loss: 0.1643271
	speed: 0.1763s/iter; left time: 621.9740s
	iters: 200, epoch: 87 | loss: 0.2155758
	speed: 0.0897s/iter; left time: 307.4036s
Epoch: 87 cost time: 23.87207055091858
Epoch: 87, Steps: 259 | Train Loss: 0.2259435 Vali Loss: 0.2559620 Test Loss: 0.7597153
EarlyStopping counter: 2 out of 100
Updating learning rate to 0.0025
	iters: 100, epoch: 88 | loss: 0.1917358
	speed: 0.1916s/iter; left time: 626.1263s
	iters: 200, epoch: 88 | loss: 0.2629806
	speed: 0.0881s/iter; left time: 279.1940s
Epoch: 88 cost time: 25.23607110977173
Epoch: 88, Steps: 259 | Train Loss: 0.2285809 Vali Loss: 0.2344703 Test Loss: 0.7461336
Validation loss decreased (0.242604 --> 0.234470).  Saving model ...
Updating learning rate to 0.0025
	iters: 100, epoch: 89 | loss: 0.3155757
	speed: 0.1795s/iter; left time: 539.9661s
	iters: 200, epoch: 89 | loss: 0.2954367
	speed: 0.0884s/iter; left time: 257.2464s
Epoch: 89 cost time: 22.614152431488037
Epoch: 89, Steps: 259 | Train Loss: 0.2278838 Vali Loss: 0.2415380 Test Loss: 0.7184061
EarlyStopping counter: 1 out of 100
Updating learning rate to 0.0025
	iters: 100, epoch: 90 | loss: 0.2123367
	speed: 0.1738s/iter; left time: 478.0826s
	iters: 200, epoch: 90 | loss: 0.1948175
	speed: 0.0905s/iter; left time: 239.8287s
Epoch: 90 cost time: 24.029978275299072
Epoch: 90, Steps: 259 | Train Loss: 0.2261119 Vali Loss: 0.2547502 Test Loss: 0.7684149
EarlyStopping counter: 2 out of 100
Updating learning rate to 0.0025
	iters: 100, epoch: 91 | loss: 0.2964738
	speed: 0.1861s/iter; left time: 463.4859s
	iters: 200, epoch: 91 | loss: 0.2522859
	speed: 0.0934s/iter; left time: 223.3279s
Epoch: 91 cost time: 24.90697479248047
Epoch: 91, Steps: 259 | Train Loss: 0.2272962 Vali Loss: 0.2513131 Test Loss: 0.7353184
EarlyStopping counter: 3 out of 100
Updating learning rate to 0.0025
	iters: 100, epoch: 92 | loss: 0.2854594
	speed: 0.1748s/iter; left time: 390.1570s
	iters: 200, epoch: 92 | loss: 0.1494744
	speed: 0.0922s/iter; left time: 196.6704s
Epoch: 92 cost time: 23.219520568847656
Epoch: 92, Steps: 259 | Train Loss: 0.2250429 Vali Loss: 0.2315825 Test Loss: 0.6990641
Validation loss decreased (0.234470 --> 0.231583).  Saving model ...
Updating learning rate to 0.0025
	iters: 100, epoch: 93 | loss: 0.3402378
	speed: 0.1863s/iter; left time: 367.5736s
	iters: 200, epoch: 93 | loss: 0.1754654
	speed: 0.0907s/iter; left time: 169.8671s
Epoch: 93 cost time: 24.83824396133423
Epoch: 93, Steps: 259 | Train Loss: 0.2267660 Vali Loss: 0.2442922 Test Loss: 0.7587869
EarlyStopping counter: 1 out of 100
Updating learning rate to 0.0025
	iters: 100, epoch: 94 | loss: 0.2349315
	speed: 0.1782s/iter; left time: 305.4683s
	iters: 200, epoch: 94 | loss: 0.1778829
	speed: 0.0894s/iter; left time: 144.3692s
Epoch: 94 cost time: 23.72819757461548
Epoch: 94, Steps: 259 | Train Loss: 0.2298147 Vali Loss: 0.2492480 Test Loss: 0.7760815
EarlyStopping counter: 2 out of 100
Updating learning rate to 0.0025
	iters: 100, epoch: 95 | loss: 0.2004899
	speed: 0.1712s/iter; left time: 249.1398s
	iters: 200, epoch: 95 | loss: 0.2440545
	speed: 0.0870s/iter; left time: 117.8621s
Epoch: 95 cost time: 23.045855283737183
Epoch: 95, Steps: 259 | Train Loss: 0.2253105 Vali Loss: 0.2508801 Test Loss: 0.7811725
EarlyStopping counter: 3 out of 100
Updating learning rate to 0.0025
	iters: 100, epoch: 96 | loss: 0.2913117
	speed: 0.1753s/iter; left time: 209.6332s
	iters: 200, epoch: 96 | loss: 0.1373451
	speed: 0.0893s/iter; left time: 97.8329s
Epoch: 96 cost time: 23.21805214881897
Epoch: 96, Steps: 259 | Train Loss: 0.2262103 Vali Loss: 0.2510785 Test Loss: 0.7351428
EarlyStopping counter: 4 out of 100
Updating learning rate to 0.0025
	iters: 100, epoch: 97 | loss: 0.1583162
	speed: 0.1714s/iter; left time: 160.5760s
	iters: 200, epoch: 97 | loss: 0.1838850
	speed: 0.0907s/iter; left time: 75.8981s
Epoch: 97 cost time: 23.041945457458496
Epoch: 97, Steps: 259 | Train Loss: 0.2236359 Vali Loss: 0.2424474 Test Loss: 0.7473819
EarlyStopping counter: 5 out of 100
Updating learning rate to 0.0025
	iters: 100, epoch: 98 | loss: 0.1763068
	speed: 0.1721s/iter; left time: 116.6651s
	iters: 200, epoch: 98 | loss: 0.1979705
	speed: 0.0868s/iter; left time: 50.1883s
Epoch: 98 cost time: 22.6821026802063
Epoch: 98, Steps: 259 | Train Loss: 0.2248315 Vali Loss: 0.2325344 Test Loss: 0.7401929
EarlyStopping counter: 6 out of 100
Updating learning rate to 0.0025
	iters: 100, epoch: 99 | loss: 0.2385638
	speed: 0.1712s/iter; left time: 71.7280s
	iters: 200, epoch: 99 | loss: 0.2297547
	speed: 0.0928s/iter; left time: 29.5927s
Epoch: 99 cost time: 23.47922396659851
Epoch: 99, Steps: 259 | Train Loss: 0.2242509 Vali Loss: 0.2388613 Test Loss: 0.7333687
EarlyStopping counter: 7 out of 100
Updating learning rate to 0.0025
	iters: 100, epoch: 100 | loss: 0.2515096
	speed: 0.1724s/iter; left time: 27.5836s
	iters: 200, epoch: 100 | loss: 0.1775786
	speed: 0.0856s/iter; left time: 5.1364s
Epoch: 100 cost time: 22.635940551757812
Epoch: 100, Steps: 259 | Train Loss: 0.2225925 Vali Loss: 0.2479431 Test Loss: 0.7613142
EarlyStopping counter: 8 out of 100
Updating learning rate to 0.0025
>>>>>>>testing : 60_20_PatchTST_custom_ftM_sl60_ll48_pl20_dm16_nh4_el3_dl1_df128_fc1_ebtimeF_dtTrue_Exp_0<<<<<<<<<<<<<<<<<<<<<<<<<<<<<<<<<
test 1188
mse:0.6990640163421631, mae:0.45052802562713623, rse:0.21911747753620148
