Args in experiment:
Namespace(random_seed=2024, is_training=1, model_id='84_21', model='PatchTST', data='custom', root_path='./dataset/', data_path='db_lv3.csv', features='M', target='Target', freq='h', checkpoints='./checkpoints/', seq_len=84, label_len=48, pred_len=21, fc_dropout=0.2, head_dropout=0.0, patch_len=30, stride=2, padding_patch='end', revin=1, affine=0, subtract_last=0, decomposition=0, kernel_size=25, individual=0, embed_type=0, enc_in=6, dec_in=7, c_out=7, d_model=16, n_heads=4, e_layers=3, d_layers=1, d_ff=128, moving_avg=25, factor=1, distil=True, dropout=0.2, embed='timeF', activation='gelu', output_attention=False, do_predict=False, num_workers=10, itr=1, train_epochs=100, batch_size=16, patience=100, learning_rate=0.0025, des='Exp', loss='mse', lradj='constant', pct_start=0.3, use_amp=False, use_gpu=False, gpu=0, use_multi_gpu=False, devices='0,1,2,3', test_flop=False)
Use CPU
>>>>>>>start training : 84_21_PatchTST_custom_ftM_sl84_ll48_pl21_dm16_nh4_el3_dl1_df128_fc1_ebtimeF_dtTrue_Exp_0>>>>>>>>>>>>>>>>>>>>>>>>>>
train 4121
val 585
test 1187
	iters: 100, epoch: 1 | loss: 0.0170295
	speed: 0.0514s/iter; left time: 1315.4655s
	iters: 200, epoch: 1 | loss: 0.0273582
	speed: 0.0493s/iter; left time: 1256.6763s
Epoch: 1 cost time: 12.892923593521118
Epoch: 1, Steps: 257 | Train Loss: 0.0638506 Vali Loss: 169.5088959 Test Loss: 918.7410278
Validation loss decreased (inf --> 169.508896).  Saving model ...
Updating learning rate to 0.0025
	iters: 100, epoch: 2 | loss: 0.0138051
	speed: 0.0985s/iter; left time: 2496.4720s
	iters: 200, epoch: 2 | loss: 0.0083627
	speed: 0.0491s/iter; left time: 1239.4419s
Epoch: 2 cost time: 12.948273181915283
Epoch: 2, Steps: 257 | Train Loss: 0.0387339 Vali Loss: 125.4980621 Test Loss: 703.9685669
Validation loss decreased (169.508896 --> 125.498062).  Saving model ...
Updating learning rate to 0.0025
	iters: 100, epoch: 3 | loss: 0.0318782
	speed: 0.0963s/iter; left time: 2414.6261s
	iters: 200, epoch: 3 | loss: 0.0178582
	speed: 0.0481s/iter; left time: 1203.0850s
Epoch: 3 cost time: 12.690361738204956
Epoch: 3, Steps: 257 | Train Loss: 0.0301549 Vali Loss: 127.9477692 Test Loss: 722.8811646
EarlyStopping counter: 1 out of 100
Updating learning rate to 0.0025
	iters: 100, epoch: 4 | loss: 0.0160843
	speed: 0.0967s/iter; left time: 2400.7013s
	iters: 200, epoch: 4 | loss: 0.0197531
	speed: 0.0489s/iter; left time: 1210.1459s
Epoch: 4 cost time: 12.736144304275513
Epoch: 4, Steps: 257 | Train Loss: 0.0242664 Vali Loss: 116.8105850 Test Loss: 710.8524170
Validation loss decreased (125.498062 --> 116.810585).  Saving model ...
Updating learning rate to 0.0025
	iters: 100, epoch: 5 | loss: 0.0065572
	speed: 0.0973s/iter; left time: 2391.4386s
	iters: 200, epoch: 5 | loss: 0.0078261
	speed: 0.0486s/iter; left time: 1188.8782s
Epoch: 5 cost time: 12.787530422210693
Epoch: 5, Steps: 257 | Train Loss: 0.0271769 Vali Loss: 104.2310486 Test Loss: 658.2223511
Validation loss decreased (116.810585 --> 104.231049).  Saving model ...
Updating learning rate to 0.0025
	iters: 100, epoch: 6 | loss: 0.0080760
	speed: 0.0976s/iter; left time: 2373.3341s
	iters: 200, epoch: 6 | loss: 0.0369778
	speed: 0.0495s/iter; left time: 1198.3341s
Epoch: 6 cost time: 12.86982011795044
Epoch: 6, Steps: 257 | Train Loss: 0.0219407 Vali Loss: 106.8770599 Test Loss: 651.5643921
EarlyStopping counter: 1 out of 100
Updating learning rate to 0.0025
	iters: 100, epoch: 7 | loss: 0.0125701
	speed: 0.0972s/iter; left time: 2337.5878s
	iters: 200, epoch: 7 | loss: 0.0184024
	speed: 0.0488s/iter; left time: 1169.3343s
Epoch: 7 cost time: 12.854202508926392
Epoch: 7, Steps: 257 | Train Loss: 0.0199746 Vali Loss: 108.3951721 Test Loss: 710.2529297
EarlyStopping counter: 2 out of 100
Updating learning rate to 0.0025
	iters: 100, epoch: 8 | loss: 0.0158855
	speed: 0.0972s/iter; left time: 2313.7043s
	iters: 200, epoch: 8 | loss: 0.0099322
	speed: 0.0488s/iter; left time: 1157.7836s
Epoch: 8 cost time: 12.691930055618286
Epoch: 8, Steps: 257 | Train Loss: 0.0222663 Vali Loss: 104.7257996 Test Loss: 653.7354736
EarlyStopping counter: 3 out of 100
Updating learning rate to 0.0025
	iters: 100, epoch: 9 | loss: 0.0794790
	speed: 0.0967s/iter; left time: 2275.9188s
	iters: 200, epoch: 9 | loss: 0.0419887
	speed: 0.0485s/iter; left time: 1137.3569s
Epoch: 9 cost time: 12.725345849990845
Epoch: 9, Steps: 257 | Train Loss: 0.0225887 Vali Loss: 116.0920029 Test Loss: 729.2732544
EarlyStopping counter: 4 out of 100
Updating learning rate to 0.0025
	iters: 100, epoch: 10 | loss: 0.0214728
	speed: 0.0973s/iter; left time: 2265.2647s
	iters: 200, epoch: 10 | loss: 0.0084425
	speed: 0.0489s/iter; left time: 1133.8475s
Epoch: 10 cost time: 12.953403234481812
Epoch: 10, Steps: 257 | Train Loss: 0.0207985 Vali Loss: 100.8783493 Test Loss: 676.2103882
Validation loss decreased (104.231049 --> 100.878349).  Saving model ...
Updating learning rate to 0.0025
	iters: 100, epoch: 11 | loss: 0.0093081
	speed: 0.0996s/iter; left time: 2294.3916s
	iters: 200, epoch: 11 | loss: 0.0056204
	speed: 0.0498s/iter; left time: 1142.3373s
Epoch: 11 cost time: 12.885070562362671
Epoch: 11, Steps: 257 | Train Loss: 0.0193733 Vali Loss: 101.9356995 Test Loss: 648.3306885
EarlyStopping counter: 1 out of 100
Updating learning rate to 0.0025
	iters: 100, epoch: 12 | loss: 0.0110848
	speed: 0.0967s/iter; left time: 2201.2489s
	iters: 200, epoch: 12 | loss: 0.0126297
	speed: 0.0487s/iter; left time: 1104.6690s
Epoch: 12 cost time: 12.812149286270142
Epoch: 12, Steps: 257 | Train Loss: 0.0170547 Vali Loss: 97.2726517 Test Loss: 660.9810791
Validation loss decreased (100.878349 --> 97.272652).  Saving model ...
Updating learning rate to 0.0025
	iters: 100, epoch: 13 | loss: 0.0122212
	speed: 0.0971s/iter; left time: 2185.5614s
	iters: 200, epoch: 13 | loss: 0.0058818
	speed: 0.0494s/iter; left time: 1107.2963s
Epoch: 13 cost time: 12.82244324684143
Epoch: 13, Steps: 257 | Train Loss: 0.0227593 Vali Loss: 109.0494919 Test Loss: 648.9674072
EarlyStopping counter: 1 out of 100
Updating learning rate to 0.0025
	iters: 100, epoch: 14 | loss: 0.0084926
	speed: 0.0981s/iter; left time: 2184.5488s
	iters: 200, epoch: 14 | loss: 0.0166760
	speed: 0.0492s/iter; left time: 1089.9263s
Epoch: 14 cost time: 12.892743587493896
Epoch: 14, Steps: 257 | Train Loss: 0.0200974 Vali Loss: 114.3768692 Test Loss: 683.8793945
EarlyStopping counter: 2 out of 100
Updating learning rate to 0.0025
	iters: 100, epoch: 15 | loss: 0.0104054
	speed: 0.0988s/iter; left time: 2174.3204s
	iters: 200, epoch: 15 | loss: 0.0383196
	speed: 0.0490s/iter; left time: 1072.8082s
Epoch: 15 cost time: 12.855669260025024
Epoch: 15, Steps: 257 | Train Loss: 0.0199044 Vali Loss: 110.5298767 Test Loss: 702.3763428
EarlyStopping counter: 3 out of 100
Updating learning rate to 0.0025
	iters: 100, epoch: 16 | loss: 0.0067965
	speed: 0.0973s/iter; left time: 2116.4204s
	iters: 200, epoch: 16 | loss: 0.0677956
	speed: 0.0487s/iter; left time: 1054.1331s
Epoch: 16 cost time: 12.763395547866821
Epoch: 16, Steps: 257 | Train Loss: 0.0178195 Vali Loss: 107.3317261 Test Loss: 681.9094849
EarlyStopping counter: 4 out of 100
Updating learning rate to 0.0025
	iters: 100, epoch: 17 | loss: 0.0386003
	speed: 0.0989s/iter; left time: 2126.1385s
	iters: 200, epoch: 17 | loss: 0.0046637
	speed: 0.0495s/iter; left time: 1059.0719s
Epoch: 17 cost time: 12.867500305175781
Epoch: 17, Steps: 257 | Train Loss: 0.0172466 Vali Loss: 111.2543564 Test Loss: 738.5404053
EarlyStopping counter: 5 out of 100
Updating learning rate to 0.0025
	iters: 100, epoch: 18 | loss: 0.0076718
	speed: 0.0971s/iter; left time: 2062.1184s
	iters: 200, epoch: 18 | loss: 0.0053370
	speed: 0.0493s/iter; left time: 1041.6988s
Epoch: 18 cost time: 12.868929624557495
Epoch: 18, Steps: 257 | Train Loss: 0.0164158 Vali Loss: 102.2652054 Test Loss: 679.7479858
EarlyStopping counter: 6 out of 100
Updating learning rate to 0.0025
	iters: 100, epoch: 19 | loss: 0.0141701
	speed: 0.0976s/iter; left time: 2047.8751s
	iters: 200, epoch: 19 | loss: 0.0065432
	speed: 0.0494s/iter; left time: 1031.0771s
Epoch: 19 cost time: 12.967454671859741
Epoch: 19, Steps: 257 | Train Loss: 0.0188236 Vali Loss: 106.0390167 Test Loss: 671.1631470
EarlyStopping counter: 7 out of 100
Updating learning rate to 0.0025
	iters: 100, epoch: 20 | loss: 0.0252237
	speed: 0.0983s/iter; left time: 2036.9542s
	iters: 200, epoch: 20 | loss: 0.0312541
	speed: 0.0499s/iter; left time: 1029.2217s
Epoch: 20 cost time: 12.853583097457886
Epoch: 20, Steps: 257 | Train Loss: 0.0187256 Vali Loss: 102.4764023 Test Loss: 665.0084839
EarlyStopping counter: 8 out of 100
Updating learning rate to 0.0025
	iters: 100, epoch: 21 | loss: 0.0157448
	speed: 0.0974s/iter; left time: 1993.1614s
	iters: 200, epoch: 21 | loss: 0.0103123
	speed: 0.0493s/iter; left time: 1004.2681s
Epoch: 21 cost time: 12.909226894378662
Epoch: 21, Steps: 257 | Train Loss: 0.0172439 Vali Loss: 111.9382629 Test Loss: 703.5594482
EarlyStopping counter: 9 out of 100
Updating learning rate to 0.0025
	iters: 100, epoch: 22 | loss: 0.0124437
	speed: 0.0980s/iter; left time: 1980.4058s
	iters: 200, epoch: 22 | loss: 0.0152510
	speed: 0.0495s/iter; left time: 995.6442s
Epoch: 22 cost time: 12.835635900497437
Epoch: 22, Steps: 257 | Train Loss: 0.0162570 Vali Loss: 98.7143326 Test Loss: 702.0842896
EarlyStopping counter: 10 out of 100
Updating learning rate to 0.0025
	iters: 100, epoch: 23 | loss: 0.0158534
	speed: 0.0979s/iter; left time: 1953.4622s
	iters: 200, epoch: 23 | loss: 0.0059142
	speed: 0.0486s/iter; left time: 963.8163s
Epoch: 23 cost time: 12.740918636322021
Epoch: 23, Steps: 257 | Train Loss: 0.0238404 Vali Loss: 131.5310974 Test Loss: 790.1296387
EarlyStopping counter: 11 out of 100
Updating learning rate to 0.0025
	iters: 100, epoch: 24 | loss: 0.0265596
	speed: 0.0975s/iter; left time: 1919.9229s
	iters: 200, epoch: 24 | loss: 0.0107614
	speed: 0.0494s/iter; left time: 967.2086s
Epoch: 24 cost time: 12.781929016113281
Epoch: 24, Steps: 257 | Train Loss: 0.0205911 Vali Loss: 100.4115601 Test Loss: 655.3590088
EarlyStopping counter: 12 out of 100
Updating learning rate to 0.0025
	iters: 100, epoch: 25 | loss: 0.0061192
	speed: 0.0968s/iter; left time: 1880.3276s
	iters: 200, epoch: 25 | loss: 0.0404234
	speed: 0.0491s/iter; left time: 948.6025s
Epoch: 25 cost time: 12.874279022216797
Epoch: 25, Steps: 257 | Train Loss: 0.0171227 Vali Loss: 106.4240189 Test Loss: 648.9041138
EarlyStopping counter: 13 out of 100
Updating learning rate to 0.0025
	iters: 100, epoch: 26 | loss: 0.0059237
	speed: 0.0981s/iter; left time: 1881.8151s
	iters: 200, epoch: 26 | loss: 0.0219518
	speed: 0.0488s/iter; left time: 931.4248s
Epoch: 26 cost time: 12.852609872817993
Epoch: 26, Steps: 257 | Train Loss: 0.0163875 Vali Loss: 100.2997513 Test Loss: 671.8671265
EarlyStopping counter: 14 out of 100
Updating learning rate to 0.0025
	iters: 100, epoch: 27 | loss: 0.0148668
	speed: 0.0978s/iter; left time: 1850.3818s
	iters: 200, epoch: 27 | loss: 0.0119867
	speed: 0.0493s/iter; left time: 927.6496s
Epoch: 27 cost time: 12.815841436386108
Epoch: 27, Steps: 257 | Train Loss: 0.0181565 Vali Loss: 111.4693680 Test Loss: 690.3623047
EarlyStopping counter: 15 out of 100
Updating learning rate to 0.0025
	iters: 100, epoch: 28 | loss: 0.0156895
	speed: 0.0977s/iter; left time: 1823.0011s
	iters: 200, epoch: 28 | loss: 0.0071743
	speed: 0.0488s/iter; left time: 906.0556s
Epoch: 28 cost time: 12.893369913101196
Epoch: 28, Steps: 257 | Train Loss: 0.0172049 Vali Loss: 127.8756638 Test Loss: 781.7220459
EarlyStopping counter: 16 out of 100
Updating learning rate to 0.0025
	iters: 100, epoch: 29 | loss: 0.0101244
	speed: 0.0973s/iter; left time: 1791.5326s
	iters: 200, epoch: 29 | loss: 0.0093542
	speed: 0.0488s/iter; left time: 893.4917s
Epoch: 29 cost time: 12.75799822807312
Epoch: 29, Steps: 257 | Train Loss: 0.0162632 Vali Loss: 100.3206329 Test Loss: 656.1531372
EarlyStopping counter: 17 out of 100
Updating learning rate to 0.0025
	iters: 100, epoch: 30 | loss: 0.0077414
	speed: 0.0973s/iter; left time: 1765.6680s
	iters: 200, epoch: 30 | loss: 0.0192774
	speed: 0.0493s/iter; left time: 888.8903s
Epoch: 30 cost time: 13.083268642425537
Epoch: 30, Steps: 257 | Train Loss: 0.0175891 Vali Loss: 135.7117310 Test Loss: 802.9085693
EarlyStopping counter: 18 out of 100
Updating learning rate to 0.0025
	iters: 100, epoch: 31 | loss: 0.0228002
	speed: 0.1000s/iter; left time: 1788.6312s
	iters: 200, epoch: 31 | loss: 0.0069065
	speed: 0.0499s/iter; left time: 887.4875s
Epoch: 31 cost time: 12.927288293838501
Epoch: 31, Steps: 257 | Train Loss: 0.0184510 Vali Loss: 129.0142975 Test Loss: 779.3436279
EarlyStopping counter: 19 out of 100
Updating learning rate to 0.0025
	iters: 100, epoch: 32 | loss: 0.0173933
	speed: 0.0980s/iter; left time: 1727.5329s
	iters: 200, epoch: 32 | loss: 0.0222462
	speed: 0.0489s/iter; left time: 857.2111s
Epoch: 32 cost time: 12.764501094818115
Epoch: 32, Steps: 257 | Train Loss: 0.0292006 Vali Loss: 100.7515945 Test Loss: 732.6416016
EarlyStopping counter: 20 out of 100
Updating learning rate to 0.0025
	iters: 100, epoch: 33 | loss: 0.0191936
	speed: 0.0981s/iter; left time: 1705.4181s
	iters: 200, epoch: 33 | loss: 0.0112031
	speed: 0.0495s/iter; left time: 855.2547s
Epoch: 33 cost time: 12.850212812423706
Epoch: 33, Steps: 257 | Train Loss: 0.0240911 Vali Loss: 101.9076843 Test Loss: 680.6053467
EarlyStopping counter: 21 out of 100
Updating learning rate to 0.0025
	iters: 100, epoch: 34 | loss: 0.0084622
	speed: 0.0986s/iter; left time: 1688.8566s
	iters: 200, epoch: 34 | loss: 0.0113449
	speed: 0.0489s/iter; left time: 832.3513s
Epoch: 34 cost time: 12.843441486358643
Epoch: 34, Steps: 257 | Train Loss: 0.0181495 Vali Loss: 104.3451767 Test Loss: 658.2763062
EarlyStopping counter: 22 out of 100
Updating learning rate to 0.0025
	iters: 100, epoch: 35 | loss: 0.0102885
	speed: 0.0980s/iter; left time: 1653.3431s
	iters: 200, epoch: 35 | loss: 0.0206151
	speed: 0.0494s/iter; left time: 828.7498s
Epoch: 35 cost time: 12.809590578079224
Epoch: 35, Steps: 257 | Train Loss: 0.0178135 Vali Loss: 105.5413818 Test Loss: 687.4814453
EarlyStopping counter: 23 out of 100
Updating learning rate to 0.0025
	iters: 100, epoch: 36 | loss: 0.0179819
	speed: 0.0960s/iter; left time: 1594.6434s
	iters: 200, epoch: 36 | loss: 0.0149701
	speed: 0.0498s/iter; left time: 822.6119s
Epoch: 36 cost time: 12.841455459594727
Epoch: 36, Steps: 257 | Train Loss: 0.0192186 Vali Loss: 124.2033157 Test Loss: 712.6160889
EarlyStopping counter: 24 out of 100
Updating learning rate to 0.0025
	iters: 100, epoch: 37 | loss: 0.0083639
	speed: 0.0973s/iter; left time: 1590.3227s
	iters: 200, epoch: 37 | loss: 0.0293354
	speed: 0.0482s/iter; left time: 783.7979s
Epoch: 37 cost time: 12.765046119689941
Epoch: 37, Steps: 257 | Train Loss: 0.0195081 Vali Loss: 123.6125870 Test Loss: 688.1697388
EarlyStopping counter: 25 out of 100
Updating learning rate to 0.0025
	iters: 100, epoch: 38 | loss: 0.0468771
	speed: 0.0981s/iter; left time: 1579.3946s
	iters: 200, epoch: 38 | loss: 0.1228540
	speed: 0.0491s/iter; left time: 784.5495s
Epoch: 38 cost time: 12.75708532333374
Epoch: 38, Steps: 257 | Train Loss: 0.0191833 Vali Loss: 111.4923401 Test Loss: 699.2566528
EarlyStopping counter: 26 out of 100
Updating learning rate to 0.0025
	iters: 100, epoch: 39 | loss: 0.0111739
	speed: 0.0992s/iter; left time: 1570.7522s
	iters: 200, epoch: 39 | loss: 0.0170032
	speed: 0.0494s/iter; left time: 776.5509s
Epoch: 39 cost time: 13.109100103378296
Epoch: 39, Steps: 257 | Train Loss: 0.0186465 Vali Loss: 106.2949524 Test Loss: 706.4296875
EarlyStopping counter: 27 out of 100
Updating learning rate to 0.0025
	iters: 100, epoch: 40 | loss: 0.0046852
	speed: 0.0975s/iter; left time: 1519.6080s
	iters: 200, epoch: 40 | loss: 0.0333311
	speed: 0.0501s/iter; left time: 775.0945s
Epoch: 40 cost time: 12.952162504196167
Epoch: 40, Steps: 257 | Train Loss: 0.0183555 Vali Loss: 113.0732727 Test Loss: 657.9978638
EarlyStopping counter: 28 out of 100
Updating learning rate to 0.0025
	iters: 100, epoch: 41 | loss: 0.0163537
	speed: 0.1001s/iter; left time: 1534.1985s
	iters: 200, epoch: 41 | loss: 0.0083520
	speed: 0.0495s/iter; left time: 753.0424s
Epoch: 41 cost time: 13.123231649398804
Epoch: 41, Steps: 257 | Train Loss: 0.0198423 Vali Loss: 108.3367615 Test Loss: 704.7651978
EarlyStopping counter: 29 out of 100
Updating learning rate to 0.0025
	iters: 100, epoch: 42 | loss: 0.0108947
	speed: 0.0990s/iter; left time: 1491.6699s
	iters: 200, epoch: 42 | loss: 0.0271028
	speed: 0.0501s/iter; left time: 749.7813s
Epoch: 42 cost time: 12.930545806884766
Epoch: 42, Steps: 257 | Train Loss: 0.0178779 Vali Loss: 165.6560211 Test Loss: 883.9395142
EarlyStopping counter: 30 out of 100
Updating learning rate to 0.0025
	iters: 100, epoch: 43 | loss: 0.0043172
	speed: 0.0984s/iter; left time: 1457.2763s
	iters: 200, epoch: 43 | loss: 0.0252990
	speed: 0.0494s/iter; left time: 726.0514s
Epoch: 43 cost time: 13.040692329406738
Epoch: 43, Steps: 257 | Train Loss: 0.0165457 Vali Loss: 138.4201660 Test Loss: 818.8544312
EarlyStopping counter: 31 out of 100
Updating learning rate to 0.0025
	iters: 100, epoch: 44 | loss: 0.0116747
	speed: 0.0984s/iter; left time: 1431.8695s
	iters: 200, epoch: 44 | loss: 0.0139005
	speed: 0.0498s/iter; left time: 718.8965s
Epoch: 44 cost time: 12.954180240631104
Epoch: 44, Steps: 257 | Train Loss: 0.0173423 Vali Loss: 103.3944244 Test Loss: 682.4421387
EarlyStopping counter: 32 out of 100
Updating learning rate to 0.0025
	iters: 100, epoch: 45 | loss: 0.0549707
	speed: 0.0977s/iter; left time: 1396.1389s
	iters: 200, epoch: 45 | loss: 0.0232317
	speed: 0.0495s/iter; left time: 702.7459s
Epoch: 45 cost time: 12.933735847473145
Epoch: 45, Steps: 257 | Train Loss: 0.0174640 Vali Loss: 109.4212036 Test Loss: 726.5806885
EarlyStopping counter: 33 out of 100
Updating learning rate to 0.0025
	iters: 100, epoch: 46 | loss: 0.0143035
	speed: 0.0977s/iter; left time: 1371.7451s
	iters: 200, epoch: 46 | loss: 0.0128503
	speed: 0.0487s/iter; left time: 678.4155s
Epoch: 46 cost time: 12.981364965438843
Epoch: 46, Steps: 257 | Train Loss: 0.0186088 Vali Loss: 104.5418777 Test Loss: 685.0662842
EarlyStopping counter: 34 out of 100
Updating learning rate to 0.0025
	iters: 100, epoch: 47 | loss: 0.0090591
	speed: 0.0990s/iter; left time: 1363.5201s
	iters: 200, epoch: 47 | loss: 0.0210138
	speed: 0.0500s/iter; left time: 683.9134s
Epoch: 47 cost time: 12.925232172012329
Epoch: 47, Steps: 257 | Train Loss: 0.0194858 Vali Loss: 120.8061142 Test Loss: 714.5758057
EarlyStopping counter: 35 out of 100
Updating learning rate to 0.0025
	iters: 100, epoch: 48 | loss: 0.0114693
	speed: 0.0980s/iter; left time: 1325.2272s
	iters: 200, epoch: 48 | loss: 0.0084247
	speed: 0.0488s/iter; left time: 654.5929s
Epoch: 48 cost time: 12.833197116851807
Epoch: 48, Steps: 257 | Train Loss: 0.0178731 Vali Loss: 124.0612259 Test Loss: 744.1798096
EarlyStopping counter: 36 out of 100
Updating learning rate to 0.0025
	iters: 100, epoch: 49 | loss: 0.0902433
	speed: 0.0970s/iter; left time: 1286.9242s
	iters: 200, epoch: 49 | loss: 0.0047799
	speed: 0.0498s/iter; left time: 655.5400s
Epoch: 49 cost time: 12.940940141677856
Epoch: 49, Steps: 257 | Train Loss: 0.0174488 Vali Loss: 102.8479004 Test Loss: 686.1498413
EarlyStopping counter: 37 out of 100
Updating learning rate to 0.0025
	iters: 100, epoch: 50 | loss: 0.0126397
	speed: 0.0977s/iter; left time: 1270.4408s
	iters: 200, epoch: 50 | loss: 0.0102391
	speed: 0.0486s/iter; left time: 627.4858s
Epoch: 50 cost time: 12.803131103515625
Epoch: 50, Steps: 257 | Train Loss: 0.0165508 Vali Loss: 100.1202393 Test Loss: 673.6607056
EarlyStopping counter: 38 out of 100
Updating learning rate to 0.0025
	iters: 100, epoch: 51 | loss: 0.0198585
	speed: 0.0981s/iter; left time: 1250.8274s
	iters: 200, epoch: 51 | loss: 0.0086562
	speed: 0.0497s/iter; left time: 628.9598s
Epoch: 51 cost time: 12.869011640548706
Epoch: 51, Steps: 257 | Train Loss: 0.0153207 Vali Loss: 104.6544113 Test Loss: 682.7893677
EarlyStopping counter: 39 out of 100
Updating learning rate to 0.0025
	iters: 100, epoch: 52 | loss: 0.0136212
	speed: 0.0992s/iter; left time: 1238.8774s
	iters: 200, epoch: 52 | loss: 0.0144592
	speed: 0.0487s/iter; left time: 603.2578s
Epoch: 52 cost time: 12.80158519744873
Epoch: 52, Steps: 257 | Train Loss: 0.0163542 Vali Loss: 106.0193253 Test Loss: 644.1956787
EarlyStopping counter: 40 out of 100
Updating learning rate to 0.0025
	iters: 100, epoch: 53 | loss: 0.0114868
	speed: 0.0987s/iter; left time: 1208.2252s
	iters: 200, epoch: 53 | loss: 0.0163725
	speed: 0.0500s/iter; left time: 606.7900s
Epoch: 53 cost time: 12.92289662361145
Epoch: 53, Steps: 257 | Train Loss: 0.0174608 Vali Loss: 114.2817383 Test Loss: 738.3943481
EarlyStopping counter: 41 out of 100
Updating learning rate to 0.0025
	iters: 100, epoch: 54 | loss: 0.0468927
	speed: 0.0988s/iter; left time: 1184.1003s
	iters: 200, epoch: 54 | loss: 0.0098165
	speed: 0.0486s/iter; left time: 577.1829s
Epoch: 54 cost time: 12.88265061378479
Epoch: 54, Steps: 257 | Train Loss: 0.0193020 Vali Loss: 106.5004501 Test Loss: 653.5633545
EarlyStopping counter: 42 out of 100
Updating learning rate to 0.0025
	iters: 100, epoch: 55 | loss: 0.0116845
	speed: 0.0984s/iter; left time: 1152.9808s
	iters: 200, epoch: 55 | loss: 0.0153720
	speed: 0.0500s/iter; left time: 580.6061s
Epoch: 55 cost time: 13.042561531066895
Epoch: 55, Steps: 257 | Train Loss: 0.0169279 Vali Loss: 127.5411758 Test Loss: 768.9581909
EarlyStopping counter: 43 out of 100
Updating learning rate to 0.0025
	iters: 100, epoch: 56 | loss: 0.0068279
	speed: 0.1001s/iter; left time: 1147.5085s
	iters: 200, epoch: 56 | loss: 0.0117975
	speed: 0.0490s/iter; left time: 557.0437s
Epoch: 56 cost time: 12.875673294067383
Epoch: 56, Steps: 257 | Train Loss: 0.0169288 Vali Loss: 101.5666428 Test Loss: 732.7384644
EarlyStopping counter: 44 out of 100
Updating learning rate to 0.0025
	iters: 100, epoch: 57 | loss: 0.2647926
	speed: 0.0982s/iter; left time: 1100.7198s
	iters: 200, epoch: 57 | loss: 0.0112787
	speed: 0.0497s/iter; left time: 551.9747s
Epoch: 57 cost time: 12.919657707214355
Epoch: 57, Steps: 257 | Train Loss: 0.0194488 Vali Loss: 103.1115036 Test Loss: 721.4596558
EarlyStopping counter: 45 out of 100
Updating learning rate to 0.0025
	iters: 100, epoch: 58 | loss: 0.0394240
	speed: 0.0974s/iter; left time: 1066.7685s
	iters: 200, epoch: 58 | loss: 0.0135122
	speed: 0.0494s/iter; left time: 536.1828s
Epoch: 58 cost time: 12.87289547920227
Epoch: 58, Steps: 257 | Train Loss: 0.0169471 Vali Loss: 96.5352554 Test Loss: 703.6976318
Validation loss decreased (97.272652 --> 96.535255).  Saving model ...
Updating learning rate to 0.0025
	iters: 100, epoch: 59 | loss: 0.0148930
	speed: 0.0991s/iter; left time: 1059.3552s
	iters: 200, epoch: 59 | loss: 0.0107489
	speed: 0.0498s/iter; left time: 527.1956s
Epoch: 59 cost time: 13.089461088180542
Epoch: 59, Steps: 257 | Train Loss: 0.0204368 Vali Loss: 104.1755142 Test Loss: 727.5045776
EarlyStopping counter: 1 out of 100
Updating learning rate to 0.0025
	iters: 100, epoch: 60 | loss: 0.0478671
	speed: 0.0990s/iter; left time: 1033.5929s
	iters: 200, epoch: 60 | loss: 0.0128283
	speed: 0.0489s/iter; left time: 505.8592s
Epoch: 60 cost time: 12.839763879776001
Epoch: 60, Steps: 257 | Train Loss: 0.0164460 Vali Loss: 106.3573990 Test Loss: 712.0986938
EarlyStopping counter: 2 out of 100
Updating learning rate to 0.0025
	iters: 100, epoch: 61 | loss: 0.0155451
	speed: 0.0976s/iter; left time: 993.6412s
	iters: 200, epoch: 61 | loss: 0.0132253
	speed: 0.0488s/iter; left time: 491.9361s
Epoch: 61 cost time: 12.820547580718994
Epoch: 61, Steps: 257 | Train Loss: 0.0171348 Vali Loss: 120.0763626 Test Loss: 698.0562744
EarlyStopping counter: 3 out of 100
Updating learning rate to 0.0025
	iters: 100, epoch: 62 | loss: 0.1348506
	speed: 0.0983s/iter; left time: 975.1517s
	iters: 200, epoch: 62 | loss: 0.0272888
	speed: 0.0490s/iter; left time: 481.3644s
Epoch: 62 cost time: 12.859071731567383
Epoch: 62, Steps: 257 | Train Loss: 0.0185366 Vali Loss: 98.1942444 Test Loss: 666.5960693
EarlyStopping counter: 4 out of 100
Updating learning rate to 0.0025
	iters: 100, epoch: 63 | loss: 0.0108329
	speed: 0.0977s/iter; left time: 944.9092s
	iters: 200, epoch: 63 | loss: 0.0158508
	speed: 0.0489s/iter; left time: 467.3487s
Epoch: 63 cost time: 12.861406087875366
Epoch: 63, Steps: 257 | Train Loss: 0.0174581 Vali Loss: 120.7645798 Test Loss: 714.0913696
EarlyStopping counter: 5 out of 100
Updating learning rate to 0.0025
	iters: 100, epoch: 64 | loss: 0.0336652
	speed: 0.0986s/iter; left time: 927.8305s
	iters: 200, epoch: 64 | loss: 0.0219066
	speed: 0.0491s/iter; left time: 457.4918s
Epoch: 64 cost time: 12.844390630722046
Epoch: 64, Steps: 257 | Train Loss: 0.0227138 Vali Loss: 111.1562729 Test Loss: 691.4694824
EarlyStopping counter: 6 out of 100
Updating learning rate to 0.0025
	iters: 100, epoch: 65 | loss: 0.0133212
	speed: 0.0981s/iter; left time: 898.1099s
	iters: 200, epoch: 65 | loss: 0.0102207
	speed: 0.0491s/iter; left time: 444.1056s
Epoch: 65 cost time: 12.82776927947998
Epoch: 65, Steps: 257 | Train Loss: 0.0168131 Vali Loss: 104.5270920 Test Loss: 682.1801147
EarlyStopping counter: 7 out of 100
Updating learning rate to 0.0025
	iters: 100, epoch: 66 | loss: 0.0099786
	speed: 0.0975s/iter; left time: 867.3729s
	iters: 200, epoch: 66 | loss: 0.0095401
	speed: 0.0494s/iter; left time: 434.2936s
Epoch: 66 cost time: 12.980612754821777
Epoch: 66, Steps: 257 | Train Loss: 0.0165085 Vali Loss: 121.4490128 Test Loss: 682.2392578
EarlyStopping counter: 8 out of 100
Updating learning rate to 0.0025
	iters: 100, epoch: 67 | loss: 0.0058439
	speed: 0.0986s/iter; left time: 851.5249s
	iters: 200, epoch: 67 | loss: 0.0130656
	speed: 0.0504s/iter; left time: 430.3194s
Epoch: 67 cost time: 12.97573184967041
Epoch: 67, Steps: 257 | Train Loss: 0.0159887 Vali Loss: 98.4235687 Test Loss: 648.5135498
EarlyStopping counter: 9 out of 100
Updating learning rate to 0.0025
	iters: 100, epoch: 68 | loss: 0.0127079
	speed: 0.0985s/iter; left time: 826.0069s
	iters: 200, epoch: 68 | loss: 0.0130978
	speed: 0.0499s/iter; left time: 413.5009s
Epoch: 68 cost time: 13.009831666946411
Epoch: 68, Steps: 257 | Train Loss: 0.0161047 Vali Loss: 117.6739883 Test Loss: 686.5408325
EarlyStopping counter: 10 out of 100
Updating learning rate to 0.0025
	iters: 100, epoch: 69 | loss: 0.0147735
	speed: 0.0994s/iter; left time: 807.2757s
	iters: 200, epoch: 69 | loss: 0.0903315
	speed: 0.0490s/iter; left time: 393.1568s
Epoch: 69 cost time: 12.828354835510254
Epoch: 69, Steps: 257 | Train Loss: 0.0243081 Vali Loss: 115.6091461 Test Loss: 657.6890869
EarlyStopping counter: 11 out of 100
Updating learning rate to 0.0025
	iters: 100, epoch: 70 | loss: 0.0157135
	speed: 0.0983s/iter; left time: 773.1704s
	iters: 200, epoch: 70 | loss: 0.0399163
	speed: 0.0490s/iter; left time: 380.4026s
Epoch: 70 cost time: 12.929253339767456
Epoch: 70, Steps: 257 | Train Loss: 0.0236915 Vali Loss: 109.5110626 Test Loss: 664.8989868
EarlyStopping counter: 12 out of 100
Updating learning rate to 0.0025
	iters: 100, epoch: 71 | loss: 0.0227527
	speed: 0.0989s/iter; left time: 753.0826s
	iters: 200, epoch: 71 | loss: 0.0103867
	speed: 0.0497s/iter; left time: 373.4441s
Epoch: 71 cost time: 12.978565216064453
Epoch: 71, Steps: 257 | Train Loss: 0.0183258 Vali Loss: 105.5777283 Test Loss: 650.8372192
EarlyStopping counter: 13 out of 100
Updating learning rate to 0.0025
	iters: 100, epoch: 72 | loss: 0.0209927
	speed: 0.0980s/iter; left time: 720.6218s
	iters: 200, epoch: 72 | loss: 0.0107747
	speed: 0.0490s/iter; left time: 355.5829s
Epoch: 72 cost time: 12.83950424194336
Epoch: 72, Steps: 257 | Train Loss: 0.0171073 Vali Loss: 120.0564499 Test Loss: 694.0220337
EarlyStopping counter: 14 out of 100
Updating learning rate to 0.0025
	iters: 100, epoch: 73 | loss: 0.0057922
	speed: 0.0997s/iter; left time: 707.3272s
	iters: 200, epoch: 73 | loss: 0.0339903
	speed: 0.0500s/iter; left time: 350.1987s
Epoch: 73 cost time: 13.087541818618774
Epoch: 73, Steps: 257 | Train Loss: 0.0163501 Vali Loss: 104.6070557 Test Loss: 702.9406738
EarlyStopping counter: 15 out of 100
Updating learning rate to 0.0025
	iters: 100, epoch: 74 | loss: 0.0111367
	speed: 0.0975s/iter; left time: 667.1134s
	iters: 200, epoch: 74 | loss: 0.0160386
	speed: 0.0486s/iter; left time: 327.2748s
Epoch: 74 cost time: 12.75489354133606
Epoch: 74, Steps: 257 | Train Loss: 0.0174567 Vali Loss: 111.5486984 Test Loss: 688.8808594
EarlyStopping counter: 16 out of 100
Updating learning rate to 0.0025
	iters: 100, epoch: 75 | loss: 0.0229780
	speed: 0.0978s/iter; left time: 644.1153s
	iters: 200, epoch: 75 | loss: 0.0182794
	speed: 0.0498s/iter; left time: 323.0944s
Epoch: 75 cost time: 13.06620478630066
Epoch: 75, Steps: 257 | Train Loss: 0.0178032 Vali Loss: 102.2781372 Test Loss: 659.7333984
EarlyStopping counter: 17 out of 100
Updating learning rate to 0.0025
	iters: 100, epoch: 76 | loss: 0.0099308
	speed: 0.0991s/iter; left time: 626.8885s
	iters: 200, epoch: 76 | loss: 0.0068439
	speed: 0.0606s/iter; left time: 377.3997s
Epoch: 76 cost time: 14.273984432220459
Epoch: 76, Steps: 257 | Train Loss: 0.0177058 Vali Loss: 108.0010376 Test Loss: 684.0228882
EarlyStopping counter: 18 out of 100
Updating learning rate to 0.0025
	iters: 100, epoch: 77 | loss: 0.0223044
	speed: 0.1089s/iter; left time: 661.0063s
	iters: 200, epoch: 77 | loss: 0.0098923
	speed: 0.0495s/iter; left time: 295.5857s
Epoch: 77 cost time: 13.450435400009155
Epoch: 77, Steps: 257 | Train Loss: 0.0185392 Vali Loss: 112.7007065 Test Loss: 721.0515137
EarlyStopping counter: 19 out of 100
Updating learning rate to 0.0025
	iters: 100, epoch: 78 | loss: 0.0131344
	speed: 0.1036s/iter; left time: 602.3457s
	iters: 200, epoch: 78 | loss: 0.0190955
	speed: 0.0515s/iter; left time: 294.1266s
Epoch: 78 cost time: 13.74715280532837
Epoch: 78, Steps: 257 | Train Loss: 0.0167674 Vali Loss: 109.9899139 Test Loss: 682.5967407
EarlyStopping counter: 20 out of 100
Updating learning rate to 0.0025
	iters: 100, epoch: 79 | loss: 0.0111232
	speed: 0.1006s/iter; left time: 558.7246s
	iters: 200, epoch: 79 | loss: 0.0074560
	speed: 0.0542s/iter; left time: 295.5865s
Epoch: 79 cost time: 14.750047445297241
Epoch: 79, Steps: 257 | Train Loss: 0.0171644 Vali Loss: 103.7254715 Test Loss: 692.2880249
EarlyStopping counter: 21 out of 100
Updating learning rate to 0.0025
	iters: 100, epoch: 80 | loss: 0.0052067
	speed: 0.1244s/iter; left time: 659.0826s
	iters: 200, epoch: 80 | loss: 0.0106178
	speed: 0.0519s/iter; left time: 269.8869s
Epoch: 80 cost time: 14.388313055038452
Epoch: 80, Steps: 257 | Train Loss: 0.0160436 Vali Loss: 106.9591522 Test Loss: 670.6926880
EarlyStopping counter: 22 out of 100
Updating learning rate to 0.0025
	iters: 100, epoch: 81 | loss: 0.0070506
	speed: 0.1024s/iter; left time: 516.2412s
	iters: 200, epoch: 81 | loss: 0.0041453
	speed: 0.0515s/iter; left time: 254.2156s
Epoch: 81 cost time: 13.404810667037964
Epoch: 81, Steps: 257 | Train Loss: 0.0172883 Vali Loss: 114.6244202 Test Loss: 697.6810303
EarlyStopping counter: 23 out of 100
Updating learning rate to 0.0025
	iters: 100, epoch: 82 | loss: 0.0071042
	speed: 0.1034s/iter; left time: 494.4658s
	iters: 200, epoch: 82 | loss: 0.0107504
	speed: 0.0513s/iter; left time: 240.4967s
Epoch: 82 cost time: 13.818166255950928
Epoch: 82, Steps: 257 | Train Loss: 0.0179264 Vali Loss: 102.4490433 Test Loss: 658.3419800
EarlyStopping counter: 24 out of 100
Updating learning rate to 0.0025
	iters: 100, epoch: 83 | loss: 0.0104472
	speed: 0.1049s/iter; left time: 474.9224s
	iters: 200, epoch: 83 | loss: 0.0092528
	speed: 0.0534s/iter; left time: 236.4877s
Epoch: 83 cost time: 14.537701606750488
Epoch: 83, Steps: 257 | Train Loss: 0.0170938 Vali Loss: 105.1761398 Test Loss: 684.0267334
EarlyStopping counter: 25 out of 100
Updating learning rate to 0.0025
	iters: 100, epoch: 84 | loss: 0.0223584
	speed: 0.1557s/iter; left time: 664.6565s
	iters: 200, epoch: 84 | loss: 0.0106669
	speed: 0.0815s/iter; left time: 340.0424s
Epoch: 84 cost time: 21.909465074539185
Epoch: 84, Steps: 257 | Train Loss: 0.0166448 Vali Loss: 105.2521057 Test Loss: 684.8724365
EarlyStopping counter: 26 out of 100
Updating learning rate to 0.0025
	iters: 100, epoch: 85 | loss: 0.0419058
	speed: 0.1621s/iter; left time: 650.5676s
	iters: 200, epoch: 85 | loss: 0.0085611
	speed: 0.0797s/iter; left time: 311.7789s
Epoch: 85 cost time: 21.25351881980896
Epoch: 85, Steps: 257 | Train Loss: 0.0165024 Vali Loss: 107.7464447 Test Loss: 664.0527954
EarlyStopping counter: 27 out of 100
Updating learning rate to 0.0025
	iters: 100, epoch: 86 | loss: 0.0095725
	speed: 0.1621s/iter; left time: 608.8445s
	iters: 200, epoch: 86 | loss: 0.0096978
	speed: 0.0779s/iter; left time: 284.6769s
Epoch: 86 cost time: 21.20086979866028
Epoch: 86, Steps: 257 | Train Loss: 0.0161428 Vali Loss: 108.7644119 Test Loss: 698.4941406
EarlyStopping counter: 28 out of 100
Updating learning rate to 0.0025
	iters: 100, epoch: 87 | loss: 0.0506276
	speed: 0.1623s/iter; left time: 567.9580s
	iters: 200, epoch: 87 | loss: 0.0061998
	speed: 0.0780s/iter; left time: 265.2883s
Epoch: 87 cost time: 21.15933632850647
Epoch: 87, Steps: 257 | Train Loss: 0.0156309 Vali Loss: 99.3568268 Test Loss: 657.4083252
EarlyStopping counter: 29 out of 100
Updating learning rate to 0.0025
	iters: 100, epoch: 88 | loss: 0.0098435
	speed: 0.1624s/iter; left time: 526.6450s
	iters: 200, epoch: 88 | loss: 0.0061524
	speed: 0.0799s/iter; left time: 251.0139s
Epoch: 88 cost time: 21.257835865020752
Epoch: 88, Steps: 257 | Train Loss: 0.0175315 Vali Loss: 104.5365753 Test Loss: 671.2326050
EarlyStopping counter: 30 out of 100
Updating learning rate to 0.0025
	iters: 100, epoch: 89 | loss: 0.0141419
	speed: 0.1612s/iter; left time: 481.3108s
	iters: 200, epoch: 89 | loss: 0.0101946
	speed: 0.0783s/iter; left time: 225.8181s
Epoch: 89 cost time: 21.082961320877075
Epoch: 89, Steps: 257 | Train Loss: 0.0217528 Vali Loss: 118.0483551 Test Loss: 686.2688599
EarlyStopping counter: 31 out of 100
Updating learning rate to 0.0025
	iters: 100, epoch: 90 | loss: 0.0096216
	speed: 0.1605s/iter; left time: 437.8416s
	iters: 200, epoch: 90 | loss: 0.0067353
	speed: 0.0832s/iter; left time: 218.5642s
Epoch: 90 cost time: 21.33481740951538
Epoch: 90, Steps: 257 | Train Loss: 0.0224325 Vali Loss: 108.3642654 Test Loss: 661.7940674
EarlyStopping counter: 32 out of 100
Updating learning rate to 0.0025
	iters: 100, epoch: 91 | loss: 0.0121957
	speed: 0.1635s/iter; left time: 403.9065s
	iters: 200, epoch: 91 | loss: 0.0111951
	speed: 0.0801s/iter; left time: 190.0184s
Epoch: 91 cost time: 21.505443572998047
Epoch: 91, Steps: 257 | Train Loss: 0.0185782 Vali Loss: 105.7507401 Test Loss: 667.8677979
EarlyStopping counter: 33 out of 100
Updating learning rate to 0.0025
	iters: 100, epoch: 92 | loss: 0.0198709
	speed: 0.1641s/iter; left time: 363.4113s
	iters: 200, epoch: 92 | loss: 0.0604708
	speed: 0.0863s/iter; left time: 182.5117s
Epoch: 92 cost time: 21.960161924362183
Epoch: 92, Steps: 257 | Train Loss: 0.0191133 Vali Loss: 103.2979584 Test Loss: 649.2443848
EarlyStopping counter: 34 out of 100
Updating learning rate to 0.0025
	iters: 100, epoch: 93 | loss: 0.0136792
	speed: 0.1592s/iter; left time: 311.5818s
	iters: 200, epoch: 93 | loss: 0.0099375
	speed: 0.0916s/iter; left time: 170.1197s
Epoch: 93 cost time: 22.219862699508667
Epoch: 93, Steps: 257 | Train Loss: 0.0193034 Vali Loss: 104.9366837 Test Loss: 646.9730225
EarlyStopping counter: 35 out of 100
Updating learning rate to 0.0025
	iters: 100, epoch: 94 | loss: 0.0221431
	speed: 0.1644s/iter; left time: 279.4533s
	iters: 200, epoch: 94 | loss: 0.0263148
	speed: 0.0856s/iter; left time: 136.9954s
Epoch: 94 cost time: 21.799160957336426
Epoch: 94, Steps: 257 | Train Loss: 0.0192467 Vali Loss: 108.9363480 Test Loss: 667.2225952
EarlyStopping counter: 36 out of 100
Updating learning rate to 0.0025
	iters: 100, epoch: 95 | loss: 0.0125178
	speed: 0.1560s/iter; left time: 225.0642s
	iters: 200, epoch: 95 | loss: 0.0069441
	speed: 0.0870s/iter; left time: 116.8970s
Epoch: 95 cost time: 21.403614044189453
Epoch: 95, Steps: 257 | Train Loss: 0.0172430 Vali Loss: 106.6172333 Test Loss: 673.6294556
EarlyStopping counter: 37 out of 100
Updating learning rate to 0.0025
	iters: 100, epoch: 96 | loss: 0.0104745
	speed: 0.1571s/iter; left time: 186.2785s
	iters: 200, epoch: 96 | loss: 0.0369751
	speed: 0.0850s/iter; left time: 92.2581s
Epoch: 96 cost time: 21.297051429748535
Epoch: 96, Steps: 257 | Train Loss: 0.0176364 Vali Loss: 104.1592941 Test Loss: 658.5254517
EarlyStopping counter: 38 out of 100
Updating learning rate to 0.0025
	iters: 100, epoch: 97 | loss: 0.0046075
	speed: 0.1615s/iter; left time: 150.0274s
	iters: 200, epoch: 97 | loss: 0.0135570
	speed: 0.0845s/iter; left time: 70.0629s
Epoch: 97 cost time: 21.65986156463623
Epoch: 97, Steps: 257 | Train Loss: 0.0177829 Vali Loss: 106.0239487 Test Loss: 685.0667725
EarlyStopping counter: 39 out of 100
Updating learning rate to 0.0025
	iters: 100, epoch: 98 | loss: 0.0124453
	speed: 0.1618s/iter; left time: 108.7177s
	iters: 200, epoch: 98 | loss: 0.0421484
	speed: 0.0889s/iter; left time: 50.8697s
Epoch: 98 cost time: 22.03770160675049
Epoch: 98, Steps: 257 | Train Loss: 0.0194093 Vali Loss: 102.7914581 Test Loss: 672.2278442
EarlyStopping counter: 40 out of 100
Updating learning rate to 0.0025
	iters: 100, epoch: 99 | loss: 0.0263888
	speed: 0.1593s/iter; left time: 66.1083s
	iters: 200, epoch: 99 | loss: 0.0077282
	speed: 0.0846s/iter; left time: 26.6501s
Epoch: 99 cost time: 21.666179656982422
Epoch: 99, Steps: 257 | Train Loss: 0.0195363 Vali Loss: 111.4915466 Test Loss: 676.3076172
EarlyStopping counter: 41 out of 100
Updating learning rate to 0.0025
	iters: 100, epoch: 100 | loss: 0.0149332
	speed: 0.1604s/iter; left time: 25.3372s
	iters: 200, epoch: 100 | loss: 0.0208149
	speed: 0.0860s/iter; left time: 4.9884s
Epoch: 100 cost time: 21.670848846435547
Epoch: 100, Steps: 257 | Train Loss: 0.0184105 Vali Loss: 99.4765701 Test Loss: 653.9080200
EarlyStopping counter: 42 out of 100
Updating learning rate to 0.0025
>>>>>>>testing : 84_21_PatchTST_custom_ftM_sl84_ll48_pl21_dm16_nh4_el3_dl1_df128_fc1_ebtimeF_dtTrue_Exp_0<<<<<<<<<<<<<<<<<<<<<<<<<<<<<<<<<
test 1187
mse:703.6976318359375, mae:7.8557820320129395, rse:0.21600472927093506
