Args in experiment:
Namespace(random_seed=2024, is_training=1, model_id='60_10', model='PatchTST', data='custom', root_path='./dataset/', data_path='sym_lv6.csv', features='M', target='Target', freq='h', checkpoints='./checkpoints/', seq_len=60, label_len=48, pred_len=10, fc_dropout=0.2, head_dropout=0.0, patch_len=5, stride=2, padding_patch='end', revin=1, affine=0, subtract_last=0, decomposition=0, kernel_size=25, individual=0, embed_type=0, enc_in=9, dec_in=7, c_out=7, d_model=16, n_heads=4, e_layers=3, d_layers=1, d_ff=128, moving_avg=25, factor=1, distil=True, dropout=0.2, embed='timeF', activation='gelu', output_attention=False, do_predict=False, num_workers=10, itr=1, train_epochs=100, batch_size=16, patience=100, learning_rate=0.0025, des='Exp', loss='mse', lradj='constant', pct_start=0.3, use_amp=False, use_gpu=False, gpu=0, use_multi_gpu=False, devices='0,1,2,3', test_flop=False)
Use CPU
>>>>>>>start training : 60_10_PatchTST_custom_ftM_sl60_ll48_pl10_dm16_nh4_el3_dl1_df128_fc1_ebtimeF_dtTrue_Exp_0>>>>>>>>>>>>>>>>>>>>>>>>>>
train 4156
val 596
test 1198
	iters: 100, epoch: 1 | loss: 0.5139581
	speed: 0.2798s/iter; left time: 7218.0674s
	iters: 200, epoch: 1 | loss: 0.2777566
	speed: 0.2057s/iter; left time: 5286.2381s
Epoch: 1 cost time: 64.16302227973938
Epoch: 1, Steps: 259 | Train Loss: 0.4440771 Vali Loss: 0.1899592 Test Loss: 0.5581657
Validation loss decreased (inf --> 0.189959).  Saving model ...
Updating learning rate to 0.0025
	iters: 100, epoch: 2 | loss: 0.2153278
	speed: 0.4368s/iter; left time: 11157.9706s
	iters: 200, epoch: 2 | loss: 0.0682759
	speed: 0.2414s/iter; left time: 6142.0129s
Epoch: 2 cost time: 60.95554828643799
Epoch: 2, Steps: 259 | Train Loss: 0.1116995 Vali Loss: 0.1021257 Test Loss: 0.2810319
Validation loss decreased (0.189959 --> 0.102126).  Saving model ...
Updating learning rate to 0.0025
	iters: 100, epoch: 3 | loss: 0.0622782
	speed: 0.4227s/iter; left time: 10686.2094s
	iters: 200, epoch: 3 | loss: 0.0448413
	speed: 0.2317s/iter; left time: 5835.7983s
Epoch: 3 cost time: 61.13110876083374
Epoch: 3, Steps: 259 | Train Loss: 0.0851893 Vali Loss: 0.0718155 Test Loss: 0.2260823
Validation loss decreased (0.102126 --> 0.071815).  Saving model ...
Updating learning rate to 0.0025
	iters: 100, epoch: 4 | loss: 0.0850110
	speed: 0.4777s/iter; left time: 11953.0736s
	iters: 200, epoch: 4 | loss: 0.0321417
	speed: 0.2284s/iter; left time: 5692.2297s
Epoch: 4 cost time: 65.80096340179443
Epoch: 4, Steps: 259 | Train Loss: 0.0729058 Vali Loss: 0.0628454 Test Loss: 0.2085297
Validation loss decreased (0.071815 --> 0.062845).  Saving model ...
Updating learning rate to 0.0025
	iters: 100, epoch: 5 | loss: 0.0608738
	speed: 0.4746s/iter; left time: 11754.0745s
	iters: 200, epoch: 5 | loss: 0.0573856
	speed: 0.2707s/iter; left time: 6675.6647s
Epoch: 5 cost time: 65.10378813743591
Epoch: 5, Steps: 259 | Train Loss: 0.0689949 Vali Loss: 0.0625584 Test Loss: 0.1949025
Validation loss decreased (0.062845 --> 0.062558).  Saving model ...
Updating learning rate to 0.0025
	iters: 100, epoch: 6 | loss: 0.0285297
	speed: 0.4485s/iter; left time: 10991.3000s
	iters: 200, epoch: 6 | loss: 0.0384190
	speed: 0.2242s/iter; left time: 5472.2771s
Epoch: 6 cost time: 60.412115812301636
Epoch: 6, Steps: 259 | Train Loss: 0.0683243 Vali Loss: 0.0757323 Test Loss: 0.2337372
EarlyStopping counter: 1 out of 100
Updating learning rate to 0.0025
	iters: 100, epoch: 7 | loss: 0.0806092
	speed: 0.4719s/iter; left time: 11441.5201s
	iters: 200, epoch: 7 | loss: 0.0323667
	speed: 0.2613s/iter; left time: 6310.2368s
Epoch: 7 cost time: 72.25690078735352
Epoch: 7, Steps: 259 | Train Loss: 0.0614840 Vali Loss: 0.0704962 Test Loss: 0.2032828
EarlyStopping counter: 2 out of 100
Updating learning rate to 0.0025
	iters: 100, epoch: 8 | loss: 0.0516341
	speed: 0.4641s/iter; left time: 11131.9477s
	iters: 200, epoch: 8 | loss: 0.0734168
	speed: 0.2087s/iter; left time: 4985.4711s
Epoch: 8 cost time: 58.63490581512451
Epoch: 8, Steps: 259 | Train Loss: 0.0575359 Vali Loss: 0.0522962 Test Loss: 0.1537527
Validation loss decreased (0.062558 --> 0.052296).  Saving model ...
Updating learning rate to 0.0025
	iters: 100, epoch: 9 | loss: 0.0438432
	speed: 0.4359s/iter; left time: 10343.1205s
	iters: 200, epoch: 9 | loss: 0.0563494
	speed: 0.2599s/iter; left time: 6140.7777s
Epoch: 9 cost time: 68.90008115768433
Epoch: 9, Steps: 259 | Train Loss: 0.0583292 Vali Loss: 0.0564796 Test Loss: 0.1694604
EarlyStopping counter: 1 out of 100
Updating learning rate to 0.0025
	iters: 100, epoch: 10 | loss: 0.0633968
	speed: 0.4786s/iter; left time: 11231.8936s
	iters: 200, epoch: 10 | loss: 0.0699684
	speed: 0.2622s/iter; left time: 6128.4779s
Epoch: 10 cost time: 66.83392930030823
Epoch: 10, Steps: 259 | Train Loss: 0.0550761 Vali Loss: 0.0470539 Test Loss: 0.1649588
Validation loss decreased (0.052296 --> 0.047054).  Saving model ...
Updating learning rate to 0.0025
	iters: 100, epoch: 11 | loss: 0.0525703
	speed: 0.4755s/iter; left time: 11036.3081s
	iters: 200, epoch: 11 | loss: 0.1291015
	speed: 0.2172s/iter; left time: 5018.7600s
Epoch: 11 cost time: 59.78062176704407
Epoch: 11, Steps: 259 | Train Loss: 0.0542666 Vali Loss: 0.0474755 Test Loss: 0.1716371
EarlyStopping counter: 1 out of 100
Updating learning rate to 0.0025
	iters: 100, epoch: 12 | loss: 0.0478027
	speed: 0.3955s/iter; left time: 9078.3029s
	iters: 200, epoch: 12 | loss: 0.0351346
	speed: 0.2124s/iter; left time: 4853.9765s
Epoch: 12 cost time: 55.734304666519165
Epoch: 12, Steps: 259 | Train Loss: 0.0547506 Vali Loss: 0.0514081 Test Loss: 0.1726194
EarlyStopping counter: 2 out of 100
Updating learning rate to 0.0025
	iters: 100, epoch: 13 | loss: 0.0462003
	speed: 0.3935s/iter; left time: 8929.4261s
	iters: 200, epoch: 13 | loss: 0.0578059
	speed: 0.2375s/iter; left time: 5365.7466s
Epoch: 13 cost time: 58.101354122161865
Epoch: 13, Steps: 259 | Train Loss: 0.0520276 Vali Loss: 0.0460238 Test Loss: 0.1476394
Validation loss decreased (0.047054 --> 0.046024).  Saving model ...
Updating learning rate to 0.0025
	iters: 100, epoch: 14 | loss: 0.0674996
	speed: 0.3996s/iter; left time: 8965.0687s
	iters: 200, epoch: 14 | loss: 0.0387699
	speed: 0.2263s/iter; left time: 5053.8168s
Epoch: 14 cost time: 57.98447918891907
Epoch: 14, Steps: 259 | Train Loss: 0.0547480 Vali Loss: 0.0484021 Test Loss: 0.1439294
EarlyStopping counter: 1 out of 100
Updating learning rate to 0.0025
	iters: 100, epoch: 15 | loss: 0.0681326
	speed: 0.4322s/iter; left time: 9583.9366s
	iters: 200, epoch: 15 | loss: 0.0671659
	speed: 0.2698s/iter; left time: 5955.3925s
Epoch: 15 cost time: 64.34278392791748
Epoch: 15, Steps: 259 | Train Loss: 0.0511177 Vali Loss: 0.0450952 Test Loss: 0.1331304
Validation loss decreased (0.046024 --> 0.045095).  Saving model ...
Updating learning rate to 0.0025
	iters: 100, epoch: 16 | loss: 0.0305433
	speed: 0.3800s/iter; left time: 8327.6942s
	iters: 200, epoch: 16 | loss: 0.0633936
	speed: 0.2820s/iter; left time: 6152.8696s
Epoch: 16 cost time: 61.09984993934631
Epoch: 16, Steps: 259 | Train Loss: 0.0494032 Vali Loss: 0.0473742 Test Loss: 0.1863503
EarlyStopping counter: 1 out of 100
Updating learning rate to 0.0025
	iters: 100, epoch: 17 | loss: 0.0389527
	speed: 0.4573s/iter; left time: 9902.7968s
	iters: 200, epoch: 17 | loss: 0.0377045
	speed: 0.2428s/iter; left time: 5234.5646s
Epoch: 17 cost time: 67.74796271324158
Epoch: 17, Steps: 259 | Train Loss: 0.0494348 Vali Loss: 0.0554681 Test Loss: 0.1573999
EarlyStopping counter: 2 out of 100
Updating learning rate to 0.0025
	iters: 100, epoch: 18 | loss: 0.0509821
	speed: 0.4080s/iter; left time: 8730.8165s
	iters: 200, epoch: 18 | loss: 0.0360654
	speed: 0.2411s/iter; left time: 5134.3302s
Epoch: 18 cost time: 63.17492318153381
Epoch: 18, Steps: 259 | Train Loss: 0.0495466 Vali Loss: 0.0435211 Test Loss: 0.1338535
Validation loss decreased (0.045095 --> 0.043521).  Saving model ...
Updating learning rate to 0.0025
	iters: 100, epoch: 19 | loss: 0.0505820
	speed: 0.4665s/iter; left time: 9861.4105s
	iters: 200, epoch: 19 | loss: 0.0366755
	speed: 0.2510s/iter; left time: 5280.4565s
Epoch: 19 cost time: 62.92342758178711
Epoch: 19, Steps: 259 | Train Loss: 0.0464272 Vali Loss: 0.0526830 Test Loss: 0.1433630
EarlyStopping counter: 1 out of 100
Updating learning rate to 0.0025
	iters: 100, epoch: 20 | loss: 0.0353264
	speed: 0.4220s/iter; left time: 8811.2342s
	iters: 200, epoch: 20 | loss: 0.0319071
	speed: 0.2390s/iter; left time: 4966.2235s
Epoch: 20 cost time: 63.326921224594116
Epoch: 20, Steps: 259 | Train Loss: 0.0468959 Vali Loss: 0.0420361 Test Loss: 0.1430637
Validation loss decreased (0.043521 --> 0.042036).  Saving model ...
Updating learning rate to 0.0025
	iters: 100, epoch: 21 | loss: 0.0318181
	speed: 0.4268s/iter; left time: 8800.4289s
	iters: 200, epoch: 21 | loss: 0.0575042
	speed: 0.2395s/iter; left time: 4913.8194s
Epoch: 21 cost time: 55.414316177368164
Epoch: 21, Steps: 259 | Train Loss: 0.0467423 Vali Loss: 0.0812188 Test Loss: 0.1962388
EarlyStopping counter: 1 out of 100
Updating learning rate to 0.0025
	iters: 100, epoch: 22 | loss: 0.0366160
	speed: 0.3478s/iter; left time: 7082.0633s
	iters: 200, epoch: 22 | loss: 0.0659905
	speed: 0.2854s/iter; left time: 5782.5123s
Epoch: 22 cost time: 63.962255001068115
Epoch: 22, Steps: 259 | Train Loss: 0.0463283 Vali Loss: 0.0566422 Test Loss: 0.1401827
EarlyStopping counter: 2 out of 100
Updating learning rate to 0.0025
	iters: 100, epoch: 23 | loss: 0.0952146
	speed: 0.4235s/iter; left time: 8513.0826s
	iters: 200, epoch: 23 | loss: 0.0262353
	speed: 0.2544s/iter; left time: 5089.6582s
Epoch: 23 cost time: 61.16036105155945
Epoch: 23, Steps: 259 | Train Loss: 0.0470872 Vali Loss: 0.0425293 Test Loss: 0.1374982
EarlyStopping counter: 3 out of 100
Updating learning rate to 0.0025
	iters: 100, epoch: 24 | loss: 0.0320690
	speed: 0.4259s/iter; left time: 8452.4109s
	iters: 200, epoch: 24 | loss: 0.0514881
	speed: 0.2966s/iter; left time: 5856.8361s
Epoch: 24 cost time: 66.25286364555359
Epoch: 24, Steps: 259 | Train Loss: 0.0460553 Vali Loss: 0.0782268 Test Loss: 0.1930012
EarlyStopping counter: 4 out of 100
Updating learning rate to 0.0025
	iters: 100, epoch: 25 | loss: 0.0341391
	speed: 0.3854s/iter; left time: 7547.5499s
	iters: 200, epoch: 25 | loss: 0.0472923
	speed: 0.2552s/iter; left time: 4973.0725s
Epoch: 25 cost time: 61.71779012680054
Epoch: 25, Steps: 259 | Train Loss: 0.0467023 Vali Loss: 0.0472598 Test Loss: 0.1538765
EarlyStopping counter: 5 out of 100
Updating learning rate to 0.0025
	iters: 100, epoch: 26 | loss: 0.0306452
	speed: 0.4778s/iter; left time: 9233.6210s
	iters: 200, epoch: 26 | loss: 0.0413924
	speed: 0.2395s/iter; left time: 4605.3383s
Epoch: 26 cost time: 62.7977876663208
Epoch: 26, Steps: 259 | Train Loss: 0.0455819 Vali Loss: 0.0635142 Test Loss: 0.1652420
EarlyStopping counter: 6 out of 100
Updating learning rate to 0.0025
	iters: 100, epoch: 27 | loss: 0.0400810
	speed: 0.4326s/iter; left time: 8247.9149s
	iters: 200, epoch: 27 | loss: 0.0375926
	speed: 0.2528s/iter; left time: 4794.4228s
Epoch: 27 cost time: 65.50388932228088
Epoch: 27, Steps: 259 | Train Loss: 0.0443534 Vali Loss: 0.0524681 Test Loss: 0.1560154
EarlyStopping counter: 7 out of 100
Updating learning rate to 0.0025
	iters: 100, epoch: 28 | loss: 0.0332262
	speed: 0.4760s/iter; left time: 8951.9636s
	iters: 200, epoch: 28 | loss: 0.0384802
	speed: 0.2275s/iter; left time: 4256.8234s
Epoch: 28 cost time: 66.39772725105286
Epoch: 28, Steps: 259 | Train Loss: 0.0428789 Vali Loss: 0.0672545 Test Loss: 0.1676145
EarlyStopping counter: 8 out of 100
Updating learning rate to 0.0025
	iters: 100, epoch: 29 | loss: 0.0524249
	speed: 0.5093s/iter; left time: 9446.5232s
	iters: 200, epoch: 29 | loss: 0.0235651
	speed: 0.2218s/iter; left time: 4091.1439s
Epoch: 29 cost time: 66.18630719184875
Epoch: 29, Steps: 259 | Train Loss: 0.0434429 Vali Loss: 0.0581610 Test Loss: 0.1482051
EarlyStopping counter: 9 out of 100
Updating learning rate to 0.0025
	iters: 100, epoch: 30 | loss: 0.0366440
	speed: 0.4201s/iter; left time: 7683.1099s
	iters: 200, epoch: 30 | loss: 0.0380427
	speed: 0.2609s/iter; left time: 4746.0884s
Epoch: 30 cost time: 61.60469031333923
Epoch: 30, Steps: 259 | Train Loss: 0.0437426 Vali Loss: 0.0490979 Test Loss: 0.1387703
EarlyStopping counter: 10 out of 100
Updating learning rate to 0.0025
	iters: 100, epoch: 31 | loss: 0.0536701
	speed: 0.4382s/iter; left time: 7901.2229s
	iters: 200, epoch: 31 | loss: 0.0440660
	speed: 0.2450s/iter; left time: 4392.4539s
Epoch: 31 cost time: 60.756906032562256
Epoch: 31, Steps: 259 | Train Loss: 0.0423500 Vali Loss: 0.0667419 Test Loss: 0.1757192
EarlyStopping counter: 11 out of 100
Updating learning rate to 0.0025
	iters: 100, epoch: 32 | loss: 0.0140040
	speed: 0.4096s/iter; left time: 7279.3377s
	iters: 200, epoch: 32 | loss: 0.0214554
	speed: 0.2525s/iter; left time: 4461.7659s
Epoch: 32 cost time: 63.343873262405396
Epoch: 32, Steps: 259 | Train Loss: 0.0432169 Vali Loss: 0.0922488 Test Loss: 0.2337525
EarlyStopping counter: 12 out of 100
Updating learning rate to 0.0025
	iters: 100, epoch: 33 | loss: 0.0300348
	speed: 0.4502s/iter; left time: 7883.7672s
	iters: 200, epoch: 33 | loss: 0.0204068
	speed: 0.2856s/iter; left time: 4972.4875s
Epoch: 33 cost time: 70.54313087463379
Epoch: 33, Steps: 259 | Train Loss: 0.0461122 Vali Loss: 0.0607476 Test Loss: 0.1662539
EarlyStopping counter: 13 out of 100
Updating learning rate to 0.0025
	iters: 100, epoch: 34 | loss: 0.0316336
	speed: 0.4356s/iter; left time: 7515.8832s
	iters: 200, epoch: 34 | loss: 0.0406598
	speed: 0.2634s/iter; left time: 4518.5103s
Epoch: 34 cost time: 62.869585037231445
Epoch: 34, Steps: 259 | Train Loss: 0.0428652 Vali Loss: 0.0558377 Test Loss: 0.1348273
EarlyStopping counter: 14 out of 100
Updating learning rate to 0.0025
	iters: 100, epoch: 35 | loss: 0.0588961
	speed: 0.4294s/iter; left time: 7297.2708s
	iters: 200, epoch: 35 | loss: 0.0292655
	speed: 0.2579s/iter; left time: 4357.5867s
Epoch: 35 cost time: 66.4802610874176
Epoch: 35, Steps: 259 | Train Loss: 0.0441120 Vali Loss: 0.0837405 Test Loss: 0.1897428
EarlyStopping counter: 15 out of 100
Updating learning rate to 0.0025
	iters: 100, epoch: 36 | loss: 0.0297976
	speed: 0.4211s/iter; left time: 7047.2877s
	iters: 200, epoch: 36 | loss: 0.0455181
	speed: 0.2514s/iter; left time: 4182.4460s
Epoch: 36 cost time: 55.76230216026306
Epoch: 36, Steps: 259 | Train Loss: 0.0409619 Vali Loss: 0.1128748 Test Loss: 0.2758357
EarlyStopping counter: 16 out of 100
Updating learning rate to 0.0025
	iters: 100, epoch: 37 | loss: 0.0260691
	speed: 0.4281s/iter; left time: 7053.5366s
	iters: 200, epoch: 37 | loss: 0.0461226
	speed: 0.2309s/iter; left time: 3782.2542s
Epoch: 37 cost time: 61.47619819641113
Epoch: 37, Steps: 259 | Train Loss: 0.0411712 Vali Loss: 0.0927896 Test Loss: 0.2323199
EarlyStopping counter: 17 out of 100
Updating learning rate to 0.0025
	iters: 100, epoch: 38 | loss: 0.0398242
	speed: 0.4233s/iter; left time: 6864.7346s
	iters: 200, epoch: 38 | loss: 0.0508931
	speed: 0.2484s/iter; left time: 4003.2326s
Epoch: 38 cost time: 57.385801553726196
Epoch: 38, Steps: 259 | Train Loss: 0.0412055 Vali Loss: 0.0651659 Test Loss: 0.1712475
EarlyStopping counter: 18 out of 100
Updating learning rate to 0.0025
	iters: 100, epoch: 39 | loss: 0.0263255
	speed: 0.4156s/iter; left time: 6632.1863s
	iters: 200, epoch: 39 | loss: 0.0219603
	speed: 0.2085s/iter; left time: 3306.6766s
Epoch: 39 cost time: 60.97275996208191
Epoch: 39, Steps: 259 | Train Loss: 0.0396448 Vali Loss: 0.0682306 Test Loss: 0.1671155
EarlyStopping counter: 19 out of 100
Updating learning rate to 0.0025
	iters: 100, epoch: 40 | loss: 0.0283116
	speed: 0.4777s/iter; left time: 7499.7061s
	iters: 200, epoch: 40 | loss: 0.0190278
	speed: 0.2284s/iter; left time: 3562.2619s
Epoch: 40 cost time: 60.1423864364624
Epoch: 40, Steps: 259 | Train Loss: 0.0396577 Vali Loss: 0.0585564 Test Loss: 0.1618962
EarlyStopping counter: 20 out of 100
Updating learning rate to 0.0025
	iters: 100, epoch: 41 | loss: 0.0364391
	speed: 0.3998s/iter; left time: 6173.1921s
	iters: 200, epoch: 41 | loss: 0.0277713
	speed: 0.2316s/iter; left time: 3552.2464s
Epoch: 41 cost time: 57.698763370513916
Epoch: 41, Steps: 259 | Train Loss: 0.0391052 Vali Loss: 0.0845709 Test Loss: 0.1999501
EarlyStopping counter: 21 out of 100
Updating learning rate to 0.0025
	iters: 100, epoch: 42 | loss: 0.0384990
	speed: 0.3710s/iter; left time: 5632.7527s
	iters: 200, epoch: 42 | loss: 0.0239636
	speed: 0.2520s/iter; left time: 3801.2697s
Epoch: 42 cost time: 61.317665576934814
Epoch: 42, Steps: 259 | Train Loss: 0.0404916 Vali Loss: 0.0792790 Test Loss: 0.1951834
EarlyStopping counter: 22 out of 100
Updating learning rate to 0.0025
	iters: 100, epoch: 43 | loss: 0.0322134
	speed: 0.4967s/iter; left time: 7412.1457s
	iters: 200, epoch: 43 | loss: 0.0585605
	speed: 0.2895s/iter; left time: 4291.8242s
Epoch: 43 cost time: 70.34432077407837
Epoch: 43, Steps: 259 | Train Loss: 0.0395304 Vali Loss: 0.0980946 Test Loss: 0.2304723
EarlyStopping counter: 23 out of 100
Updating learning rate to 0.0025
	iters: 100, epoch: 44 | loss: 0.0373723
	speed: 0.4265s/iter; left time: 6254.2105s
	iters: 200, epoch: 44 | loss: 0.0308319
	speed: 0.2518s/iter; left time: 3667.0477s
Epoch: 44 cost time: 61.919058084487915
Epoch: 44, Steps: 259 | Train Loss: 0.0420105 Vali Loss: 0.0635252 Test Loss: 0.1624365
EarlyStopping counter: 24 out of 100
Updating learning rate to 0.0025
	iters: 100, epoch: 45 | loss: 0.0603341
	speed: 0.4540s/iter; left time: 6539.3088s
	iters: 200, epoch: 45 | loss: 0.0225022
	speed: 0.2997s/iter; left time: 4287.8090s
Epoch: 45 cost time: 71.16055631637573
Epoch: 45, Steps: 259 | Train Loss: 0.0409925 Vali Loss: 0.0723767 Test Loss: 0.1742227
EarlyStopping counter: 25 out of 100
Updating learning rate to 0.0025
	iters: 100, epoch: 46 | loss: 0.0596041
	speed: 0.4235s/iter; left time: 5990.5560s
	iters: 200, epoch: 46 | loss: 0.0457792
	speed: 0.2278s/iter; left time: 3199.9800s
Epoch: 46 cost time: 56.56894850730896
Epoch: 46, Steps: 259 | Train Loss: 0.0395982 Vali Loss: 0.0815827 Test Loss: 0.1988840
EarlyStopping counter: 26 out of 100
Updating learning rate to 0.0025
	iters: 100, epoch: 47 | loss: 0.0222804
	speed: 0.4249s/iter; left time: 5901.1067s
	iters: 200, epoch: 47 | loss: 0.0633298
	speed: 0.2405s/iter; left time: 3315.5380s
Epoch: 47 cost time: 62.09708309173584
Epoch: 47, Steps: 259 | Train Loss: 0.0392214 Vali Loss: 0.0850713 Test Loss: 0.2003566
EarlyStopping counter: 27 out of 100
Updating learning rate to 0.0025
	iters: 100, epoch: 48 | loss: 0.0253425
	speed: 0.4842s/iter; left time: 6599.3222s
	iters: 200, epoch: 48 | loss: 0.0289857
	speed: 0.2472s/iter; left time: 3344.3778s
Epoch: 48 cost time: 64.51906108856201
Epoch: 48, Steps: 259 | Train Loss: 0.0393930 Vali Loss: 0.0621748 Test Loss: 0.1613558
EarlyStopping counter: 28 out of 100
Updating learning rate to 0.0025
	iters: 100, epoch: 49 | loss: 0.0745360
	speed: 0.4831s/iter; left time: 6457.9229s
	iters: 200, epoch: 49 | loss: 0.0693259
	speed: 0.2481s/iter; left time: 3291.4232s
Epoch: 49 cost time: 66.36375498771667
Epoch: 49, Steps: 259 | Train Loss: 0.0384992 Vali Loss: 0.0763067 Test Loss: 0.1940207
EarlyStopping counter: 29 out of 100
Updating learning rate to 0.0025
	iters: 100, epoch: 50 | loss: 0.0512252
	speed: 0.4209s/iter; left time: 5518.5138s
	iters: 200, epoch: 50 | loss: 0.0165715
	speed: 0.2374s/iter; left time: 3088.6490s
Epoch: 50 cost time: 61.50685405731201
Epoch: 50, Steps: 259 | Train Loss: 0.0395167 Vali Loss: 0.0803932 Test Loss: 0.1971762
EarlyStopping counter: 30 out of 100
Updating learning rate to 0.0025
	iters: 100, epoch: 51 | loss: 0.0488147
	speed: 0.4007s/iter; left time: 5149.4893s
	iters: 200, epoch: 51 | loss: 0.0587045
	speed: 0.1865s/iter; left time: 2378.0814s
Epoch: 51 cost time: 55.829304218292236
Epoch: 51, Steps: 259 | Train Loss: 0.0389024 Vali Loss: 0.0907791 Test Loss: 0.2184824
EarlyStopping counter: 31 out of 100
Updating learning rate to 0.0025
	iters: 100, epoch: 52 | loss: 0.0237279
	speed: 0.4604s/iter; left time: 5797.8268s
	iters: 200, epoch: 52 | loss: 0.1013430
	speed: 0.2575s/iter; left time: 3217.2555s
Epoch: 52 cost time: 63.78399729728699
Epoch: 52, Steps: 259 | Train Loss: 0.0381454 Vali Loss: 0.0920597 Test Loss: 0.2303645
EarlyStopping counter: 32 out of 100
Updating learning rate to 0.0025
	iters: 100, epoch: 53 | loss: 0.0247336
	speed: 0.4276s/iter; left time: 5274.0444s
	iters: 200, epoch: 53 | loss: 0.0525077
	speed: 0.2267s/iter; left time: 2773.1128s
Epoch: 53 cost time: 55.78537106513977
Epoch: 53, Steps: 259 | Train Loss: 0.0383434 Vali Loss: 0.0694638 Test Loss: 0.1677610
EarlyStopping counter: 33 out of 100
Updating learning rate to 0.0025
	iters: 100, epoch: 54 | loss: 0.0164431
	speed: 0.3790s/iter; left time: 4575.5719s
	iters: 200, epoch: 54 | loss: 0.0523598
	speed: 0.2232s/iter; left time: 2672.4158s
Epoch: 54 cost time: 59.37084746360779
Epoch: 54, Steps: 259 | Train Loss: 0.0378858 Vali Loss: 0.0938460 Test Loss: 0.2263462
EarlyStopping counter: 34 out of 100
Updating learning rate to 0.0025
	iters: 100, epoch: 55 | loss: 0.0453773
	speed: 0.4813s/iter; left time: 5686.3062s
	iters: 200, epoch: 55 | loss: 0.0213609
	speed: 0.2409s/iter; left time: 2822.7204s
Epoch: 55 cost time: 63.68879580497742
Epoch: 55, Steps: 259 | Train Loss: 0.0404090 Vali Loss: 0.0807683 Test Loss: 0.2023581
EarlyStopping counter: 35 out of 100
Updating learning rate to 0.0025
	iters: 100, epoch: 56 | loss: 0.0664708
	speed: 0.4714s/iter; left time: 5447.4038s
	iters: 200, epoch: 56 | loss: 0.0385442
	speed: 0.2262s/iter; left time: 2590.8209s
Epoch: 56 cost time: 64.69343304634094
Epoch: 56, Steps: 259 | Train Loss: 0.0383906 Vali Loss: 0.0708206 Test Loss: 0.1733953
EarlyStopping counter: 36 out of 100
Updating learning rate to 0.0025
	iters: 100, epoch: 57 | loss: 0.0497595
	speed: 0.5053s/iter; left time: 5708.4018s
	iters: 200, epoch: 57 | loss: 0.0510441
	speed: 0.2944s/iter; left time: 3296.6176s
Epoch: 57 cost time: 74.21384787559509
Epoch: 57, Steps: 259 | Train Loss: 0.0358637 Vali Loss: 0.0871029 Test Loss: 0.2257918
EarlyStopping counter: 37 out of 100
Updating learning rate to 0.0025
	iters: 100, epoch: 58 | loss: 0.0292575
	speed: 0.4385s/iter; left time: 4839.8902s
	iters: 200, epoch: 58 | loss: 0.0239919
	speed: 0.2667s/iter; left time: 2916.9777s
Epoch: 58 cost time: 60.674830198287964
Epoch: 58, Steps: 259 | Train Loss: 0.0379814 Vali Loss: 0.0828298 Test Loss: 0.1942770
EarlyStopping counter: 38 out of 100
Updating learning rate to 0.0025
	iters: 100, epoch: 59 | loss: 0.0234155
	speed: 0.4697s/iter; left time: 5062.5847s
	iters: 200, epoch: 59 | loss: 0.0190751
	speed: 0.2347s/iter; left time: 2506.4296s
Epoch: 59 cost time: 64.61146283149719
Epoch: 59, Steps: 259 | Train Loss: 0.0380736 Vali Loss: 0.0907065 Test Loss: 0.2203077
EarlyStopping counter: 39 out of 100
Updating learning rate to 0.0025
	iters: 100, epoch: 60 | loss: 0.0310252
	speed: 0.3839s/iter; left time: 4038.5127s
	iters: 200, epoch: 60 | loss: 0.0395945
	speed: 0.2622s/iter; left time: 2732.4348s
Epoch: 60 cost time: 56.8980758190155
Epoch: 60, Steps: 259 | Train Loss: 0.0369768 Vali Loss: 0.0637026 Test Loss: 0.1587177
EarlyStopping counter: 40 out of 100
Updating learning rate to 0.0025
	iters: 100, epoch: 61 | loss: 0.0408508
	speed: 0.3823s/iter; left time: 3922.3665s
	iters: 200, epoch: 61 | loss: 0.0159102
	speed: 0.2604s/iter; left time: 2645.4411s
Epoch: 61 cost time: 59.089712381362915
Epoch: 61, Steps: 259 | Train Loss: 0.0373964 Vali Loss: 0.0778757 Test Loss: 0.1923814
EarlyStopping counter: 41 out of 100
Updating learning rate to 0.0025
	iters: 100, epoch: 62 | loss: 0.0517884
	speed: 0.3477s/iter; left time: 3477.4963s
	iters: 200, epoch: 62 | loss: 0.0485063
	speed: 0.2624s/iter; left time: 2597.8939s
Epoch: 62 cost time: 61.442267656326294
Epoch: 62, Steps: 259 | Train Loss: 0.0362882 Vali Loss: 0.0932983 Test Loss: 0.2210698
EarlyStopping counter: 42 out of 100
Updating learning rate to 0.0025
	iters: 100, epoch: 63 | loss: 0.0745889
	speed: 0.4604s/iter; left time: 4485.4110s
	iters: 200, epoch: 63 | loss: 0.0400815
	speed: 0.2332s/iter; left time: 2249.1993s
Epoch: 63 cost time: 65.89149045944214
Epoch: 63, Steps: 259 | Train Loss: 0.0358479 Vali Loss: 0.1011777 Test Loss: 0.2505509
EarlyStopping counter: 43 out of 100
Updating learning rate to 0.0025
	iters: 100, epoch: 64 | loss: 0.0243897
	speed: 0.4565s/iter; left time: 4329.0853s
	iters: 200, epoch: 64 | loss: 0.0303743
	speed: 0.2116s/iter; left time: 1985.6645s
Epoch: 64 cost time: 58.094329833984375
Epoch: 64, Steps: 259 | Train Loss: 0.0365426 Vali Loss: 0.1330775 Test Loss: 0.3194216
EarlyStopping counter: 44 out of 100
Updating learning rate to 0.0025
	iters: 100, epoch: 65 | loss: 0.0404163
	speed: 0.3631s/iter; left time: 3349.4837s
	iters: 200, epoch: 65 | loss: 0.0969279
	speed: 0.2077s/iter; left time: 1894.9963s
Epoch: 65 cost time: 55.772292613983154
Epoch: 65, Steps: 259 | Train Loss: 0.0382106 Vali Loss: 0.0713427 Test Loss: 0.1685197
EarlyStopping counter: 45 out of 100
Updating learning rate to 0.0025
	iters: 100, epoch: 66 | loss: 0.0186935
	speed: 0.4424s/iter; left time: 3966.1192s
	iters: 200, epoch: 66 | loss: 0.0472196
	speed: 0.2768s/iter; left time: 2453.8459s
Epoch: 66 cost time: 64.82243776321411
Epoch: 66, Steps: 259 | Train Loss: 0.0363220 Vali Loss: 0.0921564 Test Loss: 0.2069135
EarlyStopping counter: 46 out of 100
Updating learning rate to 0.0025
	iters: 100, epoch: 67 | loss: 0.0532993
	speed: 0.4832s/iter; left time: 4207.4968s
	iters: 200, epoch: 67 | loss: 0.0412965
	speed: 0.2759s/iter; left time: 2374.4574s
Epoch: 67 cost time: 66.80299282073975
Epoch: 67, Steps: 259 | Train Loss: 0.0355900 Vali Loss: 0.1041799 Test Loss: 0.2528168
EarlyStopping counter: 47 out of 100
Updating learning rate to 0.0025
	iters: 100, epoch: 68 | loss: 0.0320074
	speed: 0.4544s/iter; left time: 3838.7375s
	iters: 200, epoch: 68 | loss: 0.0511789
	speed: 0.2586s/iter; left time: 2159.0064s
Epoch: 68 cost time: 65.68931698799133
Epoch: 68, Steps: 259 | Train Loss: 0.0369085 Vali Loss: 0.0729518 Test Loss: 0.1690215
EarlyStopping counter: 48 out of 100
Updating learning rate to 0.0025
	iters: 100, epoch: 69 | loss: 0.0306445
	speed: 0.4317s/iter; left time: 3535.5695s
	iters: 200, epoch: 69 | loss: 0.0263115
	speed: 0.2955s/iter; left time: 2390.4799s
Epoch: 69 cost time: 66.82611656188965
Epoch: 69, Steps: 259 | Train Loss: 0.0362682 Vali Loss: 0.0722473 Test Loss: 0.1886014
EarlyStopping counter: 49 out of 100
Updating learning rate to 0.0025
	iters: 100, epoch: 70 | loss: 0.0399530
	speed: 0.4578s/iter; left time: 3630.3291s
	iters: 200, epoch: 70 | loss: 0.0341792
	speed: 0.2226s/iter; left time: 1743.0690s
Epoch: 70 cost time: 63.450637340545654
Epoch: 70, Steps: 259 | Train Loss: 0.0375219 Vali Loss: 0.0979958 Test Loss: 0.2457876
EarlyStopping counter: 50 out of 100
Updating learning rate to 0.0025
	iters: 100, epoch: 71 | loss: 0.0908903
	speed: 0.5403s/iter; left time: 4144.5128s
	iters: 200, epoch: 71 | loss: 0.0369044
	speed: 0.2348s/iter; left time: 1777.7374s
Epoch: 71 cost time: 68.46045207977295
Epoch: 71, Steps: 259 | Train Loss: 0.0371175 Vali Loss: 0.0986013 Test Loss: 0.2343704
EarlyStopping counter: 51 out of 100
Updating learning rate to 0.0025
	iters: 100, epoch: 72 | loss: 0.0279254
	speed: 0.4126s/iter; left time: 3057.9265s
	iters: 200, epoch: 72 | loss: 0.0328265
	speed: 0.2160s/iter; left time: 1579.3456s
Epoch: 72 cost time: 55.74709868431091
Epoch: 72, Steps: 259 | Train Loss: 0.0350949 Vali Loss: 0.1079087 Test Loss: 0.2565556
EarlyStopping counter: 52 out of 100
Updating learning rate to 0.0025
	iters: 100, epoch: 73 | loss: 0.0209176
	speed: 0.4111s/iter; left time: 2940.8422s
	iters: 200, epoch: 73 | loss: 0.0495510
	speed: 0.2513s/iter; left time: 1772.4539s
Epoch: 73 cost time: 61.149163484573364
Epoch: 73, Steps: 259 | Train Loss: 0.0354164 Vali Loss: 0.0826254 Test Loss: 0.2223497
EarlyStopping counter: 53 out of 100
Updating learning rate to 0.0025
	iters: 100, epoch: 74 | loss: 0.0161253
	speed: 0.4289s/iter; left time: 2956.6764s
	iters: 200, epoch: 74 | loss: 0.0365767
	speed: 0.2281s/iter; left time: 1549.4028s
Epoch: 74 cost time: 61.99246788024902
Epoch: 74, Steps: 259 | Train Loss: 0.0361514 Vali Loss: 0.0951229 Test Loss: 0.2362271
EarlyStopping counter: 54 out of 100
Updating learning rate to 0.0025
	iters: 100, epoch: 75 | loss: 0.0435393
	speed: 0.4685s/iter; left time: 3108.7352s
	iters: 200, epoch: 75 | loss: 0.0512630
	speed: 0.2576s/iter; left time: 1683.1663s
Epoch: 75 cost time: 73.4516327381134
Epoch: 75, Steps: 259 | Train Loss: 0.0364326 Vali Loss: 0.0999798 Test Loss: 0.2333141
EarlyStopping counter: 55 out of 100
Updating learning rate to 0.0025
	iters: 100, epoch: 76 | loss: 0.0380735
	speed: 0.4431s/iter; left time: 2825.3050s
	iters: 200, epoch: 76 | loss: 0.0270077
	speed: 0.2390s/iter; left time: 1500.0161s
Epoch: 76 cost time: 58.95773720741272
Epoch: 76, Steps: 259 | Train Loss: 0.0361358 Vali Loss: 0.0764802 Test Loss: 0.1882536
EarlyStopping counter: 56 out of 100
Updating learning rate to 0.0025
	iters: 100, epoch: 77 | loss: 0.0446424
	speed: 0.3799s/iter; left time: 2323.9749s
	iters: 200, epoch: 77 | loss: 0.0603401
	speed: 0.2183s/iter; left time: 1313.5870s
Epoch: 77 cost time: 54.9672372341156
Epoch: 77, Steps: 259 | Train Loss: 0.0355002 Vali Loss: 0.0898742 Test Loss: 0.2141846
EarlyStopping counter: 57 out of 100
Updating learning rate to 0.0025
	iters: 100, epoch: 78 | loss: 0.0282411
	speed: 0.3841s/iter; left time: 2250.1320s
	iters: 200, epoch: 78 | loss: 0.0171835
	speed: 0.2245s/iter; left time: 1292.5349s
Epoch: 78 cost time: 56.91028952598572
Epoch: 78, Steps: 259 | Train Loss: 0.0371746 Vali Loss: 0.0775329 Test Loss: 0.1838545
EarlyStopping counter: 58 out of 100
Updating learning rate to 0.0025
	iters: 100, epoch: 79 | loss: 0.0314982
	speed: 0.4649s/iter; left time: 2603.2112s
	iters: 200, epoch: 79 | loss: 0.0191462
	speed: 0.2319s/iter; left time: 1274.9713s
Epoch: 79 cost time: 64.60058379173279
Epoch: 79, Steps: 259 | Train Loss: 0.0364611 Vali Loss: 0.0725144 Test Loss: 0.1798943
EarlyStopping counter: 59 out of 100
Updating learning rate to 0.0025
	iters: 100, epoch: 80 | loss: 0.0182044
	speed: 0.4565s/iter; left time: 2437.7682s
	iters: 200, epoch: 80 | loss: 0.0479513
	speed: 0.2039s/iter; left time: 1068.1827s
Epoch: 80 cost time: 61.96283960342407
Epoch: 80, Steps: 259 | Train Loss: 0.0358902 Vali Loss: 0.0903509 Test Loss: 0.2142652
EarlyStopping counter: 60 out of 100
Updating learning rate to 0.0025
	iters: 100, epoch: 81 | loss: 0.0465605
	speed: 0.5134s/iter; left time: 2608.5394s
	iters: 200, epoch: 81 | loss: 0.0764807
	speed: 0.2146s/iter; left time: 1068.7928s
Epoch: 81 cost time: 62.150981187820435
Epoch: 81, Steps: 259 | Train Loss: 0.0346565 Vali Loss: 0.0900929 Test Loss: 0.2144907
EarlyStopping counter: 61 out of 100
Updating learning rate to 0.0025
	iters: 100, epoch: 82 | loss: 0.0218768
	speed: 0.4776s/iter; left time: 2302.9346s
	iters: 200, epoch: 82 | loss: 0.0321337
	speed: 0.2226s/iter; left time: 1050.9384s
Epoch: 82 cost time: 64.48110342025757
Epoch: 82, Steps: 259 | Train Loss: 0.0351402 Vali Loss: 0.1068113 Test Loss: 0.2483198
EarlyStopping counter: 62 out of 100
Updating learning rate to 0.0025
	iters: 100, epoch: 83 | loss: 0.0215720
	speed: 0.4324s/iter; left time: 1973.0536s
	iters: 200, epoch: 83 | loss: 0.0197374
	speed: 0.2807s/iter; left time: 1252.8797s
Epoch: 83 cost time: 61.82019639015198
Epoch: 83, Steps: 259 | Train Loss: 0.0350188 Vali Loss: 0.1201883 Test Loss: 0.2854557
EarlyStopping counter: 63 out of 100
Updating learning rate to 0.0025
	iters: 100, epoch: 84 | loss: 0.0257388
	speed: 0.5373s/iter; left time: 2312.5963s
	iters: 200, epoch: 84 | loss: 0.0314716
	speed: 0.2576s/iter; left time: 1082.9510s
Epoch: 84 cost time: 72.08175921440125
Epoch: 84, Steps: 259 | Train Loss: 0.0344763 Vali Loss: 0.1169913 Test Loss: 0.2574231
EarlyStopping counter: 64 out of 100
Updating learning rate to 0.0025
	iters: 100, epoch: 85 | loss: 0.0380676
	speed: 0.4731s/iter; left time: 1913.6615s
	iters: 200, epoch: 85 | loss: 0.0376009
	speed: 0.2215s/iter; left time: 873.8132s
Epoch: 85 cost time: 61.32158541679382
Epoch: 85, Steps: 259 | Train Loss: 0.0356137 Vali Loss: 0.0782856 Test Loss: 0.1826692
EarlyStopping counter: 65 out of 100
Updating learning rate to 0.0025
	iters: 100, epoch: 86 | loss: 0.0231652
	speed: 0.4022s/iter; left time: 1522.6408s
	iters: 200, epoch: 86 | loss: 0.0503512
	speed: 0.2577s/iter; left time: 949.8790s
Epoch: 86 cost time: 62.31288170814514
Epoch: 86, Steps: 259 | Train Loss: 0.0345358 Vali Loss: 0.0851555 Test Loss: 0.2111459
EarlyStopping counter: 66 out of 100
Updating learning rate to 0.0025
	iters: 100, epoch: 87 | loss: 0.0203942
	speed: 0.3826s/iter; left time: 1349.4429s
	iters: 200, epoch: 87 | loss: 0.0383640
	speed: 0.2648s/iter; left time: 907.4756s
Epoch: 87 cost time: 60.30107069015503
Epoch: 87, Steps: 259 | Train Loss: 0.0345101 Vali Loss: 0.1280612 Test Loss: 0.3047063
EarlyStopping counter: 67 out of 100
Updating learning rate to 0.0025
	iters: 100, epoch: 88 | loss: 0.0282094
	speed: 0.4340s/iter; left time: 1418.4403s
	iters: 200, epoch: 88 | loss: 0.0217379
	speed: 0.2403s/iter; left time: 761.2746s
Epoch: 88 cost time: 67.42943072319031
Epoch: 88, Steps: 259 | Train Loss: 0.0356068 Vali Loss: 0.0920449 Test Loss: 0.2167731
EarlyStopping counter: 68 out of 100
Updating learning rate to 0.0025
	iters: 100, epoch: 89 | loss: 0.0453578
	speed: 0.4805s/iter; left time: 1445.9323s
	iters: 200, epoch: 89 | loss: 0.0315172
	speed: 0.2332s/iter; left time: 678.3370s
Epoch: 89 cost time: 62.463958501815796
Epoch: 89, Steps: 259 | Train Loss: 0.0357204 Vali Loss: 0.0704611 Test Loss: 0.1747792
EarlyStopping counter: 69 out of 100
Updating learning rate to 0.0025
	iters: 100, epoch: 90 | loss: 0.0325997
	speed: 0.4608s/iter; left time: 1267.0851s
	iters: 200, epoch: 90 | loss: 0.0326599
	speed: 0.2551s/iter; left time: 676.0580s
Epoch: 90 cost time: 64.04183316230774
Epoch: 90, Steps: 259 | Train Loss: 0.0343040 Vali Loss: 0.0720466 Test Loss: 0.1902211
EarlyStopping counter: 70 out of 100
Updating learning rate to 0.0025
	iters: 100, epoch: 91 | loss: 0.0223235
	speed: 0.3904s/iter; left time: 972.4103s
	iters: 200, epoch: 91 | loss: 0.0459785
	speed: 0.2739s/iter; left time: 654.8304s
Epoch: 91 cost time: 63.80148649215698
Epoch: 91, Steps: 259 | Train Loss: 0.0345013 Vali Loss: 0.0814424 Test Loss: 0.1995860
EarlyStopping counter: 71 out of 100
Updating learning rate to 0.0025
	iters: 100, epoch: 92 | loss: 0.0605160
	speed: 0.4430s/iter; left time: 988.7368s
	iters: 200, epoch: 92 | loss: 0.0183061
	speed: 0.2768s/iter; left time: 590.0741s
Epoch: 92 cost time: 65.8889672756195
Epoch: 92, Steps: 259 | Train Loss: 0.0378451 Vali Loss: 0.0575343 Test Loss: 0.1410618
EarlyStopping counter: 72 out of 100
Updating learning rate to 0.0025
	iters: 100, epoch: 93 | loss: 0.0306616
	speed: 0.4271s/iter; left time: 842.6376s
	iters: 200, epoch: 93 | loss: 0.0391229
	speed: 0.2666s/iter; left time: 499.3936s
Epoch: 93 cost time: 63.859699010849
Epoch: 93, Steps: 259 | Train Loss: 0.0366740 Vali Loss: 0.1017631 Test Loss: 0.2506851
EarlyStopping counter: 73 out of 100
Updating learning rate to 0.0025
	iters: 100, epoch: 94 | loss: 0.0091795
	speed: 0.4119s/iter; left time: 705.9742s
	iters: 200, epoch: 94 | loss: 0.0608868
	speed: 0.2622s/iter; left time: 423.1202s
Epoch: 94 cost time: 57.63862586021423
Epoch: 94, Steps: 259 | Train Loss: 0.0356013 Vali Loss: 0.0907847 Test Loss: 0.2132235
EarlyStopping counter: 74 out of 100
Updating learning rate to 0.0025
	iters: 100, epoch: 95 | loss: 0.0694641
	speed: 0.3862s/iter; left time: 561.8696s
	iters: 200, epoch: 95 | loss: 0.1229492
	speed: 0.2673s/iter; left time: 362.1838s
Epoch: 95 cost time: 64.21720266342163
Epoch: 95, Steps: 259 | Train Loss: 0.0358957 Vali Loss: 0.0908142 Test Loss: 0.2224133
EarlyStopping counter: 75 out of 100
Updating learning rate to 0.0025
	iters: 100, epoch: 96 | loss: 0.0201756
	speed: 0.4720s/iter; left time: 564.5288s
	iters: 200, epoch: 96 | loss: 0.0266571
	speed: 0.2711s/iter; left time: 297.1439s
Epoch: 96 cost time: 62.24533176422119
Epoch: 96, Steps: 259 | Train Loss: 0.0338820 Vali Loss: 0.0801262 Test Loss: 0.1844529
EarlyStopping counter: 76 out of 100
Updating learning rate to 0.0025
	iters: 100, epoch: 97 | loss: 0.0219944
	speed: 0.3784s/iter; left time: 354.5212s
	iters: 200, epoch: 97 | loss: 0.0164789
	speed: 0.2391s/iter; left time: 200.0922s
Epoch: 97 cost time: 62.16007900238037
Epoch: 97, Steps: 259 | Train Loss: 0.0342183 Vali Loss: 0.0964237 Test Loss: 0.2349801
EarlyStopping counter: 77 out of 100
Updating learning rate to 0.0025
	iters: 100, epoch: 98 | loss: 0.0330636
	speed: 0.4573s/iter; left time: 310.0185s
	iters: 200, epoch: 98 | loss: 0.0205137
	speed: 0.2769s/iter; left time: 160.0296s
Epoch: 98 cost time: 66.69773817062378
Epoch: 98, Steps: 259 | Train Loss: 0.0350603 Vali Loss: 0.0872395 Test Loss: 0.1996832
EarlyStopping counter: 78 out of 100
Updating learning rate to 0.0025
	iters: 100, epoch: 99 | loss: 0.0285544
	speed: 0.4984s/iter; left time: 208.8308s
	iters: 200, epoch: 99 | loss: 0.0312917
	speed: 0.2453s/iter; left time: 78.2594s
Epoch: 99 cost time: 65.55381870269775
Epoch: 99, Steps: 259 | Train Loss: 0.0332303 Vali Loss: 0.0770539 Test Loss: 0.1915831
EarlyStopping counter: 79 out of 100
Updating learning rate to 0.0025
	iters: 100, epoch: 100 | loss: 0.0615182
	speed: 0.3968s/iter; left time: 63.4884s
	iters: 200, epoch: 100 | loss: 0.0468898
	speed: 0.2243s/iter; left time: 13.4587s
Epoch: 100 cost time: 61.11195611953735
Epoch: 100, Steps: 259 | Train Loss: 0.0348928 Vali Loss: 0.1027720 Test Loss: 0.2269918
EarlyStopping counter: 80 out of 100
Updating learning rate to 0.0025
>>>>>>>testing : 60_10_PatchTST_custom_ftM_sl60_ll48_pl10_dm16_nh4_el3_dl1_df128_fc1_ebtimeF_dtTrue_Exp_0<<<<<<<<<<<<<<<<<<<<<<<<<<<<<<<<<
test 1198
mse:0.4277542531490326, mae:0.3381304144859314, rse:0.1769915074110031
