Args in experiment:
Namespace(random_seed=2024, is_training=1, model_id='60_5', model='PatchTST', data='custom', root_path='./dataset/', data_path='sym_lv10.csv', features='M', target='Target', freq='h', checkpoints='./checkpoints/', seq_len=60, label_len=48, pred_len=5, fc_dropout=0.2, head_dropout=0.0, patch_len=5, stride=2, padding_patch='end', revin=1, affine=0, subtract_last=0, decomposition=0, kernel_size=25, individual=0, embed_type=0, enc_in=13, dec_in=7, c_out=7, d_model=16, n_heads=4, e_layers=3, d_layers=1, d_ff=128, moving_avg=25, factor=1, distil=True, dropout=0.2, embed='timeF', activation='gelu', output_attention=False, do_predict=False, num_workers=10, itr=1, train_epochs=100, batch_size=16, patience=100, learning_rate=0.0025, des='Exp', loss='mse', lradj='constant', pct_start=0.3, use_amp=False, use_gpu=False, gpu=0, use_multi_gpu=False, devices='0,1,2,3', test_flop=False)
Use CPU
>>>>>>>start training : 60_5_PatchTST_custom_ftM_sl60_ll48_pl5_dm16_nh4_el3_dl1_df128_fc1_ebtimeF_dtTrue_Exp_0>>>>>>>>>>>>>>>>>>>>>>>>>>
train 4161
val 601
test 1203
	iters: 100, epoch: 1 | loss: 0.0077728
	speed: 0.1011s/iter; left time: 2617.9990s
	iters: 200, epoch: 1 | loss: 0.0059657
	speed: 0.0972s/iter; left time: 2507.4124s
Epoch: 1 cost time: 25.760576963424683
Epoch: 1, Steps: 260 | Train Loss: 0.0103786 Vali Loss: 0.0036494 Test Loss: 0.0158733
Validation loss decreased (inf --> 0.003649).  Saving model ...
Updating learning rate to 0.0025
	iters: 100, epoch: 2 | loss: 0.0014791
	speed: 0.1901s/iter; left time: 4873.3488s
	iters: 200, epoch: 2 | loss: 0.0031683
	speed: 0.0968s/iter; left time: 2472.2807s
Epoch: 2 cost time: 25.444950580596924
Epoch: 2, Steps: 260 | Train Loss: 0.0021199 Vali Loss: 0.0022441 Test Loss: 0.0085692
Validation loss decreased (0.003649 --> 0.002244).  Saving model ...
Updating learning rate to 0.0025
	iters: 100, epoch: 3 | loss: 0.0014400
	speed: 0.1928s/iter; left time: 4894.5751s
	iters: 200, epoch: 3 | loss: 0.0010254
	speed: 0.0979s/iter; left time: 2476.1764s
Epoch: 3 cost time: 25.88789176940918
Epoch: 3, Steps: 260 | Train Loss: 0.0016612 Vali Loss: 0.0020350 Test Loss: 0.0083925
Validation loss decreased (0.002244 --> 0.002035).  Saving model ...
Updating learning rate to 0.0025
	iters: 100, epoch: 4 | loss: 0.0011048
	speed: 0.1934s/iter; left time: 4858.1438s
	iters: 200, epoch: 4 | loss: 0.0010331
	speed: 0.0971s/iter; left time: 2430.6141s
Epoch: 4 cost time: 25.646703958511353
Epoch: 4, Steps: 260 | Train Loss: 0.0016518 Vali Loss: 0.0019583 Test Loss: 0.0080659
Validation loss decreased (0.002035 --> 0.001958).  Saving model ...
Updating learning rate to 0.0025
	iters: 100, epoch: 5 | loss: 0.0014039
	speed: 0.1913s/iter; left time: 4755.7314s
	iters: 200, epoch: 5 | loss: 0.0006384
	speed: 0.0988s/iter; left time: 2446.7963s
Epoch: 5 cost time: 25.931931257247925
Epoch: 5, Steps: 260 | Train Loss: 0.0015067 Vali Loss: 0.0020707 Test Loss: 0.0082063
EarlyStopping counter: 1 out of 100
Updating learning rate to 0.0025
	iters: 100, epoch: 6 | loss: 0.0009243
	speed: 0.1915s/iter; left time: 4711.1233s
	iters: 200, epoch: 6 | loss: 0.0010622
	speed: 0.0970s/iter; left time: 2376.2496s
Epoch: 6 cost time: 25.505451679229736
Epoch: 6, Steps: 260 | Train Loss: 0.0015275 Vali Loss: 0.0020623 Test Loss: 0.0082741
EarlyStopping counter: 2 out of 100
Updating learning rate to 0.0025
	iters: 100, epoch: 7 | loss: 0.0015503
	speed: 0.1923s/iter; left time: 4681.6858s
	iters: 200, epoch: 7 | loss: 0.0012793
	speed: 0.0981s/iter; left time: 2378.7353s
Epoch: 7 cost time: 25.721611738204956
Epoch: 7, Steps: 260 | Train Loss: 0.0013803 Vali Loss: 0.0022094 Test Loss: 0.0083372
EarlyStopping counter: 3 out of 100
Updating learning rate to 0.0025
	iters: 100, epoch: 8 | loss: 0.0023075
	speed: 0.1899s/iter; left time: 4573.9913s
	iters: 200, epoch: 8 | loss: 0.0012869
	speed: 0.0989s/iter; left time: 2370.9173s
Epoch: 8 cost time: 25.829962491989136
Epoch: 8, Steps: 260 | Train Loss: 0.0014037 Vali Loss: 0.0020183 Test Loss: 0.0082102
EarlyStopping counter: 4 out of 100
Updating learning rate to 0.0025
	iters: 100, epoch: 9 | loss: 0.0008571
	speed: 0.1903s/iter; left time: 4533.2330s
	iters: 200, epoch: 9 | loss: 0.0016775
	speed: 0.0980s/iter; left time: 2325.3247s
Epoch: 9 cost time: 25.641913652420044
Epoch: 9, Steps: 260 | Train Loss: 0.0013476 Vali Loss: 0.0021857 Test Loss: 0.0081429
EarlyStopping counter: 5 out of 100
Updating learning rate to 0.0025
	iters: 100, epoch: 10 | loss: 0.0008373
	speed: 0.1904s/iter; left time: 4486.3760s
	iters: 200, epoch: 10 | loss: 0.0009274
	speed: 0.0964s/iter; left time: 2260.6839s
Epoch: 10 cost time: 25.505353927612305
Epoch: 10, Steps: 260 | Train Loss: 0.0013678 Vali Loss: 0.0019562 Test Loss: 0.0079070
Validation loss decreased (0.001958 --> 0.001956).  Saving model ...
Updating learning rate to 0.0025
	iters: 100, epoch: 11 | loss: 0.0013236
	speed: 0.1913s/iter; left time: 4457.8566s
	iters: 200, epoch: 11 | loss: 0.0015279
	speed: 0.0980s/iter; left time: 2273.6965s
Epoch: 11 cost time: 25.813340187072754
Epoch: 11, Steps: 260 | Train Loss: 0.0013760 Vali Loss: 0.0020056 Test Loss: 0.0082302
EarlyStopping counter: 1 out of 100
Updating learning rate to 0.0025
	iters: 100, epoch: 12 | loss: 0.0011603
	speed: 0.1930s/iter; left time: 4447.7210s
	iters: 200, epoch: 12 | loss: 0.0009822
	speed: 0.0969s/iter; left time: 2223.7875s
Epoch: 12 cost time: 25.510308980941772
Epoch: 12, Steps: 260 | Train Loss: 0.0013508 Vali Loss: 0.0019911 Test Loss: 0.0084523
EarlyStopping counter: 2 out of 100
Updating learning rate to 0.0025
	iters: 100, epoch: 13 | loss: 0.0006845
	speed: 0.1916s/iter; left time: 4365.8197s
	iters: 200, epoch: 13 | loss: 0.0035104
	speed: 0.1004s/iter; left time: 2277.7127s
Epoch: 13 cost time: 26.0321786403656
Epoch: 13, Steps: 260 | Train Loss: 0.0013305 Vali Loss: 0.0020361 Test Loss: 0.0080420
EarlyStopping counter: 3 out of 100
Updating learning rate to 0.0025
	iters: 100, epoch: 14 | loss: 0.0024459
	speed: 0.1907s/iter; left time: 4295.5885s
	iters: 200, epoch: 14 | loss: 0.0009043
	speed: 0.0970s/iter; left time: 2175.5354s
Epoch: 14 cost time: 25.631203413009644
Epoch: 14, Steps: 260 | Train Loss: 0.0013113 Vali Loss: 0.0022582 Test Loss: 0.0086469
EarlyStopping counter: 4 out of 100
Updating learning rate to 0.0025
	iters: 100, epoch: 15 | loss: 0.0006639
	speed: 0.1901s/iter; left time: 4231.6261s
	iters: 200, epoch: 15 | loss: 0.0011245
	speed: 0.0972s/iter; left time: 2153.1051s
Epoch: 15 cost time: 25.62517547607422
Epoch: 15, Steps: 260 | Train Loss: 0.0013243 Vali Loss: 0.0019775 Test Loss: 0.0086805
EarlyStopping counter: 5 out of 100
Updating learning rate to 0.0025
	iters: 100, epoch: 16 | loss: 0.0011094
	speed: 0.1934s/iter; left time: 4256.0115s
	iters: 200, epoch: 16 | loss: 0.0014499
	speed: 0.0968s/iter; left time: 2120.4518s
Epoch: 16 cost time: 25.682804107666016
Epoch: 16, Steps: 260 | Train Loss: 0.0013312 Vali Loss: 0.0024682 Test Loss: 0.0088012
EarlyStopping counter: 6 out of 100
Updating learning rate to 0.0025
	iters: 100, epoch: 17 | loss: 0.0011148
	speed: 0.1918s/iter; left time: 4169.9016s
	iters: 200, epoch: 17 | loss: 0.0007321
	speed: 0.0983s/iter; left time: 2128.0697s
Epoch: 17 cost time: 25.758145093917847
Epoch: 17, Steps: 260 | Train Loss: 0.0012533 Vali Loss: 0.0021486 Test Loss: 0.0082528
EarlyStopping counter: 7 out of 100
Updating learning rate to 0.0025
	iters: 100, epoch: 18 | loss: 0.0010712
	speed: 0.1928s/iter; left time: 4140.9177s
	iters: 200, epoch: 18 | loss: 0.0009663
	speed: 0.0994s/iter; left time: 2125.9828s
Epoch: 18 cost time: 25.883888721466064
Epoch: 18, Steps: 260 | Train Loss: 0.0012722 Vali Loss: 0.0021158 Test Loss: 0.0085436
EarlyStopping counter: 8 out of 100
Updating learning rate to 0.0025
	iters: 100, epoch: 19 | loss: 0.0005571
	speed: 0.1914s/iter; left time: 4061.1265s
	iters: 200, epoch: 19 | loss: 0.0004817
	speed: 0.0968s/iter; left time: 2045.5061s
Epoch: 19 cost time: 25.494138479232788
Epoch: 19, Steps: 260 | Train Loss: 0.0011879 Vali Loss: 0.0019579 Test Loss: 0.0078476
EarlyStopping counter: 9 out of 100
Updating learning rate to 0.0025
	iters: 100, epoch: 20 | loss: 0.0008082
	speed: 0.1915s/iter; left time: 4014.6248s
	iters: 200, epoch: 20 | loss: 0.0009083
	speed: 0.0977s/iter; left time: 2037.7909s
Epoch: 20 cost time: 25.639450550079346
Epoch: 20, Steps: 260 | Train Loss: 0.0012500 Vali Loss: 0.0022040 Test Loss: 0.0083724
EarlyStopping counter: 10 out of 100
Updating learning rate to 0.0025
	iters: 100, epoch: 21 | loss: 0.0010421
	speed: 0.1904s/iter; left time: 3940.7023s
	iters: 200, epoch: 21 | loss: 0.0004546
	speed: 0.0975s/iter; left time: 2008.8255s
Epoch: 21 cost time: 25.56617283821106
Epoch: 21, Steps: 260 | Train Loss: 0.0012086 Vali Loss: 0.0024042 Test Loss: 0.0086708
EarlyStopping counter: 11 out of 100
Updating learning rate to 0.0025
	iters: 100, epoch: 22 | loss: 0.0006243
	speed: 0.1902s/iter; left time: 3886.9819s
	iters: 200, epoch: 22 | loss: 0.0004595
	speed: 0.0961s/iter; left time: 1954.6324s
Epoch: 22 cost time: 25.398863315582275
Epoch: 22, Steps: 260 | Train Loss: 0.0012002 Vali Loss: 0.0020962 Test Loss: 0.0083792
EarlyStopping counter: 12 out of 100
Updating learning rate to 0.0025
	iters: 100, epoch: 23 | loss: 0.0014401
	speed: 0.1914s/iter; left time: 3863.1590s
	iters: 200, epoch: 23 | loss: 0.0010393
	speed: 0.0964s/iter; left time: 1935.9050s
Epoch: 23 cost time: 25.53191065788269
Epoch: 23, Steps: 260 | Train Loss: 0.0012057 Vali Loss: 0.0023098 Test Loss: 0.0089075
EarlyStopping counter: 13 out of 100
Updating learning rate to 0.0025
	iters: 100, epoch: 24 | loss: 0.0012908
	speed: 0.1933s/iter; left time: 3850.9392s
	iters: 200, epoch: 24 | loss: 0.0005837
	speed: 0.0967s/iter; left time: 1917.4695s
Epoch: 24 cost time: 25.753787517547607
Epoch: 24, Steps: 260 | Train Loss: 0.0012157 Vali Loss: 0.0020170 Test Loss: 0.0080519
EarlyStopping counter: 14 out of 100
Updating learning rate to 0.0025
	iters: 100, epoch: 25 | loss: 0.0018193
	speed: 0.1903s/iter; left time: 3740.9561s
	iters: 200, epoch: 25 | loss: 0.0009093
	speed: 0.0963s/iter; left time: 1883.8965s
Epoch: 25 cost time: 25.4049654006958
Epoch: 25, Steps: 260 | Train Loss: 0.0012323 Vali Loss: 0.0020668 Test Loss: 0.0080483
EarlyStopping counter: 15 out of 100
Updating learning rate to 0.0025
	iters: 100, epoch: 26 | loss: 0.0013211
	speed: 0.1923s/iter; left time: 3730.2120s
	iters: 200, epoch: 26 | loss: 0.0014241
	speed: 0.0997s/iter; left time: 1924.2589s
Epoch: 26 cost time: 26.210335731506348
Epoch: 26, Steps: 260 | Train Loss: 0.0012382 Vali Loss: 0.0027830 Test Loss: 0.0097542
EarlyStopping counter: 16 out of 100
Updating learning rate to 0.0025
	iters: 100, epoch: 27 | loss: 0.0019820
	speed: 0.1922s/iter; left time: 3678.3774s
	iters: 200, epoch: 27 | loss: 0.0009588
	speed: 0.1046s/iter; left time: 1991.2574s
Epoch: 27 cost time: 27.724540948867798
Epoch: 27, Steps: 260 | Train Loss: 0.0012456 Vali Loss: 0.0020498 Test Loss: 0.0083500
EarlyStopping counter: 17 out of 100
Updating learning rate to 0.0025
	iters: 100, epoch: 28 | loss: 0.0023813
	speed: 0.2174s/iter; left time: 4105.0107s
	iters: 200, epoch: 28 | loss: 0.0004292
	speed: 0.1016s/iter; left time: 1908.3558s
Epoch: 28 cost time: 27.14532494544983
Epoch: 28, Steps: 260 | Train Loss: 0.0011976 Vali Loss: 0.0024508 Test Loss: 0.0089335
EarlyStopping counter: 18 out of 100
Updating learning rate to 0.0025
	iters: 100, epoch: 29 | loss: 0.0014563
	speed: 0.1979s/iter; left time: 3685.8554s
	iters: 200, epoch: 29 | loss: 0.0054784
	speed: 0.0995s/iter; left time: 1843.2389s
Epoch: 29 cost time: 26.411641836166382
Epoch: 29, Steps: 260 | Train Loss: 0.0011676 Vali Loss: 0.0023867 Test Loss: 0.0085656
EarlyStopping counter: 19 out of 100
Updating learning rate to 0.0025
	iters: 100, epoch: 30 | loss: 0.0010722
	speed: 0.1960s/iter; left time: 3599.2460s
	iters: 200, epoch: 30 | loss: 0.0010773
	speed: 0.1010s/iter; left time: 1844.0193s
Epoch: 30 cost time: 26.686476945877075
Epoch: 30, Steps: 260 | Train Loss: 0.0011573 Vali Loss: 0.0023445 Test Loss: 0.0088002
EarlyStopping counter: 20 out of 100
Updating learning rate to 0.0025
	iters: 100, epoch: 31 | loss: 0.0010926
	speed: 0.1987s/iter; left time: 3596.6485s
	iters: 200, epoch: 31 | loss: 0.0008894
	speed: 0.1004s/iter; left time: 1806.9851s
Epoch: 31 cost time: 26.689871788024902
Epoch: 31, Steps: 260 | Train Loss: 0.0011648 Vali Loss: 0.0023898 Test Loss: 0.0087081
EarlyStopping counter: 21 out of 100
Updating learning rate to 0.0025
	iters: 100, epoch: 32 | loss: 0.0008607
	speed: 0.1960s/iter; left time: 3496.1389s
	iters: 200, epoch: 32 | loss: 0.0023269
	speed: 0.0980s/iter; left time: 1738.6354s
Epoch: 32 cost time: 26.06333088874817
Epoch: 32, Steps: 260 | Train Loss: 0.0011711 Vali Loss: 0.0025534 Test Loss: 0.0091669
EarlyStopping counter: 22 out of 100
Updating learning rate to 0.0025
	iters: 100, epoch: 33 | loss: 0.0022026
	speed: 0.1952s/iter; left time: 3431.3349s
	iters: 200, epoch: 33 | loss: 0.0011570
	speed: 0.0998s/iter; left time: 1743.8419s
Epoch: 33 cost time: 26.231463193893433
Epoch: 33, Steps: 260 | Train Loss: 0.0011617 Vali Loss: 0.0023901 Test Loss: 0.0087847
EarlyStopping counter: 23 out of 100
Updating learning rate to 0.0025
	iters: 100, epoch: 34 | loss: 0.0009319
	speed: 0.1931s/iter; left time: 3345.4041s
	iters: 200, epoch: 34 | loss: 0.0010837
	speed: 0.0991s/iter; left time: 1706.5834s
Epoch: 34 cost time: 25.811386585235596
Epoch: 34, Steps: 260 | Train Loss: 0.0011559 Vali Loss: 0.0022856 Test Loss: 0.0086967
EarlyStopping counter: 24 out of 100
Updating learning rate to 0.0025
	iters: 100, epoch: 35 | loss: 0.0007453
	speed: 0.1916s/iter; left time: 3269.3386s
	iters: 200, epoch: 35 | loss: 0.0007107
	speed: 0.0974s/iter; left time: 1651.6616s
Epoch: 35 cost time: 25.611602544784546
Epoch: 35, Steps: 260 | Train Loss: 0.0011470 Vali Loss: 0.0026059 Test Loss: 0.0091762
EarlyStopping counter: 25 out of 100
Updating learning rate to 0.0025
	iters: 100, epoch: 36 | loss: 0.0005635
	speed: 0.1912s/iter; left time: 3211.7522s
	iters: 200, epoch: 36 | loss: 0.0010984
	speed: 0.0977s/iter; left time: 1632.4408s
Epoch: 36 cost time: 25.7353196144104
Epoch: 36, Steps: 260 | Train Loss: 0.0011626 Vali Loss: 0.0023420 Test Loss: 0.0085647
EarlyStopping counter: 26 out of 100
Updating learning rate to 0.0025
	iters: 100, epoch: 37 | loss: 0.0009562
	speed: 0.1945s/iter; left time: 3217.9095s
	iters: 200, epoch: 37 | loss: 0.0032148
	speed: 0.0992s/iter; left time: 1630.1700s
Epoch: 37 cost time: 26.187718152999878
Epoch: 37, Steps: 260 | Train Loss: 0.0011311 Vali Loss: 0.0021513 Test Loss: 0.0083444
EarlyStopping counter: 27 out of 100
Updating learning rate to 0.0025
	iters: 100, epoch: 38 | loss: 0.0009524
	speed: 0.1950s/iter; left time: 3174.5012s
	iters: 200, epoch: 38 | loss: 0.0013341
	speed: 0.1002s/iter; left time: 1620.6702s
Epoch: 38 cost time: 26.341996908187866
Epoch: 38, Steps: 260 | Train Loss: 0.0011445 Vali Loss: 0.0022226 Test Loss: 0.0086443
EarlyStopping counter: 28 out of 100
Updating learning rate to 0.0025
	iters: 100, epoch: 39 | loss: 0.0004241
	speed: 0.1934s/iter; left time: 3097.8671s
	iters: 200, epoch: 39 | loss: 0.0028164
	speed: 0.0994s/iter; left time: 1582.1772s
Epoch: 39 cost time: 26.128065586090088
Epoch: 39, Steps: 260 | Train Loss: 0.0011378 Vali Loss: 0.0027220 Test Loss: 0.0094022
EarlyStopping counter: 29 out of 100
Updating learning rate to 0.0025
	iters: 100, epoch: 40 | loss: 0.0006578
	speed: 0.1971s/iter; left time: 3107.2471s
	iters: 200, epoch: 40 | loss: 0.0009869
	speed: 0.0989s/iter; left time: 1549.3762s
Epoch: 40 cost time: 26.31363558769226
Epoch: 40, Steps: 260 | Train Loss: 0.0011678 Vali Loss: 0.0025017 Test Loss: 0.0089666
EarlyStopping counter: 30 out of 100
Updating learning rate to 0.0025
	iters: 100, epoch: 41 | loss: 0.0014171
	speed: 0.1940s/iter; left time: 3007.4008s
	iters: 200, epoch: 41 | loss: 0.0004570
	speed: 0.0995s/iter; left time: 1532.4938s
Epoch: 41 cost time: 26.04322600364685
Epoch: 41, Steps: 260 | Train Loss: 0.0011393 Vali Loss: 0.0024054 Test Loss: 0.0088075
EarlyStopping counter: 31 out of 100
Updating learning rate to 0.0025
	iters: 100, epoch: 42 | loss: 0.0008202
	speed: 0.1944s/iter; left time: 2963.1677s
	iters: 200, epoch: 42 | loss: 0.0011286
	speed: 0.1007s/iter; left time: 1524.5428s
Epoch: 42 cost time: 26.195075035095215
Epoch: 42, Steps: 260 | Train Loss: 0.0011082 Vali Loss: 0.0028779 Test Loss: 0.0098809
EarlyStopping counter: 32 out of 100
Updating learning rate to 0.0025
	iters: 100, epoch: 43 | loss: 0.0009680
	speed: 0.1959s/iter; left time: 2934.9594s
	iters: 200, epoch: 43 | loss: 0.0007742
	speed: 0.1000s/iter; left time: 1488.3761s
Epoch: 43 cost time: 26.28501296043396
Epoch: 43, Steps: 260 | Train Loss: 0.0011315 Vali Loss: 0.0025678 Test Loss: 0.0093520
EarlyStopping counter: 33 out of 100
Updating learning rate to 0.0025
	iters: 100, epoch: 44 | loss: 0.0005663
	speed: 0.1931s/iter; left time: 2842.0504s
	iters: 200, epoch: 44 | loss: 0.0005536
	speed: 0.0996s/iter; left time: 1455.8771s
Epoch: 44 cost time: 26.001139402389526
Epoch: 44, Steps: 260 | Train Loss: 0.0011049 Vali Loss: 0.0023280 Test Loss: 0.0087996
EarlyStopping counter: 34 out of 100
Updating learning rate to 0.0025
	iters: 100, epoch: 45 | loss: 0.0006034
	speed: 0.1929s/iter; left time: 2789.8394s
	iters: 200, epoch: 45 | loss: 0.0012353
	speed: 0.0994s/iter; left time: 1427.4390s
Epoch: 45 cost time: 26.089308738708496
Epoch: 45, Steps: 260 | Train Loss: 0.0011120 Vali Loss: 0.0024801 Test Loss: 0.0088868
EarlyStopping counter: 35 out of 100
Updating learning rate to 0.0025
	iters: 100, epoch: 46 | loss: 0.0010600
	speed: 0.1926s/iter; left time: 2735.6988s
	iters: 200, epoch: 46 | loss: 0.0012087
	speed: 0.0990s/iter; left time: 1395.5765s
Epoch: 46 cost time: 26.005150318145752
Epoch: 46, Steps: 260 | Train Loss: 0.0011265 Vali Loss: 0.0024518 Test Loss: 0.0087651
EarlyStopping counter: 36 out of 100
Updating learning rate to 0.0025
	iters: 100, epoch: 47 | loss: 0.0012765
	speed: 0.1933s/iter; left time: 2695.3918s
	iters: 200, epoch: 47 | loss: 0.0005932
	speed: 0.0984s/iter; left time: 1361.6071s
Epoch: 47 cost time: 25.974554538726807
Epoch: 47, Steps: 260 | Train Loss: 0.0011290 Vali Loss: 0.0024371 Test Loss: 0.0088407
EarlyStopping counter: 37 out of 100
Updating learning rate to 0.0025
	iters: 100, epoch: 48 | loss: 0.0008029
	speed: 0.1927s/iter; left time: 2636.9952s
	iters: 200, epoch: 48 | loss: 0.0010290
	speed: 0.0990s/iter; left time: 1344.7868s
Epoch: 48 cost time: 26.095968008041382
Epoch: 48, Steps: 260 | Train Loss: 0.0011431 Vali Loss: 0.0025236 Test Loss: 0.0091423
EarlyStopping counter: 38 out of 100
Updating learning rate to 0.0025
	iters: 100, epoch: 49 | loss: 0.0008530
	speed: 0.1956s/iter; left time: 2624.8322s
	iters: 200, epoch: 49 | loss: 0.0005926
	speed: 0.0982s/iter; left time: 1308.5822s
Epoch: 49 cost time: 25.958159923553467
Epoch: 49, Steps: 260 | Train Loss: 0.0011195 Vali Loss: 0.0028227 Test Loss: 0.0095012
EarlyStopping counter: 39 out of 100
Updating learning rate to 0.0025
	iters: 100, epoch: 50 | loss: 0.0007499
	speed: 0.1942s/iter; left time: 2555.7134s
	iters: 200, epoch: 50 | loss: 0.0010808
	speed: 0.1003s/iter; left time: 1309.7071s
Epoch: 50 cost time: 26.00512719154358
Epoch: 50, Steps: 260 | Train Loss: 0.0011122 Vali Loss: 0.0028268 Test Loss: 0.0098290
EarlyStopping counter: 40 out of 100
Updating learning rate to 0.0025
	iters: 100, epoch: 51 | loss: 0.0013983
	speed: 0.1938s/iter; left time: 2499.8106s
	iters: 200, epoch: 51 | loss: 0.0007762
	speed: 0.0987s/iter; left time: 1264.0694s
Epoch: 51 cost time: 25.96651315689087
Epoch: 51, Steps: 260 | Train Loss: 0.0010844 Vali Loss: 0.0027063 Test Loss: 0.0094931
EarlyStopping counter: 41 out of 100
Updating learning rate to 0.0025
	iters: 100, epoch: 52 | loss: 0.0006706
	speed: 0.1942s/iter; left time: 2454.2551s
	iters: 200, epoch: 52 | loss: 0.0012376
	speed: 0.1009s/iter; left time: 1265.0007s
Epoch: 52 cost time: 26.210547924041748
Epoch: 52, Steps: 260 | Train Loss: 0.0010823 Vali Loss: 0.0029809 Test Loss: 0.0098549
EarlyStopping counter: 42 out of 100
Updating learning rate to 0.0025
	iters: 100, epoch: 53 | loss: 0.0011219
	speed: 0.1931s/iter; left time: 2391.3456s
	iters: 200, epoch: 53 | loss: 0.0019167
	speed: 0.0991s/iter; left time: 1216.8323s
Epoch: 53 cost time: 26.172154426574707
Epoch: 53, Steps: 260 | Train Loss: 0.0011153 Vali Loss: 0.0027190 Test Loss: 0.0097684
EarlyStopping counter: 43 out of 100
Updating learning rate to 0.0025
	iters: 100, epoch: 54 | loss: 0.0008492
	speed: 0.1952s/iter; left time: 2366.1166s
	iters: 200, epoch: 54 | loss: 0.0005388
	speed: 0.1010s/iter; left time: 1214.1320s
Epoch: 54 cost time: 26.40091586112976
Epoch: 54, Steps: 260 | Train Loss: 0.0010963 Vali Loss: 0.0023076 Test Loss: 0.0088443
EarlyStopping counter: 44 out of 100
Updating learning rate to 0.0025
	iters: 100, epoch: 55 | loss: 0.0007729
	speed: 0.1961s/iter; left time: 2326.4669s
	iters: 200, epoch: 55 | loss: 0.0008861
	speed: 0.0995s/iter; left time: 1169.7673s
Epoch: 55 cost time: 26.1191349029541
Epoch: 55, Steps: 260 | Train Loss: 0.0011159 Vali Loss: 0.0022589 Test Loss: 0.0087944
EarlyStopping counter: 45 out of 100
Updating learning rate to 0.0025
	iters: 100, epoch: 56 | loss: 0.0006989
	speed: 0.1955s/iter; left time: 2267.7919s
	iters: 200, epoch: 56 | loss: 0.0021396
	speed: 0.0988s/iter; left time: 1135.7621s
Epoch: 56 cost time: 26.113349437713623
Epoch: 56, Steps: 260 | Train Loss: 0.0011082 Vali Loss: 0.0024355 Test Loss: 0.0088751
EarlyStopping counter: 46 out of 100
Updating learning rate to 0.0025
	iters: 100, epoch: 57 | loss: 0.0004778
	speed: 0.1949s/iter; left time: 2210.2522s
	iters: 200, epoch: 57 | loss: 0.0009901
	speed: 0.0981s/iter; left time: 1103.1841s
Epoch: 57 cost time: 26.072213172912598
Epoch: 57, Steps: 260 | Train Loss: 0.0011035 Vali Loss: 0.0027364 Test Loss: 0.0097108
EarlyStopping counter: 47 out of 100
Updating learning rate to 0.0025
	iters: 100, epoch: 58 | loss: 0.0012697
	speed: 0.1983s/iter; left time: 2197.7408s
	iters: 200, epoch: 58 | loss: 0.0009128
	speed: 0.1000s/iter; left time: 1098.4741s
Epoch: 58 cost time: 26.490314245224
Epoch: 58, Steps: 260 | Train Loss: 0.0011261 Vali Loss: 0.0022683 Test Loss: 0.0088037
EarlyStopping counter: 48 out of 100
Updating learning rate to 0.0025
	iters: 100, epoch: 59 | loss: 0.0007400
	speed: 0.1945s/iter; left time: 2104.6376s
	iters: 200, epoch: 59 | loss: 0.0007017
	speed: 0.0986s/iter; left time: 1056.8150s
Epoch: 59 cost time: 25.991127014160156
Epoch: 59, Steps: 260 | Train Loss: 0.0010740 Vali Loss: 0.0028058 Test Loss: 0.0094996
EarlyStopping counter: 49 out of 100
Updating learning rate to 0.0025
	iters: 100, epoch: 60 | loss: 0.0008771
	speed: 0.1956s/iter; left time: 2065.2339s
	iters: 200, epoch: 60 | loss: 0.0013746
	speed: 0.0991s/iter; left time: 1036.3626s
Epoch: 60 cost time: 26.043235301971436
Epoch: 60, Steps: 260 | Train Loss: 0.0011039 Vali Loss: 0.0024855 Test Loss: 0.0091639
EarlyStopping counter: 50 out of 100
Updating learning rate to 0.0025
	iters: 100, epoch: 61 | loss: 0.0007039
	speed: 0.1953s/iter; left time: 2011.3576s
	iters: 200, epoch: 61 | loss: 0.0004920
	speed: 0.0989s/iter; left time: 1008.8492s
Epoch: 61 cost time: 26.025869607925415
Epoch: 61, Steps: 260 | Train Loss: 0.0010889 Vali Loss: 0.0024655 Test Loss: 0.0094751
EarlyStopping counter: 51 out of 100
Updating learning rate to 0.0025
	iters: 100, epoch: 62 | loss: 0.0015410
	speed: 0.1932s/iter; left time: 1939.5780s
	iters: 200, epoch: 62 | loss: 0.0006822
	speed: 0.0990s/iter; left time: 984.5784s
Epoch: 62 cost time: 26.11072039604187
Epoch: 62, Steps: 260 | Train Loss: 0.0010939 Vali Loss: 0.0026089 Test Loss: 0.0094337
EarlyStopping counter: 52 out of 100
Updating learning rate to 0.0025
	iters: 100, epoch: 63 | loss: 0.0007098
	speed: 0.1961s/iter; left time: 1918.4174s
	iters: 200, epoch: 63 | loss: 0.0009115
	speed: 0.0989s/iter; left time: 957.2866s
Epoch: 63 cost time: 26.22505760192871
Epoch: 63, Steps: 260 | Train Loss: 0.0010900 Vali Loss: 0.0029012 Test Loss: 0.0102846
EarlyStopping counter: 53 out of 100
Updating learning rate to 0.0025
	iters: 100, epoch: 64 | loss: 0.0007111
	speed: 0.1940s/iter; left time: 1847.3708s
	iters: 200, epoch: 64 | loss: 0.0013089
	speed: 0.0992s/iter; left time: 934.3263s
Epoch: 64 cost time: 26.016094207763672
Epoch: 64, Steps: 260 | Train Loss: 0.0010766 Vali Loss: 0.0027511 Test Loss: 0.0096193
EarlyStopping counter: 54 out of 100
Updating learning rate to 0.0025
	iters: 100, epoch: 65 | loss: 0.0009173
	speed: 0.1944s/iter; left time: 1800.2172s
	iters: 200, epoch: 65 | loss: 0.0008744
	speed: 0.0996s/iter; left time: 912.3940s
Epoch: 65 cost time: 26.482076168060303
Epoch: 65, Steps: 260 | Train Loss: 0.0010749 Vali Loss: 0.0025149 Test Loss: 0.0093342
EarlyStopping counter: 55 out of 100
Updating learning rate to 0.0025
	iters: 100, epoch: 66 | loss: 0.0015493
	speed: 0.1966s/iter; left time: 1770.0079s
	iters: 200, epoch: 66 | loss: 0.0007092
	speed: 0.0981s/iter; left time: 873.4766s
Epoch: 66 cost time: 25.945867776870728
Epoch: 66, Steps: 260 | Train Loss: 0.0010911 Vali Loss: 0.0026376 Test Loss: 0.0094833
EarlyStopping counter: 56 out of 100
Updating learning rate to 0.0025
	iters: 100, epoch: 67 | loss: 0.0018884
	speed: 0.1954s/iter; left time: 1707.8228s
	iters: 200, epoch: 67 | loss: 0.0009710
	speed: 0.0982s/iter; left time: 848.2841s
Epoch: 67 cost time: 25.9579598903656
Epoch: 67, Steps: 260 | Train Loss: 0.0010948 Vali Loss: 0.0029914 Test Loss: 0.0098833
EarlyStopping counter: 57 out of 100
Updating learning rate to 0.0025
	iters: 100, epoch: 68 | loss: 0.0011872
	speed: 0.1940s/iter; left time: 1645.4989s
	iters: 200, epoch: 68 | loss: 0.0011622
	speed: 0.1004s/iter; left time: 841.7229s
Epoch: 68 cost time: 26.105789184570312
Epoch: 68, Steps: 260 | Train Loss: 0.0010826 Vali Loss: 0.0028391 Test Loss: 0.0100564
EarlyStopping counter: 58 out of 100
Updating learning rate to 0.0025
	iters: 100, epoch: 69 | loss: 0.0004479
	speed: 0.1935s/iter; left time: 1590.7142s
	iters: 200, epoch: 69 | loss: 0.0005642
	speed: 0.0976s/iter; left time: 792.8170s
Epoch: 69 cost time: 25.732348203659058
Epoch: 69, Steps: 260 | Train Loss: 0.0010611 Vali Loss: 0.0024695 Test Loss: 0.0086941
EarlyStopping counter: 59 out of 100
Updating learning rate to 0.0025
	iters: 100, epoch: 70 | loss: 0.0007093
	speed: 0.1925s/iter; left time: 1532.1801s
	iters: 200, epoch: 70 | loss: 0.0015113
	speed: 0.0989s/iter; left time: 777.7618s
Epoch: 70 cost time: 25.963016510009766
Epoch: 70, Steps: 260 | Train Loss: 0.0010702 Vali Loss: 0.0027944 Test Loss: 0.0105716
EarlyStopping counter: 60 out of 100
Updating learning rate to 0.0025
	iters: 100, epoch: 71 | loss: 0.0009423
	speed: 0.1938s/iter; left time: 1492.1160s
	iters: 200, epoch: 71 | loss: 0.0007146
	speed: 0.0979s/iter; left time: 744.4070s
Epoch: 71 cost time: 25.90577530860901
Epoch: 71, Steps: 260 | Train Loss: 0.0010707 Vali Loss: 0.0026726 Test Loss: 0.0095803
EarlyStopping counter: 61 out of 100
Updating learning rate to 0.0025
	iters: 100, epoch: 72 | loss: 0.0006447
	speed: 0.1935s/iter; left time: 1439.5816s
	iters: 200, epoch: 72 | loss: 0.0008559
	speed: 0.0972s/iter; left time: 713.6344s
Epoch: 72 cost time: 25.800010204315186
Epoch: 72, Steps: 260 | Train Loss: 0.0010769 Vali Loss: 0.0029359 Test Loss: 0.0099181
EarlyStopping counter: 62 out of 100
Updating learning rate to 0.0025
	iters: 100, epoch: 73 | loss: 0.0009623
	speed: 0.1921s/iter; left time: 1379.6020s
	iters: 200, epoch: 73 | loss: 0.0012820
	speed: 0.0975s/iter; left time: 690.2569s
Epoch: 73 cost time: 25.707252502441406
Epoch: 73, Steps: 260 | Train Loss: 0.0011008 Vali Loss: 0.0026841 Test Loss: 0.0097119
EarlyStopping counter: 63 out of 100
Updating learning rate to 0.0025
	iters: 100, epoch: 74 | loss: 0.0009338
	speed: 0.1919s/iter; left time: 1328.4849s
	iters: 200, epoch: 74 | loss: 0.0006678
	speed: 0.0995s/iter; left time: 678.5682s
Epoch: 74 cost time: 25.823593378067017
Epoch: 74, Steps: 260 | Train Loss: 0.0010615 Vali Loss: 0.0028294 Test Loss: 0.0098776
EarlyStopping counter: 64 out of 100
Updating learning rate to 0.0025
	iters: 100, epoch: 75 | loss: 0.0007366
	speed: 0.1946s/iter; left time: 1295.9227s
	iters: 200, epoch: 75 | loss: 0.0006465
	speed: 0.0973s/iter; left time: 638.3521s
Epoch: 75 cost time: 25.87306022644043
Epoch: 75, Steps: 260 | Train Loss: 0.0010569 Vali Loss: 0.0026318 Test Loss: 0.0097772
EarlyStopping counter: 65 out of 100
Updating learning rate to 0.0025
	iters: 100, epoch: 76 | loss: 0.0009106
	speed: 0.1929s/iter; left time: 1234.6697s
	iters: 200, epoch: 76 | loss: 0.0009169
	speed: 0.1000s/iter; left time: 630.1023s
Epoch: 76 cost time: 26.230990886688232
Epoch: 76, Steps: 260 | Train Loss: 0.0010547 Vali Loss: 0.0028929 Test Loss: 0.0096725
EarlyStopping counter: 66 out of 100
Updating learning rate to 0.0025
	iters: 100, epoch: 77 | loss: 0.0015355
	speed: 0.1951s/iter; left time: 1198.3525s
	iters: 200, epoch: 77 | loss: 0.0006108
	speed: 0.0976s/iter; left time: 589.5129s
Epoch: 77 cost time: 25.91570734977722
Epoch: 77, Steps: 260 | Train Loss: 0.0010831 Vali Loss: 0.0032111 Test Loss: 0.0110940
EarlyStopping counter: 67 out of 100
Updating learning rate to 0.0025
	iters: 100, epoch: 78 | loss: 0.0006831
	speed: 0.1942s/iter; left time: 1141.8455s
	iters: 200, epoch: 78 | loss: 0.0006257
	speed: 0.0971s/iter; left time: 561.2430s
Epoch: 78 cost time: 25.90123176574707
Epoch: 78, Steps: 260 | Train Loss: 0.0010656 Vali Loss: 0.0026333 Test Loss: 0.0094819
EarlyStopping counter: 68 out of 100
Updating learning rate to 0.0025
	iters: 100, epoch: 79 | loss: 0.0009605
	speed: 0.1936s/iter; left time: 1088.0313s
	iters: 200, epoch: 79 | loss: 0.0008279
	speed: 0.0977s/iter; left time: 539.1806s
Epoch: 79 cost time: 25.918602228164673
Epoch: 79, Steps: 260 | Train Loss: 0.0010464 Vali Loss: 0.0023387 Test Loss: 0.0087238
EarlyStopping counter: 69 out of 100
Updating learning rate to 0.0025
	iters: 100, epoch: 80 | loss: 0.0009873
	speed: 0.1947s/iter; left time: 1043.9678s
	iters: 200, epoch: 80 | loss: 0.0010571
	speed: 0.0985s/iter; left time: 517.9488s
Epoch: 80 cost time: 26.094021797180176
Epoch: 80, Steps: 260 | Train Loss: 0.0010626 Vali Loss: 0.0028582 Test Loss: 0.0096571
EarlyStopping counter: 70 out of 100
Updating learning rate to 0.0025
	iters: 100, epoch: 81 | loss: 0.0011610
	speed: 0.1944s/iter; left time: 991.6395s
	iters: 200, epoch: 81 | loss: 0.0015375
	speed: 0.0983s/iter; left time: 491.6727s
Epoch: 81 cost time: 25.915250539779663
Epoch: 81, Steps: 260 | Train Loss: 0.0010381 Vali Loss: 0.0025826 Test Loss: 0.0093052
EarlyStopping counter: 71 out of 100
Updating learning rate to 0.0025
	iters: 100, epoch: 82 | loss: 0.0019594
	speed: 0.1945s/iter; left time: 941.5223s
	iters: 200, epoch: 82 | loss: 0.0008713
	speed: 0.0973s/iter; left time: 461.5280s
Epoch: 82 cost time: 25.692403078079224
Epoch: 82, Steps: 260 | Train Loss: 0.0010462 Vali Loss: 0.0028769 Test Loss: 0.0102625
EarlyStopping counter: 72 out of 100
Updating learning rate to 0.0025
	iters: 100, epoch: 83 | loss: 0.0011155
	speed: 0.1924s/iter; left time: 881.4973s
	iters: 200, epoch: 83 | loss: 0.0014640
	speed: 0.0977s/iter; left time: 437.8949s
Epoch: 83 cost time: 25.926060914993286
Epoch: 83, Steps: 260 | Train Loss: 0.0010528 Vali Loss: 0.0029670 Test Loss: 0.0104340
EarlyStopping counter: 73 out of 100
Updating learning rate to 0.0025
	iters: 100, epoch: 84 | loss: 0.0006987
	speed: 0.1936s/iter; left time: 836.5279s
	iters: 200, epoch: 84 | loss: 0.0005630
	speed: 0.0983s/iter; left time: 414.8721s
Epoch: 84 cost time: 25.891464948654175
Epoch: 84, Steps: 260 | Train Loss: 0.0010529 Vali Loss: 0.0025138 Test Loss: 0.0089667
EarlyStopping counter: 74 out of 100
Updating learning rate to 0.0025
	iters: 100, epoch: 85 | loss: 0.0015349
	speed: 0.1942s/iter; left time: 788.6967s
	iters: 200, epoch: 85 | loss: 0.0012340
	speed: 0.0986s/iter; left time: 390.5604s
Epoch: 85 cost time: 25.972728490829468
Epoch: 85, Steps: 260 | Train Loss: 0.0010782 Vali Loss: 0.0028403 Test Loss: 0.0098952
EarlyStopping counter: 75 out of 100
Updating learning rate to 0.0025
	iters: 100, epoch: 86 | loss: 0.0014258
	speed: 0.1938s/iter; left time: 736.5796s
	iters: 200, epoch: 86 | loss: 0.0007676
	speed: 0.1004s/iter; left time: 371.7053s
Epoch: 86 cost time: 26.204293727874756
Epoch: 86, Steps: 260 | Train Loss: 0.0010463 Vali Loss: 0.0024737 Test Loss: 0.0088312
EarlyStopping counter: 76 out of 100
Updating learning rate to 0.0025
	iters: 100, epoch: 87 | loss: 0.0022483
	speed: 0.1925s/iter; left time: 681.6622s
	iters: 200, epoch: 87 | loss: 0.0013407
	speed: 0.0986s/iter; left time: 339.4487s
Epoch: 87 cost time: 25.828596830368042
Epoch: 87, Steps: 260 | Train Loss: 0.0010683 Vali Loss: 0.0028301 Test Loss: 0.0103496
EarlyStopping counter: 77 out of 100
Updating learning rate to 0.0025
	iters: 100, epoch: 88 | loss: 0.0008006
	speed: 0.1932s/iter; left time: 634.0348s
	iters: 200, epoch: 88 | loss: 0.0007270
	speed: 0.0978s/iter; left time: 310.9716s
Epoch: 88 cost time: 25.698875427246094
Epoch: 88, Steps: 260 | Train Loss: 0.0010395 Vali Loss: 0.0026351 Test Loss: 0.0094018
EarlyStopping counter: 78 out of 100
Updating learning rate to 0.0025
	iters: 100, epoch: 89 | loss: 0.0005485
	speed: 0.1920s/iter; left time: 580.0204s
	iters: 200, epoch: 89 | loss: 0.0011821
	speed: 0.0991s/iter; left time: 289.5421s
Epoch: 89 cost time: 25.99077796936035
Epoch: 89, Steps: 260 | Train Loss: 0.0010735 Vali Loss: 0.0029447 Test Loss: 0.0103095
EarlyStopping counter: 79 out of 100
Updating learning rate to 0.0025
	iters: 100, epoch: 90 | loss: 0.0012071
	speed: 0.1933s/iter; left time: 533.8269s
	iters: 200, epoch: 90 | loss: 0.0007574
	speed: 0.0995s/iter; left time: 264.6691s
Epoch: 90 cost time: 26.01480007171631
Epoch: 90, Steps: 260 | Train Loss: 0.0010521 Vali Loss: 0.0030845 Test Loss: 0.0105372
EarlyStopping counter: 80 out of 100
Updating learning rate to 0.0025
	iters: 100, epoch: 91 | loss: 0.0004698
	speed: 0.1926s/iter; left time: 481.7227s
	iters: 200, epoch: 91 | loss: 0.0009271
	speed: 0.1008s/iter; left time: 242.0560s
Epoch: 91 cost time: 26.209216117858887
Epoch: 91, Steps: 260 | Train Loss: 0.0010600 Vali Loss: 0.0024745 Test Loss: 0.0091129
EarlyStopping counter: 81 out of 100
Updating learning rate to 0.0025
	iters: 100, epoch: 92 | loss: 0.0004242
	speed: 0.1917s/iter; left time: 429.6495s
	iters: 200, epoch: 92 | loss: 0.0006357
	speed: 0.0990s/iter; left time: 212.0501s
Epoch: 92 cost time: 25.954777002334595
Epoch: 92, Steps: 260 | Train Loss: 0.0010364 Vali Loss: 0.0030258 Test Loss: 0.0102480
EarlyStopping counter: 82 out of 100
Updating learning rate to 0.0025
	iters: 100, epoch: 93 | loss: 0.0007420
	speed: 0.1934s/iter; left time: 383.1735s
	iters: 200, epoch: 93 | loss: 0.0007414
	speed: 0.1023s/iter; left time: 192.4889s
Epoch: 93 cost time: 26.41206693649292
Epoch: 93, Steps: 260 | Train Loss: 0.0010550 Vali Loss: 0.0028551 Test Loss: 0.0103659
EarlyStopping counter: 83 out of 100
Updating learning rate to 0.0025
	iters: 100, epoch: 94 | loss: 0.0007392
	speed: 0.1952s/iter; left time: 335.8963s
	iters: 200, epoch: 94 | loss: 0.0009754
	speed: 0.0985s/iter; left time: 159.7291s
Epoch: 94 cost time: 25.801485776901245
Epoch: 94, Steps: 260 | Train Loss: 0.0010449 Vali Loss: 0.0026531 Test Loss: 0.0099154
EarlyStopping counter: 84 out of 100
Updating learning rate to 0.0025
	iters: 100, epoch: 95 | loss: 0.0005190
	speed: 0.1932s/iter; left time: 282.2487s
	iters: 200, epoch: 95 | loss: 0.0012599
	speed: 0.1006s/iter; left time: 136.9526s
Epoch: 95 cost time: 26.277078866958618
Epoch: 95, Steps: 260 | Train Loss: 0.0010204 Vali Loss: 0.0026153 Test Loss: 0.0096460
EarlyStopping counter: 85 out of 100
Updating learning rate to 0.0025
	iters: 100, epoch: 96 | loss: 0.0004939
	speed: 0.1945s/iter; left time: 233.5963s
	iters: 200, epoch: 96 | loss: 0.0015291
	speed: 0.0992s/iter; left time: 109.1739s
Epoch: 96 cost time: 25.928023099899292
Epoch: 96, Steps: 260 | Train Loss: 0.0010212 Vali Loss: 0.0026807 Test Loss: 0.0092596
EarlyStopping counter: 86 out of 100
Updating learning rate to 0.0025
	iters: 100, epoch: 97 | loss: 0.0007007
	speed: 0.1942s/iter; left time: 182.7684s
	iters: 200, epoch: 97 | loss: 0.0004865
	speed: 0.1014s/iter; left time: 85.2995s
Epoch: 97 cost time: 26.284927368164062
Epoch: 97, Steps: 260 | Train Loss: 0.0010429 Vali Loss: 0.0029731 Test Loss: 0.0106288
EarlyStopping counter: 87 out of 100
Updating learning rate to 0.0025
	iters: 100, epoch: 98 | loss: 0.0004862
	speed: 0.1948s/iter; left time: 132.6436s
	iters: 200, epoch: 98 | loss: 0.0005104
	speed: 0.1002s/iter; left time: 58.2300s
Epoch: 98 cost time: 26.04880976676941
Epoch: 98, Steps: 260 | Train Loss: 0.0010433 Vali Loss: 0.0029399 Test Loss: 0.0102743
EarlyStopping counter: 88 out of 100
Updating learning rate to 0.0025
	iters: 100, epoch: 99 | loss: 0.0008088
	speed: 0.1945s/iter; left time: 81.8705s
	iters: 200, epoch: 99 | loss: 0.0005784
	speed: 0.1001s/iter; left time: 32.1441s
Epoch: 99 cost time: 26.435582399368286
Epoch: 99, Steps: 260 | Train Loss: 0.0010310 Vali Loss: 0.0030392 Test Loss: 0.0102629
EarlyStopping counter: 89 out of 100
Updating learning rate to 0.0025
	iters: 100, epoch: 100 | loss: 0.0006943
	speed: 0.1965s/iter; left time: 31.6380s
	iters: 200, epoch: 100 | loss: 0.0003817
	speed: 0.0979s/iter; left time: 5.9745s
Epoch: 100 cost time: 26.15666174888611
Epoch: 100, Steps: 260 | Train Loss: 0.0010394 Vali Loss: 0.0024754 Test Loss: 0.0091371
EarlyStopping counter: 90 out of 100
Updating learning rate to 0.0025
>>>>>>>testing : 60_5_PatchTST_custom_ftM_sl60_ll48_pl5_dm16_nh4_el3_dl1_df128_fc1_ebtimeF_dtTrue_Exp_0<<<<<<<<<<<<<<<<<<<<<<<<<<<<<<<<<
test 1203
mse:0.007906978018581867, mae:0.030951999127864838, rse:0.02760106883943081
