Args in experiment:
Namespace(random_seed=2024, is_training=1, model_id='60_1', model='PatchTST', data='custom', root_path='./dataset/', data_path='sym_lv9.csv', features='M', target='Target', freq='h', checkpoints='./checkpoints/', seq_len=60, label_len=48, pred_len=1, fc_dropout=0.2, head_dropout=0.0, patch_len=5, stride=2, padding_patch='end', revin=1, affine=0, subtract_last=0, decomposition=0, kernel_size=25, individual=0, embed_type=0, enc_in=12, dec_in=7, c_out=7, d_model=16, n_heads=4, e_layers=3, d_layers=1, d_ff=128, moving_avg=25, factor=1, distil=True, dropout=0.2, embed='timeF', activation='gelu', output_attention=False, do_predict=False, num_workers=10, itr=1, train_epochs=100, batch_size=16, patience=100, learning_rate=0.0025, des='Exp', loss='mse', lradj='constant', pct_start=0.3, use_amp=False, use_gpu=False, gpu=0, use_multi_gpu=False, devices='0,1,2,3', test_flop=False)
Use CPU
>>>>>>>start training : 60_1_PatchTST_custom_ftM_sl60_ll48_pl1_dm16_nh4_el3_dl1_df128_fc1_ebtimeF_dtTrue_Exp_0>>>>>>>>>>>>>>>>>>>>>>>>>>
train 4165
val 605
test 1207
	iters: 100, epoch: 1 | loss: 0.0069918
	speed: 0.1020s/iter; left time: 2643.1705s
	iters: 200, epoch: 1 | loss: 0.0098328
	speed: 0.1011s/iter; left time: 2609.6933s
Epoch: 1 cost time: 26.392950773239136
Epoch: 1, Steps: 260 | Train Loss: 0.0235809 Vali Loss: 0.0036381 Test Loss: 0.0125685
Validation loss decreased (inf --> 0.003638).  Saving model ...
Updating learning rate to 0.0025
	iters: 100, epoch: 2 | loss: 0.0028398
	speed: 0.1985s/iter; left time: 5089.9952s
	iters: 200, epoch: 2 | loss: 0.0016911
	speed: 0.1017s/iter; left time: 2597.1041s
Epoch: 2 cost time: 26.712136030197144
Epoch: 2, Steps: 260 | Train Loss: 0.0024966 Vali Loss: 0.0008968 Test Loss: 0.0034867
Validation loss decreased (0.003638 --> 0.000897).  Saving model ...
Updating learning rate to 0.0025
	iters: 100, epoch: 3 | loss: 0.0010418
	speed: 0.2000s/iter; left time: 5075.1782s
	iters: 200, epoch: 3 | loss: 0.0004149
	speed: 0.1004s/iter; left time: 2538.6406s
Epoch: 3 cost time: 26.671128749847412
Epoch: 3, Steps: 260 | Train Loss: 0.0014690 Vali Loss: 0.0008490 Test Loss: 0.0033861
Validation loss decreased (0.000897 --> 0.000849).  Saving model ...
Updating learning rate to 0.0025
	iters: 100, epoch: 4 | loss: 0.0009113
	speed: 0.1968s/iter; left time: 4943.4757s
	iters: 200, epoch: 4 | loss: 0.0012582
	speed: 0.1005s/iter; left time: 2514.9781s
Epoch: 4 cost time: 26.416273593902588
Epoch: 4, Steps: 260 | Train Loss: 0.0011744 Vali Loss: 0.0007945 Test Loss: 0.0033315
Validation loss decreased (0.000849 --> 0.000794).  Saving model ...
Updating learning rate to 0.0025
	iters: 100, epoch: 5 | loss: 0.0017406
	speed: 0.1975s/iter; left time: 4909.8414s
	iters: 200, epoch: 5 | loss: 0.0010365
	speed: 0.1017s/iter; left time: 2518.0607s
Epoch: 5 cost time: 26.695343017578125
Epoch: 5, Steps: 260 | Train Loss: 0.0013404 Vali Loss: 0.0007455 Test Loss: 0.0032333
Validation loss decreased (0.000794 --> 0.000746).  Saving model ...
Updating learning rate to 0.0025
	iters: 100, epoch: 6 | loss: 0.0007931
	speed: 0.1963s/iter; left time: 4829.1562s
	iters: 200, epoch: 6 | loss: 0.0007652
	speed: 0.1015s/iter; left time: 2487.0215s
Epoch: 6 cost time: 26.471095085144043
Epoch: 6, Steps: 260 | Train Loss: 0.0009998 Vali Loss: 0.0007403 Test Loss: 0.0033056
Validation loss decreased (0.000746 --> 0.000740).  Saving model ...
Updating learning rate to 0.0025
	iters: 100, epoch: 7 | loss: 0.0015171
	speed: 0.1961s/iter; left time: 4772.8580s
	iters: 200, epoch: 7 | loss: 0.0035561
	speed: 0.1008s/iter; left time: 2444.6120s
Epoch: 7 cost time: 26.484039545059204
Epoch: 7, Steps: 260 | Train Loss: 0.0012800 Vali Loss: 0.0007334 Test Loss: 0.0031575
Validation loss decreased (0.000740 --> 0.000733).  Saving model ...
Updating learning rate to 0.0025
	iters: 100, epoch: 8 | loss: 0.0017908
	speed: 0.1987s/iter; left time: 4784.9062s
	iters: 200, epoch: 8 | loss: 0.0011129
	speed: 0.1015s/iter; left time: 2434.0978s
Epoch: 8 cost time: 26.884204864501953
Epoch: 8, Steps: 260 | Train Loss: 0.0008802 Vali Loss: 0.0007919 Test Loss: 0.0033706
EarlyStopping counter: 1 out of 100
Updating learning rate to 0.0025
	iters: 100, epoch: 9 | loss: 0.0007606
	speed: 0.1972s/iter; left time: 4698.1992s
	iters: 200, epoch: 9 | loss: 0.0006921
	speed: 0.0995s/iter; left time: 2359.8756s
Epoch: 9 cost time: 26.42429518699646
Epoch: 9, Steps: 260 | Train Loss: 0.0010422 Vali Loss: 0.0010440 Test Loss: 0.0040079
EarlyStopping counter: 2 out of 100
Updating learning rate to 0.0025
	iters: 100, epoch: 10 | loss: 0.0008013
	speed: 0.1961s/iter; left time: 4620.0564s
	iters: 200, epoch: 10 | loss: 0.0009891
	speed: 0.1014s/iter; left time: 2379.4214s
Epoch: 10 cost time: 26.559051513671875
Epoch: 10, Steps: 260 | Train Loss: 0.0008936 Vali Loss: 0.0008393 Test Loss: 0.0035469
EarlyStopping counter: 3 out of 100
Updating learning rate to 0.0025
	iters: 100, epoch: 11 | loss: 0.0005832
	speed: 0.1977s/iter; left time: 4607.5679s
	iters: 200, epoch: 11 | loss: 0.0004681
	speed: 0.1012s/iter; left time: 2347.2958s
Epoch: 11 cost time: 26.528727293014526
Epoch: 11, Steps: 260 | Train Loss: 0.0008915 Vali Loss: 0.0007827 Test Loss: 0.0033217
EarlyStopping counter: 4 out of 100
Updating learning rate to 0.0025
	iters: 100, epoch: 12 | loss: 0.0012434
	speed: 0.1987s/iter; left time: 4578.3446s
	iters: 200, epoch: 12 | loss: 0.0010883
	speed: 0.1016s/iter; left time: 2331.4226s
Epoch: 12 cost time: 26.8565731048584
Epoch: 12, Steps: 260 | Train Loss: 0.0009916 Vali Loss: 0.0019125 Test Loss: 0.0063437
EarlyStopping counter: 5 out of 100
Updating learning rate to 0.0025
	iters: 100, epoch: 13 | loss: 0.0006892
	speed: 0.1982s/iter; left time: 4516.0794s
	iters: 200, epoch: 13 | loss: 0.0010458
	speed: 0.1022s/iter; left time: 2318.9780s
Epoch: 13 cost time: 26.709585666656494
Epoch: 13, Steps: 260 | Train Loss: 0.0010068 Vali Loss: 0.0008473 Test Loss: 0.0035472
EarlyStopping counter: 6 out of 100
Updating learning rate to 0.0025
	iters: 100, epoch: 14 | loss: 0.0009015
	speed: 0.1960s/iter; left time: 4413.3291s
	iters: 200, epoch: 14 | loss: 0.0013193
	speed: 0.0994s/iter; left time: 2228.3303s
Epoch: 14 cost time: 26.360430240631104
Epoch: 14, Steps: 260 | Train Loss: 0.0008044 Vali Loss: 0.0009133 Test Loss: 0.0037720
EarlyStopping counter: 7 out of 100
Updating learning rate to 0.0025
	iters: 100, epoch: 15 | loss: 0.0006088
	speed: 0.2010s/iter; left time: 4474.0742s
	iters: 200, epoch: 15 | loss: 0.0006415
	speed: 0.1035s/iter; left time: 2292.6283s
Epoch: 15 cost time: 27.333763360977173
Epoch: 15, Steps: 260 | Train Loss: 0.0007898 Vali Loss: 0.0008366 Test Loss: 0.0035885
EarlyStopping counter: 8 out of 100
Updating learning rate to 0.0025
	iters: 100, epoch: 16 | loss: 0.0013196
	speed: 0.2067s/iter; left time: 4548.5320s
	iters: 200, epoch: 16 | loss: 0.0011676
	speed: 0.1053s/iter; left time: 2306.0799s
Epoch: 16 cost time: 27.463488578796387
Epoch: 16, Steps: 260 | Train Loss: 0.0008015 Vali Loss: 0.0011017 Test Loss: 0.0044029
EarlyStopping counter: 9 out of 100
Updating learning rate to 0.0025
	iters: 100, epoch: 17 | loss: 0.0007913
	speed: 0.2110s/iter; left time: 4586.6137s
	iters: 200, epoch: 17 | loss: 0.0009602
	speed: 0.1102s/iter; left time: 2384.6601s
Epoch: 17 cost time: 29.09341049194336
Epoch: 17, Steps: 260 | Train Loss: 0.0007433 Vali Loss: 0.0011221 Test Loss: 0.0044624
EarlyStopping counter: 10 out of 100
Updating learning rate to 0.0025
	iters: 100, epoch: 18 | loss: 0.0004541
	speed: 0.2234s/iter; left time: 4799.0856s
	iters: 200, epoch: 18 | loss: 0.0005107
	speed: 0.1286s/iter; left time: 2749.8796s
Epoch: 18 cost time: 32.71001148223877
Epoch: 18, Steps: 260 | Train Loss: 0.0007299 Vali Loss: 0.0013033 Test Loss: 0.0050519
EarlyStopping counter: 11 out of 100
Updating learning rate to 0.0025
	iters: 100, epoch: 19 | loss: 0.0005753
	speed: 0.2491s/iter; left time: 5287.1342s
	iters: 200, epoch: 19 | loss: 0.0014055
	speed: 0.1280s/iter; left time: 2704.5177s
Epoch: 19 cost time: 33.70432233810425
Epoch: 19, Steps: 260 | Train Loss: 0.0007932 Vali Loss: 0.0011414 Test Loss: 0.0044261
EarlyStopping counter: 12 out of 100
Updating learning rate to 0.0025
	iters: 100, epoch: 20 | loss: 0.0010118
	speed: 0.2242s/iter; left time: 4699.5006s
	iters: 200, epoch: 20 | loss: 0.0008462
	speed: 0.1031s/iter; left time: 2150.8513s
Epoch: 20 cost time: 26.98704242706299
Epoch: 20, Steps: 260 | Train Loss: 0.0007293 Vali Loss: 0.0013504 Test Loss: 0.0049110
EarlyStopping counter: 13 out of 100
Updating learning rate to 0.0025
	iters: 100, epoch: 21 | loss: 0.0005892
	speed: 0.1966s/iter; left time: 4069.9185s
	iters: 200, epoch: 21 | loss: 0.0008585
	speed: 0.1015s/iter; left time: 2091.8921s
Epoch: 21 cost time: 26.611172914505005
Epoch: 21, Steps: 260 | Train Loss: 0.0007284 Vali Loss: 0.0021624 Test Loss: 0.0071366
EarlyStopping counter: 14 out of 100
Updating learning rate to 0.0025
	iters: 100, epoch: 22 | loss: 0.0006075
	speed: 0.1963s/iter; left time: 4012.9660s
	iters: 200, epoch: 22 | loss: 0.0007962
	speed: 0.1008s/iter; left time: 2050.0105s
Epoch: 22 cost time: 26.27173948287964
Epoch: 22, Steps: 260 | Train Loss: 0.0008228 Vali Loss: 0.0010401 Test Loss: 0.0041043
EarlyStopping counter: 15 out of 100
Updating learning rate to 0.0025
	iters: 100, epoch: 23 | loss: 0.0006651
	speed: 0.1958s/iter; left time: 3952.2079s
	iters: 200, epoch: 23 | loss: 0.0014260
	speed: 0.1019s/iter; left time: 2046.8566s
Epoch: 23 cost time: 26.73074221611023
Epoch: 23, Steps: 260 | Train Loss: 0.0007370 Vali Loss: 0.0010534 Test Loss: 0.0041986
EarlyStopping counter: 16 out of 100
Updating learning rate to 0.0025
	iters: 100, epoch: 24 | loss: 0.0005910
	speed: 0.1986s/iter; left time: 3956.7494s
	iters: 200, epoch: 24 | loss: 0.0003486
	speed: 0.1024s/iter; left time: 2029.9316s
Epoch: 24 cost time: 26.8635573387146
Epoch: 24, Steps: 260 | Train Loss: 0.0006460 Vali Loss: 0.0012847 Test Loss: 0.0046474
EarlyStopping counter: 17 out of 100
Updating learning rate to 0.0025
	iters: 100, epoch: 25 | loss: 0.0004251
	speed: 0.1993s/iter; left time: 3918.2233s
	iters: 200, epoch: 25 | loss: 0.0008154
	speed: 0.1023s/iter; left time: 2000.4674s
Epoch: 25 cost time: 26.752658128738403
Epoch: 25, Steps: 260 | Train Loss: 0.0007185 Vali Loss: 0.0014044 Test Loss: 0.0049443
EarlyStopping counter: 18 out of 100
Updating learning rate to 0.0025
	iters: 100, epoch: 26 | loss: 0.0009231
	speed: 0.1978s/iter; left time: 3837.1644s
	iters: 200, epoch: 26 | loss: 0.0006551
	speed: 0.1010s/iter; left time: 1949.3175s
Epoch: 26 cost time: 26.66232204437256
Epoch: 26, Steps: 260 | Train Loss: 0.0007893 Vali Loss: 0.0012500 Test Loss: 0.0045382
EarlyStopping counter: 19 out of 100
Updating learning rate to 0.0025
	iters: 100, epoch: 27 | loss: 0.0003294
	speed: 0.1976s/iter; left time: 3782.9000s
	iters: 200, epoch: 27 | loss: 0.0005331
	speed: 0.1007s/iter; left time: 1917.2291s
Epoch: 27 cost time: 26.43727135658264
Epoch: 27, Steps: 260 | Train Loss: 0.0006991 Vali Loss: 0.0013542 Test Loss: 0.0049781
EarlyStopping counter: 20 out of 100
Updating learning rate to 0.0025
	iters: 100, epoch: 28 | loss: 0.0006364
	speed: 0.1968s/iter; left time: 3715.6008s
	iters: 200, epoch: 28 | loss: 0.0005437
	speed: 0.0999s/iter; left time: 1876.8985s
Epoch: 28 cost time: 26.260592937469482
Epoch: 28, Steps: 260 | Train Loss: 0.0006212 Vali Loss: 0.0010475 Test Loss: 0.0040550
EarlyStopping counter: 21 out of 100
Updating learning rate to 0.0025
	iters: 100, epoch: 29 | loss: 0.0008762
	speed: 0.1978s/iter; left time: 3683.6726s
	iters: 200, epoch: 29 | loss: 0.0007846
	speed: 0.1009s/iter; left time: 1868.5543s
Epoch: 29 cost time: 26.774890422821045
Epoch: 29, Steps: 260 | Train Loss: 0.0006628 Vali Loss: 0.0009941 Test Loss: 0.0038165
EarlyStopping counter: 22 out of 100
Updating learning rate to 0.0025
	iters: 100, epoch: 30 | loss: 0.0004476
	speed: 0.2005s/iter; left time: 3681.5073s
	iters: 200, epoch: 30 | loss: 0.0018423
	speed: 0.1021s/iter; left time: 1864.7599s
Epoch: 30 cost time: 26.85839605331421
Epoch: 30, Steps: 260 | Train Loss: 0.0007339 Vali Loss: 0.0013318 Test Loss: 0.0049569
EarlyStopping counter: 23 out of 100
Updating learning rate to 0.0025
	iters: 100, epoch: 31 | loss: 0.0008388
	speed: 0.1991s/iter; left time: 3603.9635s
	iters: 200, epoch: 31 | loss: 0.0003780
	speed: 0.1001s/iter; left time: 1801.5936s
Epoch: 31 cost time: 26.589160919189453
Epoch: 31, Steps: 260 | Train Loss: 0.0007235 Vali Loss: 0.0016005 Test Loss: 0.0057372
EarlyStopping counter: 24 out of 100
Updating learning rate to 0.0025
	iters: 100, epoch: 32 | loss: 0.0007297
	speed: 0.2005s/iter; left time: 3576.4031s
	iters: 200, epoch: 32 | loss: 0.0002252
	speed: 0.1018s/iter; left time: 1806.3126s
Epoch: 32 cost time: 26.70251750946045
Epoch: 32, Steps: 260 | Train Loss: 0.0006496 Vali Loss: 0.0014563 Test Loss: 0.0052219
EarlyStopping counter: 25 out of 100
Updating learning rate to 0.0025
	iters: 100, epoch: 33 | loss: 0.0008114
	speed: 0.1957s/iter; left time: 3440.7582s
	iters: 200, epoch: 33 | loss: 0.0004569
	speed: 0.0997s/iter; left time: 1742.2380s
Epoch: 33 cost time: 26.527674198150635
Epoch: 33, Steps: 260 | Train Loss: 0.0006343 Vali Loss: 0.0013828 Test Loss: 0.0050255
EarlyStopping counter: 26 out of 100
Updating learning rate to 0.0025
	iters: 100, epoch: 34 | loss: 0.0005425
	speed: 0.1963s/iter; left time: 3399.6080s
	iters: 200, epoch: 34 | loss: 0.0006204
	speed: 0.1023s/iter; left time: 1761.2756s
Epoch: 34 cost time: 26.60007357597351
Epoch: 34, Steps: 260 | Train Loss: 0.0006007 Vali Loss: 0.0011337 Test Loss: 0.0043962
EarlyStopping counter: 27 out of 100
Updating learning rate to 0.0025
	iters: 100, epoch: 35 | loss: 0.0002421
	speed: 0.1955s/iter; left time: 3335.8415s
	iters: 200, epoch: 35 | loss: 0.0003095
	speed: 0.0997s/iter; left time: 1691.2359s
Epoch: 35 cost time: 26.120307445526123
Epoch: 35, Steps: 260 | Train Loss: 0.0006584 Vali Loss: 0.0016379 Test Loss: 0.0057145
EarlyStopping counter: 28 out of 100
Updating learning rate to 0.0025
	iters: 100, epoch: 36 | loss: 0.0017094
	speed: 0.1940s/iter; left time: 3259.5528s
	iters: 200, epoch: 36 | loss: 0.0007946
	speed: 0.1009s/iter; left time: 1684.7426s
Epoch: 36 cost time: 26.600196838378906
Epoch: 36, Steps: 260 | Train Loss: 0.0006296 Vali Loss: 0.0013990 Test Loss: 0.0050890
EarlyStopping counter: 29 out of 100
Updating learning rate to 0.0025
	iters: 100, epoch: 37 | loss: 0.0004640
	speed: 0.1999s/iter; left time: 3306.5985s
	iters: 200, epoch: 37 | loss: 0.0003747
	speed: 0.1010s/iter; left time: 1659.9718s
Epoch: 37 cost time: 26.69705367088318
Epoch: 37, Steps: 260 | Train Loss: 0.0005930 Vali Loss: 0.0015659 Test Loss: 0.0054622
EarlyStopping counter: 30 out of 100
Updating learning rate to 0.0025
	iters: 100, epoch: 38 | loss: 0.0004386
	speed: 0.1948s/iter; left time: 3171.0459s
	iters: 200, epoch: 38 | loss: 0.0006395
	speed: 0.1005s/iter; left time: 1626.7862s
Epoch: 38 cost time: 26.308080673217773
Epoch: 38, Steps: 260 | Train Loss: 0.0006437 Vali Loss: 0.0017607 Test Loss: 0.0059684
EarlyStopping counter: 31 out of 100
Updating learning rate to 0.0025
	iters: 100, epoch: 39 | loss: 0.0004422
	speed: 0.1958s/iter; left time: 3136.1479s
	iters: 200, epoch: 39 | loss: 0.0004719
	speed: 0.0998s/iter; left time: 1588.4755s
Epoch: 39 cost time: 26.53039836883545
Epoch: 39, Steps: 260 | Train Loss: 0.0005938 Vali Loss: 0.0016899 Test Loss: 0.0058157
EarlyStopping counter: 32 out of 100
Updating learning rate to 0.0025
	iters: 100, epoch: 40 | loss: 0.0002498
	speed: 0.1994s/iter; left time: 3142.1320s
	iters: 200, epoch: 40 | loss: 0.0004770
	speed: 0.0987s/iter; left time: 1545.9428s
Epoch: 40 cost time: 26.453633069992065
Epoch: 40, Steps: 260 | Train Loss: 0.0006689 Vali Loss: 0.0020215 Test Loss: 0.0065756
EarlyStopping counter: 33 out of 100
Updating learning rate to 0.0025
	iters: 100, epoch: 41 | loss: 0.0006377
	speed: 0.1988s/iter; left time: 3080.8367s
	iters: 200, epoch: 41 | loss: 0.0011736
	speed: 0.1020s/iter; left time: 1571.0276s
Epoch: 41 cost time: 26.788172960281372
Epoch: 41, Steps: 260 | Train Loss: 0.0005886 Vali Loss: 0.0016346 Test Loss: 0.0055070
EarlyStopping counter: 34 out of 100
Updating learning rate to 0.0025
	iters: 100, epoch: 42 | loss: 0.0006075
	speed: 0.1979s/iter; left time: 3015.9867s
	iters: 200, epoch: 42 | loss: 0.0002640
	speed: 0.1007s/iter; left time: 1524.1258s
Epoch: 42 cost time: 26.56760597229004
Epoch: 42, Steps: 260 | Train Loss: 0.0006041 Vali Loss: 0.0013891 Test Loss: 0.0050255
EarlyStopping counter: 35 out of 100
Updating learning rate to 0.0025
	iters: 100, epoch: 43 | loss: 0.0007464
	speed: 0.1952s/iter; left time: 2924.7605s
	iters: 200, epoch: 43 | loss: 0.0007619
	speed: 0.1019s/iter; left time: 1516.1132s
Epoch: 43 cost time: 26.684285879135132
Epoch: 43, Steps: 260 | Train Loss: 0.0006286 Vali Loss: 0.0011549 Test Loss: 0.0043129
EarlyStopping counter: 36 out of 100
Updating learning rate to 0.0025
	iters: 100, epoch: 44 | loss: 0.0004823
	speed: 0.1982s/iter; left time: 2917.3132s
	iters: 200, epoch: 44 | loss: 0.0003191
	speed: 0.1022s/iter; left time: 1493.7871s
Epoch: 44 cost time: 26.93640637397766
Epoch: 44, Steps: 260 | Train Loss: 0.0006071 Vali Loss: 0.0017779 Test Loss: 0.0059005
EarlyStopping counter: 37 out of 100
Updating learning rate to 0.0025
	iters: 100, epoch: 45 | loss: 0.0002519
	speed: 0.2051s/iter; left time: 2966.1286s
	iters: 200, epoch: 45 | loss: 0.0008301
	speed: 0.1059s/iter; left time: 1521.5401s
Epoch: 45 cost time: 27.660417079925537
Epoch: 45, Steps: 260 | Train Loss: 0.0006386 Vali Loss: 0.0021157 Test Loss: 0.0068909
EarlyStopping counter: 38 out of 100
Updating learning rate to 0.0025
	iters: 100, epoch: 46 | loss: 0.0003700
	speed: 0.2036s/iter; left time: 2890.6548s
	iters: 200, epoch: 46 | loss: 0.0007091
	speed: 0.1050s/iter; left time: 1480.9392s
Epoch: 46 cost time: 27.363611698150635
Epoch: 46, Steps: 260 | Train Loss: 0.0006556 Vali Loss: 0.0014486 Test Loss: 0.0050205
EarlyStopping counter: 39 out of 100
Updating learning rate to 0.0025
	iters: 100, epoch: 47 | loss: 0.0005754
	speed: 0.2037s/iter; left time: 2839.1394s
	iters: 200, epoch: 47 | loss: 0.0005054
	speed: 0.1031s/iter; left time: 1426.9761s
Epoch: 47 cost time: 27.318732500076294
Epoch: 47, Steps: 260 | Train Loss: 0.0006441 Vali Loss: 0.0020863 Test Loss: 0.0067239
EarlyStopping counter: 40 out of 100
Updating learning rate to 0.0025
	iters: 100, epoch: 48 | loss: 0.0007124
	speed: 0.2046s/iter; left time: 2799.3921s
	iters: 200, epoch: 48 | loss: 0.0005475
	speed: 0.1057s/iter; left time: 1435.7125s
Epoch: 48 cost time: 27.773927450180054
Epoch: 48, Steps: 260 | Train Loss: 0.0005799 Vali Loss: 0.0016541 Test Loss: 0.0057172
EarlyStopping counter: 41 out of 100
Updating learning rate to 0.0025
	iters: 100, epoch: 49 | loss: 0.0006249
	speed: 0.2062s/iter; left time: 2767.4894s
	iters: 200, epoch: 49 | loss: 0.0006372
	speed: 0.1043s/iter; left time: 1388.7574s
Epoch: 49 cost time: 27.55357575416565
Epoch: 49, Steps: 260 | Train Loss: 0.0005778 Vali Loss: 0.0016736 Test Loss: 0.0057027
EarlyStopping counter: 42 out of 100
Updating learning rate to 0.0025
	iters: 100, epoch: 50 | loss: 0.0004141
	speed: 0.2357s/iter; left time: 3101.8588s
	iters: 200, epoch: 50 | loss: 0.0006409
	speed: 0.1288s/iter; left time: 1681.8046s
Epoch: 50 cost time: 33.97821092605591
Epoch: 50, Steps: 260 | Train Loss: 0.0006094 Vali Loss: 0.0022512 Test Loss: 0.0072259
EarlyStopping counter: 43 out of 100
Updating learning rate to 0.0025
	iters: 100, epoch: 51 | loss: 0.0004266
	speed: 0.2520s/iter; left time: 3251.4649s
	iters: 200, epoch: 51 | loss: 0.0007083
	speed: 0.1294s/iter; left time: 1656.7733s
Epoch: 51 cost time: 32.323034048080444
Epoch: 51, Steps: 260 | Train Loss: 0.0006038 Vali Loss: 0.0016218 Test Loss: 0.0057818
EarlyStopping counter: 44 out of 100
Updating learning rate to 0.0025
	iters: 100, epoch: 52 | loss: 0.0013334
	speed: 0.2010s/iter; left time: 2540.4634s
	iters: 200, epoch: 52 | loss: 0.0004776
	speed: 0.1002s/iter; left time: 1256.5080s
Epoch: 52 cost time: 26.707431077957153
Epoch: 52, Steps: 260 | Train Loss: 0.0006126 Vali Loss: 0.0022530 Test Loss: 0.0073715
EarlyStopping counter: 45 out of 100
Updating learning rate to 0.0025
	iters: 100, epoch: 53 | loss: 0.0003730
	speed: 0.1958s/iter; left time: 2423.9992s
	iters: 200, epoch: 53 | loss: 0.0007400
	speed: 0.0995s/iter; left time: 1221.8937s
Epoch: 53 cost time: 26.409677982330322
Epoch: 53, Steps: 260 | Train Loss: 0.0005769 Vali Loss: 0.0018162 Test Loss: 0.0061689
EarlyStopping counter: 46 out of 100
Updating learning rate to 0.0025
	iters: 100, epoch: 54 | loss: 0.0007071
	speed: 0.1989s/iter; left time: 2410.9599s
	iters: 200, epoch: 54 | loss: 0.0005994
	speed: 0.0996s/iter; left time: 1197.8529s
Epoch: 54 cost time: 26.364722967147827
Epoch: 54, Steps: 260 | Train Loss: 0.0005706 Vali Loss: 0.0019739 Test Loss: 0.0066122
EarlyStopping counter: 47 out of 100
Updating learning rate to 0.0025
	iters: 100, epoch: 55 | loss: 0.0003672
	speed: 0.1964s/iter; left time: 2329.3773s
	iters: 200, epoch: 55 | loss: 0.0003080
	speed: 0.1001s/iter; left time: 1177.8351s
Epoch: 55 cost time: 26.534296989440918
Epoch: 55, Steps: 260 | Train Loss: 0.0005983 Vali Loss: 0.0017328 Test Loss: 0.0058049
EarlyStopping counter: 48 out of 100
Updating learning rate to 0.0025
	iters: 100, epoch: 56 | loss: 0.0006672
	speed: 0.1989s/iter; left time: 2307.8277s
	iters: 200, epoch: 56 | loss: 0.0006475
	speed: 0.1009s/iter; left time: 1160.4138s
Epoch: 56 cost time: 26.669646978378296
Epoch: 56, Steps: 260 | Train Loss: 0.0005893 Vali Loss: 0.0021960 Test Loss: 0.0072279
EarlyStopping counter: 49 out of 100
Updating learning rate to 0.0025
	iters: 100, epoch: 57 | loss: 0.0005441
	speed: 0.1980s/iter; left time: 2245.1608s
	iters: 200, epoch: 57 | loss: 0.0003867
	speed: 0.1010s/iter; left time: 1135.1265s
Epoch: 57 cost time: 26.778096437454224
Epoch: 57, Steps: 260 | Train Loss: 0.0005594 Vali Loss: 0.0016600 Test Loss: 0.0057530
EarlyStopping counter: 50 out of 100
Updating learning rate to 0.0025
	iters: 100, epoch: 58 | loss: 0.0002409
	speed: 0.1998s/iter; left time: 2213.6317s
	iters: 200, epoch: 58 | loss: 0.0006956
	speed: 0.1009s/iter; left time: 1108.0386s
Epoch: 58 cost time: 26.619029760360718
Epoch: 58, Steps: 260 | Train Loss: 0.0005755 Vali Loss: 0.0022071 Test Loss: 0.0071755
EarlyStopping counter: 51 out of 100
Updating learning rate to 0.0025
	iters: 100, epoch: 59 | loss: 0.0003247
	speed: 0.1989s/iter; left time: 2152.1589s
	iters: 200, epoch: 59 | loss: 0.0004413
	speed: 0.1015s/iter; left time: 1088.3528s
Epoch: 59 cost time: 26.545440196990967
Epoch: 59, Steps: 260 | Train Loss: 0.0005582 Vali Loss: 0.0020566 Test Loss: 0.0067895
EarlyStopping counter: 52 out of 100
Updating learning rate to 0.0025
	iters: 100, epoch: 60 | loss: 0.0002758
	speed: 0.1948s/iter; left time: 2057.3807s
	iters: 200, epoch: 60 | loss: 0.0010484
	speed: 0.1025s/iter; left time: 1072.3545s
Epoch: 60 cost time: 26.570554733276367
Epoch: 60, Steps: 260 | Train Loss: 0.0005718 Vali Loss: 0.0021580 Test Loss: 0.0070613
EarlyStopping counter: 53 out of 100
Updating learning rate to 0.0025
	iters: 100, epoch: 61 | loss: 0.0003836
	speed: 0.1980s/iter; left time: 2039.3984s
	iters: 200, epoch: 61 | loss: 0.0007953
	speed: 0.0989s/iter; left time: 1009.0147s
Epoch: 61 cost time: 26.312445878982544
Epoch: 61, Steps: 260 | Train Loss: 0.0005480 Vali Loss: 0.0020231 Test Loss: 0.0066966
EarlyStopping counter: 54 out of 100
Updating learning rate to 0.0025
	iters: 100, epoch: 62 | loss: 0.0003883
	speed: 0.1967s/iter; left time: 1975.4859s
	iters: 200, epoch: 62 | loss: 0.0006540
	speed: 0.1011s/iter; left time: 1005.1118s
Epoch: 62 cost time: 26.618592977523804
Epoch: 62, Steps: 260 | Train Loss: 0.0005616 Vali Loss: 0.0022803 Test Loss: 0.0075786
EarlyStopping counter: 55 out of 100
Updating learning rate to 0.0025
	iters: 100, epoch: 63 | loss: 0.0004076
	speed: 0.1993s/iter; left time: 1949.4581s
	iters: 200, epoch: 63 | loss: 0.0006752
	speed: 0.1008s/iter; left time: 975.9731s
Epoch: 63 cost time: 26.587870597839355
Epoch: 63, Steps: 260 | Train Loss: 0.0005479 Vali Loss: 0.0022809 Test Loss: 0.0073070
EarlyStopping counter: 56 out of 100
Updating learning rate to 0.0025
	iters: 100, epoch: 64 | loss: 0.0002250
	speed: 0.1961s/iter; left time: 1867.0005s
	iters: 200, epoch: 64 | loss: 0.0008511
	speed: 0.1003s/iter; left time: 944.8118s
Epoch: 64 cost time: 26.50731062889099
Epoch: 64, Steps: 260 | Train Loss: 0.0005805 Vali Loss: 0.0021607 Test Loss: 0.0069062
EarlyStopping counter: 57 out of 100
Updating learning rate to 0.0025
	iters: 100, epoch: 65 | loss: 0.0004689
	speed: 0.1961s/iter; left time: 1816.5008s
	iters: 200, epoch: 65 | loss: 0.0004385
	speed: 0.1009s/iter; left time: 924.2471s
Epoch: 65 cost time: 26.221671104431152
Epoch: 65, Steps: 260 | Train Loss: 0.0005863 Vali Loss: 0.0020072 Test Loss: 0.0064594
EarlyStopping counter: 58 out of 100
Updating learning rate to 0.0025
	iters: 100, epoch: 66 | loss: 0.0004542
	speed: 0.1964s/iter; left time: 1768.0449s
	iters: 200, epoch: 66 | loss: 0.0003717
	speed: 0.1009s/iter; left time: 897.9809s
Epoch: 66 cost time: 26.686357975006104
Epoch: 66, Steps: 260 | Train Loss: 0.0005737 Vali Loss: 0.0018170 Test Loss: 0.0061065
EarlyStopping counter: 59 out of 100
Updating learning rate to 0.0025
	iters: 100, epoch: 67 | loss: 0.0005524
	speed: 0.1969s/iter; left time: 1720.7350s
	iters: 200, epoch: 67 | loss: 0.0005297
	speed: 0.1004s/iter; left time: 867.5855s
Epoch: 67 cost time: 26.466073036193848
Epoch: 67, Steps: 260 | Train Loss: 0.0006325 Vali Loss: 0.0022857 Test Loss: 0.0071988
EarlyStopping counter: 60 out of 100
Updating learning rate to 0.0025
	iters: 100, epoch: 68 | loss: 0.0003715
	speed: 0.1986s/iter; left time: 1684.1814s
	iters: 200, epoch: 68 | loss: 0.0003821
	speed: 0.1001s/iter; left time: 838.6353s
Epoch: 68 cost time: 26.557814121246338
Epoch: 68, Steps: 260 | Train Loss: 0.0005561 Vali Loss: 0.0016422 Test Loss: 0.0057025
EarlyStopping counter: 61 out of 100
Updating learning rate to 0.0025
	iters: 100, epoch: 69 | loss: 0.0004398
	speed: 0.1986s/iter; left time: 1632.3035s
	iters: 200, epoch: 69 | loss: 0.0014738
	speed: 0.1010s/iter; left time: 820.1648s
Epoch: 69 cost time: 26.540303468704224
Epoch: 69, Steps: 260 | Train Loss: 0.0005439 Vali Loss: 0.0018832 Test Loss: 0.0061856
EarlyStopping counter: 62 out of 100
Updating learning rate to 0.0025
	iters: 100, epoch: 70 | loss: 0.0003510
	speed: 0.1975s/iter; left time: 1572.1186s
	iters: 200, epoch: 70 | loss: 0.0004613
	speed: 0.1008s/iter; left time: 792.4025s
Epoch: 70 cost time: 26.548866033554077
Epoch: 70, Steps: 260 | Train Loss: 0.0005316 Vali Loss: 0.0024383 Test Loss: 0.0077891
EarlyStopping counter: 63 out of 100
Updating learning rate to 0.0025
	iters: 100, epoch: 71 | loss: 0.0007627
	speed: 0.1947s/iter; left time: 1499.7163s
	iters: 200, epoch: 71 | loss: 0.0008908
	speed: 0.1015s/iter; left time: 771.1617s
Epoch: 71 cost time: 26.573153018951416
Epoch: 71, Steps: 260 | Train Loss: 0.0005476 Vali Loss: 0.0015769 Test Loss: 0.0055850
EarlyStopping counter: 64 out of 100
Updating learning rate to 0.0025
	iters: 100, epoch: 72 | loss: 0.0004972
	speed: 0.1965s/iter; left time: 1462.5079s
	iters: 200, epoch: 72 | loss: 0.0006995
	speed: 0.1023s/iter; left time: 751.2887s
Epoch: 72 cost time: 26.63263726234436
Epoch: 72, Steps: 260 | Train Loss: 0.0005648 Vali Loss: 0.0021341 Test Loss: 0.0071186
EarlyStopping counter: 65 out of 100
Updating learning rate to 0.0025
	iters: 100, epoch: 73 | loss: 0.0006632
	speed: 0.1958s/iter; left time: 1405.7070s
	iters: 200, epoch: 73 | loss: 0.0002040
	speed: 0.1001s/iter; left time: 709.0829s
Epoch: 73 cost time: 26.506232500076294
Epoch: 73, Steps: 260 | Train Loss: 0.0005548 Vali Loss: 0.0018821 Test Loss: 0.0062546
EarlyStopping counter: 66 out of 100
Updating learning rate to 0.0025
	iters: 100, epoch: 74 | loss: 0.0004585
	speed: 0.2044s/iter; left time: 1414.5908s
	iters: 200, epoch: 74 | loss: 0.0003408
	speed: 0.1109s/iter; left time: 756.2022s
Epoch: 74 cost time: 28.89218258857727
Epoch: 74, Steps: 260 | Train Loss: 0.0005450 Vali Loss: 0.0023746 Test Loss: 0.0076348
EarlyStopping counter: 67 out of 100
Updating learning rate to 0.0025
	iters: 100, epoch: 75 | loss: 0.0003607
	speed: 0.2170s/iter; left time: 1445.2412s
	iters: 200, epoch: 75 | loss: 0.0003743
	speed: 0.1107s/iter; left time: 726.4180s
Epoch: 75 cost time: 29.238728284835815
Epoch: 75, Steps: 260 | Train Loss: 0.0005333 Vali Loss: 0.0021709 Test Loss: 0.0070861
EarlyStopping counter: 68 out of 100
Updating learning rate to 0.0025
	iters: 100, epoch: 76 | loss: 0.0005360
	speed: 0.2319s/iter; left time: 1484.5000s
	iters: 200, epoch: 76 | loss: 0.0004621
	speed: 0.1258s/iter; left time: 792.8068s
Epoch: 76 cost time: 33.264103412628174
Epoch: 76, Steps: 260 | Train Loss: 0.0005178 Vali Loss: 0.0023620 Test Loss: 0.0076313
EarlyStopping counter: 69 out of 100
Updating learning rate to 0.0025
	iters: 100, epoch: 77 | loss: 0.0005726
	speed: 0.2458s/iter; left time: 1509.6367s
	iters: 200, epoch: 77 | loss: 0.0003470
	speed: 0.1284s/iter; left time: 775.4217s
Epoch: 77 cost time: 33.0511634349823
Epoch: 77, Steps: 260 | Train Loss: 0.0005653 Vali Loss: 0.0020087 Test Loss: 0.0065539
EarlyStopping counter: 70 out of 100
Updating learning rate to 0.0025
	iters: 100, epoch: 78 | loss: 0.0007281
	speed: 0.2114s/iter; left time: 1243.2039s
	iters: 200, epoch: 78 | loss: 0.0005656
	speed: 0.1006s/iter; left time: 581.3791s
Epoch: 78 cost time: 26.53962016105652
Epoch: 78, Steps: 260 | Train Loss: 0.0005422 Vali Loss: 0.0024450 Test Loss: 0.0077963
EarlyStopping counter: 71 out of 100
Updating learning rate to 0.0025
	iters: 100, epoch: 79 | loss: 0.0002425
	speed: 0.1957s/iter; left time: 1100.2481s
	iters: 200, epoch: 79 | loss: 0.0003917
	speed: 0.1000s/iter; left time: 552.1412s
Epoch: 79 cost time: 26.33368992805481
Epoch: 79, Steps: 260 | Train Loss: 0.0005309 Vali Loss: 0.0019223 Test Loss: 0.0063056
EarlyStopping counter: 72 out of 100
Updating learning rate to 0.0025
	iters: 100, epoch: 80 | loss: 0.0033547
	speed: 0.1977s/iter; left time: 1059.8748s
	iters: 200, epoch: 80 | loss: 0.0004593
	speed: 0.0999s/iter; left time: 525.7276s
Epoch: 80 cost time: 26.479551076889038
Epoch: 80, Steps: 260 | Train Loss: 0.0005776 Vali Loss: 0.0018624 Test Loss: 0.0061505
EarlyStopping counter: 73 out of 100
Updating learning rate to 0.0025
	iters: 100, epoch: 81 | loss: 0.0003719
	speed: 0.1952s/iter; left time: 995.9406s
	iters: 200, epoch: 81 | loss: 0.0004425
	speed: 0.1012s/iter; left time: 505.9943s
Epoch: 81 cost time: 26.511162042617798
Epoch: 81, Steps: 260 | Train Loss: 0.0005384 Vali Loss: 0.0024556 Test Loss: 0.0078373
EarlyStopping counter: 74 out of 100
Updating learning rate to 0.0025
	iters: 100, epoch: 82 | loss: 0.0004130
	speed: 0.1979s/iter; left time: 957.9871s
	iters: 200, epoch: 82 | loss: 0.0005917
	speed: 0.1007s/iter; left time: 477.5336s
Epoch: 82 cost time: 26.665382623672485
Epoch: 82, Steps: 260 | Train Loss: 0.0005242 Vali Loss: 0.0022914 Test Loss: 0.0072580
EarlyStopping counter: 75 out of 100
Updating learning rate to 0.0025
	iters: 100, epoch: 83 | loss: 0.0004445
	speed: 0.1957s/iter; left time: 896.3209s
	iters: 200, epoch: 83 | loss: 0.0004555
	speed: 0.1023s/iter; left time: 458.2174s
Epoch: 83 cost time: 26.595941305160522
Epoch: 83, Steps: 260 | Train Loss: 0.0005264 Vali Loss: 0.0020652 Test Loss: 0.0067508
EarlyStopping counter: 76 out of 100
Updating learning rate to 0.0025
	iters: 100, epoch: 84 | loss: 0.0003644
	speed: 0.1978s/iter; left time: 854.7985s
	iters: 200, epoch: 84 | loss: 0.0024565
	speed: 0.1014s/iter; left time: 428.1381s
Epoch: 84 cost time: 26.5660457611084
Epoch: 84, Steps: 260 | Train Loss: 0.0005406 Vali Loss: 0.0020996 Test Loss: 0.0069438
EarlyStopping counter: 77 out of 100
Updating learning rate to 0.0025
	iters: 100, epoch: 85 | loss: 0.0003858
	speed: 0.1991s/iter; left time: 808.4175s
	iters: 200, epoch: 85 | loss: 0.0001659
	speed: 0.1019s/iter; left time: 403.5786s
Epoch: 85 cost time: 26.531646966934204
Epoch: 85, Steps: 260 | Train Loss: 0.0005458 Vali Loss: 0.0023326 Test Loss: 0.0077003
EarlyStopping counter: 78 out of 100
Updating learning rate to 0.0025
	iters: 100, epoch: 86 | loss: 0.0003203
	speed: 0.1964s/iter; left time: 746.4199s
	iters: 200, epoch: 86 | loss: 0.0003591
	speed: 0.1005s/iter; left time: 372.0769s
Epoch: 86 cost time: 26.453391790390015
Epoch: 86, Steps: 260 | Train Loss: 0.0005421 Vali Loss: 0.0022136 Test Loss: 0.0071827
EarlyStopping counter: 79 out of 100
Updating learning rate to 0.0025
	iters: 100, epoch: 87 | loss: 0.0003154
	speed: 0.1974s/iter; left time: 699.0787s
	iters: 200, epoch: 87 | loss: 0.0005847
	speed: 0.1056s/iter; left time: 363.2473s
Epoch: 87 cost time: 26.942158699035645
Epoch: 87, Steps: 260 | Train Loss: 0.0005238 Vali Loss: 0.0022770 Test Loss: 0.0073069
EarlyStopping counter: 80 out of 100
Updating learning rate to 0.0025
	iters: 100, epoch: 88 | loss: 0.0006138
	speed: 0.1959s/iter; left time: 642.8348s
	iters: 200, epoch: 88 | loss: 0.0004464
	speed: 0.0994s/iter; left time: 316.2554s
Epoch: 88 cost time: 26.393264770507812
Epoch: 88, Steps: 260 | Train Loss: 0.0005249 Vali Loss: 0.0018422 Test Loss: 0.0061709
EarlyStopping counter: 81 out of 100
Updating learning rate to 0.0025
	iters: 100, epoch: 89 | loss: 0.0004507
	speed: 0.1973s/iter; left time: 596.1782s
	iters: 200, epoch: 89 | loss: 0.0005622
	speed: 0.1013s/iter; left time: 296.0350s
Epoch: 89 cost time: 26.469077825546265
Epoch: 89, Steps: 260 | Train Loss: 0.0005257 Vali Loss: 0.0018074 Test Loss: 0.0060043
EarlyStopping counter: 82 out of 100
Updating learning rate to 0.0025
	iters: 100, epoch: 90 | loss: 0.0002431
	speed: 0.1959s/iter; left time: 540.9674s
	iters: 200, epoch: 90 | loss: 0.0002294
	speed: 0.1002s/iter; left time: 266.6975s
Epoch: 90 cost time: 26.51591920852661
Epoch: 90, Steps: 260 | Train Loss: 0.0005122 Vali Loss: 0.0026377 Test Loss: 0.0081826
EarlyStopping counter: 83 out of 100
Updating learning rate to 0.0025
	iters: 100, epoch: 91 | loss: 0.0003923
	speed: 0.1999s/iter; left time: 499.8938s
	iters: 200, epoch: 91 | loss: 0.0008228
	speed: 0.1020s/iter; left time: 244.8727s
Epoch: 91 cost time: 26.779106616973877
Epoch: 91, Steps: 260 | Train Loss: 0.0005345 Vali Loss: 0.0020736 Test Loss: 0.0067692
EarlyStopping counter: 84 out of 100
Updating learning rate to 0.0025
	iters: 100, epoch: 92 | loss: 0.0004219
	speed: 0.1971s/iter; left time: 441.6366s
	iters: 200, epoch: 92 | loss: 0.0003365
	speed: 0.1026s/iter; left time: 219.5829s
Epoch: 92 cost time: 26.81196165084839
Epoch: 92, Steps: 260 | Train Loss: 0.0005172 Vali Loss: 0.0021490 Test Loss: 0.0069022
EarlyStopping counter: 85 out of 100
Updating learning rate to 0.0025
	iters: 100, epoch: 93 | loss: 0.0004892
	speed: 0.2001s/iter; left time: 396.4215s
	iters: 200, epoch: 93 | loss: 0.0005023
	speed: 0.0985s/iter; left time: 185.3020s
Epoch: 93 cost time: 26.484103679656982
Epoch: 93, Steps: 260 | Train Loss: 0.0005274 Vali Loss: 0.0018259 Test Loss: 0.0059859
EarlyStopping counter: 86 out of 100
Updating learning rate to 0.0025
	iters: 100, epoch: 94 | loss: 0.0006227
	speed: 0.1947s/iter; left time: 335.0743s
	iters: 200, epoch: 94 | loss: 0.0003096
	speed: 0.1015s/iter; left time: 164.4540s
Epoch: 94 cost time: 26.34262990951538
Epoch: 94, Steps: 260 | Train Loss: 0.0005366 Vali Loss: 0.0020273 Test Loss: 0.0066335
EarlyStopping counter: 87 out of 100
Updating learning rate to 0.0025
	iters: 100, epoch: 95 | loss: 0.0003628
	speed: 0.1967s/iter; left time: 287.4106s
	iters: 200, epoch: 95 | loss: 0.0006483
	speed: 0.1004s/iter; left time: 136.5766s
Epoch: 95 cost time: 26.61500573158264
Epoch: 95, Steps: 260 | Train Loss: 0.0005493 Vali Loss: 0.0019229 Test Loss: 0.0063877
EarlyStopping counter: 88 out of 100
Updating learning rate to 0.0025
	iters: 100, epoch: 96 | loss: 0.0003451
	speed: 0.1969s/iter; left time: 236.4591s
	iters: 200, epoch: 96 | loss: 0.0006231
	speed: 0.1024s/iter; left time: 112.7594s
Epoch: 96 cost time: 26.53065299987793
Epoch: 96, Steps: 260 | Train Loss: 0.0005666 Vali Loss: 0.0020400 Test Loss: 0.0066480
EarlyStopping counter: 89 out of 100
Updating learning rate to 0.0025
	iters: 100, epoch: 97 | loss: 0.0007139
	speed: 0.1941s/iter; left time: 182.6398s
	iters: 200, epoch: 97 | loss: 0.0005314
	speed: 0.1007s/iter; left time: 84.6825s
Epoch: 97 cost time: 26.417503118515015
Epoch: 97, Steps: 260 | Train Loss: 0.0005346 Vali Loss: 0.0021900 Test Loss: 0.0071840
EarlyStopping counter: 90 out of 100
Updating learning rate to 0.0025
	iters: 100, epoch: 98 | loss: 0.0008174
	speed: 0.1957s/iter; left time: 133.3033s
	iters: 200, epoch: 98 | loss: 0.0004608
	speed: 0.1000s/iter; left time: 58.0780s
Epoch: 98 cost time: 26.29150080680847
Epoch: 98, Steps: 260 | Train Loss: 0.0005066 Vali Loss: 0.0024187 Test Loss: 0.0076351
EarlyStopping counter: 91 out of 100
Updating learning rate to 0.0025
	iters: 100, epoch: 99 | loss: 0.0007507
	speed: 0.1973s/iter; left time: 83.0757s
	iters: 200, epoch: 99 | loss: 0.0002622
	speed: 0.0989s/iter; left time: 31.7504s
Epoch: 99 cost time: 26.312880754470825
Epoch: 99, Steps: 260 | Train Loss: 0.0005124 Vali Loss: 0.0021297 Test Loss: 0.0068890
EarlyStopping counter: 92 out of 100
Updating learning rate to 0.0025
	iters: 100, epoch: 100 | loss: 0.0004371
	speed: 0.1980s/iter; left time: 31.8819s
	iters: 200, epoch: 100 | loss: 0.0004950
	speed: 0.1008s/iter; left time: 6.1488s
Epoch: 100 cost time: 26.590675354003906
Epoch: 100, Steps: 260 | Train Loss: 0.0005634 Vali Loss: 0.0024854 Test Loss: 0.0078058
EarlyStopping counter: 93 out of 100
Updating learning rate to 0.0025
>>>>>>>testing : 60_1_PatchTST_custom_ftM_sl60_ll48_pl1_dm16_nh4_el3_dl1_df128_fc1_ebtimeF_dtTrue_Exp_0<<<<<<<<<<<<<<<<<<<<<<<<<<<<<<<<<
test 1207
mse:0.0031575248576700687, mae:0.019437424838542938, rse:0.017173223197460175
