Args in experiment:
Namespace(random_seed=2024, is_training=1, model_id='84_14', model='PatchTST', data='custom', root_path='./dataset/', data_path='db_lv3.csv', features='M', target='Target', freq='h', checkpoints='./checkpoints/', seq_len=84, label_len=48, pred_len=14, fc_dropout=0.2, head_dropout=0.0, patch_len=30, stride=2, padding_patch='end', revin=1, affine=0, subtract_last=0, decomposition=0, kernel_size=25, individual=0, embed_type=0, enc_in=6, dec_in=7, c_out=7, d_model=16, n_heads=4, e_layers=3, d_layers=1, d_ff=128, moving_avg=25, factor=1, distil=True, dropout=0.2, embed='timeF', activation='gelu', output_attention=False, do_predict=False, num_workers=10, itr=1, train_epochs=100, batch_size=16, patience=100, learning_rate=0.0025, des='Exp', loss='mse', lradj='constant', pct_start=0.3, use_amp=False, use_gpu=False, gpu=0, use_multi_gpu=False, devices='0,1,2,3', test_flop=False)
Use CPU
>>>>>>>start training : 84_14_PatchTST_custom_ftM_sl84_ll48_pl14_dm16_nh4_el3_dl1_df128_fc1_ebtimeF_dtTrue_Exp_0>>>>>>>>>>>>>>>>>>>>>>>>>>
train 4128
val 592
test 1194
	iters: 100, epoch: 1 | loss: 0.0098482
	speed: 0.0510s/iter; left time: 1309.6705s
	iters: 200, epoch: 1 | loss: 0.0367467
	speed: 0.0490s/iter; left time: 1255.7104s
Epoch: 1 cost time: 12.821791172027588
Epoch: 1, Steps: 258 | Train Loss: 0.0541718 Vali Loss: 137.9538879 Test Loss: 826.2091064
Validation loss decreased (inf --> 137.953888).  Saving model ...
Updating learning rate to 0.0025
	iters: 100, epoch: 2 | loss: 0.0172537
	speed: 0.0979s/iter; left time: 2491.6431s
	iters: 200, epoch: 2 | loss: 0.0146016
	speed: 0.0484s/iter; left time: 1226.2006s
Epoch: 2 cost time: 12.866813898086548
Epoch: 2, Steps: 258 | Train Loss: 0.0309331 Vali Loss: 93.6563416 Test Loss: 662.9075928
Validation loss decreased (137.953888 --> 93.656342).  Saving model ...
Updating learning rate to 0.0025
	iters: 100, epoch: 3 | loss: 0.0283747
	speed: 0.0982s/iter; left time: 2474.0498s
	iters: 200, epoch: 3 | loss: 0.0110502
	speed: 0.0490s/iter; left time: 1229.6775s
Epoch: 3 cost time: 12.842857360839844
Epoch: 3, Steps: 258 | Train Loss: 0.0260412 Vali Loss: 92.6866226 Test Loss: 657.0068359
Validation loss decreased (93.656342 --> 92.686623).  Saving model ...
Updating learning rate to 0.0025
	iters: 100, epoch: 4 | loss: 0.0081496
	speed: 0.0992s/iter; left time: 2473.6087s
	iters: 200, epoch: 4 | loss: 0.0109895
	speed: 0.0490s/iter; left time: 1216.5345s
Epoch: 4 cost time: 12.964216470718384
Epoch: 4, Steps: 258 | Train Loss: 0.0215500 Vali Loss: 81.9376068 Test Loss: 685.0850830
Validation loss decreased (92.686623 --> 81.937607).  Saving model ...
Updating learning rate to 0.0025
	iters: 100, epoch: 5 | loss: 0.0060677
	speed: 0.0970s/iter; left time: 2391.8726s
	iters: 200, epoch: 5 | loss: 0.0119522
	speed: 0.0486s/iter; left time: 1194.1967s
Epoch: 5 cost time: 12.718331098556519
Epoch: 5, Steps: 258 | Train Loss: 0.0226959 Vali Loss: 107.9112930 Test Loss: 666.8561401
EarlyStopping counter: 1 out of 100
Updating learning rate to 0.0025
	iters: 100, epoch: 6 | loss: 0.0058738
	speed: 0.0980s/iter; left time: 2392.9533s
	iters: 200, epoch: 6 | loss: 0.0145036
	speed: 0.0491s/iter; left time: 1192.9206s
Epoch: 6 cost time: 12.923163414001465
Epoch: 6, Steps: 258 | Train Loss: 0.0218668 Vali Loss: 81.8141327 Test Loss: 607.2708130
Validation loss decreased (81.937607 --> 81.814133).  Saving model ...
Updating learning rate to 0.0025
	iters: 100, epoch: 7 | loss: 0.0073607
	speed: 0.0985s/iter; left time: 2379.5541s
	iters: 200, epoch: 7 | loss: 0.0184866
	speed: 0.0498s/iter; left time: 1198.3769s
Epoch: 7 cost time: 12.95165729522705
Epoch: 7, Steps: 258 | Train Loss: 0.0189626 Vali Loss: 89.2948456 Test Loss: 646.1276855
EarlyStopping counter: 1 out of 100
Updating learning rate to 0.0025
	iters: 100, epoch: 8 | loss: 0.0077955
	speed: 0.0983s/iter; left time: 2349.8988s
	iters: 200, epoch: 8 | loss: 0.0076064
	speed: 0.0488s/iter; left time: 1161.9569s
Epoch: 8 cost time: 12.918859004974365
Epoch: 8, Steps: 258 | Train Loss: 0.0195364 Vali Loss: 109.4016571 Test Loss: 664.9406738
EarlyStopping counter: 2 out of 100
Updating learning rate to 0.0025
	iters: 100, epoch: 9 | loss: 0.0053516
	speed: 0.0980s/iter; left time: 2316.5305s
	iters: 200, epoch: 9 | loss: 0.0137798
	speed: 0.0487s/iter; left time: 1146.0557s
Epoch: 9 cost time: 12.77440881729126
Epoch: 9, Steps: 258 | Train Loss: 0.0225751 Vali Loss: 114.2829819 Test Loss: 718.3770752
EarlyStopping counter: 3 out of 100
Updating learning rate to 0.0025
	iters: 100, epoch: 10 | loss: 0.0071159
	speed: 0.0989s/iter; left time: 2311.3539s
	iters: 200, epoch: 10 | loss: 0.0092463
	speed: 0.0492s/iter; left time: 1145.8393s
Epoch: 10 cost time: 12.833677291870117
Epoch: 10, Steps: 258 | Train Loss: 0.0227391 Vali Loss: 87.1631546 Test Loss: 656.7779541
EarlyStopping counter: 4 out of 100
Updating learning rate to 0.0025
	iters: 100, epoch: 11 | loss: 0.0103711
	speed: 0.0983s/iter; left time: 2272.3789s
	iters: 200, epoch: 11 | loss: 0.0046314
	speed: 0.0486s/iter; left time: 1117.7705s
Epoch: 11 cost time: 12.91368818283081
Epoch: 11, Steps: 258 | Train Loss: 0.0190372 Vali Loss: 78.9791260 Test Loss: 618.7939453
Validation loss decreased (81.814133 --> 78.979126).  Saving model ...
Updating learning rate to 0.0025
	iters: 100, epoch: 12 | loss: 0.0081232
	speed: 0.0978s/iter; left time: 2236.1942s
	iters: 200, epoch: 12 | loss: 0.0095516
	speed: 0.0496s/iter; left time: 1129.6767s
Epoch: 12 cost time: 12.920736074447632
Epoch: 12, Steps: 258 | Train Loss: 0.0191625 Vali Loss: 73.1655121 Test Loss: 652.3100586
Validation loss decreased (78.979126 --> 73.165512).  Saving model ...
Updating learning rate to 0.0025
	iters: 100, epoch: 13 | loss: 0.0185384
	speed: 0.0989s/iter; left time: 2235.8617s
	iters: 200, epoch: 13 | loss: 0.0110722
	speed: 0.0490s/iter; left time: 1103.6871s
Epoch: 13 cost time: 13.010612964630127
Epoch: 13, Steps: 258 | Train Loss: 0.0194031 Vali Loss: 79.8011017 Test Loss: 608.7333374
EarlyStopping counter: 1 out of 100
Updating learning rate to 0.0025
	iters: 100, epoch: 14 | loss: 0.0103268
	speed: 0.0986s/iter; left time: 2203.4784s
	iters: 200, epoch: 14 | loss: 0.0059260
	speed: 0.0504s/iter; left time: 1121.3506s
Epoch: 14 cost time: 13.012577772140503
Epoch: 14, Steps: 258 | Train Loss: 0.0210074 Vali Loss: 74.8736267 Test Loss: 583.9466553
EarlyStopping counter: 2 out of 100
Updating learning rate to 0.0025
	iters: 100, epoch: 15 | loss: 0.0110173
	speed: 0.0984s/iter; left time: 2173.5536s
	iters: 200, epoch: 15 | loss: 0.0032918
	speed: 0.0492s/iter; left time: 1082.1310s
Epoch: 15 cost time: 13.009860515594482
Epoch: 15, Steps: 258 | Train Loss: 0.0212571 Vali Loss: 71.5563736 Test Loss: 583.8479614
Validation loss decreased (73.165512 --> 71.556374).  Saving model ...
Updating learning rate to 0.0025
	iters: 100, epoch: 16 | loss: 0.0078658
	speed: 0.0994s/iter; left time: 2169.5429s
	iters: 200, epoch: 16 | loss: 0.0155657
	speed: 0.0495s/iter; left time: 1074.6660s
Epoch: 16 cost time: 12.919787406921387
Epoch: 16, Steps: 258 | Train Loss: 0.0174921 Vali Loss: 75.3609695 Test Loss: 585.4985962
EarlyStopping counter: 1 out of 100
Updating learning rate to 0.0025
	iters: 100, epoch: 17 | loss: 0.0095236
	speed: 0.0987s/iter; left time: 2129.6067s
	iters: 200, epoch: 17 | loss: 0.0082603
	speed: 0.0487s/iter; left time: 1046.4069s
Epoch: 17 cost time: 12.8375563621521
Epoch: 17, Steps: 258 | Train Loss: 0.0180635 Vali Loss: 94.6072922 Test Loss: 714.8396606
EarlyStopping counter: 2 out of 100
Updating learning rate to 0.0025
	iters: 100, epoch: 18 | loss: 0.0066790
	speed: 0.0986s/iter; left time: 2100.7406s
	iters: 200, epoch: 18 | loss: 0.0084990
	speed: 0.0499s/iter; left time: 1059.5974s
Epoch: 18 cost time: 12.908198595046997
Epoch: 18, Steps: 258 | Train Loss: 0.0160659 Vali Loss: 73.5769043 Test Loss: 586.4641724
EarlyStopping counter: 3 out of 100
Updating learning rate to 0.0025
	iters: 100, epoch: 19 | loss: 0.0091098
	speed: 0.0981s/iter; left time: 2064.7584s
	iters: 200, epoch: 19 | loss: 0.0040491
	speed: 0.0495s/iter; left time: 1037.6851s
Epoch: 19 cost time: 12.935347080230713
Epoch: 19, Steps: 258 | Train Loss: 0.0158206 Vali Loss: 76.2046967 Test Loss: 592.8747559
EarlyStopping counter: 4 out of 100
Updating learning rate to 0.0025
	iters: 100, epoch: 20 | loss: 0.0100511
	speed: 0.0972s/iter; left time: 2022.0057s
	iters: 200, epoch: 20 | loss: 0.0099787
	speed: 0.0488s/iter; left time: 1010.0749s
Epoch: 20 cost time: 12.907685995101929
Epoch: 20, Steps: 258 | Train Loss: 0.0175104 Vali Loss: 89.5593033 Test Loss: 632.5618896
EarlyStopping counter: 5 out of 100
Updating learning rate to 0.0025
	iters: 100, epoch: 21 | loss: 0.0035651
	speed: 0.0980s/iter; left time: 2013.3674s
	iters: 200, epoch: 21 | loss: 0.0093804
	speed: 0.0493s/iter; left time: 1008.3653s
Epoch: 21 cost time: 12.930864334106445
Epoch: 21, Steps: 258 | Train Loss: 0.0200645 Vali Loss: 89.1179352 Test Loss: 638.1566772
EarlyStopping counter: 6 out of 100
Updating learning rate to 0.0025
	iters: 100, epoch: 22 | loss: 0.0094268
	speed: 0.0990s/iter; left time: 2007.1936s
	iters: 200, epoch: 22 | loss: 0.0137543
	speed: 0.0495s/iter; left time: 999.3131s
Epoch: 22 cost time: 13.093018770217896
Epoch: 22, Steps: 258 | Train Loss: 0.0150357 Vali Loss: 77.7581100 Test Loss: 613.6165161
EarlyStopping counter: 7 out of 100
Updating learning rate to 0.0025
	iters: 100, epoch: 23 | loss: 0.0082200
	speed: 0.0990s/iter; left time: 1983.2454s
	iters: 200, epoch: 23 | loss: 0.0447342
	speed: 0.0497s/iter; left time: 990.0693s
Epoch: 23 cost time: 12.866100788116455
Epoch: 23, Steps: 258 | Train Loss: 0.0149523 Vali Loss: 88.7514648 Test Loss: 602.1449585
EarlyStopping counter: 8 out of 100
Updating learning rate to 0.0025
	iters: 100, epoch: 24 | loss: 0.0052102
	speed: 0.0979s/iter; left time: 1934.4509s
	iters: 200, epoch: 24 | loss: 0.0127649
	speed: 0.0494s/iter; left time: 970.8928s
Epoch: 24 cost time: 12.95992112159729
Epoch: 24, Steps: 258 | Train Loss: 0.0156134 Vali Loss: 74.6734009 Test Loss: 559.1420898
EarlyStopping counter: 9 out of 100
Updating learning rate to 0.0025
	iters: 100, epoch: 25 | loss: 0.0429177
	speed: 0.0978s/iter; left time: 1907.1520s
	iters: 200, epoch: 25 | loss: 0.0115381
	speed: 0.0495s/iter; left time: 960.8933s
Epoch: 25 cost time: 12.856379985809326
Epoch: 25, Steps: 258 | Train Loss: 0.0165360 Vali Loss: 83.8921051 Test Loss: 614.0841064
EarlyStopping counter: 10 out of 100
Updating learning rate to 0.0025
	iters: 100, epoch: 26 | loss: 0.0089249
	speed: 0.0991s/iter; left time: 1908.1624s
	iters: 200, epoch: 26 | loss: 0.0246652
	speed: 0.0495s/iter; left time: 947.1358s
Epoch: 26 cost time: 12.9905366897583
Epoch: 26, Steps: 258 | Train Loss: 0.0140198 Vali Loss: 80.7559357 Test Loss: 672.3591309
EarlyStopping counter: 11 out of 100
Updating learning rate to 0.0025
	iters: 100, epoch: 27 | loss: 0.0254434
	speed: 0.0984s/iter; left time: 1868.5463s
	iters: 200, epoch: 27 | loss: 0.0083995
	speed: 0.0494s/iter; left time: 934.2194s
Epoch: 27 cost time: 12.856537342071533
Epoch: 27, Steps: 258 | Train Loss: 0.0158747 Vali Loss: 78.5607071 Test Loss: 608.0484619
EarlyStopping counter: 12 out of 100
Updating learning rate to 0.0025
	iters: 100, epoch: 28 | loss: 0.0098724
	speed: 0.0984s/iter; left time: 1842.9552s
	iters: 200, epoch: 28 | loss: 0.0095335
	speed: 0.0485s/iter; left time: 903.9249s
Epoch: 28 cost time: 12.84540581703186
Epoch: 28, Steps: 258 | Train Loss: 0.0156298 Vali Loss: 78.7987747 Test Loss: 610.3554688
EarlyStopping counter: 13 out of 100
Updating learning rate to 0.0025
	iters: 100, epoch: 29 | loss: 0.0113965
	speed: 0.0980s/iter; left time: 1810.4641s
	iters: 200, epoch: 29 | loss: 0.0054044
	speed: 0.0498s/iter; left time: 915.7583s
Epoch: 29 cost time: 12.991213321685791
Epoch: 29, Steps: 258 | Train Loss: 0.0147032 Vali Loss: 73.1470566 Test Loss: 582.1221924
EarlyStopping counter: 14 out of 100
Updating learning rate to 0.0025
	iters: 100, epoch: 30 | loss: 0.0114573
	speed: 0.0983s/iter; left time: 1790.3136s
	iters: 200, epoch: 30 | loss: 0.0401302
	speed: 0.0500s/iter; left time: 905.9667s
Epoch: 30 cost time: 12.998591184616089
Epoch: 30, Steps: 258 | Train Loss: 0.0162326 Vali Loss: 80.4811172 Test Loss: 608.6764526
EarlyStopping counter: 15 out of 100
Updating learning rate to 0.0025
	iters: 100, epoch: 31 | loss: 0.0053808
	speed: 0.0985s/iter; left time: 1769.7853s
	iters: 200, epoch: 31 | loss: 0.0123531
	speed: 0.0490s/iter; left time: 875.5990s
Epoch: 31 cost time: 12.956367015838623
Epoch: 31, Steps: 258 | Train Loss: 0.0171337 Vali Loss: 80.4667664 Test Loss: 602.1954956
EarlyStopping counter: 16 out of 100
Updating learning rate to 0.0025
	iters: 100, epoch: 32 | loss: 0.0141908
	speed: 0.0991s/iter; left time: 1754.4823s
	iters: 200, epoch: 32 | loss: 0.0095158
	speed: 0.0492s/iter; left time: 865.7418s
Epoch: 32 cost time: 12.939828157424927
Epoch: 32, Steps: 258 | Train Loss: 0.0192387 Vali Loss: 82.7648849 Test Loss: 598.7791138
EarlyStopping counter: 17 out of 100
Updating learning rate to 0.0025
	iters: 100, epoch: 33 | loss: 0.0086128
	speed: 0.0988s/iter; left time: 1723.0275s
	iters: 200, epoch: 33 | loss: 0.0132993
	speed: 0.0488s/iter; left time: 845.7166s
Epoch: 33 cost time: 13.028482913970947
Epoch: 33, Steps: 258 | Train Loss: 0.0197877 Vali Loss: 87.2457504 Test Loss: 649.0595703
EarlyStopping counter: 18 out of 100
Updating learning rate to 0.0025
	iters: 100, epoch: 34 | loss: 0.0081209
	speed: 0.0999s/iter; left time: 1717.2258s
	iters: 200, epoch: 34 | loss: 0.0090054
	speed: 0.0498s/iter; left time: 850.2496s
Epoch: 34 cost time: 13.050905227661133
Epoch: 34, Steps: 258 | Train Loss: 0.0258330 Vali Loss: 95.1374741 Test Loss: 678.4585571
EarlyStopping counter: 19 out of 100
Updating learning rate to 0.0025
	iters: 100, epoch: 35 | loss: 0.0101807
	speed: 0.0997s/iter; left time: 1687.4799s
	iters: 200, epoch: 35 | loss: 0.0112810
	speed: 0.0489s/iter; left time: 822.7373s
Epoch: 35 cost time: 13.026787519454956
Epoch: 35, Steps: 258 | Train Loss: 0.0251140 Vali Loss: 77.7701340 Test Loss: 589.9865112
EarlyStopping counter: 20 out of 100
Updating learning rate to 0.0025
	iters: 100, epoch: 36 | loss: 0.0163974
	speed: 0.0985s/iter; left time: 1641.9545s
	iters: 200, epoch: 36 | loss: 0.0057294
	speed: 0.0509s/iter; left time: 843.6004s
Epoch: 36 cost time: 13.02024793624878
Epoch: 36, Steps: 258 | Train Loss: 0.0237705 Vali Loss: 87.2904053 Test Loss: 651.9830933
EarlyStopping counter: 21 out of 100
Updating learning rate to 0.0025
	iters: 100, epoch: 37 | loss: 0.0081852
	speed: 0.0974s/iter; left time: 1599.4191s
	iters: 200, epoch: 37 | loss: 0.0125671
	speed: 0.0490s/iter; left time: 798.7742s
Epoch: 37 cost time: 12.853410482406616
Epoch: 37, Steps: 258 | Train Loss: 0.0217964 Vali Loss: 80.5886078 Test Loss: 579.4476318
EarlyStopping counter: 22 out of 100
Updating learning rate to 0.0025
	iters: 100, epoch: 38 | loss: 0.0175402
	speed: 0.0976s/iter; left time: 1576.5308s
	iters: 200, epoch: 38 | loss: 0.0118829
	speed: 0.0496s/iter; left time: 797.0862s
Epoch: 38 cost time: 13.019980907440186
Epoch: 38, Steps: 258 | Train Loss: 0.0216282 Vali Loss: 80.0542603 Test Loss: 609.7356567
EarlyStopping counter: 23 out of 100
Updating learning rate to 0.0025
	iters: 100, epoch: 39 | loss: 0.0063928
	speed: 0.1004s/iter; left time: 1596.0239s
	iters: 200, epoch: 39 | loss: 0.0092806
	speed: 0.0494s/iter; left time: 780.7046s
Epoch: 39 cost time: 13.085044145584106
Epoch: 39, Steps: 258 | Train Loss: 0.0196824 Vali Loss: 79.2910309 Test Loss: 584.0336304
EarlyStopping counter: 24 out of 100
Updating learning rate to 0.0025
	iters: 100, epoch: 40 | loss: 0.0064332
	speed: 0.0984s/iter; left time: 1538.4167s
	iters: 200, epoch: 40 | loss: 0.0062779
	speed: 0.0493s/iter; left time: 766.8447s
Epoch: 40 cost time: 12.925091028213501
Epoch: 40, Steps: 258 | Train Loss: 0.0185575 Vali Loss: 85.9162064 Test Loss: 640.4286499
EarlyStopping counter: 25 out of 100
Updating learning rate to 0.0025
	iters: 100, epoch: 41 | loss: 0.0111325
	speed: 0.0983s/iter; left time: 1511.8095s
	iters: 200, epoch: 41 | loss: 0.0071178
	speed: 0.0493s/iter; left time: 752.6732s
Epoch: 41 cost time: 12.853565454483032
Epoch: 41, Steps: 258 | Train Loss: 0.0173120 Vali Loss: 74.1931686 Test Loss: 582.6732178
EarlyStopping counter: 26 out of 100
Updating learning rate to 0.0025
	iters: 100, epoch: 42 | loss: 0.0030165
	speed: 0.0978s/iter; left time: 1479.1417s
	iters: 200, epoch: 42 | loss: 0.0116044
	speed: 0.0492s/iter; left time: 739.2313s
Epoch: 42 cost time: 13.11725401878357
Epoch: 42, Steps: 258 | Train Loss: 0.0156045 Vali Loss: 75.9623795 Test Loss: 610.8462524
EarlyStopping counter: 27 out of 100
Updating learning rate to 0.0025
	iters: 100, epoch: 43 | loss: 0.0178841
	speed: 0.1000s/iter; left time: 1485.9906s
	iters: 200, epoch: 43 | loss: 0.0101778
	speed: 0.0495s/iter; left time: 731.3500s
Epoch: 43 cost time: 12.971465349197388
Epoch: 43, Steps: 258 | Train Loss: 0.0180012 Vali Loss: 77.8703690 Test Loss: 600.4446411
EarlyStopping counter: 28 out of 100
Updating learning rate to 0.0025
	iters: 100, epoch: 44 | loss: 0.0061296
	speed: 0.0982s/iter; left time: 1434.6401s
	iters: 200, epoch: 44 | loss: 0.0058297
	speed: 0.0492s/iter; left time: 713.0708s
Epoch: 44 cost time: 12.999782800674438
Epoch: 44, Steps: 258 | Train Loss: 0.0154011 Vali Loss: 78.8504181 Test Loss: 631.7412109
EarlyStopping counter: 29 out of 100
Updating learning rate to 0.0025
	iters: 100, epoch: 45 | loss: 0.0045762
	speed: 0.0983s/iter; left time: 1410.7816s
	iters: 200, epoch: 45 | loss: 0.0119766
	speed: 0.0488s/iter; left time: 695.7722s
Epoch: 45 cost time: 12.815077543258667
Epoch: 45, Steps: 258 | Train Loss: 0.0179652 Vali Loss: 85.4584274 Test Loss: 624.7808838
EarlyStopping counter: 30 out of 100
Updating learning rate to 0.0025
	iters: 100, epoch: 46 | loss: 0.0127569
	speed: 0.0986s/iter; left time: 1389.9586s
	iters: 200, epoch: 46 | loss: 0.0054703
	speed: 0.0494s/iter; left time: 690.8351s
Epoch: 46 cost time: 12.967267036437988
Epoch: 46, Steps: 258 | Train Loss: 0.0185720 Vali Loss: 84.7735138 Test Loss: 628.3713989
EarlyStopping counter: 31 out of 100
Updating learning rate to 0.0025
	iters: 100, epoch: 47 | loss: 0.0122486
	speed: 0.0981s/iter; left time: 1356.6286s
	iters: 200, epoch: 47 | loss: 0.0112268
	speed: 0.0491s/iter; left time: 674.0050s
Epoch: 47 cost time: 12.86643934249878
Epoch: 47, Steps: 258 | Train Loss: 0.0173150 Vali Loss: 78.1644897 Test Loss: 626.4485474
EarlyStopping counter: 32 out of 100
Updating learning rate to 0.0025
	iters: 100, epoch: 48 | loss: 0.0073762
	speed: 0.0982s/iter; left time: 1332.7850s
	iters: 200, epoch: 48 | loss: 0.0100846
	speed: 0.0498s/iter; left time: 671.0037s
Epoch: 48 cost time: 12.956102132797241
Epoch: 48, Steps: 258 | Train Loss: 0.0153745 Vali Loss: 78.5029297 Test Loss: 622.9962158
EarlyStopping counter: 33 out of 100
Updating learning rate to 0.0025
	iters: 100, epoch: 49 | loss: 0.0118915
	speed: 0.0977s/iter; left time: 1301.5596s
	iters: 200, epoch: 49 | loss: 0.0229670
	speed: 0.0492s/iter; left time: 650.5057s
Epoch: 49 cost time: 12.879566669464111
Epoch: 49, Steps: 258 | Train Loss: 0.0144621 Vali Loss: 79.1880646 Test Loss: 640.0558472
EarlyStopping counter: 34 out of 100
Updating learning rate to 0.0025
	iters: 100, epoch: 50 | loss: 0.0037339
	speed: 0.0986s/iter; left time: 1288.1927s
	iters: 200, epoch: 50 | loss: 0.0039659
	speed: 0.0495s/iter; left time: 641.1200s
Epoch: 50 cost time: 12.98514437675476
Epoch: 50, Steps: 258 | Train Loss: 0.0145229 Vali Loss: 85.4448090 Test Loss: 615.1435547
EarlyStopping counter: 35 out of 100
Updating learning rate to 0.0025
	iters: 100, epoch: 51 | loss: 0.0065850
	speed: 0.0998s/iter; left time: 1277.9220s
	iters: 200, epoch: 51 | loss: 0.0245152
	speed: 0.0497s/iter; left time: 631.8361s
Epoch: 51 cost time: 13.110867023468018
Epoch: 51, Steps: 258 | Train Loss: 0.0177104 Vali Loss: 80.7470322 Test Loss: 587.4700317
EarlyStopping counter: 36 out of 100
Updating learning rate to 0.0025
	iters: 100, epoch: 52 | loss: 0.0529141
	speed: 0.0981s/iter; left time: 1230.9898s
	iters: 200, epoch: 52 | loss: 0.0152209
	speed: 0.0500s/iter; left time: 622.7189s
Epoch: 52 cost time: 13.093761920928955
Epoch: 52, Steps: 258 | Train Loss: 0.0172627 Vali Loss: 84.5818100 Test Loss: 612.4337769
EarlyStopping counter: 37 out of 100
Updating learning rate to 0.0025
	iters: 100, epoch: 53 | loss: 0.0112287
	speed: 0.0989s/iter; left time: 1215.3912s
	iters: 200, epoch: 53 | loss: 0.0119404
	speed: 0.0496s/iter; left time: 604.1795s
Epoch: 53 cost time: 13.014926195144653
Epoch: 53, Steps: 258 | Train Loss: 0.0180663 Vali Loss: 95.9872513 Test Loss: 613.8958740
EarlyStopping counter: 38 out of 100
Updating learning rate to 0.0025
	iters: 100, epoch: 54 | loss: 0.0059971
	speed: 0.0988s/iter; left time: 1187.9878s
	iters: 200, epoch: 54 | loss: 0.0052943
	speed: 0.0499s/iter; left time: 594.9642s
Epoch: 54 cost time: 13.028549671173096
Epoch: 54, Steps: 258 | Train Loss: 0.0195653 Vali Loss: 93.3802948 Test Loss: 637.3963623
EarlyStopping counter: 39 out of 100
Updating learning rate to 0.0025
	iters: 100, epoch: 55 | loss: 0.0416561
	speed: 0.1008s/iter; left time: 1186.8894s
	iters: 200, epoch: 55 | loss: 0.0283600
	speed: 0.0494s/iter; left time: 576.8400s
Epoch: 55 cost time: 13.059930086135864
Epoch: 55, Steps: 258 | Train Loss: 0.0187367 Vali Loss: 94.2288132 Test Loss: 628.7057495
EarlyStopping counter: 40 out of 100
Updating learning rate to 0.0025
	iters: 100, epoch: 56 | loss: 0.0135261
	speed: 0.0996s/iter; left time: 1146.9093s
	iters: 200, epoch: 56 | loss: 0.2186944
	speed: 0.0496s/iter; left time: 565.4285s
Epoch: 56 cost time: 13.141604900360107
Epoch: 56, Steps: 258 | Train Loss: 0.0179001 Vali Loss: 91.3155518 Test Loss: 626.1862183
EarlyStopping counter: 41 out of 100
Updating learning rate to 0.0025
	iters: 100, epoch: 57 | loss: 0.0096649
	speed: 0.1000s/iter; left time: 1124.9081s
	iters: 200, epoch: 57 | loss: 0.0080084
	speed: 0.0497s/iter; left time: 554.7676s
Epoch: 57 cost time: 13.003501653671265
Epoch: 57, Steps: 258 | Train Loss: 0.0169483 Vali Loss: 81.2709808 Test Loss: 600.1936035
EarlyStopping counter: 42 out of 100
Updating learning rate to 0.0025
	iters: 100, epoch: 58 | loss: 0.0355116
	speed: 0.0982s/iter; left time: 1079.4203s
	iters: 200, epoch: 58 | loss: 0.0098322
	speed: 0.0499s/iter; left time: 543.6434s
Epoch: 58 cost time: 12.986450433731079
Epoch: 58, Steps: 258 | Train Loss: 0.0153897 Vali Loss: 86.6727142 Test Loss: 618.0167236
EarlyStopping counter: 43 out of 100
Updating learning rate to 0.0025
	iters: 100, epoch: 59 | loss: 0.0148271
	speed: 0.0997s/iter; left time: 1069.9640s
	iters: 200, epoch: 59 | loss: 0.0196649
	speed: 0.0490s/iter; left time: 520.7582s
Epoch: 59 cost time: 12.89677095413208
Epoch: 59, Steps: 258 | Train Loss: 0.0164443 Vali Loss: 80.6728745 Test Loss: 619.9391479
EarlyStopping counter: 44 out of 100
Updating learning rate to 0.0025
	iters: 100, epoch: 60 | loss: 0.0070212
	speed: 0.0988s/iter; left time: 1035.8474s
	iters: 200, epoch: 60 | loss: 0.0124204
	speed: 0.0501s/iter; left time: 519.5487s
Epoch: 60 cost time: 13.138465166091919
Epoch: 60, Steps: 258 | Train Loss: 0.0184367 Vali Loss: 89.4017258 Test Loss: 634.8785400
EarlyStopping counter: 45 out of 100
Updating learning rate to 0.0025
	iters: 100, epoch: 61 | loss: 0.0094780
	speed: 0.0993s/iter; left time: 1015.1533s
	iters: 200, epoch: 61 | loss: 0.0132495
	speed: 0.0501s/iter; left time: 507.1744s
Epoch: 61 cost time: 13.112396240234375
Epoch: 61, Steps: 258 | Train Loss: 0.0195727 Vali Loss: 86.1501923 Test Loss: 667.8735962
EarlyStopping counter: 46 out of 100
Updating learning rate to 0.0025
	iters: 100, epoch: 62 | loss: 0.0052064
	speed: 0.0989s/iter; left time: 985.6383s
	iters: 200, epoch: 62 | loss: 0.0178515
	speed: 0.0496s/iter; left time: 489.5552s
Epoch: 62 cost time: 12.97733473777771
Epoch: 62, Steps: 258 | Train Loss: 0.0235133 Vali Loss: 76.9227295 Test Loss: 602.9690552
EarlyStopping counter: 47 out of 100
Updating learning rate to 0.0025
	iters: 100, epoch: 63 | loss: 0.0215973
	speed: 0.1001s/iter; left time: 971.3561s
	iters: 200, epoch: 63 | loss: 0.0090111
	speed: 0.0494s/iter; left time: 474.1421s
Epoch: 63 cost time: 13.111904621124268
Epoch: 63, Steps: 258 | Train Loss: 0.0223821 Vali Loss: 82.3703232 Test Loss: 582.0470581
EarlyStopping counter: 48 out of 100
Updating learning rate to 0.0025
	iters: 100, epoch: 64 | loss: 0.0079127
	speed: 0.0995s/iter; left time: 939.7440s
	iters: 200, epoch: 64 | loss: 0.0105971
	speed: 0.0502s/iter; left time: 469.6460s
Epoch: 64 cost time: 13.131707191467285
Epoch: 64, Steps: 258 | Train Loss: 0.0227035 Vali Loss: 92.7885666 Test Loss: 621.2020264
EarlyStopping counter: 49 out of 100
Updating learning rate to 0.0025
	iters: 100, epoch: 65 | loss: 0.0077292
	speed: 0.1006s/iter; left time: 924.6112s
	iters: 200, epoch: 65 | loss: 0.0094971
	speed: 0.0496s/iter; left time: 450.5813s
Epoch: 65 cost time: 13.11051321029663
Epoch: 65, Steps: 258 | Train Loss: 0.0212868 Vali Loss: 86.7178345 Test Loss: 599.0856934
EarlyStopping counter: 50 out of 100
Updating learning rate to 0.0025
	iters: 100, epoch: 66 | loss: 0.0159167
	speed: 0.0992s/iter; left time: 885.9397s
	iters: 200, epoch: 66 | loss: 0.0122238
	speed: 0.0493s/iter; left time: 435.7663s
Epoch: 66 cost time: 13.007699489593506
Epoch: 66, Steps: 258 | Train Loss: 0.0200259 Vali Loss: 82.5003510 Test Loss: 590.0559692
EarlyStopping counter: 51 out of 100
Updating learning rate to 0.0025
	iters: 100, epoch: 67 | loss: 0.0120051
	speed: 0.1002s/iter; left time: 869.3738s
	iters: 200, epoch: 67 | loss: 0.0074500
	speed: 0.0502s/iter; left time: 430.4514s
Epoch: 67 cost time: 13.087859392166138
Epoch: 67, Steps: 258 | Train Loss: 0.0188101 Vali Loss: 83.3321152 Test Loss: 604.2393188
EarlyStopping counter: 52 out of 100
Updating learning rate to 0.0025
	iters: 100, epoch: 68 | loss: 0.0073262
	speed: 0.1005s/iter; left time: 845.4593s
	iters: 200, epoch: 68 | loss: 0.0082869
	speed: 0.0502s/iter; left time: 417.2153s
Epoch: 68 cost time: 13.34606122970581
Epoch: 68, Steps: 258 | Train Loss: 0.0201801 Vali Loss: 89.4117813 Test Loss: 612.2819214
EarlyStopping counter: 53 out of 100
Updating learning rate to 0.0025
	iters: 100, epoch: 69 | loss: 0.0065283
	speed: 0.1011s/iter; left time: 824.6562s
	iters: 200, epoch: 69 | loss: 0.0087505
	speed: 0.0507s/iter; left time: 408.4195s
Epoch: 69 cost time: 13.132060527801514
Epoch: 69, Steps: 258 | Train Loss: 0.0197319 Vali Loss: 87.6691055 Test Loss: 618.6360474
EarlyStopping counter: 54 out of 100
Updating learning rate to 0.0025
	iters: 100, epoch: 70 | loss: 0.0096146
	speed: 0.0999s/iter; left time: 788.7732s
	iters: 200, epoch: 70 | loss: 0.0615971
	speed: 0.0503s/iter; left time: 392.2242s
Epoch: 70 cost time: 13.24690055847168
Epoch: 70, Steps: 258 | Train Loss: 0.0169770 Vali Loss: 88.5283127 Test Loss: 629.2681885
EarlyStopping counter: 55 out of 100
Updating learning rate to 0.0025
	iters: 100, epoch: 71 | loss: 0.0098705
	speed: 0.1004s/iter; left time: 767.3691s
	iters: 200, epoch: 71 | loss: 0.0051332
	speed: 0.0497s/iter; left time: 375.1396s
Epoch: 71 cost time: 13.045084953308105
Epoch: 71, Steps: 258 | Train Loss: 0.0171169 Vali Loss: 82.2712708 Test Loss: 619.5552979
EarlyStopping counter: 56 out of 100
Updating learning rate to 0.0025
	iters: 100, epoch: 72 | loss: 0.0339110
	speed: 0.1004s/iter; left time: 740.9943s
	iters: 200, epoch: 72 | loss: 0.0092693
	speed: 0.0494s/iter; left time: 360.1346s
Epoch: 72 cost time: 13.143442630767822
Epoch: 72, Steps: 258 | Train Loss: 0.0183971 Vali Loss: 81.0529556 Test Loss: 595.6344604
EarlyStopping counter: 57 out of 100
Updating learning rate to 0.0025
	iters: 100, epoch: 73 | loss: 0.0327455
	speed: 0.1008s/iter; left time: 717.8938s
	iters: 200, epoch: 73 | loss: 0.0083613
	speed: 0.0503s/iter; left time: 353.0782s
Epoch: 73 cost time: 13.20824646949768
Epoch: 73, Steps: 258 | Train Loss: 0.0189565 Vali Loss: 88.3294907 Test Loss: 620.1649780
EarlyStopping counter: 58 out of 100
Updating learning rate to 0.0025
	iters: 100, epoch: 74 | loss: 0.0160185
	speed: 0.1016s/iter; left time: 697.9366s
	iters: 200, epoch: 74 | loss: 0.0216876
	speed: 0.0501s/iter; left time: 339.1919s
Epoch: 74 cost time: 13.07394289970398
Epoch: 74, Steps: 258 | Train Loss: 0.0213819 Vali Loss: 87.9787445 Test Loss: 603.6735229
EarlyStopping counter: 59 out of 100
Updating learning rate to 0.0025
	iters: 100, epoch: 75 | loss: 0.0283837
	speed: 0.0997s/iter; left time: 658.6864s
	iters: 200, epoch: 75 | loss: 0.0053400
	speed: 0.0503s/iter; left time: 327.6357s
Epoch: 75 cost time: 13.075757265090942
Epoch: 75, Steps: 258 | Train Loss: 0.0192058 Vali Loss: 91.2874222 Test Loss: 646.8010254
EarlyStopping counter: 60 out of 100
Updating learning rate to 0.0025
	iters: 100, epoch: 76 | loss: 0.0285098
	speed: 0.1015s/iter; left time: 644.5017s
	iters: 200, epoch: 76 | loss: 0.2078506
	speed: 0.0491s/iter; left time: 307.0061s
Epoch: 76 cost time: 12.985458135604858
Epoch: 76, Steps: 258 | Train Loss: 0.0216407 Vali Loss: 89.1846161 Test Loss: 645.1435547
EarlyStopping counter: 61 out of 100
Updating learning rate to 0.0025
	iters: 100, epoch: 77 | loss: 0.0122880
	speed: 0.1000s/iter; left time: 609.1038s
	iters: 200, epoch: 77 | loss: 0.0125870
	speed: 0.0515s/iter; left time: 308.7752s
Epoch: 77 cost time: 13.236714363098145
Epoch: 77, Steps: 258 | Train Loss: 0.0234073 Vali Loss: 83.4661026 Test Loss: 592.4374390
EarlyStopping counter: 62 out of 100
Updating learning rate to 0.0025
	iters: 100, epoch: 78 | loss: 0.0057838
	speed: 0.1008s/iter; left time: 587.9558s
	iters: 200, epoch: 78 | loss: 0.0127647
	speed: 0.0492s/iter; left time: 281.9813s
Epoch: 78 cost time: 13.023681402206421
Epoch: 78, Steps: 258 | Train Loss: 0.0248833 Vali Loss: 92.6741486 Test Loss: 610.3963013
EarlyStopping counter: 63 out of 100
Updating learning rate to 0.0025
	iters: 100, epoch: 79 | loss: 0.0421904
	speed: 0.1010s/iter; left time: 563.4600s
	iters: 200, epoch: 79 | loss: 0.0327014
	speed: 0.0504s/iter; left time: 275.9081s
Epoch: 79 cost time: 13.067826271057129
Epoch: 79, Steps: 258 | Train Loss: 0.0222554 Vali Loss: 83.4043427 Test Loss: 584.4556274
EarlyStopping counter: 64 out of 100
Updating learning rate to 0.0025
	iters: 100, epoch: 80 | loss: 0.0063209
	speed: 0.0995s/iter; left time: 529.1283s
	iters: 200, epoch: 80 | loss: 0.0197455
	speed: 0.0496s/iter; left time: 258.7741s
Epoch: 80 cost time: 13.07253098487854
Epoch: 80, Steps: 258 | Train Loss: 0.0219995 Vali Loss: 89.9294052 Test Loss: 604.4518433
EarlyStopping counter: 65 out of 100
Updating learning rate to 0.0025
	iters: 100, epoch: 81 | loss: 0.0060321
	speed: 0.1010s/iter; left time: 511.3301s
	iters: 200, epoch: 81 | loss: 0.0315839
	speed: 0.0516s/iter; left time: 255.9698s
Epoch: 81 cost time: 13.359584331512451
Epoch: 81, Steps: 258 | Train Loss: 0.0227589 Vali Loss: 94.3513260 Test Loss: 631.9991455
EarlyStopping counter: 66 out of 100
Updating learning rate to 0.0025
	iters: 100, epoch: 82 | loss: 0.0124226
	speed: 0.1005s/iter; left time: 482.5362s
	iters: 200, epoch: 82 | loss: 0.0102827
	speed: 0.0501s/iter; left time: 235.4014s
Epoch: 82 cost time: 13.070608615875244
Epoch: 82, Steps: 258 | Train Loss: 0.0217084 Vali Loss: 84.9616776 Test Loss: 592.1871338
EarlyStopping counter: 67 out of 100
Updating learning rate to 0.0025
	iters: 100, epoch: 83 | loss: 0.0140632
	speed: 0.0997s/iter; left time: 453.0550s
	iters: 200, epoch: 83 | loss: 0.0130754
	speed: 0.0506s/iter; left time: 224.9762s
Epoch: 83 cost time: 13.463326454162598
Epoch: 83, Steps: 258 | Train Loss: 0.0225554 Vali Loss: 83.7257080 Test Loss: 603.2403564
EarlyStopping counter: 68 out of 100
Updating learning rate to 0.0025
	iters: 100, epoch: 84 | loss: 0.0141017
	speed: 0.1095s/iter; left time: 469.2215s
	iters: 200, epoch: 84 | loss: 0.0079355
	speed: 0.0519s/iter; left time: 217.4484s
Epoch: 84 cost time: 13.979973316192627
Epoch: 84, Steps: 258 | Train Loss: 0.0214414 Vali Loss: 81.9158020 Test Loss: 595.9228516
EarlyStopping counter: 69 out of 100
Updating learning rate to 0.0025
	iters: 100, epoch: 85 | loss: 0.0064330
	speed: 0.1022s/iter; left time: 411.7156s
	iters: 200, epoch: 85 | loss: 0.0082094
	speed: 0.0502s/iter; left time: 197.0802s
Epoch: 85 cost time: 13.198988676071167
Epoch: 85, Steps: 258 | Train Loss: 0.0201396 Vali Loss: 91.1364136 Test Loss: 615.7110596
EarlyStopping counter: 70 out of 100
Updating learning rate to 0.0025
	iters: 100, epoch: 86 | loss: 0.0068236
	speed: 0.1004s/iter; left time: 378.6681s
	iters: 200, epoch: 86 | loss: 0.0094831
	speed: 0.0498s/iter; left time: 182.9477s
Epoch: 86 cost time: 13.078113794326782
Epoch: 86, Steps: 258 | Train Loss: 0.0202531 Vali Loss: 85.8186874 Test Loss: 608.1476440
EarlyStopping counter: 71 out of 100
Updating learning rate to 0.0025
	iters: 100, epoch: 87 | loss: 0.0092757
	speed: 0.0998s/iter; left time: 350.7574s
	iters: 200, epoch: 87 | loss: 0.0100249
	speed: 0.0509s/iter; left time: 173.8272s
Epoch: 87 cost time: 13.155976057052612
Epoch: 87, Steps: 258 | Train Loss: 0.0202780 Vali Loss: 81.3437424 Test Loss: 596.1947632
EarlyStopping counter: 72 out of 100
Updating learning rate to 0.0025
	iters: 100, epoch: 88 | loss: 0.0071962
	speed: 0.1014s/iter; left time: 330.0681s
	iters: 200, epoch: 88 | loss: 0.0585618
	speed: 0.0504s/iter; left time: 159.1460s
Epoch: 88 cost time: 13.306257486343384
Epoch: 88, Steps: 258 | Train Loss: 0.0225013 Vali Loss: 84.8862381 Test Loss: 622.6724243
EarlyStopping counter: 73 out of 100
Updating learning rate to 0.0025
	iters: 100, epoch: 89 | loss: 0.0074203
	speed: 0.1001s/iter; left time: 300.0834s
	iters: 200, epoch: 89 | loss: 0.1338814
	speed: 0.0491s/iter; left time: 142.3652s
Epoch: 89 cost time: 13.044727563858032
Epoch: 89, Steps: 258 | Train Loss: 0.0207967 Vali Loss: 78.8754120 Test Loss: 599.8153687
EarlyStopping counter: 74 out of 100
Updating learning rate to 0.0025
	iters: 100, epoch: 90 | loss: 0.0063971
	speed: 0.1006s/iter; left time: 275.5162s
	iters: 200, epoch: 90 | loss: 0.0149155
	speed: 0.0499s/iter; left time: 131.7465s
Epoch: 90 cost time: 13.220227003097534
Epoch: 90, Steps: 258 | Train Loss: 0.0181963 Vali Loss: 81.1884995 Test Loss: 588.3743286
EarlyStopping counter: 75 out of 100
Updating learning rate to 0.0025
	iters: 100, epoch: 91 | loss: 0.0071219
	speed: 0.1012s/iter; left time: 251.0759s
	iters: 200, epoch: 91 | loss: 0.1634828
	speed: 0.0502s/iter; left time: 119.5052s
Epoch: 91 cost time: 13.203457593917847
Epoch: 91, Steps: 258 | Train Loss: 0.0206230 Vali Loss: 80.3342819 Test Loss: 601.4666138
EarlyStopping counter: 76 out of 100
Updating learning rate to 0.0025
	iters: 100, epoch: 92 | loss: 0.0232685
	speed: 0.1000s/iter; left time: 222.3974s
	iters: 200, epoch: 92 | loss: 0.0033093
	speed: 0.0506s/iter; left time: 107.5255s
Epoch: 92 cost time: 13.149774074554443
Epoch: 92, Steps: 258 | Train Loss: 0.0214363 Vali Loss: 84.6524734 Test Loss: 591.5236816
EarlyStopping counter: 77 out of 100
Updating learning rate to 0.0025
	iters: 100, epoch: 93 | loss: 0.0139495
	speed: 0.1003s/iter; left time: 197.1009s
	iters: 200, epoch: 93 | loss: 0.0120427
	speed: 0.0492s/iter; left time: 91.8424s
Epoch: 93 cost time: 13.135095119476318
Epoch: 93, Steps: 258 | Train Loss: 0.0195339 Vali Loss: 79.5804443 Test Loss: 583.8986206
EarlyStopping counter: 78 out of 100
Updating learning rate to 0.0025
	iters: 100, epoch: 94 | loss: 0.0825264
	speed: 0.1009s/iter; left time: 172.2833s
	iters: 200, epoch: 94 | loss: 0.0057721
	speed: 0.0497s/iter; left time: 79.9369s
Epoch: 94 cost time: 13.246696472167969
Epoch: 94, Steps: 258 | Train Loss: 0.0176633 Vali Loss: 81.2351151 Test Loss: 597.4785767
EarlyStopping counter: 79 out of 100
Updating learning rate to 0.0025
	iters: 100, epoch: 95 | loss: 0.0103861
	speed: 0.1011s/iter; left time: 146.5640s
	iters: 200, epoch: 95 | loss: 0.0084041
	speed: 0.0498s/iter; left time: 67.1366s
Epoch: 95 cost time: 13.117366552352905
Epoch: 95, Steps: 258 | Train Loss: 0.0196213 Vali Loss: 78.0301437 Test Loss: 578.0698853
EarlyStopping counter: 80 out of 100
Updating learning rate to 0.0025
	iters: 100, epoch: 96 | loss: 0.0087557
	speed: 0.1016s/iter; left time: 120.9524s
	iters: 200, epoch: 96 | loss: 0.0178506
	speed: 0.0502s/iter; left time: 54.7281s
Epoch: 96 cost time: 13.20638108253479
Epoch: 96, Steps: 258 | Train Loss: 0.0188148 Vali Loss: 80.2539062 Test Loss: 600.1895752
EarlyStopping counter: 81 out of 100
Updating learning rate to 0.0025
	iters: 100, epoch: 97 | loss: 0.0067132
	speed: 0.1007s/iter; left time: 93.9884s
	iters: 200, epoch: 97 | loss: 0.0060728
	speed: 0.0502s/iter; left time: 41.8027s
Epoch: 97 cost time: 13.220322847366333
Epoch: 97, Steps: 258 | Train Loss: 0.0179949 Vali Loss: 78.6963730 Test Loss: 593.9353638
EarlyStopping counter: 82 out of 100
Updating learning rate to 0.0025
	iters: 100, epoch: 98 | loss: 0.0085225
	speed: 0.1002s/iter; left time: 67.6537s
	iters: 200, epoch: 98 | loss: 0.0099967
	speed: 0.0506s/iter; left time: 29.0927s
Epoch: 98 cost time: 13.181992053985596
Epoch: 98, Steps: 258 | Train Loss: 0.0220866 Vali Loss: 80.7291260 Test Loss: 593.3850098
EarlyStopping counter: 83 out of 100
Updating learning rate to 0.0025
	iters: 100, epoch: 99 | loss: 0.0079612
	speed: 0.1013s/iter; left time: 42.2283s
	iters: 200, epoch: 99 | loss: 0.0107636
	speed: 0.0499s/iter; left time: 15.8188s
Epoch: 99 cost time: 13.202455282211304
Epoch: 99, Steps: 258 | Train Loss: 0.0233179 Vali Loss: 80.0295181 Test Loss: 573.6025391
EarlyStopping counter: 84 out of 100
Updating learning rate to 0.0025
	iters: 100, epoch: 100 | loss: 0.0239851
	speed: 0.0997s/iter; left time: 15.8497s
	iters: 200, epoch: 100 | loss: 0.0068741
	speed: 0.0510s/iter; left time: 3.0113s
Epoch: 100 cost time: 13.17669939994812
Epoch: 100, Steps: 258 | Train Loss: 0.0206661 Vali Loss: 82.2501221 Test Loss: 590.2448120
EarlyStopping counter: 85 out of 100
Updating learning rate to 0.0025
>>>>>>>testing : 84_14_PatchTST_custom_ftM_sl84_ll48_pl14_dm16_nh4_el3_dl1_df128_fc1_ebtimeF_dtTrue_Exp_0<<<<<<<<<<<<<<<<<<<<<<<<<<<<<<<<<
test 1194
mse:583.8480834960938, mae:7.241213321685791, rse:0.1970740556716919
