Args in experiment:
Namespace(random_seed=2024, is_training=1, model_id='60_1', model='PatchTST', data='custom', root_path='./dataset/', data_path='db_lv6.csv', features='M', target='Target', freq='h', checkpoints='./checkpoints/', seq_len=60, label_len=48, pred_len=1, fc_dropout=0.2, head_dropout=0.0, patch_len=5, stride=2, padding_patch='end', revin=1, affine=0, subtract_last=0, decomposition=0, kernel_size=25, individual=0, embed_type=0, enc_in=9, dec_in=7, c_out=7, d_model=16, n_heads=4, e_layers=3, d_layers=1, d_ff=128, moving_avg=25, factor=1, distil=True, dropout=0.2, embed='timeF', activation='gelu', output_attention=False, do_predict=False, num_workers=10, itr=1, train_epochs=100, batch_size=16, patience=100, learning_rate=0.0025, des='Exp', loss='mse', lradj='constant', pct_start=0.3, use_amp=False, use_gpu=False, gpu=0, use_multi_gpu=False, devices='0,1,2,3', test_flop=False)
Use CPU
>>>>>>>start training : 60_1_PatchTST_custom_ftM_sl60_ll48_pl1_dm16_nh4_el3_dl1_df128_fc1_ebtimeF_dtTrue_Exp_0>>>>>>>>>>>>>>>>>>>>>>>>>>
train 4165
val 605
test 1207
	iters: 100, epoch: 1 | loss: 0.1770732
	speed: 0.0863s/iter; left time: 2234.1524s
	iters: 200, epoch: 1 | loss: 0.1004257
	speed: 0.0837s/iter; left time: 2159.3877s
Epoch: 1 cost time: 22.000673055648804
Epoch: 1, Steps: 260 | Train Loss: 0.3202864 Vali Loss: 0.0551046 Test Loss: 0.1657274
Validation loss decreased (inf --> 0.055105).  Saving model ...
Updating learning rate to 0.0025
	iters: 100, epoch: 2 | loss: 0.0304192
	speed: 0.1679s/iter; left time: 4305.3199s
	iters: 200, epoch: 2 | loss: 0.0194797
	speed: 0.0844s/iter; left time: 2155.6769s
Epoch: 2 cost time: 22.19470477104187
Epoch: 2, Steps: 260 | Train Loss: 0.0321947 Vali Loss: 0.0109821 Test Loss: 0.0346325
Validation loss decreased (0.055105 --> 0.010982).  Saving model ...
Updating learning rate to 0.0025
	iters: 100, epoch: 3 | loss: 0.0165671
	speed: 0.1641s/iter; left time: 4164.2491s
	iters: 200, epoch: 3 | loss: 0.0099709
	speed: 0.0835s/iter; left time: 2111.2890s
Epoch: 3 cost time: 21.924047708511353
Epoch: 3, Steps: 260 | Train Loss: 0.0168696 Vali Loss: 0.0101797 Test Loss: 0.0316035
Validation loss decreased (0.010982 --> 0.010180).  Saving model ...
Updating learning rate to 0.0025
	iters: 100, epoch: 4 | loss: 0.0110941
	speed: 0.1669s/iter; left time: 4192.6719s
	iters: 200, epoch: 4 | loss: 0.0465838
	speed: 0.0832s/iter; left time: 2082.8709s
Epoch: 4 cost time: 22.18004584312439
Epoch: 4, Steps: 260 | Train Loss: 0.0151256 Vali Loss: 0.0111357 Test Loss: 0.0373888
EarlyStopping counter: 1 out of 100
Updating learning rate to 0.0025
	iters: 100, epoch: 5 | loss: 0.0169288
	speed: 0.1670s/iter; left time: 4152.0777s
	iters: 200, epoch: 5 | loss: 0.0066933
	speed: 0.0875s/iter; left time: 2167.0636s
Epoch: 5 cost time: 22.5693519115448
Epoch: 5, Steps: 260 | Train Loss: 0.0138697 Vali Loss: 0.0097675 Test Loss: 0.0338797
Validation loss decreased (0.010180 --> 0.009768).  Saving model ...
Updating learning rate to 0.0025
	iters: 100, epoch: 6 | loss: 0.0235242
	speed: 0.1900s/iter; left time: 4674.4470s
	iters: 200, epoch: 6 | loss: 0.0099622
	speed: 0.1021s/iter; left time: 2501.4779s
Epoch: 6 cost time: 26.944703340530396
Epoch: 6, Steps: 260 | Train Loss: 0.0131230 Vali Loss: 0.0062828 Test Loss: 0.0210566
Validation loss decreased (0.009768 --> 0.006283).  Saving model ...
Updating learning rate to 0.0025
	iters: 100, epoch: 7 | loss: 0.0105215
	speed: 0.2015s/iter; left time: 4903.7480s
	iters: 200, epoch: 7 | loss: 0.0080433
	speed: 0.1046s/iter; left time: 2535.6238s
Epoch: 7 cost time: 27.11877465248108
Epoch: 7, Steps: 260 | Train Loss: 0.0117599 Vali Loss: 0.0079022 Test Loss: 0.0263836
EarlyStopping counter: 1 out of 100
Updating learning rate to 0.0025
	iters: 100, epoch: 8 | loss: 0.0104051
	speed: 0.1989s/iter; left time: 4788.5101s
	iters: 200, epoch: 8 | loss: 0.0065056
	speed: 0.0805s/iter; left time: 1929.4147s
Epoch: 8 cost time: 22.883182764053345
Epoch: 8, Steps: 260 | Train Loss: 0.0115077 Vali Loss: 0.0113658 Test Loss: 0.0366945
EarlyStopping counter: 2 out of 100
Updating learning rate to 0.0025
	iters: 100, epoch: 9 | loss: 0.0054201
	speed: 0.1614s/iter; left time: 3845.5690s
	iters: 200, epoch: 9 | loss: 0.0088007
	speed: 0.0795s/iter; left time: 1885.3994s
Epoch: 9 cost time: 21.244729042053223
Epoch: 9, Steps: 260 | Train Loss: 0.0109563 Vali Loss: 0.0091424 Test Loss: 0.0297879
EarlyStopping counter: 3 out of 100
Updating learning rate to 0.0025
	iters: 100, epoch: 10 | loss: 0.0070235
	speed: 0.1609s/iter; left time: 3791.5113s
	iters: 200, epoch: 10 | loss: 0.0049359
	speed: 0.0789s/iter; left time: 1850.5242s
Epoch: 10 cost time: 21.099342823028564
Epoch: 10, Steps: 260 | Train Loss: 0.0105551 Vali Loss: 0.0143299 Test Loss: 0.0427904
EarlyStopping counter: 4 out of 100
Updating learning rate to 0.0025
	iters: 100, epoch: 11 | loss: 0.0110155
	speed: 0.1596s/iter; left time: 3719.1788s
	iters: 200, epoch: 11 | loss: 0.0046588
	speed: 0.0816s/iter; left time: 1893.5359s
Epoch: 11 cost time: 21.32083010673523
Epoch: 11, Steps: 260 | Train Loss: 0.0100558 Vali Loss: 0.0128344 Test Loss: 0.0391399
EarlyStopping counter: 5 out of 100
Updating learning rate to 0.0025
	iters: 100, epoch: 12 | loss: 0.0074041
	speed: 0.1621s/iter; left time: 3734.0599s
	iters: 200, epoch: 12 | loss: 0.0055238
	speed: 0.0796s/iter; left time: 1825.6615s
Epoch: 12 cost time: 21.207380056381226
Epoch: 12, Steps: 260 | Train Loss: 0.0109242 Vali Loss: 0.0221771 Test Loss: 0.0627013
EarlyStopping counter: 6 out of 100
Updating learning rate to 0.0025
	iters: 100, epoch: 13 | loss: 0.0077183
	speed: 0.1626s/iter; left time: 3704.0124s
	iters: 200, epoch: 13 | loss: 0.0117161
	speed: 0.0800s/iter; left time: 1814.3974s
Epoch: 13 cost time: 21.27672505378723
Epoch: 13, Steps: 260 | Train Loss: 0.0096933 Vali Loss: 0.0076122 Test Loss: 0.0232290
EarlyStopping counter: 7 out of 100
Updating learning rate to 0.0025
	iters: 100, epoch: 14 | loss: 0.0168035
	speed: 0.1614s/iter; left time: 3634.7848s
	iters: 200, epoch: 14 | loss: 0.0058628
	speed: 0.0803s/iter; left time: 1800.8050s
Epoch: 14 cost time: 21.185012578964233
Epoch: 14, Steps: 260 | Train Loss: 0.0107575 Vali Loss: 0.0144450 Test Loss: 0.0399167
EarlyStopping counter: 8 out of 100
Updating learning rate to 0.0025
	iters: 100, epoch: 15 | loss: 0.0207201
	speed: 0.1604s/iter; left time: 3569.7878s
	iters: 200, epoch: 15 | loss: 0.0026806
	speed: 0.0796s/iter; left time: 1762.9631s
Epoch: 15 cost time: 21.19385838508606
Epoch: 15, Steps: 260 | Train Loss: 0.0094114 Vali Loss: 0.0167338 Test Loss: 0.0491980
EarlyStopping counter: 9 out of 100
Updating learning rate to 0.0025
	iters: 100, epoch: 16 | loss: 0.0091378
	speed: 0.1601s/iter; left time: 3522.2617s
	iters: 200, epoch: 16 | loss: 0.0059598
	speed: 0.0784s/iter; left time: 1716.7329s
Epoch: 16 cost time: 21.030237674713135
Epoch: 16, Steps: 260 | Train Loss: 0.0096586 Vali Loss: 0.0172677 Test Loss: 0.0453981
EarlyStopping counter: 10 out of 100
Updating learning rate to 0.0025
	iters: 100, epoch: 17 | loss: 0.0084916
	speed: 0.1628s/iter; left time: 3538.3496s
	iters: 200, epoch: 17 | loss: 0.0086794
	speed: 0.0846s/iter; left time: 1829.9437s
Epoch: 17 cost time: 22.02612042427063
Epoch: 17, Steps: 260 | Train Loss: 0.0097261 Vali Loss: 0.0189844 Test Loss: 0.0647015
EarlyStopping counter: 11 out of 100
Updating learning rate to 0.0025
	iters: 100, epoch: 18 | loss: 0.0105301
	speed: 0.1707s/iter; left time: 3666.1821s
	iters: 200, epoch: 18 | loss: 0.0203120
	speed: 0.0829s/iter; left time: 1771.6727s
Epoch: 18 cost time: 22.082341194152832
Epoch: 18, Steps: 260 | Train Loss: 0.0089559 Vali Loss: 0.0185158 Test Loss: 0.0571941
EarlyStopping counter: 12 out of 100
Updating learning rate to 0.0025
	iters: 100, epoch: 19 | loss: 0.0072365
	speed: 0.1685s/iter; left time: 3575.0524s
	iters: 200, epoch: 19 | loss: 0.0093842
	speed: 0.0824s/iter; left time: 1741.2443s
Epoch: 19 cost time: 21.886560440063477
Epoch: 19, Steps: 260 | Train Loss: 0.0083876 Vali Loss: 0.0107160 Test Loss: 0.0344031
EarlyStopping counter: 13 out of 100
Updating learning rate to 0.0025
	iters: 100, epoch: 20 | loss: 0.0114465
	speed: 0.1696s/iter; left time: 3554.1439s
	iters: 200, epoch: 20 | loss: 0.0029824
	speed: 0.0854s/iter; left time: 1782.3595s
Epoch: 20 cost time: 22.482900619506836
Epoch: 20, Steps: 260 | Train Loss: 0.0099240 Vali Loss: 0.0315380 Test Loss: 0.0892667
EarlyStopping counter: 14 out of 100
Updating learning rate to 0.0025
	iters: 100, epoch: 21 | loss: 0.0062776
	speed: 0.1680s/iter; left time: 3477.7515s
	iters: 200, epoch: 21 | loss: 0.0125120
	speed: 0.0832s/iter; left time: 1713.4186s
Epoch: 21 cost time: 22.093181848526
Epoch: 21, Steps: 260 | Train Loss: 0.0086832 Vali Loss: 0.0205796 Test Loss: 0.0680194
EarlyStopping counter: 15 out of 100
Updating learning rate to 0.0025
	iters: 100, epoch: 22 | loss: 0.0053871
	speed: 0.1694s/iter; left time: 3463.7087s
	iters: 200, epoch: 22 | loss: 0.0057367
	speed: 0.0825s/iter; left time: 1678.1523s
Epoch: 22 cost time: 22.074381828308105
Epoch: 22, Steps: 260 | Train Loss: 0.0089649 Vali Loss: 0.0322972 Test Loss: 0.0923901
EarlyStopping counter: 16 out of 100
Updating learning rate to 0.0025
	iters: 100, epoch: 23 | loss: 0.0043461
	speed: 0.1666s/iter; left time: 3361.1598s
	iters: 200, epoch: 23 | loss: 0.0098224
	speed: 0.0832s/iter; left time: 1670.1590s
Epoch: 23 cost time: 21.900779008865356
Epoch: 23, Steps: 260 | Train Loss: 0.0078156 Vali Loss: 0.0345115 Test Loss: 0.0990273
EarlyStopping counter: 17 out of 100
Updating learning rate to 0.0025
	iters: 100, epoch: 24 | loss: 0.0036462
	speed: 0.1662s/iter; left time: 3310.3496s
	iters: 200, epoch: 24 | loss: 0.0040682
	speed: 0.0840s/iter; left time: 1664.0123s
Epoch: 24 cost time: 22.02494764328003
Epoch: 24, Steps: 260 | Train Loss: 0.0079065 Vali Loss: 0.0384754 Test Loss: 0.1188433
EarlyStopping counter: 18 out of 100
Updating learning rate to 0.0025
	iters: 100, epoch: 25 | loss: 0.0186374
	speed: 0.1674s/iter; left time: 3291.0564s
	iters: 200, epoch: 25 | loss: 0.0063413
	speed: 0.0824s/iter; left time: 1612.3237s
Epoch: 25 cost time: 21.92693853378296
Epoch: 25, Steps: 260 | Train Loss: 0.0078459 Vali Loss: 0.0242662 Test Loss: 0.0739732
EarlyStopping counter: 19 out of 100
Updating learning rate to 0.0025
	iters: 100, epoch: 26 | loss: 0.0060952
	speed: 0.1661s/iter; left time: 3222.1405s
	iters: 200, epoch: 26 | loss: 0.0060259
	speed: 0.0827s/iter; left time: 1596.3808s
Epoch: 26 cost time: 22.037691116333008
Epoch: 26, Steps: 260 | Train Loss: 0.0067220 Vali Loss: 0.0202013 Test Loss: 0.0585534
EarlyStopping counter: 20 out of 100
Updating learning rate to 0.0025
	iters: 100, epoch: 27 | loss: 0.0069675
	speed: 0.1664s/iter; left time: 3185.7047s
	iters: 200, epoch: 27 | loss: 0.0069372
	speed: 0.0823s/iter; left time: 1567.4047s
Epoch: 27 cost time: 21.934993505477905
Epoch: 27, Steps: 260 | Train Loss: 0.0075965 Vali Loss: 0.0284983 Test Loss: 0.0834436
EarlyStopping counter: 21 out of 100
Updating learning rate to 0.0025
	iters: 100, epoch: 28 | loss: 0.0067917
	speed: 0.1689s/iter; left time: 3189.8946s
	iters: 200, epoch: 28 | loss: 0.0120928
	speed: 0.0828s/iter; left time: 1554.2604s
Epoch: 28 cost time: 21.97495746612549
Epoch: 28, Steps: 260 | Train Loss: 0.0082894 Vali Loss: 0.0185079 Test Loss: 0.0540075
EarlyStopping counter: 22 out of 100
Updating learning rate to 0.0025
	iters: 100, epoch: 29 | loss: 0.0033201
	speed: 0.1673s/iter; left time: 3115.2922s
	iters: 200, epoch: 29 | loss: 0.0027044
	speed: 0.0830s/iter; left time: 1537.6522s
Epoch: 29 cost time: 22.014941930770874
Epoch: 29, Steps: 260 | Train Loss: 0.0064435 Vali Loss: 0.0334043 Test Loss: 0.0954650
EarlyStopping counter: 23 out of 100
Updating learning rate to 0.0025
	iters: 100, epoch: 30 | loss: 0.0036099
	speed: 0.1675s/iter; left time: 3076.2862s
	iters: 200, epoch: 30 | loss: 0.0110355
	speed: 0.0827s/iter; left time: 1509.9967s
Epoch: 30 cost time: 22.214377880096436
Epoch: 30, Steps: 260 | Train Loss: 0.0070479 Vali Loss: 0.0194754 Test Loss: 0.0614433
EarlyStopping counter: 24 out of 100
Updating learning rate to 0.0025
	iters: 100, epoch: 31 | loss: 0.0069896
	speed: 0.1724s/iter; left time: 3120.9108s
	iters: 200, epoch: 31 | loss: 0.0039293
	speed: 0.0842s/iter; left time: 1514.9971s
Epoch: 31 cost time: 22.378461122512817
Epoch: 31, Steps: 260 | Train Loss: 0.0069490 Vali Loss: 0.0312754 Test Loss: 0.0962369
EarlyStopping counter: 25 out of 100
Updating learning rate to 0.0025
	iters: 100, epoch: 32 | loss: 0.0028122
	speed: 0.1688s/iter; left time: 3010.8265s
	iters: 200, epoch: 32 | loss: 0.0070980
	speed: 0.0830s/iter; left time: 1471.6844s
Epoch: 32 cost time: 22.11438775062561
Epoch: 32, Steps: 260 | Train Loss: 0.0069868 Vali Loss: 0.0435756 Test Loss: 0.1340197
EarlyStopping counter: 26 out of 100
Updating learning rate to 0.0025
	iters: 100, epoch: 33 | loss: 0.0056216
	speed: 0.1693s/iter; left time: 2975.7663s
	iters: 200, epoch: 33 | loss: 0.0079255
	speed: 0.0836s/iter; left time: 1462.2228s
Epoch: 33 cost time: 22.173829317092896
Epoch: 33, Steps: 260 | Train Loss: 0.0061940 Vali Loss: 0.0363562 Test Loss: 0.1120313
EarlyStopping counter: 27 out of 100
Updating learning rate to 0.0025
	iters: 100, epoch: 34 | loss: 0.0054160
	speed: 0.1676s/iter; left time: 2903.4557s
	iters: 200, epoch: 34 | loss: 0.0051857
	speed: 0.0832s/iter; left time: 1432.9061s
Epoch: 34 cost time: 22.010257244110107
Epoch: 34, Steps: 260 | Train Loss: 0.0059108 Vali Loss: 0.0326192 Test Loss: 0.0980864
EarlyStopping counter: 28 out of 100
Updating learning rate to 0.0025
	iters: 100, epoch: 35 | loss: 0.0040623
	speed: 0.1674s/iter; left time: 2856.5509s
	iters: 200, epoch: 35 | loss: 0.0041072
	speed: 0.0834s/iter; left time: 1415.0444s
Epoch: 35 cost time: 22.01999545097351
Epoch: 35, Steps: 260 | Train Loss: 0.0063106 Vali Loss: 0.0445363 Test Loss: 0.1359920
EarlyStopping counter: 29 out of 100
Updating learning rate to 0.0025
	iters: 100, epoch: 36 | loss: 0.0114626
	speed: 0.1712s/iter; left time: 2875.7557s
	iters: 200, epoch: 36 | loss: 0.0074639
	speed: 0.0857s/iter; left time: 1430.6793s
Epoch: 36 cost time: 22.806905031204224
Epoch: 36, Steps: 260 | Train Loss: 0.0058094 Vali Loss: 0.0337360 Test Loss: 0.1053663
EarlyStopping counter: 30 out of 100
Updating learning rate to 0.0025
	iters: 100, epoch: 37 | loss: 0.0057348
	speed: 0.1733s/iter; left time: 2866.4137s
	iters: 200, epoch: 37 | loss: 0.0029671
	speed: 0.0869s/iter; left time: 1429.4684s
Epoch: 37 cost time: 22.92890167236328
Epoch: 37, Steps: 260 | Train Loss: 0.0058840 Vali Loss: 0.0468070 Test Loss: 0.1406496
EarlyStopping counter: 31 out of 100
Updating learning rate to 0.0025
	iters: 100, epoch: 38 | loss: 0.0035623
	speed: 0.1743s/iter; left time: 2838.4356s
	iters: 200, epoch: 38 | loss: 0.0059845
	speed: 0.0863s/iter; left time: 1396.8830s
Epoch: 38 cost time: 22.781352281570435
Epoch: 38, Steps: 260 | Train Loss: 0.0057693 Vali Loss: 0.0349652 Test Loss: 0.1033971
EarlyStopping counter: 32 out of 100
Updating learning rate to 0.0025
	iters: 100, epoch: 39 | loss: 0.0039782
	speed: 0.1733s/iter; left time: 2777.0860s
	iters: 200, epoch: 39 | loss: 0.0037067
	speed: 0.0868s/iter; left time: 1381.3368s
Epoch: 39 cost time: 22.925469875335693
Epoch: 39, Steps: 260 | Train Loss: 0.0057279 Vali Loss: 0.0432793 Test Loss: 0.1272498
EarlyStopping counter: 33 out of 100
Updating learning rate to 0.0025
	iters: 100, epoch: 40 | loss: 0.0078284
	speed: 0.1732s/iter; left time: 2729.7763s
	iters: 200, epoch: 40 | loss: 0.0026942
	speed: 0.0852s/iter; left time: 1334.8216s
Epoch: 40 cost time: 22.771003484725952
Epoch: 40, Steps: 260 | Train Loss: 0.0057579 Vali Loss: 0.0485379 Test Loss: 0.1562724
EarlyStopping counter: 34 out of 100
Updating learning rate to 0.0025
	iters: 100, epoch: 41 | loss: 0.0036016
	speed: 0.1721s/iter; left time: 2667.2777s
	iters: 200, epoch: 41 | loss: 0.0043424
	speed: 0.0849s/iter; left time: 1307.6686s
Epoch: 41 cost time: 22.5559024810791
Epoch: 41, Steps: 260 | Train Loss: 0.0056478 Vali Loss: 0.0497744 Test Loss: 0.1513423
EarlyStopping counter: 35 out of 100
Updating learning rate to 0.0025
	iters: 100, epoch: 42 | loss: 0.0031119
	speed: 0.1750s/iter; left time: 2666.7284s
	iters: 200, epoch: 42 | loss: 0.0041355
	speed: 0.0860s/iter; left time: 1301.5365s
Epoch: 42 cost time: 23.15766716003418
Epoch: 42, Steps: 260 | Train Loss: 0.0057494 Vali Loss: 0.0371446 Test Loss: 0.1167718
EarlyStopping counter: 36 out of 100
Updating learning rate to 0.0025
	iters: 100, epoch: 43 | loss: 0.0030048
	speed: 0.2035s/iter; left time: 3047.9884s
	iters: 200, epoch: 43 | loss: 0.0052437
	speed: 0.1055s/iter; left time: 1569.9066s
Epoch: 43 cost time: 28.3036150932312
Epoch: 43, Steps: 260 | Train Loss: 0.0053276 Vali Loss: 0.0415066 Test Loss: 0.1246790
EarlyStopping counter: 37 out of 100
Updating learning rate to 0.0025
	iters: 100, epoch: 44 | loss: 0.0049405
	speed: 0.2173s/iter; left time: 3198.5297s
	iters: 200, epoch: 44 | loss: 0.0031566
	speed: 0.1028s/iter; left time: 1502.8298s
Epoch: 44 cost time: 27.866156816482544
Epoch: 44, Steps: 260 | Train Loss: 0.0054215 Vali Loss: 0.0447310 Test Loss: 0.1447666
EarlyStopping counter: 38 out of 100
Updating learning rate to 0.0025
	iters: 100, epoch: 45 | loss: 0.0072476
	speed: 0.2002s/iter; left time: 2895.3200s
	iters: 200, epoch: 45 | loss: 0.0033452
	speed: 0.0819s/iter; left time: 1175.7267s
Epoch: 45 cost time: 23.073376893997192
Epoch: 45, Steps: 260 | Train Loss: 0.0048026 Vali Loss: 0.0317613 Test Loss: 0.0999695
EarlyStopping counter: 39 out of 100
Updating learning rate to 0.0025
	iters: 100, epoch: 46 | loss: 0.0034532
	speed: 0.1656s/iter; left time: 2352.1512s
	iters: 200, epoch: 46 | loss: 0.0021839
	speed: 0.0831s/iter; left time: 1171.8214s
Epoch: 46 cost time: 21.96473264694214
Epoch: 46, Steps: 260 | Train Loss: 0.0055368 Vali Loss: 0.0492110 Test Loss: 0.1525438
EarlyStopping counter: 40 out of 100
Updating learning rate to 0.0025
	iters: 100, epoch: 47 | loss: 0.0064412
	speed: 0.1655s/iter; left time: 2307.7286s
	iters: 200, epoch: 47 | loss: 0.0033715
	speed: 0.0820s/iter; left time: 1135.2004s
Epoch: 47 cost time: 21.630598545074463
Epoch: 47, Steps: 260 | Train Loss: 0.0052982 Vali Loss: 0.0318701 Test Loss: 0.0983996
EarlyStopping counter: 41 out of 100
Updating learning rate to 0.0025
	iters: 100, epoch: 48 | loss: 0.0021006
	speed: 0.1656s/iter; left time: 2265.1191s
	iters: 200, epoch: 48 | loss: 0.0039646
	speed: 0.0827s/iter; left time: 1123.7338s
Epoch: 48 cost time: 21.87320613861084
Epoch: 48, Steps: 260 | Train Loss: 0.0056024 Vali Loss: 0.0355338 Test Loss: 0.1129923
EarlyStopping counter: 42 out of 100
Updating learning rate to 0.0025
	iters: 100, epoch: 49 | loss: 0.0118481
	speed: 0.1663s/iter; left time: 2232.0856s
	iters: 200, epoch: 49 | loss: 0.0076284
	speed: 0.0822s/iter; left time: 1094.7216s
Epoch: 49 cost time: 21.787641763687134
Epoch: 49, Steps: 260 | Train Loss: 0.0053481 Vali Loss: 0.0522486 Test Loss: 0.1601355
EarlyStopping counter: 43 out of 100
Updating learning rate to 0.0025
	iters: 100, epoch: 50 | loss: 0.0062874
	speed: 0.1663s/iter; left time: 2188.1174s
	iters: 200, epoch: 50 | loss: 0.0035178
	speed: 0.0828s/iter; left time: 1081.1182s
Epoch: 50 cost time: 21.813109159469604
Epoch: 50, Steps: 260 | Train Loss: 0.0051627 Vali Loss: 0.0404272 Test Loss: 0.1224004
EarlyStopping counter: 44 out of 100
Updating learning rate to 0.0025
	iters: 100, epoch: 51 | loss: 0.0032120
	speed: 0.1680s/iter; left time: 2167.7070s
	iters: 200, epoch: 51 | loss: 0.0034113
	speed: 0.0826s/iter; left time: 1057.9179s
Epoch: 51 cost time: 22.043306350708008
Epoch: 51, Steps: 260 | Train Loss: 0.0051355 Vali Loss: 0.0453485 Test Loss: 0.1378611
EarlyStopping counter: 45 out of 100
Updating learning rate to 0.0025
	iters: 100, epoch: 52 | loss: 0.0169093
	speed: 0.1690s/iter; left time: 2136.6181s
	iters: 200, epoch: 52 | loss: 0.0075823
	speed: 0.0839s/iter; left time: 1052.2627s
Epoch: 52 cost time: 22.206530332565308
Epoch: 52, Steps: 260 | Train Loss: 0.0051640 Vali Loss: 0.0478590 Test Loss: 0.1471014
EarlyStopping counter: 46 out of 100
Updating learning rate to 0.0025
	iters: 100, epoch: 53 | loss: 0.0074373
	speed: 0.1664s/iter; left time: 2060.1355s
	iters: 200, epoch: 53 | loss: 0.0038703
	speed: 0.0838s/iter; left time: 1029.6096s
Epoch: 53 cost time: 22.00636601448059
Epoch: 53, Steps: 260 | Train Loss: 0.0052828 Vali Loss: 0.0488500 Test Loss: 0.1545376
EarlyStopping counter: 47 out of 100
Updating learning rate to 0.0025
	iters: 100, epoch: 54 | loss: 0.0039282
	speed: 0.1682s/iter; left time: 2039.2535s
	iters: 200, epoch: 54 | loss: 0.0022421
	speed: 0.0858s/iter; left time: 1031.4154s
Epoch: 54 cost time: 22.56974720954895
Epoch: 54, Steps: 260 | Train Loss: 0.0049161 Vali Loss: 0.0535885 Test Loss: 0.1632775
EarlyStopping counter: 48 out of 100
Updating learning rate to 0.0025
	iters: 100, epoch: 55 | loss: 0.0018892
	speed: 0.1730s/iter; left time: 2052.3877s
	iters: 200, epoch: 55 | loss: 0.0020477
	speed: 0.0865s/iter; left time: 1017.5480s
Epoch: 55 cost time: 22.82221555709839
Epoch: 55, Steps: 260 | Train Loss: 0.0050002 Vali Loss: 0.0445093 Test Loss: 0.1430693
EarlyStopping counter: 49 out of 100
Updating learning rate to 0.0025
	iters: 100, epoch: 56 | loss: 0.0137009
	speed: 0.1737s/iter; left time: 2015.0068s
	iters: 200, epoch: 56 | loss: 0.0048866
	speed: 0.0861s/iter; left time: 990.7594s
Epoch: 56 cost time: 22.8286395072937
Epoch: 56, Steps: 260 | Train Loss: 0.0048582 Vali Loss: 0.0450484 Test Loss: 0.1344519
EarlyStopping counter: 50 out of 100
Updating learning rate to 0.0025
	iters: 100, epoch: 57 | loss: 0.0052935
	speed: 0.1734s/iter; left time: 1966.0683s
	iters: 200, epoch: 57 | loss: 0.0061867
	speed: 0.0869s/iter; left time: 976.6938s
Epoch: 57 cost time: 22.885098695755005
Epoch: 57, Steps: 260 | Train Loss: 0.0046650 Vali Loss: 0.0534979 Test Loss: 0.1676580
EarlyStopping counter: 51 out of 100
Updating learning rate to 0.0025
	iters: 100, epoch: 58 | loss: 0.0024033
	speed: 0.1774s/iter; left time: 1966.1008s
	iters: 200, epoch: 58 | loss: 0.0053077
	speed: 0.0900s/iter; left time: 988.3328s
Epoch: 58 cost time: 24.032325744628906
Epoch: 58, Steps: 260 | Train Loss: 0.0057989 Vali Loss: 0.0574420 Test Loss: 0.1739780
EarlyStopping counter: 52 out of 100
Updating learning rate to 0.0025
	iters: 100, epoch: 59 | loss: 0.0023596
	speed: 0.1789s/iter; left time: 1935.4469s
	iters: 200, epoch: 59 | loss: 0.0045042
	speed: 0.0878s/iter; left time: 940.9340s
Epoch: 59 cost time: 22.915875911712646
Epoch: 59, Steps: 260 | Train Loss: 0.0054279 Vali Loss: 0.0325280 Test Loss: 0.1021833
EarlyStopping counter: 53 out of 100
Updating learning rate to 0.0025
	iters: 100, epoch: 60 | loss: 0.0163515
	speed: 0.1737s/iter; left time: 1834.0500s
	iters: 200, epoch: 60 | loss: 0.0067075
	speed: 0.0858s/iter; left time: 897.5707s
Epoch: 60 cost time: 22.835222482681274
Epoch: 60, Steps: 260 | Train Loss: 0.0050210 Vali Loss: 0.0502497 Test Loss: 0.1527570
EarlyStopping counter: 54 out of 100
Updating learning rate to 0.0025
	iters: 100, epoch: 61 | loss: 0.0045024
	speed: 0.1731s/iter; left time: 1783.1013s
	iters: 200, epoch: 61 | loss: 0.0021277
	speed: 0.0936s/iter; left time: 955.1185s
Epoch: 61 cost time: 23.59509015083313
Epoch: 61, Steps: 260 | Train Loss: 0.0046878 Vali Loss: 0.0332986 Test Loss: 0.1057006
EarlyStopping counter: 55 out of 100
Updating learning rate to 0.0025
	iters: 100, epoch: 62 | loss: 0.0020717
	speed: 0.1759s/iter; left time: 1766.3767s
	iters: 200, epoch: 62 | loss: 0.0013481
	speed: 0.0852s/iter; left time: 847.2419s
Epoch: 62 cost time: 22.720482110977173
Epoch: 62, Steps: 260 | Train Loss: 0.0047339 Vali Loss: 0.0361777 Test Loss: 0.1156155
EarlyStopping counter: 56 out of 100
Updating learning rate to 0.0025
	iters: 100, epoch: 63 | loss: 0.0056557
	speed: 0.1740s/iter; left time: 1701.9521s
	iters: 200, epoch: 63 | loss: 0.0053905
	speed: 0.0858s/iter; left time: 830.8759s
Epoch: 63 cost time: 22.901122093200684
Epoch: 63, Steps: 260 | Train Loss: 0.0051035 Vali Loss: 0.0448162 Test Loss: 0.1370782
EarlyStopping counter: 57 out of 100
Updating learning rate to 0.0025
	iters: 100, epoch: 64 | loss: 0.0057445
	speed: 0.1771s/iter; left time: 1686.2088s
	iters: 200, epoch: 64 | loss: 0.0072669
	speed: 0.0863s/iter; left time: 813.3781s
Epoch: 64 cost time: 22.83394503593445
Epoch: 64, Steps: 260 | Train Loss: 0.0048892 Vali Loss: 0.0422134 Test Loss: 0.1405737
EarlyStopping counter: 58 out of 100
Updating learning rate to 0.0025
	iters: 100, epoch: 65 | loss: 0.0020404
	speed: 0.1732s/iter; left time: 1604.1515s
	iters: 200, epoch: 65 | loss: 0.0027494
	speed: 0.0876s/iter; left time: 802.8348s
Epoch: 65 cost time: 23.107234716415405
Epoch: 65, Steps: 260 | Train Loss: 0.0045766 Vali Loss: 0.0349258 Test Loss: 0.1064767
EarlyStopping counter: 59 out of 100
Updating learning rate to 0.0025
	iters: 100, epoch: 66 | loss: 0.0050154
	speed: 0.1754s/iter; left time: 1578.8537s
	iters: 200, epoch: 66 | loss: 0.0120116
	speed: 0.0876s/iter; left time: 779.9464s
Epoch: 66 cost time: 23.06839942932129
Epoch: 66, Steps: 260 | Train Loss: 0.0045056 Vali Loss: 0.0536393 Test Loss: 0.1736152
EarlyStopping counter: 60 out of 100
Updating learning rate to 0.0025
	iters: 100, epoch: 67 | loss: 0.0153229
	speed: 0.1756s/iter; left time: 1534.7882s
	iters: 200, epoch: 67 | loss: 0.0066163
	speed: 0.0863s/iter; left time: 745.4079s
Epoch: 67 cost time: 23.036293745040894
Epoch: 67, Steps: 260 | Train Loss: 0.0052638 Vali Loss: 0.0561994 Test Loss: 0.1767125
EarlyStopping counter: 61 out of 100
Updating learning rate to 0.0025
	iters: 100, epoch: 68 | loss: 0.0053054
	speed: 0.1784s/iter; left time: 1512.7018s
	iters: 200, epoch: 68 | loss: 0.0069865
	speed: 0.0867s/iter; left time: 726.2375s
Epoch: 68 cost time: 23.021777153015137
Epoch: 68, Steps: 260 | Train Loss: 0.0045933 Vali Loss: 0.0516246 Test Loss: 0.1617844
EarlyStopping counter: 62 out of 100
Updating learning rate to 0.0025
	iters: 100, epoch: 69 | loss: 0.0056243
	speed: 0.1745s/iter; left time: 1434.6488s
	iters: 200, epoch: 69 | loss: 0.0037930
	speed: 0.0882s/iter; left time: 716.3041s
Epoch: 69 cost time: 23.40338921546936
Epoch: 69, Steps: 260 | Train Loss: 0.0046816 Vali Loss: 0.0464489 Test Loss: 0.1439405
EarlyStopping counter: 63 out of 100
Updating learning rate to 0.0025
	iters: 100, epoch: 70 | loss: 0.0026652
	speed: 0.1811s/iter; left time: 1442.1170s
	iters: 200, epoch: 70 | loss: 0.0029962
	speed: 0.0904s/iter; left time: 710.3648s
Epoch: 70 cost time: 23.76711392402649
Epoch: 70, Steps: 260 | Train Loss: 0.0044375 Vali Loss: 0.0488364 Test Loss: 0.1603273
EarlyStopping counter: 64 out of 100
Updating learning rate to 0.0025
	iters: 100, epoch: 71 | loss: 0.0088708
	speed: 0.1798s/iter; left time: 1384.5185s
	iters: 200, epoch: 71 | loss: 0.0027765
	speed: 0.0911s/iter; left time: 692.1986s
Epoch: 71 cost time: 23.89743709564209
Epoch: 71, Steps: 260 | Train Loss: 0.0046014 Vali Loss: 0.0518860 Test Loss: 0.1609264
EarlyStopping counter: 65 out of 100
Updating learning rate to 0.0025
	iters: 100, epoch: 72 | loss: 0.0024647
	speed: 0.1813s/iter; left time: 1348.7243s
	iters: 200, epoch: 72 | loss: 0.0045677
	speed: 0.0910s/iter; left time: 668.1607s
Epoch: 72 cost time: 23.80250597000122
Epoch: 72, Steps: 260 | Train Loss: 0.0046342 Vali Loss: 0.0498047 Test Loss: 0.1584114
EarlyStopping counter: 66 out of 100
Updating learning rate to 0.0025
	iters: 100, epoch: 73 | loss: 0.0080813
	speed: 0.1811s/iter; left time: 1300.3658s
	iters: 200, epoch: 73 | loss: 0.0024446
	speed: 0.0913s/iter; left time: 646.8233s
Epoch: 73 cost time: 24.11469030380249
Epoch: 73, Steps: 260 | Train Loss: 0.0044916 Vali Loss: 0.0603526 Test Loss: 0.1935756
EarlyStopping counter: 67 out of 100
Updating learning rate to 0.0025
	iters: 100, epoch: 74 | loss: 0.0022219
	speed: 0.1827s/iter; left time: 1264.5350s
	iters: 200, epoch: 74 | loss: 0.0052087
	speed: 0.0896s/iter; left time: 610.8368s
Epoch: 74 cost time: 23.84695076942444
Epoch: 74, Steps: 260 | Train Loss: 0.0043125 Vali Loss: 0.0591618 Test Loss: 0.1888746
EarlyStopping counter: 68 out of 100
Updating learning rate to 0.0025
	iters: 100, epoch: 75 | loss: 0.0019396
	speed: 0.1833s/iter; left time: 1221.1725s
	iters: 200, epoch: 75 | loss: 0.0118470
	speed: 0.0913s/iter; left time: 599.2460s
Epoch: 75 cost time: 24.260154724121094
Epoch: 75, Steps: 260 | Train Loss: 0.0038702 Vali Loss: 0.0462006 Test Loss: 0.1445471
EarlyStopping counter: 69 out of 100
Updating learning rate to 0.0025
	iters: 100, epoch: 76 | loss: 0.0017183
	speed: 0.1849s/iter; left time: 1183.7439s
	iters: 200, epoch: 76 | loss: 0.0031213
	speed: 0.0989s/iter; left time: 623.3720s
Epoch: 76 cost time: 26.77072238922119
Epoch: 76, Steps: 260 | Train Loss: 0.0042420 Vali Loss: 0.0611981 Test Loss: 0.1947685
EarlyStopping counter: 70 out of 100
Updating learning rate to 0.0025
	iters: 100, epoch: 77 | loss: 0.0031597
	speed: 0.2266s/iter; left time: 1391.7705s
	iters: 200, epoch: 77 | loss: 0.0103490
	speed: 0.1096s/iter; left time: 662.1429s
Epoch: 77 cost time: 29.142914056777954
Epoch: 77, Steps: 260 | Train Loss: 0.0039930 Vali Loss: 0.0597059 Test Loss: 0.1821426
EarlyStopping counter: 71 out of 100
Updating learning rate to 0.0025
	iters: 100, epoch: 78 | loss: 0.0101322
	speed: 0.2211s/iter; left time: 1300.0424s
	iters: 200, epoch: 78 | loss: 0.0021678
	speed: 0.1114s/iter; left time: 643.7299s
Epoch: 78 cost time: 28.9394052028656
Epoch: 78, Steps: 260 | Train Loss: 0.0041743 Vali Loss: 0.0473211 Test Loss: 0.1545335
EarlyStopping counter: 72 out of 100
Updating learning rate to 0.0025
	iters: 100, epoch: 79 | loss: 0.0029125
	speed: 0.1936s/iter; left time: 1087.9747s
	iters: 200, epoch: 79 | loss: 0.0029566
	speed: 0.0884s/iter; left time: 487.9373s
Epoch: 79 cost time: 23.1885027885437
Epoch: 79, Steps: 260 | Train Loss: 0.0040078 Vali Loss: 0.0558748 Test Loss: 0.1780664
EarlyStopping counter: 73 out of 100
Updating learning rate to 0.0025
	iters: 100, epoch: 80 | loss: 0.0028247
	speed: 0.1785s/iter; left time: 956.8460s
	iters: 200, epoch: 80 | loss: 0.0044541
	speed: 0.0882s/iter; left time: 464.2770s
Epoch: 80 cost time: 23.46384906768799
Epoch: 80, Steps: 260 | Train Loss: 0.0041585 Vali Loss: 0.0498061 Test Loss: 0.1587824
EarlyStopping counter: 74 out of 100
Updating learning rate to 0.0025
	iters: 100, epoch: 81 | loss: 0.0023014
	speed: 0.1800s/iter; left time: 918.0378s
	iters: 200, epoch: 81 | loss: 0.0039192
	speed: 0.0891s/iter; left time: 445.6978s
Epoch: 81 cost time: 23.602450370788574
Epoch: 81, Steps: 260 | Train Loss: 0.0042383 Vali Loss: 0.0474681 Test Loss: 0.1535650
EarlyStopping counter: 75 out of 100
Updating learning rate to 0.0025
	iters: 100, epoch: 82 | loss: 0.0033825
	speed: 0.1790s/iter; left time: 866.7007s
	iters: 200, epoch: 82 | loss: 0.0024856
	speed: 0.0893s/iter; left time: 423.5761s
Epoch: 82 cost time: 23.651217460632324
Epoch: 82, Steps: 260 | Train Loss: 0.0041784 Vali Loss: 0.0509281 Test Loss: 0.1619362
EarlyStopping counter: 76 out of 100
Updating learning rate to 0.0025
	iters: 100, epoch: 83 | loss: 0.0016846
	speed: 0.1814s/iter; left time: 831.2029s
	iters: 200, epoch: 83 | loss: 0.0049556
	speed: 0.0901s/iter; left time: 403.7868s
Epoch: 83 cost time: 23.89969754219055
Epoch: 83, Steps: 260 | Train Loss: 0.0039849 Vali Loss: 0.0499117 Test Loss: 0.1566644
EarlyStopping counter: 77 out of 100
Updating learning rate to 0.0025
	iters: 100, epoch: 84 | loss: 0.0074724
	speed: 0.1811s/iter; left time: 782.4033s
	iters: 200, epoch: 84 | loss: 0.0022448
	speed: 0.0886s/iter; left time: 373.8847s
Epoch: 84 cost time: 23.56987166404724
Epoch: 84, Steps: 260 | Train Loss: 0.0043484 Vali Loss: 0.0462899 Test Loss: 0.1425240
EarlyStopping counter: 78 out of 100
Updating learning rate to 0.0025
	iters: 100, epoch: 85 | loss: 0.0048100
	speed: 0.1830s/iter; left time: 743.3434s
	iters: 200, epoch: 85 | loss: 0.0021668
	speed: 0.0891s/iter; left time: 353.0879s
Epoch: 85 cost time: 23.98987865447998
Epoch: 85, Steps: 260 | Train Loss: 0.0042422 Vali Loss: 0.0524303 Test Loss: 0.1655551
EarlyStopping counter: 79 out of 100
Updating learning rate to 0.0025
	iters: 100, epoch: 86 | loss: 0.0028938
	speed: 0.1802s/iter; left time: 684.9165s
	iters: 200, epoch: 86 | loss: 0.0023939
	speed: 0.0881s/iter; left time: 325.8883s
Epoch: 86 cost time: 23.504088401794434
Epoch: 86, Steps: 260 | Train Loss: 0.0040867 Vali Loss: 0.0508003 Test Loss: 0.1603578
EarlyStopping counter: 80 out of 100
Updating learning rate to 0.0025
	iters: 100, epoch: 87 | loss: 0.0036065
	speed: 0.1791s/iter; left time: 634.2025s
	iters: 200, epoch: 87 | loss: 0.0106343
	speed: 0.0874s/iter; left time: 300.5720s
Epoch: 87 cost time: 23.367140769958496
Epoch: 87, Steps: 260 | Train Loss: 0.0040507 Vali Loss: 0.0589954 Test Loss: 0.1847199
EarlyStopping counter: 81 out of 100
Updating learning rate to 0.0025
	iters: 100, epoch: 88 | loss: 0.0047102
	speed: 0.1808s/iter; left time: 593.2625s
	iters: 200, epoch: 88 | loss: 0.0016211
	speed: 0.0871s/iter; left time: 277.1308s
Epoch: 88 cost time: 23.373997688293457
Epoch: 88, Steps: 260 | Train Loss: 0.0043243 Vali Loss: 0.0388588 Test Loss: 0.1212815
EarlyStopping counter: 82 out of 100
Updating learning rate to 0.0025
	iters: 100, epoch: 89 | loss: 0.0029752
	speed: 0.1765s/iter; left time: 533.1845s
	iters: 200, epoch: 89 | loss: 0.0024482
	speed: 0.0888s/iter; left time: 259.4769s
Epoch: 89 cost time: 23.452888250350952
Epoch: 89, Steps: 260 | Train Loss: 0.0040317 Vali Loss: 0.0285682 Test Loss: 0.0910650
EarlyStopping counter: 83 out of 100
Updating learning rate to 0.0025
	iters: 100, epoch: 90 | loss: 0.0032796
	speed: 0.1801s/iter; left time: 497.3268s
	iters: 200, epoch: 90 | loss: 0.0163095
	speed: 0.0884s/iter; left time: 235.3340s
Epoch: 90 cost time: 23.54403805732727
Epoch: 90, Steps: 260 | Train Loss: 0.0039744 Vali Loss: 0.0436059 Test Loss: 0.1372194
EarlyStopping counter: 84 out of 100
Updating learning rate to 0.0025
	iters: 100, epoch: 91 | loss: 0.0025690
	speed: 0.1797s/iter; left time: 449.4728s
	iters: 200, epoch: 91 | loss: 0.0032696
	speed: 0.0889s/iter; left time: 213.5266s
Epoch: 91 cost time: 23.403898000717163
Epoch: 91, Steps: 260 | Train Loss: 0.0041717 Vali Loss: 0.0483774 Test Loss: 0.1533823
EarlyStopping counter: 85 out of 100
Updating learning rate to 0.0025
	iters: 100, epoch: 92 | loss: 0.0017443
	speed: 0.1776s/iter; left time: 398.0327s
	iters: 200, epoch: 92 | loss: 0.0039192
	speed: 0.0882s/iter; left time: 188.8594s
Epoch: 92 cost time: 23.376774072647095
Epoch: 92, Steps: 260 | Train Loss: 0.0039689 Vali Loss: 0.0422305 Test Loss: 0.1379828
EarlyStopping counter: 86 out of 100
Updating learning rate to 0.0025
	iters: 100, epoch: 93 | loss: 0.0035608
	speed: 0.1760s/iter; left time: 348.6941s
	iters: 200, epoch: 93 | loss: 0.0054169
	speed: 0.0876s/iter; left time: 164.7888s
Epoch: 93 cost time: 23.250659465789795
Epoch: 93, Steps: 260 | Train Loss: 0.0040879 Vali Loss: 0.0471936 Test Loss: 0.1484428
EarlyStopping counter: 87 out of 100
Updating learning rate to 0.0025
	iters: 100, epoch: 94 | loss: 0.0018903
	speed: 0.1842s/iter; left time: 317.0433s
	iters: 200, epoch: 94 | loss: 0.0020108
	speed: 0.0930s/iter; left time: 150.7641s
Epoch: 94 cost time: 24.820472717285156
Epoch: 94, Steps: 260 | Train Loss: 0.0037571 Vali Loss: 0.0457978 Test Loss: 0.1411957
EarlyStopping counter: 88 out of 100
Updating learning rate to 0.0025
	iters: 100, epoch: 95 | loss: 0.0067041
	speed: 0.1802s/iter; left time: 263.2713s
	iters: 200, epoch: 95 | loss: 0.0035406
	speed: 0.0889s/iter; left time: 121.0329s
Epoch: 95 cost time: 23.352771997451782
Epoch: 95, Steps: 260 | Train Loss: 0.0039077 Vali Loss: 0.0479336 Test Loss: 0.1490267
EarlyStopping counter: 89 out of 100
Updating learning rate to 0.0025
	iters: 100, epoch: 96 | loss: 0.0018445
	speed: 0.1770s/iter; left time: 212.5268s
	iters: 200, epoch: 96 | loss: 0.0026534
	speed: 0.0875s/iter; left time: 96.3083s
Epoch: 96 cost time: 23.32270884513855
Epoch: 96, Steps: 260 | Train Loss: 0.0041803 Vali Loss: 0.0409850 Test Loss: 0.1268872
EarlyStopping counter: 90 out of 100
Updating learning rate to 0.0025
	iters: 100, epoch: 97 | loss: 0.0068926
	speed: 0.1787s/iter; left time: 168.2034s
	iters: 200, epoch: 97 | loss: 0.0038267
	speed: 0.0874s/iter; left time: 73.5243s
Epoch: 97 cost time: 23.263274669647217
Epoch: 97, Steps: 260 | Train Loss: 0.0044878 Vali Loss: 0.0398454 Test Loss: 0.1288608
EarlyStopping counter: 91 out of 100
Updating learning rate to 0.0025
	iters: 100, epoch: 98 | loss: 0.0071936
	speed: 0.1808s/iter; left time: 123.1115s
	iters: 200, epoch: 98 | loss: 0.0029668
	speed: 0.0881s/iter; left time: 51.1968s
Epoch: 98 cost time: 23.84203839302063
Epoch: 98, Steps: 260 | Train Loss: 0.0041403 Vali Loss: 0.0536838 Test Loss: 0.1608656
EarlyStopping counter: 92 out of 100
Updating learning rate to 0.0025
	iters: 100, epoch: 99 | loss: 0.0064448
	speed: 0.1802s/iter; left time: 75.8737s
	iters: 200, epoch: 99 | loss: 0.0019435
	speed: 0.0869s/iter; left time: 27.8903s
Epoch: 99 cost time: 23.28237533569336
Epoch: 99, Steps: 260 | Train Loss: 0.0038919 Vali Loss: 0.0580850 Test Loss: 0.1824288
EarlyStopping counter: 93 out of 100
Updating learning rate to 0.0025
	iters: 100, epoch: 100 | loss: 0.0024346
	speed: 0.1808s/iter; left time: 29.1033s
	iters: 200, epoch: 100 | loss: 0.0059839
	speed: 0.0886s/iter; left time: 5.4018s
Epoch: 100 cost time: 23.56978154182434
Epoch: 100, Steps: 260 | Train Loss: 0.0039969 Vali Loss: 0.0535988 Test Loss: 0.1690950
EarlyStopping counter: 94 out of 100
Updating learning rate to 0.0025
>>>>>>>testing : 60_1_PatchTST_custom_ftM_sl60_ll48_pl1_dm16_nh4_el3_dl1_df128_fc1_ebtimeF_dtTrue_Exp_0<<<<<<<<<<<<<<<<<<<<<<<<<<<<<<<<<
test 1207
mse:0.02105661667883396, mae:0.07469150424003601, rse:0.03916329890489578
