Args in experiment:
Namespace(random_seed=2024, is_training=1, model_id='60_10', model='PatchTST', data='custom', root_path='./dataset/', data_path='sp500.csv', features='M', target='AdjClose', freq='h', checkpoints='./checkpoints/', seq_len=60, label_len=48, pred_len=10, fc_dropout=0.2, head_dropout=0.0, patch_len=5, stride=2, padding_patch='end', revin=1, affine=0, subtract_last=0, decomposition=0, kernel_size=25, individual=0, embed_type=0, enc_in=6, dec_in=7, c_out=7, d_model=16, n_heads=4, e_layers=3, d_layers=1, d_ff=128, moving_avg=25, factor=1, distil=True, dropout=0.2, embed='timeF', activation='gelu', output_attention=False, do_predict=False, num_workers=10, itr=1, train_epochs=100, batch_size=16, patience=100, learning_rate=0.0025, des='Exp', loss='mse', lradj='constant', pct_start=0.3, use_amp=False, use_gpu=False, gpu=0, use_multi_gpu=False, devices='0,1,2,3', test_flop=False)
Use CPU
>>>>>>>start training : 60_10_PatchTST_custom_ftM_sl60_ll48_pl10_dm16_nh4_el3_dl1_df128_fc1_ebtimeF_dtTrue_Exp_0>>>>>>>>>>>>>>>>>>>>>>>>>>
train 4156
val 596
test 1198
	iters: 100, epoch: 1 | loss: 0.0588841
	speed: 0.0817s/iter; left time: 2108.7863s
	iters: 200, epoch: 1 | loss: 0.0470058
	speed: 0.0762s/iter; left time: 1957.8913s
Epoch: 1 cost time: 20.62824511528015
Epoch: 1, Steps: 259 | Train Loss: 0.0581728 Vali Loss: 0.0541078 Test Loss: 0.1726757
Validation loss decreased (inf --> 0.054108).  Saving model ...
Updating learning rate to 0.0025
	iters: 100, epoch: 2 | loss: 0.0436507
	speed: 0.1590s/iter; left time: 4060.1450s
	iters: 200, epoch: 2 | loss: 0.0340714
	speed: 0.0793s/iter; left time: 2017.8107s
Epoch: 2 cost time: 20.31649136543274
Epoch: 2, Steps: 259 | Train Loss: 0.0412998 Vali Loss: 0.0472361 Test Loss: 0.1542035
Validation loss decreased (0.054108 --> 0.047236).  Saving model ...
Updating learning rate to 0.0025
	iters: 100, epoch: 3 | loss: 0.0304521
	speed: 0.1549s/iter; left time: 3916.4168s
	iters: 200, epoch: 3 | loss: 0.0309887
	speed: 0.0774s/iter; left time: 1950.0536s
Epoch: 3 cost time: 20.601758241653442
Epoch: 3, Steps: 259 | Train Loss: 0.0400020 Vali Loss: 0.0452392 Test Loss: 0.1398578
Validation loss decreased (0.047236 --> 0.045239).  Saving model ...
Updating learning rate to 0.0025
	iters: 100, epoch: 4 | loss: 0.0324600
	speed: 0.1573s/iter; left time: 3935.9565s
	iters: 200, epoch: 4 | loss: 0.0322162
	speed: 0.0750s/iter; left time: 1868.5569s
Epoch: 4 cost time: 20.36749291419983
Epoch: 4, Steps: 259 | Train Loss: 0.0391660 Vali Loss: 0.0464737 Test Loss: 0.1443288
EarlyStopping counter: 1 out of 100
Updating learning rate to 0.0025
	iters: 100, epoch: 5 | loss: 0.0391944
	speed: 0.1575s/iter; left time: 3899.5223s
	iters: 200, epoch: 5 | loss: 0.0134204
	speed: 0.0771s/iter; left time: 1900.6997s
Epoch: 5 cost time: 20.59611749649048
Epoch: 5, Steps: 259 | Train Loss: 0.0380000 Vali Loss: 0.0471346 Test Loss: 0.1485348
EarlyStopping counter: 2 out of 100
Updating learning rate to 0.0025
	iters: 100, epoch: 6 | loss: 0.0523361
	speed: 0.1557s/iter; left time: 3814.8803s
	iters: 200, epoch: 6 | loss: 0.0357482
	speed: 0.0753s/iter; left time: 1838.8186s
Epoch: 6 cost time: 20.21721577644348
Epoch: 6, Steps: 259 | Train Loss: 0.0372595 Vali Loss: 0.0454776 Test Loss: 0.1460559
EarlyStopping counter: 3 out of 100
Updating learning rate to 0.0025
	iters: 100, epoch: 7 | loss: 0.0303446
	speed: 0.1560s/iter; left time: 3782.2295s
	iters: 200, epoch: 7 | loss: 0.0281855
	speed: 0.0818s/iter; left time: 1974.9067s
Epoch: 7 cost time: 21.06819200515747
Epoch: 7, Steps: 259 | Train Loss: 0.0369433 Vali Loss: 0.0444747 Test Loss: 0.1341541
Validation loss decreased (0.045239 --> 0.044475).  Saving model ...
Updating learning rate to 0.0025
	iters: 100, epoch: 8 | loss: 0.0346247
	speed: 0.1554s/iter; left time: 3727.4226s
	iters: 200, epoch: 8 | loss: 0.0426214
	speed: 0.0782s/iter; left time: 1867.5681s
Epoch: 8 cost time: 20.55124521255493
Epoch: 8, Steps: 259 | Train Loss: 0.0362693 Vali Loss: 0.0443921 Test Loss: 0.1311136
Validation loss decreased (0.044475 --> 0.044392).  Saving model ...
Updating learning rate to 0.0025
	iters: 100, epoch: 9 | loss: 0.0244920
	speed: 0.1605s/iter; left time: 3807.3883s
	iters: 200, epoch: 9 | loss: 0.0403693
	speed: 0.0747s/iter; left time: 1764.8748s
Epoch: 9 cost time: 20.844362258911133
Epoch: 9, Steps: 259 | Train Loss: 0.0359601 Vali Loss: 0.0449503 Test Loss: 0.1351033
EarlyStopping counter: 1 out of 100
Updating learning rate to 0.0025
	iters: 100, epoch: 10 | loss: 0.0505291
	speed: 0.1598s/iter; left time: 3749.8611s
	iters: 200, epoch: 10 | loss: 0.0253153
	speed: 0.0768s/iter; left time: 1795.6564s
Epoch: 10 cost time: 20.38924241065979
Epoch: 10, Steps: 259 | Train Loss: 0.0355373 Vali Loss: 0.0453759 Test Loss: 0.1336280
EarlyStopping counter: 2 out of 100
Updating learning rate to 0.0025
	iters: 100, epoch: 11 | loss: 0.0591927
	speed: 0.1543s/iter; left time: 3582.4597s
	iters: 200, epoch: 11 | loss: 0.0383206
	speed: 0.0772s/iter; left time: 1783.2468s
Epoch: 11 cost time: 20.50062084197998
Epoch: 11, Steps: 259 | Train Loss: 0.0355120 Vali Loss: 0.0444578 Test Loss: 0.1334573
EarlyStopping counter: 3 out of 100
Updating learning rate to 0.0025
	iters: 100, epoch: 12 | loss: 0.0188687
	speed: 0.1569s/iter; left time: 3601.4576s
	iters: 200, epoch: 12 | loss: 0.0431145
	speed: 0.0765s/iter; left time: 1748.9354s
Epoch: 12 cost time: 20.5361008644104
Epoch: 12, Steps: 259 | Train Loss: 0.0352113 Vali Loss: 0.0461256 Test Loss: 0.1345172
EarlyStopping counter: 4 out of 100
Updating learning rate to 0.0025
	iters: 100, epoch: 13 | loss: 0.0515815
	speed: 0.1580s/iter; left time: 3584.4747s
	iters: 200, epoch: 13 | loss: 0.0289880
	speed: 0.0747s/iter; left time: 1688.3454s
Epoch: 13 cost time: 20.310842752456665
Epoch: 13, Steps: 259 | Train Loss: 0.0346522 Vali Loss: 0.0454382 Test Loss: 0.1335198
EarlyStopping counter: 5 out of 100
Updating learning rate to 0.0025
	iters: 100, epoch: 14 | loss: 0.0177324
	speed: 0.1522s/iter; left time: 3413.6420s
	iters: 200, epoch: 14 | loss: 0.0455130
	speed: 0.0777s/iter; left time: 1735.9879s
Epoch: 14 cost time: 20.446464776992798
Epoch: 14, Steps: 259 | Train Loss: 0.0346858 Vali Loss: 0.0455492 Test Loss: 0.1403442
EarlyStopping counter: 6 out of 100
Updating learning rate to 0.0025
	iters: 100, epoch: 15 | loss: 0.0422358
	speed: 0.1562s/iter; left time: 3464.6607s
	iters: 200, epoch: 15 | loss: 0.0217326
	speed: 0.0819s/iter; left time: 1807.8585s
Epoch: 15 cost time: 21.032835006713867
Epoch: 15, Steps: 259 | Train Loss: 0.0347085 Vali Loss: 0.0446856 Test Loss: 0.1335372
EarlyStopping counter: 7 out of 100
Updating learning rate to 0.0025
	iters: 100, epoch: 16 | loss: 0.0425976
	speed: 0.1556s/iter; left time: 3410.2711s
	iters: 200, epoch: 16 | loss: 0.0242222
	speed: 0.0768s/iter; left time: 1676.0869s
Epoch: 16 cost time: 20.294875144958496
Epoch: 16, Steps: 259 | Train Loss: 0.0337080 Vali Loss: 0.0439903 Test Loss: 0.1303979
Validation loss decreased (0.044392 --> 0.043990).  Saving model ...
Updating learning rate to 0.0025
	iters: 100, epoch: 17 | loss: 0.0305316
	speed: 0.1560s/iter; left time: 3377.6518s
	iters: 200, epoch: 17 | loss: 0.0147877
	speed: 0.0782s/iter; left time: 1686.4800s
Epoch: 17 cost time: 20.75606346130371
Epoch: 17, Steps: 259 | Train Loss: 0.0340644 Vali Loss: 0.0459039 Test Loss: 0.1363438
EarlyStopping counter: 1 out of 100
Updating learning rate to 0.0025
	iters: 100, epoch: 18 | loss: 0.0367934
	speed: 0.1598s/iter; left time: 3420.4106s
	iters: 200, epoch: 18 | loss: 0.0301356
	speed: 0.0774s/iter; left time: 1647.5034s
Epoch: 18 cost time: 20.937500953674316
Epoch: 18, Steps: 259 | Train Loss: 0.0340891 Vali Loss: 0.0456775 Test Loss: 0.1369765
EarlyStopping counter: 2 out of 100
Updating learning rate to 0.0025
	iters: 100, epoch: 19 | loss: 0.0425162
	speed: 0.1576s/iter; left time: 3330.6605s
	iters: 200, epoch: 19 | loss: 0.0334161
	speed: 0.0773s/iter; left time: 1625.5248s
Epoch: 19 cost time: 20.49561381340027
Epoch: 19, Steps: 259 | Train Loss: 0.0335543 Vali Loss: 0.0444502 Test Loss: 0.1302545
EarlyStopping counter: 3 out of 100
Updating learning rate to 0.0025
	iters: 100, epoch: 20 | loss: 0.0224629
	speed: 0.1555s/iter; left time: 3247.2048s
	iters: 200, epoch: 20 | loss: 0.0350938
	speed: 0.0816s/iter; left time: 1696.4565s
Epoch: 20 cost time: 20.82024335861206
Epoch: 20, Steps: 259 | Train Loss: 0.0334016 Vali Loss: 0.0439336 Test Loss: 0.1309923
Validation loss decreased (0.043990 --> 0.043934).  Saving model ...
Updating learning rate to 0.0025
	iters: 100, epoch: 21 | loss: 0.0266609
	speed: 0.1581s/iter; left time: 3259.8403s
	iters: 200, epoch: 21 | loss: 0.0337449
	speed: 0.0790s/iter; left time: 1620.7314s
Epoch: 21 cost time: 21.02071523666382
Epoch: 21, Steps: 259 | Train Loss: 0.0333519 Vali Loss: 0.0446977 Test Loss: 0.1291781
EarlyStopping counter: 1 out of 100
Updating learning rate to 0.0025
	iters: 100, epoch: 22 | loss: 0.0194730
	speed: 0.1587s/iter; left time: 3231.5581s
	iters: 200, epoch: 22 | loss: 0.0212807
	speed: 0.0773s/iter; left time: 1566.0816s
Epoch: 22 cost time: 20.7132306098938
Epoch: 22, Steps: 259 | Train Loss: 0.0333211 Vali Loss: 0.0449294 Test Loss: 0.1352433
EarlyStopping counter: 2 out of 100
Updating learning rate to 0.0025
	iters: 100, epoch: 23 | loss: 0.0242470
	speed: 0.1594s/iter; left time: 3204.6471s
	iters: 200, epoch: 23 | loss: 0.0279802
	speed: 0.0753s/iter; left time: 1506.5711s
Epoch: 23 cost time: 20.759866952896118
Epoch: 23, Steps: 259 | Train Loss: 0.0327787 Vali Loss: 0.0462608 Test Loss: 0.1363593
EarlyStopping counter: 3 out of 100
Updating learning rate to 0.0025
	iters: 100, epoch: 24 | loss: 0.0607976
	speed: 0.1586s/iter; left time: 3146.9631s
	iters: 200, epoch: 24 | loss: 0.0244532
	speed: 0.0785s/iter; left time: 1549.4749s
Epoch: 24 cost time: 20.74603772163391
Epoch: 24, Steps: 259 | Train Loss: 0.0327371 Vali Loss: 0.0445220 Test Loss: 0.1279763
EarlyStopping counter: 4 out of 100
Updating learning rate to 0.0025
	iters: 100, epoch: 25 | loss: 0.0310929
	speed: 0.1597s/iter; left time: 3127.7330s
	iters: 200, epoch: 25 | loss: 0.0285397
	speed: 0.0762s/iter; left time: 1485.6395s
Epoch: 25 cost time: 20.76384663581848
Epoch: 25, Steps: 259 | Train Loss: 0.0321140 Vali Loss: 0.0448672 Test Loss: 0.1334554
EarlyStopping counter: 5 out of 100
Updating learning rate to 0.0025
	iters: 100, epoch: 26 | loss: 0.0396815
	speed: 0.1571s/iter; left time: 3037.0375s
	iters: 200, epoch: 26 | loss: 0.0363662
	speed: 0.0751s/iter; left time: 1443.9829s
Epoch: 26 cost time: 20.391221284866333
Epoch: 26, Steps: 259 | Train Loss: 0.0324717 Vali Loss: 0.0442637 Test Loss: 0.1332229
EarlyStopping counter: 6 out of 100
Updating learning rate to 0.0025
	iters: 100, epoch: 27 | loss: 0.0477704
	speed: 0.1579s/iter; left time: 3010.1185s
	iters: 200, epoch: 27 | loss: 0.0338027
	speed: 0.0774s/iter; left time: 1467.8410s
Epoch: 27 cost time: 20.59114408493042
Epoch: 27, Steps: 259 | Train Loss: 0.0317555 Vali Loss: 0.0458727 Test Loss: 0.1259560
EarlyStopping counter: 7 out of 100
Updating learning rate to 0.0025
	iters: 100, epoch: 28 | loss: 0.0753152
	speed: 0.1584s/iter; left time: 2978.3047s
	iters: 200, epoch: 28 | loss: 0.0200479
	speed: 0.0773s/iter; left time: 1445.5934s
Epoch: 28 cost time: 20.50845980644226
Epoch: 28, Steps: 259 | Train Loss: 0.0314266 Vali Loss: 0.0451448 Test Loss: 0.1295717
EarlyStopping counter: 8 out of 100
Updating learning rate to 0.0025
	iters: 100, epoch: 29 | loss: 0.0348661
	speed: 0.1550s/iter; left time: 2875.3709s
	iters: 200, epoch: 29 | loss: 0.0197537
	speed: 0.0802s/iter; left time: 1479.7018s
Epoch: 29 cost time: 20.76671290397644
Epoch: 29, Steps: 259 | Train Loss: 0.0318184 Vali Loss: 0.0446697 Test Loss: 0.1277705
EarlyStopping counter: 9 out of 100
Updating learning rate to 0.0025
	iters: 100, epoch: 30 | loss: 0.0271258
	speed: 0.1592s/iter; left time: 2912.4647s
	iters: 200, epoch: 30 | loss: 0.0374993
	speed: 0.0745s/iter; left time: 1355.3340s
Epoch: 30 cost time: 20.44660711288452
Epoch: 30, Steps: 259 | Train Loss: 0.0313538 Vali Loss: 0.0448374 Test Loss: 0.1277087
EarlyStopping counter: 10 out of 100
Updating learning rate to 0.0025
	iters: 100, epoch: 31 | loss: 0.0194757
	speed: 0.1532s/iter; left time: 2761.4731s
	iters: 200, epoch: 31 | loss: 0.0290876
	speed: 0.0775s/iter; left time: 1389.4246s
Epoch: 31 cost time: 20.168779373168945
Epoch: 31, Steps: 259 | Train Loss: 0.0317936 Vali Loss: 0.0442630 Test Loss: 0.1313810
EarlyStopping counter: 11 out of 100
Updating learning rate to 0.0025
	iters: 100, epoch: 32 | loss: 0.0282868
	speed: 0.1571s/iter; left time: 2791.4968s
	iters: 200, epoch: 32 | loss: 0.0283037
	speed: 0.0825s/iter; left time: 1457.3538s
Epoch: 32 cost time: 21.220502376556396
Epoch: 32, Steps: 259 | Train Loss: 0.0317482 Vali Loss: 0.0442277 Test Loss: 0.1310529
EarlyStopping counter: 12 out of 100
Updating learning rate to 0.0025
	iters: 100, epoch: 33 | loss: 0.0283397
	speed: 0.1593s/iter; left time: 2789.9713s
	iters: 200, epoch: 33 | loss: 0.0202503
	speed: 0.0750s/iter; left time: 1306.4602s
Epoch: 33 cost time: 20.267010927200317
Epoch: 33, Steps: 259 | Train Loss: 0.0311667 Vali Loss: 0.0450365 Test Loss: 0.1263888
EarlyStopping counter: 13 out of 100
Updating learning rate to 0.0025
	iters: 100, epoch: 34 | loss: 0.0354750
	speed: 0.1572s/iter; left time: 2711.9935s
	iters: 200, epoch: 34 | loss: 0.0242966
	speed: 0.0782s/iter; left time: 1341.8492s
Epoch: 34 cost time: 20.63888144493103
Epoch: 34, Steps: 259 | Train Loss: 0.0313472 Vali Loss: 0.0456384 Test Loss: 0.1327305
EarlyStopping counter: 14 out of 100
Updating learning rate to 0.0025
	iters: 100, epoch: 35 | loss: 0.0438659
	speed: 0.1584s/iter; left time: 2691.2065s
	iters: 200, epoch: 35 | loss: 0.0128571
	speed: 0.0770s/iter; left time: 1301.1126s
Epoch: 35 cost time: 20.82362961769104
Epoch: 35, Steps: 259 | Train Loss: 0.0309487 Vali Loss: 0.0448455 Test Loss: 0.1262334
EarlyStopping counter: 15 out of 100
Updating learning rate to 0.0025
	iters: 100, epoch: 36 | loss: 0.0341310
	speed: 0.1601s/iter; left time: 2679.5353s
	iters: 200, epoch: 36 | loss: 0.0241447
	speed: 0.0761s/iter; left time: 1265.9214s
Epoch: 36 cost time: 20.231225728988647
Epoch: 36, Steps: 259 | Train Loss: 0.0308282 Vali Loss: 0.0446527 Test Loss: 0.1340310
EarlyStopping counter: 16 out of 100
Updating learning rate to 0.0025
	iters: 100, epoch: 37 | loss: 0.0543165
	speed: 0.1590s/iter; left time: 2620.3386s
	iters: 200, epoch: 37 | loss: 0.0200491
	speed: 0.0791s/iter; left time: 1296.0642s
Epoch: 37 cost time: 20.564706802368164
Epoch: 37, Steps: 259 | Train Loss: 0.0310302 Vali Loss: 0.0464685 Test Loss: 0.1371135
EarlyStopping counter: 17 out of 100
Updating learning rate to 0.0025
	iters: 100, epoch: 38 | loss: 0.0190670
	speed: 0.1559s/iter; left time: 2528.1780s
	iters: 200, epoch: 38 | loss: 0.0259928
	speed: 0.0784s/iter; left time: 1264.3869s
Epoch: 38 cost time: 20.59203577041626
Epoch: 38, Steps: 259 | Train Loss: 0.0306211 Vali Loss: 0.0452897 Test Loss: 0.1260581
EarlyStopping counter: 18 out of 100
Updating learning rate to 0.0025
	iters: 100, epoch: 39 | loss: 0.0381869
	speed: 0.1544s/iter; left time: 2464.6382s
	iters: 200, epoch: 39 | loss: 0.0255111
	speed: 0.0778s/iter; left time: 1233.2931s
Epoch: 39 cost time: 20.311636209487915
Epoch: 39, Steps: 259 | Train Loss: 0.0306933 Vali Loss: 0.0441046 Test Loss: 0.1355513
EarlyStopping counter: 19 out of 100
Updating learning rate to 0.0025
	iters: 100, epoch: 40 | loss: 0.0205441
	speed: 0.1557s/iter; left time: 2443.8726s
	iters: 200, epoch: 40 | loss: 0.0216740
	speed: 0.0788s/iter; left time: 1229.6829s
Epoch: 40 cost time: 20.82268714904785
Epoch: 40, Steps: 259 | Train Loss: 0.0303748 Vali Loss: 0.0449959 Test Loss: 0.1292933
EarlyStopping counter: 20 out of 100
Updating learning rate to 0.0025
	iters: 100, epoch: 41 | loss: 0.0560831
	speed: 0.1601s/iter; left time: 2472.8734s
	iters: 200, epoch: 41 | loss: 0.0500797
	speed: 0.0763s/iter; left time: 1170.2966s
Epoch: 41 cost time: 20.077115058898926
Epoch: 41, Steps: 259 | Train Loss: 0.0306129 Vali Loss: 0.0450900 Test Loss: 0.1281120
EarlyStopping counter: 21 out of 100
Updating learning rate to 0.0025
	iters: 100, epoch: 42 | loss: 0.0397936
	speed: 0.1563s/iter; left time: 2373.3343s
	iters: 200, epoch: 42 | loss: 0.0272014
	speed: 0.0772s/iter; left time: 1164.4097s
Epoch: 42 cost time: 20.565156936645508
Epoch: 42, Steps: 259 | Train Loss: 0.0301610 Vali Loss: 0.0444407 Test Loss: 0.1256680
EarlyStopping counter: 22 out of 100
Updating learning rate to 0.0025
	iters: 100, epoch: 43 | loss: 0.0387439
	speed: 0.1589s/iter; left time: 2370.6121s
	iters: 200, epoch: 43 | loss: 0.0427825
	speed: 0.0749s/iter; left time: 1110.3870s
Epoch: 43 cost time: 20.047343730926514
Epoch: 43, Steps: 259 | Train Loss: 0.0300589 Vali Loss: 0.0442755 Test Loss: 0.1271252
EarlyStopping counter: 23 out of 100
Updating learning rate to 0.0025
	iters: 100, epoch: 44 | loss: 0.0307924
	speed: 0.1554s/iter; left time: 2279.3016s
	iters: 200, epoch: 44 | loss: 0.0323441
	speed: 0.0756s/iter; left time: 1101.3182s
Epoch: 44 cost time: 20.36084508895874
Epoch: 44, Steps: 259 | Train Loss: 0.0301862 Vali Loss: 0.0450108 Test Loss: 0.1367043
EarlyStopping counter: 24 out of 100
Updating learning rate to 0.0025
	iters: 100, epoch: 45 | loss: 0.0491438
	speed: 0.1585s/iter; left time: 2283.0876s
	iters: 200, epoch: 45 | loss: 0.0289250
	speed: 0.0788s/iter; left time: 1127.7629s
Epoch: 45 cost time: 20.80587863922119
Epoch: 45, Steps: 259 | Train Loss: 0.0296713 Vali Loss: 0.0454383 Test Loss: 0.1266298
EarlyStopping counter: 25 out of 100
Updating learning rate to 0.0025
	iters: 100, epoch: 46 | loss: 0.0255008
	speed: 0.1579s/iter; left time: 2233.1136s
	iters: 200, epoch: 46 | loss: 0.0268930
	speed: 0.0764s/iter; left time: 1073.5808s
Epoch: 46 cost time: 20.070212841033936
Epoch: 46, Steps: 259 | Train Loss: 0.0298467 Vali Loss: 0.0467872 Test Loss: 0.1354347
EarlyStopping counter: 26 out of 100
Updating learning rate to 0.0025
	iters: 100, epoch: 47 | loss: 0.0268084
	speed: 0.1541s/iter; left time: 2139.5235s
	iters: 200, epoch: 47 | loss: 0.0287484
	speed: 0.0777s/iter; left time: 1071.2309s
Epoch: 47 cost time: 20.196271896362305
Epoch: 47, Steps: 259 | Train Loss: 0.0294698 Vali Loss: 0.0449884 Test Loss: 0.1318509
EarlyStopping counter: 27 out of 100
Updating learning rate to 0.0025
	iters: 100, epoch: 48 | loss: 0.0286715
	speed: 0.1564s/iter; left time: 2131.2261s
	iters: 200, epoch: 48 | loss: 0.0230085
	speed: 0.0780s/iter; left time: 1055.8205s
Epoch: 48 cost time: 20.54224991798401
Epoch: 48, Steps: 259 | Train Loss: 0.0298372 Vali Loss: 0.0449123 Test Loss: 0.1260435
EarlyStopping counter: 28 out of 100
Updating learning rate to 0.0025
	iters: 100, epoch: 49 | loss: 0.0323487
	speed: 0.1574s/iter; left time: 2104.6186s
	iters: 200, epoch: 49 | loss: 0.0205509
	speed: 0.0752s/iter; left time: 998.3710s
Epoch: 49 cost time: 20.332013368606567
Epoch: 49, Steps: 259 | Train Loss: 0.0293919 Vali Loss: 0.0448312 Test Loss: 0.1348991
EarlyStopping counter: 29 out of 100
Updating learning rate to 0.0025
	iters: 100, epoch: 50 | loss: 0.0396813
	speed: 0.1571s/iter; left time: 2058.9356s
	iters: 200, epoch: 50 | loss: 0.0415260
	speed: 0.0772s/iter; left time: 1003.9109s
Epoch: 50 cost time: 20.35174012184143
Epoch: 50, Steps: 259 | Train Loss: 0.0297201 Vali Loss: 0.0437854 Test Loss: 0.1275113
Validation loss decreased (0.043934 --> 0.043785).  Saving model ...
Updating learning rate to 0.0025
	iters: 100, epoch: 51 | loss: 0.0311553
	speed: 0.1577s/iter; left time: 2026.0278s
	iters: 200, epoch: 51 | loss: 0.0268167
	speed: 0.0760s/iter; left time: 969.2903s
Epoch: 51 cost time: 20.08128595352173
Epoch: 51, Steps: 259 | Train Loss: 0.0292281 Vali Loss: 0.0438525 Test Loss: 0.1255456
EarlyStopping counter: 1 out of 100
Updating learning rate to 0.0025
	iters: 100, epoch: 52 | loss: 0.0383821
	speed: 0.1548s/iter; left time: 1949.1108s
	iters: 200, epoch: 52 | loss: 0.0377925
	speed: 0.0768s/iter; left time: 959.3392s
Epoch: 52 cost time: 20.376580238342285
Epoch: 52, Steps: 259 | Train Loss: 0.0297874 Vali Loss: 0.0443140 Test Loss: 0.1330136
EarlyStopping counter: 2 out of 100
Updating learning rate to 0.0025
	iters: 100, epoch: 53 | loss: 0.0276770
	speed: 0.1567s/iter; left time: 1932.9383s
	iters: 200, epoch: 53 | loss: 0.0367624
	speed: 0.0786s/iter; left time: 960.9050s
Epoch: 53 cost time: 20.713621854782104
Epoch: 53, Steps: 259 | Train Loss: 0.0296034 Vali Loss: 0.0447325 Test Loss: 0.1298395
EarlyStopping counter: 3 out of 100
Updating learning rate to 0.0025
	iters: 100, epoch: 54 | loss: 0.0226197
	speed: 0.1576s/iter; left time: 1902.4593s
	iters: 200, epoch: 54 | loss: 0.0264578
	speed: 0.0755s/iter; left time: 903.8000s
Epoch: 54 cost time: 20.160993814468384
Epoch: 54, Steps: 259 | Train Loss: 0.0294022 Vali Loss: 0.0446210 Test Loss: 0.1242913
EarlyStopping counter: 4 out of 100
Updating learning rate to 0.0025
	iters: 100, epoch: 55 | loss: 0.0381805
	speed: 0.1584s/iter; left time: 1871.9960s
	iters: 200, epoch: 55 | loss: 0.0227767
	speed: 0.0775s/iter; left time: 908.3012s
Epoch: 55 cost time: 20.57642674446106
Epoch: 55, Steps: 259 | Train Loss: 0.0295168 Vali Loss: 0.0474963 Test Loss: 0.1337138
EarlyStopping counter: 5 out of 100
Updating learning rate to 0.0025
	iters: 100, epoch: 56 | loss: 0.0381532
	speed: 0.1525s/iter; left time: 1762.3535s
	iters: 200, epoch: 56 | loss: 0.0525469
	speed: 0.0777s/iter; left time: 889.9127s
Epoch: 56 cost time: 20.154969930648804
Epoch: 56, Steps: 259 | Train Loss: 0.0291404 Vali Loss: 0.0452446 Test Loss: 0.1286941
EarlyStopping counter: 6 out of 100
Updating learning rate to 0.0025
	iters: 100, epoch: 57 | loss: 0.0341259
	speed: 0.1584s/iter; left time: 1789.6645s
	iters: 200, epoch: 57 | loss: 0.0199705
	speed: 0.0773s/iter; left time: 865.6588s
Epoch: 57 cost time: 20.38818383216858
Epoch: 57, Steps: 259 | Train Loss: 0.0292834 Vali Loss: 0.0456657 Test Loss: 0.1325821
EarlyStopping counter: 7 out of 100
Updating learning rate to 0.0025
	iters: 100, epoch: 58 | loss: 0.0491813
	speed: 0.1532s/iter; left time: 1690.8957s
	iters: 200, epoch: 58 | loss: 0.0277348
	speed: 0.0767s/iter; left time: 838.8186s
Epoch: 58 cost time: 20.31623935699463
Epoch: 58, Steps: 259 | Train Loss: 0.0292736 Vali Loss: 0.0441825 Test Loss: 0.1301934
EarlyStopping counter: 8 out of 100
Updating learning rate to 0.0025
	iters: 100, epoch: 59 | loss: 0.0320316
	speed: 0.1548s/iter; left time: 1668.5424s
	iters: 200, epoch: 59 | loss: 0.0332790
	speed: 0.0768s/iter; left time: 819.7444s
Epoch: 59 cost time: 20.18686580657959
Epoch: 59, Steps: 259 | Train Loss: 0.0291431 Vali Loss: 0.0467185 Test Loss: 0.1354795
EarlyStopping counter: 9 out of 100
Updating learning rate to 0.0025
	iters: 100, epoch: 60 | loss: 0.0367941
	speed: 0.1556s/iter; left time: 1637.0503s
	iters: 200, epoch: 60 | loss: 0.0166196
	speed: 0.0776s/iter; left time: 808.5889s
Epoch: 60 cost time: 20.61205267906189
Epoch: 60, Steps: 259 | Train Loss: 0.0288414 Vali Loss: 0.0445244 Test Loss: 0.1289331
EarlyStopping counter: 10 out of 100
Updating learning rate to 0.0025
	iters: 100, epoch: 61 | loss: 0.0245873
	speed: 0.1572s/iter; left time: 1612.8902s
	iters: 200, epoch: 61 | loss: 0.0294565
	speed: 0.0766s/iter; left time: 778.7702s
Epoch: 61 cost time: 20.635915279388428
Epoch: 61, Steps: 259 | Train Loss: 0.0290470 Vali Loss: 0.0447237 Test Loss: 0.1314888
EarlyStopping counter: 11 out of 100
Updating learning rate to 0.0025
	iters: 100, epoch: 62 | loss: 0.0341279
	speed: 0.1554s/iter; left time: 1554.8097s
	iters: 200, epoch: 62 | loss: 0.0394484
	speed: 0.0769s/iter; left time: 761.1697s
Epoch: 62 cost time: 20.409634351730347
Epoch: 62, Steps: 259 | Train Loss: 0.0293223 Vali Loss: 0.0439956 Test Loss: 0.1262161
EarlyStopping counter: 12 out of 100
Updating learning rate to 0.0025
	iters: 100, epoch: 63 | loss: 0.0316750
	speed: 0.1580s/iter; left time: 1539.5525s
	iters: 200, epoch: 63 | loss: 0.0223089
	speed: 0.0772s/iter; left time: 744.7051s
Epoch: 63 cost time: 20.606332778930664
Epoch: 63, Steps: 259 | Train Loss: 0.0286383 Vali Loss: 0.0436483 Test Loss: 0.1288182
Validation loss decreased (0.043785 --> 0.043648).  Saving model ...
Updating learning rate to 0.0025
	iters: 100, epoch: 64 | loss: 0.0237094
	speed: 0.1563s/iter; left time: 1481.9436s
	iters: 200, epoch: 64 | loss: 0.0365406
	speed: 0.0772s/iter; left time: 724.3186s
Epoch: 64 cost time: 20.76058292388916
Epoch: 64, Steps: 259 | Train Loss: 0.0291459 Vali Loss: 0.0431576 Test Loss: 0.1288535
Validation loss decreased (0.043648 --> 0.043158).  Saving model ...
Updating learning rate to 0.0025
	iters: 100, epoch: 65 | loss: 0.0284246
	speed: 0.1579s/iter; left time: 1456.8210s
	iters: 200, epoch: 65 | loss: 0.0262132
	speed: 0.0767s/iter; left time: 699.7548s
Epoch: 65 cost time: 20.73125910758972
Epoch: 65, Steps: 259 | Train Loss: 0.0291029 Vali Loss: 0.0452594 Test Loss: 0.1271722
EarlyStopping counter: 1 out of 100
Updating learning rate to 0.0025
	iters: 100, epoch: 66 | loss: 0.0380468
	speed: 0.1581s/iter; left time: 1417.5434s
	iters: 200, epoch: 66 | loss: 0.0216738
	speed: 0.0822s/iter; left time: 728.9925s
Epoch: 66 cost time: 21.01950478553772
Epoch: 66, Steps: 259 | Train Loss: 0.0286051 Vali Loss: 0.0454572 Test Loss: 0.1322196
EarlyStopping counter: 2 out of 100
Updating learning rate to 0.0025
	iters: 100, epoch: 67 | loss: 0.0195110
	speed: 0.1559s/iter; left time: 1357.4004s
	iters: 200, epoch: 67 | loss: 0.0255772
	speed: 0.0765s/iter; left time: 658.5442s
Epoch: 67 cost time: 20.477713108062744
Epoch: 67, Steps: 259 | Train Loss: 0.0286977 Vali Loss: 0.0455937 Test Loss: 0.1306290
EarlyStopping counter: 3 out of 100
Updating learning rate to 0.0025
	iters: 100, epoch: 68 | loss: 0.0167201
	speed: 0.1575s/iter; left time: 1330.9473s
	iters: 200, epoch: 68 | loss: 0.0182076
	speed: 0.0770s/iter; left time: 642.6618s
Epoch: 68 cost time: 20.22374701499939
Epoch: 68, Steps: 259 | Train Loss: 0.0285597 Vali Loss: 0.0440740 Test Loss: 0.1322847
EarlyStopping counter: 4 out of 100
Updating learning rate to 0.0025
	iters: 100, epoch: 69 | loss: 0.0206432
	speed: 0.1609s/iter; left time: 1317.2679s
	iters: 200, epoch: 69 | loss: 0.0198261
	speed: 0.0765s/iter; left time: 618.4492s
Epoch: 69 cost time: 21.13270378112793
Epoch: 69, Steps: 259 | Train Loss: 0.0284344 Vali Loss: 0.0454162 Test Loss: 0.1356952
EarlyStopping counter: 5 out of 100
Updating learning rate to 0.0025
	iters: 100, epoch: 70 | loss: 0.0314935
	speed: 0.1545s/iter; left time: 1225.0056s
	iters: 200, epoch: 70 | loss: 0.0257273
	speed: 0.0771s/iter; left time: 604.0745s
Epoch: 70 cost time: 20.25050663948059
Epoch: 70, Steps: 259 | Train Loss: 0.0282437 Vali Loss: 0.0447907 Test Loss: 0.1284785
EarlyStopping counter: 6 out of 100
Updating learning rate to 0.0025
	iters: 100, epoch: 71 | loss: 0.0171075
	speed: 0.1585s/iter; left time: 1215.8539s
	iters: 200, epoch: 71 | loss: 0.0286486
	speed: 0.0772s/iter; left time: 584.4014s
Epoch: 71 cost time: 20.743905782699585
Epoch: 71, Steps: 259 | Train Loss: 0.0283172 Vali Loss: 0.0465847 Test Loss: 0.1440083
EarlyStopping counter: 7 out of 100
Updating learning rate to 0.0025
	iters: 100, epoch: 72 | loss: 0.0211718
	speed: 0.1534s/iter; left time: 1136.7086s
	iters: 200, epoch: 72 | loss: 0.0249923
	speed: 0.0771s/iter; left time: 563.6390s
Epoch: 72 cost time: 20.28479313850403
Epoch: 72, Steps: 259 | Train Loss: 0.0285214 Vali Loss: 0.0457307 Test Loss: 0.1405069
EarlyStopping counter: 8 out of 100
Updating learning rate to 0.0025
	iters: 100, epoch: 73 | loss: 0.0342828
	speed: 0.1560s/iter; left time: 1115.7136s
	iters: 200, epoch: 73 | loss: 0.0278791
	speed: 0.0755s/iter; left time: 532.2522s
Epoch: 73 cost time: 20.613613605499268
Epoch: 73, Steps: 259 | Train Loss: 0.0279857 Vali Loss: 0.0448786 Test Loss: 0.1295229
EarlyStopping counter: 9 out of 100
Updating learning rate to 0.0025
	iters: 100, epoch: 74 | loss: 0.0413853
	speed: 0.1599s/iter; left time: 1102.6684s
	iters: 200, epoch: 74 | loss: 0.0379380
	speed: 0.0775s/iter; left time: 526.3354s
Epoch: 74 cost time: 20.794707536697388
Epoch: 74, Steps: 259 | Train Loss: 0.0285270 Vali Loss: 0.0436067 Test Loss: 0.1281589
EarlyStopping counter: 10 out of 100
Updating learning rate to 0.0025
	iters: 100, epoch: 75 | loss: 0.0260237
	speed: 0.1555s/iter; left time: 1031.8047s
	iters: 200, epoch: 75 | loss: 0.0262540
	speed: 0.0754s/iter; left time: 493.0178s
Epoch: 75 cost time: 20.467655420303345
Epoch: 75, Steps: 259 | Train Loss: 0.0282388 Vali Loss: 0.0453386 Test Loss: 0.1357366
EarlyStopping counter: 11 out of 100
Updating learning rate to 0.0025
	iters: 100, epoch: 76 | loss: 0.0201266
	speed: 0.1572s/iter; left time: 1002.0870s
	iters: 200, epoch: 76 | loss: 0.0207424
	speed: 0.0768s/iter; left time: 482.0871s
Epoch: 76 cost time: 20.493452072143555
Epoch: 76, Steps: 259 | Train Loss: 0.0278561 Vali Loss: 0.0452653 Test Loss: 0.1306794
EarlyStopping counter: 12 out of 100
Updating learning rate to 0.0025
	iters: 100, epoch: 77 | loss: 0.0236201
	speed: 0.1562s/iter; left time: 955.5142s
	iters: 200, epoch: 77 | loss: 0.0290185
	speed: 0.0764s/iter; left time: 459.4398s
Epoch: 77 cost time: 20.49050498008728
Epoch: 77, Steps: 259 | Train Loss: 0.0281180 Vali Loss: 0.0443211 Test Loss: 0.1295204
EarlyStopping counter: 13 out of 100
Updating learning rate to 0.0025
	iters: 100, epoch: 78 | loss: 0.0324508
	speed: 0.1551s/iter; left time: 908.7983s
	iters: 200, epoch: 78 | loss: 0.0320821
	speed: 0.0761s/iter; left time: 438.4616s
Epoch: 78 cost time: 20.533857107162476
Epoch: 78, Steps: 259 | Train Loss: 0.0280296 Vali Loss: 0.0456052 Test Loss: 0.1333682
EarlyStopping counter: 14 out of 100
Updating learning rate to 0.0025
	iters: 100, epoch: 79 | loss: 0.0253390
	speed: 0.1554s/iter; left time: 870.1796s
	iters: 200, epoch: 79 | loss: 0.0222525
	speed: 0.0801s/iter; left time: 440.4414s
Epoch: 79 cost time: 20.707842350006104
Epoch: 79, Steps: 259 | Train Loss: 0.0276703 Vali Loss: 0.0461978 Test Loss: 0.1319591
EarlyStopping counter: 15 out of 100
Updating learning rate to 0.0025
	iters: 100, epoch: 80 | loss: 0.0282449
	speed: 0.1552s/iter; left time: 828.5494s
	iters: 200, epoch: 80 | loss: 0.0359972
	speed: 0.0768s/iter; left time: 402.2795s
Epoch: 80 cost time: 20.551726579666138
Epoch: 80, Steps: 259 | Train Loss: 0.0276777 Vali Loss: 0.0454318 Test Loss: 0.1262424
EarlyStopping counter: 16 out of 100
Updating learning rate to 0.0025
	iters: 100, epoch: 81 | loss: 0.0218595
	speed: 0.1566s/iter; left time: 795.4727s
	iters: 200, epoch: 81 | loss: 0.0194155
	speed: 0.0808s/iter; left time: 402.3837s
Epoch: 81 cost time: 20.53352665901184
Epoch: 81, Steps: 259 | Train Loss: 0.0275635 Vali Loss: 0.0458665 Test Loss: 0.1325892
EarlyStopping counter: 17 out of 100
Updating learning rate to 0.0025
	iters: 100, epoch: 82 | loss: 0.0309755
	speed: 0.1553s/iter; left time: 748.6994s
	iters: 200, epoch: 82 | loss: 0.0316279
	speed: 0.0750s/iter; left time: 353.9815s
Epoch: 82 cost time: 20.35414481163025
Epoch: 82, Steps: 259 | Train Loss: 0.0279890 Vali Loss: 0.0447947 Test Loss: 0.1302194
EarlyStopping counter: 18 out of 100
Updating learning rate to 0.0025
	iters: 100, epoch: 83 | loss: 0.0321969
	speed: 0.1604s/iter; left time: 731.8707s
	iters: 200, epoch: 83 | loss: 0.0268293
	speed: 0.0764s/iter; left time: 340.8886s
Epoch: 83 cost time: 20.743149042129517
Epoch: 83, Steps: 259 | Train Loss: 0.0278264 Vali Loss: 0.0450356 Test Loss: 0.1329803
EarlyStopping counter: 19 out of 100
Updating learning rate to 0.0025
	iters: 100, epoch: 84 | loss: 0.0458273
	speed: 0.1537s/iter; left time: 661.6644s
	iters: 200, epoch: 84 | loss: 0.0327400
	speed: 0.0763s/iter; left time: 320.9401s
Epoch: 84 cost time: 20.499933004379272
Epoch: 84, Steps: 259 | Train Loss: 0.0275803 Vali Loss: 0.0469657 Test Loss: 0.1327122
EarlyStopping counter: 20 out of 100
Updating learning rate to 0.0025
	iters: 100, epoch: 85 | loss: 0.0275924
	speed: 0.1568s/iter; left time: 634.4426s
	iters: 200, epoch: 85 | loss: 0.0222984
	speed: 0.0797s/iter; left time: 314.4017s
Epoch: 85 cost time: 20.886535167694092
Epoch: 85, Steps: 259 | Train Loss: 0.0279607 Vali Loss: 0.0441285 Test Loss: 0.1267668
EarlyStopping counter: 21 out of 100
Updating learning rate to 0.0025
	iters: 100, epoch: 86 | loss: 0.0276530
	speed: 0.1592s/iter; left time: 602.7675s
	iters: 200, epoch: 86 | loss: 0.0223312
	speed: 0.0785s/iter; left time: 289.2467s
Epoch: 86 cost time: 20.822646617889404
Epoch: 86, Steps: 259 | Train Loss: 0.0277026 Vali Loss: 0.0459405 Test Loss: 0.1324109
EarlyStopping counter: 22 out of 100
Updating learning rate to 0.0025
	iters: 100, epoch: 87 | loss: 0.0235024
	speed: 0.1593s/iter; left time: 561.8821s
	iters: 200, epoch: 87 | loss: 0.0226693
	speed: 0.0763s/iter; left time: 261.4173s
Epoch: 87 cost time: 20.562675714492798
Epoch: 87, Steps: 259 | Train Loss: 0.0274092 Vali Loss: 0.0474379 Test Loss: 0.1348171
EarlyStopping counter: 23 out of 100
Updating learning rate to 0.0025
	iters: 100, epoch: 88 | loss: 0.0293464
	speed: 0.1559s/iter; left time: 509.5289s
	iters: 200, epoch: 88 | loss: 0.0457427
	speed: 0.0778s/iter; left time: 246.5221s
Epoch: 88 cost time: 20.52528691291809
Epoch: 88, Steps: 259 | Train Loss: 0.0281979 Vali Loss: 0.0455063 Test Loss: 0.1329485
EarlyStopping counter: 24 out of 100
Updating learning rate to 0.0025
	iters: 100, epoch: 89 | loss: 0.0512528
	speed: 0.1544s/iter; left time: 464.5990s
	iters: 200, epoch: 89 | loss: 0.0242531
	speed: 0.0784s/iter; left time: 228.1946s
Epoch: 89 cost time: 20.74976921081543
Epoch: 89, Steps: 259 | Train Loss: 0.0275896 Vali Loss: 0.0455885 Test Loss: 0.1276672
EarlyStopping counter: 25 out of 100
Updating learning rate to 0.0025
	iters: 100, epoch: 90 | loss: 0.0356582
	speed: 0.1590s/iter; left time: 437.2717s
	iters: 200, epoch: 90 | loss: 0.0176558
	speed: 0.0778s/iter; left time: 206.1650s
Epoch: 90 cost time: 20.630088090896606
Epoch: 90, Steps: 259 | Train Loss: 0.0274671 Vali Loss: 0.0454093 Test Loss: 0.1318413
EarlyStopping counter: 26 out of 100
Updating learning rate to 0.0025
	iters: 100, epoch: 91 | loss: 0.0384704
	speed: 0.1564s/iter; left time: 389.6213s
	iters: 200, epoch: 91 | loss: 0.0212066
	speed: 0.0792s/iter; left time: 189.3729s
Epoch: 91 cost time: 20.577471256256104
Epoch: 91, Steps: 259 | Train Loss: 0.0278633 Vali Loss: 0.0463706 Test Loss: 0.1316066
EarlyStopping counter: 27 out of 100
Updating learning rate to 0.0025
	iters: 100, epoch: 92 | loss: 0.0326177
	speed: 0.1580s/iter; left time: 352.5577s
	iters: 200, epoch: 92 | loss: 0.0157419
	speed: 0.0787s/iter; left time: 167.8884s
Epoch: 92 cost time: 20.969820976257324
Epoch: 92, Steps: 259 | Train Loss: 0.0278933 Vali Loss: 0.0454650 Test Loss: 0.1295277
EarlyStopping counter: 28 out of 100
Updating learning rate to 0.0025
	iters: 100, epoch: 93 | loss: 0.0250274
	speed: 0.1566s/iter; left time: 309.0010s
	iters: 200, epoch: 93 | loss: 0.0355654
	speed: 0.0770s/iter; left time: 144.2330s
Epoch: 93 cost time: 20.624130725860596
Epoch: 93, Steps: 259 | Train Loss: 0.0271723 Vali Loss: 0.0454330 Test Loss: 0.1349230
EarlyStopping counter: 29 out of 100
Updating learning rate to 0.0025
	iters: 100, epoch: 94 | loss: 0.0575080
	speed: 0.1583s/iter; left time: 271.3351s
	iters: 200, epoch: 94 | loss: 0.0281168
	speed: 0.0798s/iter; left time: 128.8281s
Epoch: 94 cost time: 20.719055891036987
Epoch: 94, Steps: 259 | Train Loss: 0.0274718 Vali Loss: 0.0450181 Test Loss: 0.1271203
EarlyStopping counter: 30 out of 100
Updating learning rate to 0.0025
	iters: 100, epoch: 95 | loss: 0.0326995
	speed: 0.1551s/iter; left time: 225.6676s
	iters: 200, epoch: 95 | loss: 0.0262610
	speed: 0.0753s/iter; left time: 102.0113s
Epoch: 95 cost time: 20.266313791275024
Epoch: 95, Steps: 259 | Train Loss: 0.0273703 Vali Loss: 0.0459519 Test Loss: 0.1326800
EarlyStopping counter: 31 out of 100
Updating learning rate to 0.0025
	iters: 100, epoch: 96 | loss: 0.0123339
	speed: 0.1576s/iter; left time: 188.4856s
	iters: 200, epoch: 96 | loss: 0.0333420
	speed: 0.0771s/iter; left time: 84.5081s
Epoch: 96 cost time: 20.542557954788208
Epoch: 96, Steps: 259 | Train Loss: 0.0274076 Vali Loss: 0.0460919 Test Loss: 0.1307057
EarlyStopping counter: 32 out of 100
Updating learning rate to 0.0025
	iters: 100, epoch: 97 | loss: 0.0362808
	speed: 0.1581s/iter; left time: 148.1309s
	iters: 200, epoch: 97 | loss: 0.0199417
	speed: 0.0773s/iter; left time: 64.7009s
Epoch: 97 cost time: 20.718421459197998
Epoch: 97, Steps: 259 | Train Loss: 0.0270294 Vali Loss: 0.0452347 Test Loss: 0.1315974
EarlyStopping counter: 33 out of 100
Updating learning rate to 0.0025
	iters: 100, epoch: 98 | loss: 0.0376024
	speed: 0.1566s/iter; left time: 106.1980s
	iters: 200, epoch: 98 | loss: 0.0374082
	speed: 0.0786s/iter; left time: 45.4570s
Epoch: 98 cost time: 20.622549057006836
Epoch: 98, Steps: 259 | Train Loss: 0.0270416 Vali Loss: 0.0452063 Test Loss: 0.1315087
EarlyStopping counter: 34 out of 100
Updating learning rate to 0.0025
	iters: 100, epoch: 99 | loss: 0.0299632
	speed: 0.1550s/iter; left time: 64.9562s
	iters: 200, epoch: 99 | loss: 0.0399065
	speed: 0.0778s/iter; left time: 24.8043s
Epoch: 99 cost time: 20.51006841659546
Epoch: 99, Steps: 259 | Train Loss: 0.0270329 Vali Loss: 0.0447545 Test Loss: 0.1332977
EarlyStopping counter: 35 out of 100
Updating learning rate to 0.0025
	iters: 100, epoch: 100 | loss: 0.0624290
	speed: 0.1559s/iter; left time: 24.9502s
	iters: 200, epoch: 100 | loss: 0.0229684
	speed: 0.0754s/iter; left time: 4.5221s
Epoch: 100 cost time: 20.21633791923523
Epoch: 100, Steps: 259 | Train Loss: 0.0276727 Vali Loss: 0.0458017 Test Loss: 0.1291116
EarlyStopping counter: 36 out of 100
Updating learning rate to 0.0025
>>>>>>>testing : 60_10_PatchTST_custom_ftM_sl60_ll48_pl10_dm16_nh4_el3_dl1_df128_fc1_ebtimeF_dtTrue_Exp_0<<<<<<<<<<<<<<<<<<<<<<<<<<<<<<<<<
test 1198
mse:0.18838857114315033, mae:0.29255494475364685, rse:0.15780076384544373
