Args in experiment:
Namespace(random_seed=2024, is_training=1, model_id='60_5', model='PatchTST', data='custom', root_path='./dataset/', data_path='sp500.csv', features='M', target='AdjClose', freq='h', checkpoints='./checkpoints/', seq_len=60, label_len=48, pred_len=5, fc_dropout=0.2, head_dropout=0.0, patch_len=5, stride=2, padding_patch='end', revin=1, affine=0, subtract_last=0, decomposition=0, kernel_size=25, individual=0, embed_type=0, enc_in=6, dec_in=7, c_out=7, d_model=16, n_heads=4, e_layers=3, d_layers=1, d_ff=128, moving_avg=25, factor=1, distil=True, dropout=0.2, embed='timeF', activation='gelu', output_attention=False, do_predict=False, num_workers=10, itr=1, train_epochs=100, batch_size=16, patience=100, learning_rate=0.0025, des='Exp', loss='mse', lradj='constant', pct_start=0.3, use_amp=False, use_gpu=False, gpu=0, use_multi_gpu=False, devices='0,1,2,3', test_flop=False)
Use CPU
>>>>>>>start training : 60_5_PatchTST_custom_ftM_sl60_ll48_pl5_dm16_nh4_el3_dl1_df128_fc1_ebtimeF_dtTrue_Exp_0>>>>>>>>>>>>>>>>>>>>>>>>>>
train 4161
val 601
test 1203
	iters: 100, epoch: 1 | loss: 0.0600376
	speed: 0.0521s/iter; left time: 1350.0214s
	iters: 200, epoch: 1 | loss: 0.0494178
	speed: 0.0630s/iter; left time: 1626.3342s
Epoch: 1 cost time: 16.349252462387085
Epoch: 1, Steps: 260 | Train Loss: 0.0544406 Vali Loss: 0.0471814 Test Loss: 0.1437009
Validation loss decreased (inf --> 0.047181).  Saving model ...
Updating learning rate to 0.0025
	iters: 100, epoch: 2 | loss: 0.0205142
	speed: 0.1420s/iter; left time: 3640.9019s
	iters: 200, epoch: 2 | loss: 0.0258153
	speed: 0.0763s/iter; left time: 1947.6976s
Epoch: 2 cost time: 18.704790830612183
Epoch: 2, Steps: 260 | Train Loss: 0.0356025 Vali Loss: 0.0413237 Test Loss: 0.1162037
Validation loss decreased (0.047181 --> 0.041324).  Saving model ...
Updating learning rate to 0.0025
	iters: 100, epoch: 3 | loss: 0.0389448
	speed: 0.1576s/iter; left time: 4001.0758s
	iters: 200, epoch: 3 | loss: 0.0254563
	speed: 0.0800s/iter; left time: 2022.7302s
Epoch: 3 cost time: 20.702852249145508
Epoch: 3, Steps: 260 | Train Loss: 0.0327672 Vali Loss: 0.0355943 Test Loss: 0.1019490
Validation loss decreased (0.041324 --> 0.035594).  Saving model ...
Updating learning rate to 0.0025
	iters: 100, epoch: 4 | loss: 0.0317988
	speed: 0.1565s/iter; left time: 3931.7076s
	iters: 200, epoch: 4 | loss: 0.0325136
	speed: 0.0818s/iter; left time: 2046.5103s
Epoch: 4 cost time: 21.08967137336731
Epoch: 4, Steps: 260 | Train Loss: 0.0323226 Vali Loss: 0.0377253 Test Loss: 0.0966330
EarlyStopping counter: 1 out of 100
Updating learning rate to 0.0025
	iters: 100, epoch: 5 | loss: 0.0110840
	speed: 0.1554s/iter; left time: 3863.9462s
	iters: 200, epoch: 5 | loss: 0.0165888
	speed: 0.0842s/iter; left time: 2085.3479s
Epoch: 5 cost time: 21.096964597702026
Epoch: 5, Steps: 260 | Train Loss: 0.0321752 Vali Loss: 0.0358530 Test Loss: 0.0973833
EarlyStopping counter: 2 out of 100
Updating learning rate to 0.0025
	iters: 100, epoch: 6 | loss: 0.0233807
	speed: 0.1574s/iter; left time: 3871.8631s
	iters: 200, epoch: 6 | loss: 0.0443455
	speed: 0.0846s/iter; left time: 2073.0973s
Epoch: 6 cost time: 21.354199409484863
Epoch: 6, Steps: 260 | Train Loss: 0.0313705 Vali Loss: 0.0361508 Test Loss: 0.0958406
EarlyStopping counter: 3 out of 100
Updating learning rate to 0.0025
	iters: 100, epoch: 7 | loss: 0.0259123
	speed: 0.1620s/iter; left time: 3943.4734s
	iters: 200, epoch: 7 | loss: 0.0290424
	speed: 0.0820s/iter; left time: 1988.5861s
Epoch: 7 cost time: 21.46712851524353
Epoch: 7, Steps: 260 | Train Loss: 0.0309582 Vali Loss: 0.0365338 Test Loss: 0.1007627
EarlyStopping counter: 4 out of 100
Updating learning rate to 0.0025
	iters: 100, epoch: 8 | loss: 0.0577475
	speed: 0.1619s/iter; left time: 3898.0878s
	iters: 200, epoch: 8 | loss: 0.0248545
	speed: 0.0825s/iter; left time: 1977.9570s
Epoch: 8 cost time: 21.498860597610474
Epoch: 8, Steps: 260 | Train Loss: 0.0307809 Vali Loss: 0.0362655 Test Loss: 0.1009850
EarlyStopping counter: 5 out of 100
Updating learning rate to 0.0025
	iters: 100, epoch: 9 | loss: 0.0334074
	speed: 0.1662s/iter; left time: 3959.1199s
	iters: 200, epoch: 9 | loss: 0.0221504
	speed: 0.0829s/iter; left time: 1965.8839s
Epoch: 9 cost time: 21.434614419937134
Epoch: 9, Steps: 260 | Train Loss: 0.0301544 Vali Loss: 0.0357496 Test Loss: 0.0954523
EarlyStopping counter: 6 out of 100
Updating learning rate to 0.0025
	iters: 100, epoch: 10 | loss: 0.0515422
	speed: 0.1599s/iter; left time: 3766.5616s
	iters: 200, epoch: 10 | loss: 0.0179504
	speed: 0.0784s/iter; left time: 1839.7022s
Epoch: 10 cost time: 20.918869018554688
Epoch: 10, Steps: 260 | Train Loss: 0.0305717 Vali Loss: 0.0366210 Test Loss: 0.0931738
EarlyStopping counter: 7 out of 100
Updating learning rate to 0.0025
	iters: 100, epoch: 11 | loss: 0.0310000
	speed: 0.1578s/iter; left time: 3677.5067s
	iters: 200, epoch: 11 | loss: 0.0396415
	speed: 0.0792s/iter; left time: 1837.2757s
Epoch: 11 cost time: 20.89875054359436
Epoch: 11, Steps: 260 | Train Loss: 0.0301007 Vali Loss: 0.0365488 Test Loss: 0.1019007
EarlyStopping counter: 8 out of 100
Updating learning rate to 0.0025
	iters: 100, epoch: 12 | loss: 0.0234410
	speed: 0.1604s/iter; left time: 3696.1838s
	iters: 200, epoch: 12 | loss: 0.0473345
	speed: 0.0806s/iter; left time: 1849.8757s
Epoch: 12 cost time: 21.186532974243164
Epoch: 12, Steps: 260 | Train Loss: 0.0301226 Vali Loss: 0.0354651 Test Loss: 0.0955230
Validation loss decreased (0.035594 --> 0.035465).  Saving model ...
Updating learning rate to 0.0025
	iters: 100, epoch: 13 | loss: 0.0532749
	speed: 0.1609s/iter; left time: 3665.0878s
	iters: 200, epoch: 13 | loss: 0.0236727
	speed: 0.0783s/iter; left time: 1775.5739s
Epoch: 13 cost time: 21.159947156906128
Epoch: 13, Steps: 260 | Train Loss: 0.0300692 Vali Loss: 0.0351716 Test Loss: 0.0938890
Validation loss decreased (0.035465 --> 0.035172).  Saving model ...
Updating learning rate to 0.0025
	iters: 100, epoch: 14 | loss: 0.0286247
	speed: 0.1581s/iter; left time: 3559.7053s
	iters: 200, epoch: 14 | loss: 0.0243058
	speed: 0.0831s/iter; left time: 1863.3936s
Epoch: 14 cost time: 21.029168605804443
Epoch: 14, Steps: 260 | Train Loss: 0.0298128 Vali Loss: 0.0353100 Test Loss: 0.0951015
EarlyStopping counter: 1 out of 100
Updating learning rate to 0.0025
	iters: 100, epoch: 15 | loss: 0.0203712
	speed: 0.1560s/iter; left time: 3472.0358s
	iters: 200, epoch: 15 | loss: 0.0350654
	speed: 0.0797s/iter; left time: 1766.7688s
Epoch: 15 cost time: 20.91610097885132
Epoch: 15, Steps: 260 | Train Loss: 0.0294706 Vali Loss: 0.0363471 Test Loss: 0.0932977
EarlyStopping counter: 2 out of 100
Updating learning rate to 0.0025
	iters: 100, epoch: 16 | loss: 0.0155046
	speed: 0.1606s/iter; left time: 3532.7823s
	iters: 200, epoch: 16 | loss: 0.0254899
	speed: 0.0802s/iter; left time: 1756.0641s
Epoch: 16 cost time: 21.331981897354126
Epoch: 16, Steps: 260 | Train Loss: 0.0300320 Vali Loss: 0.0364968 Test Loss: 0.0956740
EarlyStopping counter: 3 out of 100
Updating learning rate to 0.0025
	iters: 100, epoch: 17 | loss: 0.0398398
	speed: 0.1607s/iter; left time: 3494.5737s
	iters: 200, epoch: 17 | loss: 0.0195292
	speed: 0.0823s/iter; left time: 1781.1678s
Epoch: 17 cost time: 21.141635417938232
Epoch: 17, Steps: 260 | Train Loss: 0.0297051 Vali Loss: 0.0355108 Test Loss: 0.0960359
EarlyStopping counter: 4 out of 100
Updating learning rate to 0.0025
	iters: 100, epoch: 18 | loss: 0.0297660
	speed: 0.1552s/iter; left time: 3334.1307s
	iters: 200, epoch: 18 | loss: 0.0538720
	speed: 0.0805s/iter; left time: 1722.1369s
Epoch: 18 cost time: 21.101536750793457
Epoch: 18, Steps: 260 | Train Loss: 0.0297347 Vali Loss: 0.0353537 Test Loss: 0.0959026
EarlyStopping counter: 5 out of 100
Updating learning rate to 0.0025
	iters: 100, epoch: 19 | loss: 0.0223367
	speed: 0.1609s/iter; left time: 3414.6536s
	iters: 200, epoch: 19 | loss: 0.0154872
	speed: 0.0802s/iter; left time: 1694.8429s
Epoch: 19 cost time: 21.22939395904541
Epoch: 19, Steps: 260 | Train Loss: 0.0294885 Vali Loss: 0.0362860 Test Loss: 0.0956732
EarlyStopping counter: 6 out of 100
Updating learning rate to 0.0025
	iters: 100, epoch: 20 | loss: 0.0210295
	speed: 0.1564s/iter; left time: 3279.1946s
	iters: 200, epoch: 20 | loss: 0.0264146
	speed: 0.0802s/iter; left time: 1673.6123s
Epoch: 20 cost time: 20.70554494857788
Epoch: 20, Steps: 260 | Train Loss: 0.0293151 Vali Loss: 0.0353511 Test Loss: 0.0979126
EarlyStopping counter: 7 out of 100
Updating learning rate to 0.0025
	iters: 100, epoch: 21 | loss: 0.0244843
	speed: 0.1518s/iter; left time: 3142.3953s
	iters: 200, epoch: 21 | loss: 0.0266533
	speed: 0.0830s/iter; left time: 1710.8773s
Epoch: 21 cost time: 20.988845109939575
Epoch: 21, Steps: 260 | Train Loss: 0.0293557 Vali Loss: 0.0360467 Test Loss: 0.1017574
EarlyStopping counter: 8 out of 100
Updating learning rate to 0.0025
	iters: 100, epoch: 22 | loss: 0.0124305
	speed: 0.1585s/iter; left time: 3239.0127s
	iters: 200, epoch: 22 | loss: 0.0292689
	speed: 0.0844s/iter; left time: 1716.4930s
Epoch: 22 cost time: 21.579743146896362
Epoch: 22, Steps: 260 | Train Loss: 0.0296738 Vali Loss: 0.0355192 Test Loss: 0.0897439
EarlyStopping counter: 9 out of 100
Updating learning rate to 0.0025
	iters: 100, epoch: 23 | loss: 0.0507213
	speed: 0.1581s/iter; left time: 3191.2968s
	iters: 200, epoch: 23 | loss: 0.0165807
	speed: 0.0800s/iter; left time: 1606.1329s
Epoch: 23 cost time: 20.90285062789917
Epoch: 23, Steps: 260 | Train Loss: 0.0287520 Vali Loss: 0.0353333 Test Loss: 0.0910122
EarlyStopping counter: 10 out of 100
Updating learning rate to 0.0025
	iters: 100, epoch: 24 | loss: 0.0150307
	speed: 0.1578s/iter; left time: 3142.9797s
	iters: 200, epoch: 24 | loss: 0.0344304
	speed: 0.0837s/iter; left time: 1659.1719s
Epoch: 24 cost time: 21.35392999649048
Epoch: 24, Steps: 260 | Train Loss: 0.0290144 Vali Loss: 0.0363245 Test Loss: 0.0937688
EarlyStopping counter: 11 out of 100
Updating learning rate to 0.0025
	iters: 100, epoch: 25 | loss: 0.0239045
	speed: 0.1586s/iter; left time: 3119.0879s
	iters: 200, epoch: 25 | loss: 0.0351375
	speed: 0.0821s/iter; left time: 1606.1033s
Epoch: 25 cost time: 21.408730268478394
Epoch: 25, Steps: 260 | Train Loss: 0.0289450 Vali Loss: 0.0363475 Test Loss: 0.0959364
EarlyStopping counter: 12 out of 100
Updating learning rate to 0.0025
	iters: 100, epoch: 26 | loss: 0.0515860
	speed: 0.1582s/iter; left time: 3069.6847s
	iters: 200, epoch: 26 | loss: 0.0460638
	speed: 0.0802s/iter; left time: 1547.5098s
Epoch: 26 cost time: 21.02229118347168
Epoch: 26, Steps: 260 | Train Loss: 0.0288153 Vali Loss: 0.0352543 Test Loss: 0.0915988
EarlyStopping counter: 13 out of 100
Updating learning rate to 0.0025
	iters: 100, epoch: 27 | loss: 0.0182774
	speed: 0.1582s/iter; left time: 3027.6357s
	iters: 200, epoch: 27 | loss: 0.0200512
	speed: 0.0781s/iter; left time: 1486.9118s
Epoch: 27 cost time: 20.537443161010742
Epoch: 27, Steps: 260 | Train Loss: 0.0288398 Vali Loss: 0.0349171 Test Loss: 0.0923892
Validation loss decreased (0.035172 --> 0.034917).  Saving model ...
Updating learning rate to 0.0025
	iters: 100, epoch: 28 | loss: 0.0285022
	speed: 0.1547s/iter; left time: 2921.3995s
	iters: 200, epoch: 28 | loss: 0.0280495
	speed: 0.0803s/iter; left time: 1507.8062s
Epoch: 28 cost time: 20.71219491958618
Epoch: 28, Steps: 260 | Train Loss: 0.0285474 Vali Loss: 0.0352172 Test Loss: 0.0913841
EarlyStopping counter: 1 out of 100
Updating learning rate to 0.0025
	iters: 100, epoch: 29 | loss: 0.0227286
	speed: 0.1569s/iter; left time: 2921.5887s
	iters: 200, epoch: 29 | loss: 0.0445146
	speed: 0.0796s/iter; left time: 1474.8446s
Epoch: 29 cost time: 21.152078866958618
Epoch: 29, Steps: 260 | Train Loss: 0.0289890 Vali Loss: 0.0357531 Test Loss: 0.0907646
EarlyStopping counter: 2 out of 100
Updating learning rate to 0.0025
	iters: 100, epoch: 30 | loss: 0.0276384
	speed: 0.1600s/iter; left time: 2938.5061s
	iters: 200, epoch: 30 | loss: 0.0300355
	speed: 0.0790s/iter; left time: 1442.0147s
Epoch: 30 cost time: 20.890122175216675
Epoch: 30, Steps: 260 | Train Loss: 0.0281554 Vali Loss: 0.0357128 Test Loss: 0.0945509
EarlyStopping counter: 3 out of 100
Updating learning rate to 0.0025
	iters: 100, epoch: 31 | loss: 0.0320327
	speed: 0.1561s/iter; left time: 2824.8420s
	iters: 200, epoch: 31 | loss: 0.0124828
	speed: 0.0831s/iter; left time: 1496.1522s
Epoch: 31 cost time: 20.781830549240112
Epoch: 31, Steps: 260 | Train Loss: 0.0281150 Vali Loss: 0.0351461 Test Loss: 0.0901528
EarlyStopping counter: 4 out of 100
Updating learning rate to 0.0025
	iters: 100, epoch: 32 | loss: 0.0142167
	speed: 0.1563s/iter; left time: 2788.8240s
	iters: 200, epoch: 32 | loss: 0.0123324
	speed: 0.0789s/iter; left time: 1399.9952s
Epoch: 32 cost time: 20.858625650405884
Epoch: 32, Steps: 260 | Train Loss: 0.0282324 Vali Loss: 0.0353517 Test Loss: 0.0926438
EarlyStopping counter: 5 out of 100
Updating learning rate to 0.0025
	iters: 100, epoch: 33 | loss: 0.0205514
	speed: 0.1599s/iter; left time: 2811.1791s
	iters: 200, epoch: 33 | loss: 0.0118196
	speed: 0.0772s/iter; left time: 1350.1744s
Epoch: 33 cost time: 20.868455171585083
Epoch: 33, Steps: 260 | Train Loss: 0.0283959 Vali Loss: 0.0351959 Test Loss: 0.0935477
EarlyStopping counter: 6 out of 100
Updating learning rate to 0.0025
	iters: 100, epoch: 34 | loss: 0.0208456
	speed: 0.1615s/iter; left time: 2797.8887s
	iters: 200, epoch: 34 | loss: 0.0306627
	speed: 0.0776s/iter; left time: 1335.7949s
Epoch: 34 cost time: 21.019965887069702
Epoch: 34, Steps: 260 | Train Loss: 0.0280794 Vali Loss: 0.0351028 Test Loss: 0.0877059
EarlyStopping counter: 7 out of 100
Updating learning rate to 0.0025
	iters: 100, epoch: 35 | loss: 0.0398979
	speed: 0.1587s/iter; left time: 2707.7711s
	iters: 200, epoch: 35 | loss: 0.0175918
	speed: 0.0805s/iter; left time: 1366.1934s
Epoch: 35 cost time: 21.008870840072632
Epoch: 35, Steps: 260 | Train Loss: 0.0280481 Vali Loss: 0.0355581 Test Loss: 0.0901462
EarlyStopping counter: 8 out of 100
Updating learning rate to 0.0025
	iters: 100, epoch: 36 | loss: 0.0179759
	speed: 0.1614s/iter; left time: 2712.4507s
	iters: 200, epoch: 36 | loss: 0.0230416
	speed: 0.0778s/iter; left time: 1300.1362s
Epoch: 36 cost time: 20.782323360443115
Epoch: 36, Steps: 260 | Train Loss: 0.0279798 Vali Loss: 0.0362296 Test Loss: 0.0920012
EarlyStopping counter: 9 out of 100
Updating learning rate to 0.0025
	iters: 100, epoch: 37 | loss: 0.0252964
	speed: 0.1555s/iter; left time: 2571.4200s
	iters: 200, epoch: 37 | loss: 0.0222801
	speed: 0.0761s/iter; left time: 1250.4555s
Epoch: 37 cost time: 20.523372173309326
Epoch: 37, Steps: 260 | Train Loss: 0.0281014 Vali Loss: 0.0343883 Test Loss: 0.0900294
Validation loss decreased (0.034917 --> 0.034388).  Saving model ...
Updating learning rate to 0.0025
	iters: 100, epoch: 38 | loss: 0.0305741
	speed: 0.1577s/iter; left time: 2568.3259s
	iters: 200, epoch: 38 | loss: 0.0341643
	speed: 0.0763s/iter; left time: 1234.0092s
Epoch: 38 cost time: 20.546062231063843
Epoch: 38, Steps: 260 | Train Loss: 0.0280880 Vali Loss: 0.0354490 Test Loss: 0.0931601
EarlyStopping counter: 1 out of 100
Updating learning rate to 0.0025
	iters: 100, epoch: 39 | loss: 0.0381634
	speed: 0.1531s/iter; left time: 2452.7591s
	iters: 200, epoch: 39 | loss: 0.0242580
	speed: 0.0783s/iter; left time: 1246.7949s
Epoch: 39 cost time: 20.64899754524231
Epoch: 39, Steps: 260 | Train Loss: 0.0278200 Vali Loss: 0.0344857 Test Loss: 0.0920219
EarlyStopping counter: 2 out of 100
Updating learning rate to 0.0025
	iters: 100, epoch: 40 | loss: 0.0360954
	speed: 0.1573s/iter; left time: 2478.4441s
	iters: 200, epoch: 40 | loss: 0.0261098
	speed: 0.0791s/iter; left time: 1239.3533s
Epoch: 40 cost time: 20.58656907081604
Epoch: 40, Steps: 260 | Train Loss: 0.0275294 Vali Loss: 0.0353827 Test Loss: 0.0916946
EarlyStopping counter: 3 out of 100
Updating learning rate to 0.0025
	iters: 100, epoch: 41 | loss: 0.0206991
	speed: 0.1563s/iter; left time: 2423.0342s
	iters: 200, epoch: 41 | loss: 0.0448405
	speed: 0.0761s/iter; left time: 1171.7987s
Epoch: 41 cost time: 20.668769121170044
Epoch: 41, Steps: 260 | Train Loss: 0.0272406 Vali Loss: 0.0361356 Test Loss: 0.0914508
EarlyStopping counter: 4 out of 100
Updating learning rate to 0.0025
	iters: 100, epoch: 42 | loss: 0.0263438
	speed: 0.1595s/iter; left time: 2430.7160s
	iters: 200, epoch: 42 | loss: 0.0181344
	speed: 0.0794s/iter; left time: 1201.7902s
Epoch: 42 cost time: 20.783520460128784
Epoch: 42, Steps: 260 | Train Loss: 0.0275301 Vali Loss: 0.0358902 Test Loss: 0.0926352
EarlyStopping counter: 5 out of 100
Updating learning rate to 0.0025
	iters: 100, epoch: 43 | loss: 0.0242814
	speed: 0.1570s/iter; left time: 2352.3107s
	iters: 200, epoch: 43 | loss: 0.0190084
	speed: 0.0817s/iter; left time: 1215.3575s
Epoch: 43 cost time: 21.17517852783203
Epoch: 43, Steps: 260 | Train Loss: 0.0274651 Vali Loss: 0.0364170 Test Loss: 0.0939082
EarlyStopping counter: 6 out of 100
Updating learning rate to 0.0025
	iters: 100, epoch: 44 | loss: 0.0266800
	speed: 0.1592s/iter; left time: 2343.4360s
	iters: 200, epoch: 44 | loss: 0.0439088
	speed: 0.0786s/iter; left time: 1149.1406s
Epoch: 44 cost time: 21.07809090614319
Epoch: 44, Steps: 260 | Train Loss: 0.0270353 Vali Loss: 0.0359893 Test Loss: 0.0923057
EarlyStopping counter: 7 out of 100
Updating learning rate to 0.0025
	iters: 100, epoch: 45 | loss: 0.0249921
	speed: 0.1656s/iter; left time: 2394.8894s
	iters: 200, epoch: 45 | loss: 0.0379639
	speed: 0.0794s/iter; left time: 1140.3191s
Epoch: 45 cost time: 21.590601682662964
Epoch: 45, Steps: 260 | Train Loss: 0.0270957 Vali Loss: 0.0361838 Test Loss: 0.0934783
EarlyStopping counter: 8 out of 100
Updating learning rate to 0.0025
	iters: 100, epoch: 46 | loss: 0.0262483
	speed: 0.1630s/iter; left time: 2315.2914s
	iters: 200, epoch: 46 | loss: 0.0606524
	speed: 0.0819s/iter; left time: 1155.1770s
Epoch: 46 cost time: 21.37145471572876
Epoch: 46, Steps: 260 | Train Loss: 0.0269747 Vali Loss: 0.0371433 Test Loss: 0.0964795
EarlyStopping counter: 9 out of 100
Updating learning rate to 0.0025
	iters: 100, epoch: 47 | loss: 0.0141280
	speed: 0.1629s/iter; left time: 2271.4938s
	iters: 200, epoch: 47 | loss: 0.0214624
	speed: 0.0773s/iter; left time: 1069.2437s
Epoch: 47 cost time: 21.27220916748047
Epoch: 47, Steps: 260 | Train Loss: 0.0275663 Vali Loss: 0.0363808 Test Loss: 0.0939606
EarlyStopping counter: 10 out of 100
Updating learning rate to 0.0025
	iters: 100, epoch: 48 | loss: 0.0319276
	speed: 0.1606s/iter; left time: 2196.5403s
	iters: 200, epoch: 48 | loss: 0.0309091
	speed: 0.0790s/iter; left time: 1072.5775s
Epoch: 48 cost time: 21.026750087738037
Epoch: 48, Steps: 260 | Train Loss: 0.0270685 Vali Loss: 0.0344260 Test Loss: 0.0887890
EarlyStopping counter: 11 out of 100
Updating learning rate to 0.0025
	iters: 100, epoch: 49 | loss: 0.0276843
	speed: 0.1592s/iter; left time: 2136.9114s
	iters: 200, epoch: 49 | loss: 0.0272159
	speed: 0.0795s/iter; left time: 1059.4647s
Epoch: 49 cost time: 20.96434712409973
Epoch: 49, Steps: 260 | Train Loss: 0.0269370 Vali Loss: 0.0357408 Test Loss: 0.0910135
EarlyStopping counter: 12 out of 100
Updating learning rate to 0.0025
	iters: 100, epoch: 50 | loss: 0.0336147
	speed: 0.1594s/iter; left time: 2098.0674s
	iters: 200, epoch: 50 | loss: 0.0220274
	speed: 0.0786s/iter; left time: 1027.0331s
Epoch: 50 cost time: 21.195059776306152
Epoch: 50, Steps: 260 | Train Loss: 0.0273240 Vali Loss: 0.0365417 Test Loss: 0.0939596
EarlyStopping counter: 13 out of 100
Updating learning rate to 0.0025
	iters: 100, epoch: 51 | loss: 0.0480942
	speed: 0.1601s/iter; left time: 2064.8833s
	iters: 200, epoch: 51 | loss: 0.0178614
	speed: 0.0794s/iter; left time: 1016.7476s
Epoch: 51 cost time: 20.893895864486694
Epoch: 51, Steps: 260 | Train Loss: 0.0269321 Vali Loss: 0.0360676 Test Loss: 0.0944141
EarlyStopping counter: 14 out of 100
Updating learning rate to 0.0025
	iters: 100, epoch: 52 | loss: 0.0235227
	speed: 0.1610s/iter; left time: 2035.1284s
	iters: 200, epoch: 52 | loss: 0.0342213
	speed: 0.0833s/iter; left time: 1044.9819s
Epoch: 52 cost time: 21.48838973045349
Epoch: 52, Steps: 260 | Train Loss: 0.0267257 Vali Loss: 0.0358437 Test Loss: 0.0937447
EarlyStopping counter: 15 out of 100
Updating learning rate to 0.0025
	iters: 100, epoch: 53 | loss: 0.0206717
	speed: 0.1604s/iter; left time: 1985.5404s
	iters: 200, epoch: 53 | loss: 0.0287420
	speed: 0.0785s/iter; left time: 964.5234s
Epoch: 53 cost time: 20.99086594581604
Epoch: 53, Steps: 260 | Train Loss: 0.0267372 Vali Loss: 0.0355447 Test Loss: 0.0902252
EarlyStopping counter: 16 out of 100
Updating learning rate to 0.0025
	iters: 100, epoch: 54 | loss: 0.0206255
	speed: 0.1579s/iter; left time: 1914.1947s
	iters: 200, epoch: 54 | loss: 0.0243489
	speed: 0.0774s/iter; left time: 930.9072s
Epoch: 54 cost time: 21.01497507095337
Epoch: 54, Steps: 260 | Train Loss: 0.0264659 Vali Loss: 0.0359407 Test Loss: 0.0931415
EarlyStopping counter: 17 out of 100
Updating learning rate to 0.0025
	iters: 100, epoch: 55 | loss: 0.0368778
	speed: 0.1622s/iter; left time: 1923.4960s
	iters: 200, epoch: 55 | loss: 0.0413546
	speed: 0.0821s/iter; left time: 965.6298s
Epoch: 55 cost time: 21.263925313949585
Epoch: 55, Steps: 260 | Train Loss: 0.0266772 Vali Loss: 0.0355494 Test Loss: 0.0914612
EarlyStopping counter: 18 out of 100
Updating learning rate to 0.0025
	iters: 100, epoch: 56 | loss: 0.0303088
	speed: 0.1594s/iter; left time: 1849.6074s
	iters: 200, epoch: 56 | loss: 0.0124282
	speed: 0.0786s/iter; left time: 904.1153s
Epoch: 56 cost time: 21.196717977523804
Epoch: 56, Steps: 260 | Train Loss: 0.0262663 Vali Loss: 0.0351653 Test Loss: 0.0937219
EarlyStopping counter: 19 out of 100
Updating learning rate to 0.0025
	iters: 100, epoch: 57 | loss: 0.0259754
	speed: 0.1627s/iter; left time: 1844.6805s
	iters: 200, epoch: 57 | loss: 0.0498116
	speed: 0.0779s/iter; left time: 875.4022s
Epoch: 57 cost time: 21.29120135307312
Epoch: 57, Steps: 260 | Train Loss: 0.0267261 Vali Loss: 0.0350369 Test Loss: 0.0889152
EarlyStopping counter: 20 out of 100
Updating learning rate to 0.0025
	iters: 100, epoch: 58 | loss: 0.0311988
	speed: 0.1609s/iter; left time: 1783.3155s
	iters: 200, epoch: 58 | loss: 0.0400770
	speed: 0.0795s/iter; left time: 873.1732s
Epoch: 58 cost time: 21.046790599822998
Epoch: 58, Steps: 260 | Train Loss: 0.0267419 Vali Loss: 0.0374698 Test Loss: 0.0944688
EarlyStopping counter: 21 out of 100
Updating learning rate to 0.0025
	iters: 100, epoch: 59 | loss: 0.0673843
	speed: 0.1601s/iter; left time: 1732.2473s
	iters: 200, epoch: 59 | loss: 0.0084472
	speed: 0.0784s/iter; left time: 840.5718s
Epoch: 59 cost time: 21.03444266319275
Epoch: 59, Steps: 260 | Train Loss: 0.0268000 Vali Loss: 0.0356135 Test Loss: 0.0921405
EarlyStopping counter: 22 out of 100
Updating learning rate to 0.0025
	iters: 100, epoch: 60 | loss: 0.0219063
	speed: 0.1607s/iter; left time: 1696.8700s
	iters: 200, epoch: 60 | loss: 0.0179198
	speed: 0.0787s/iter; left time: 823.5199s
Epoch: 60 cost time: 21.182835817337036
Epoch: 60, Steps: 260 | Train Loss: 0.0262348 Vali Loss: 0.0353641 Test Loss: 0.0902215
EarlyStopping counter: 23 out of 100
Updating learning rate to 0.0025
	iters: 100, epoch: 61 | loss: 0.0265606
	speed: 0.1588s/iter; left time: 1635.5700s
	iters: 200, epoch: 61 | loss: 0.0253625
	speed: 0.0771s/iter; left time: 786.2943s
Epoch: 61 cost time: 20.848151445388794
Epoch: 61, Steps: 260 | Train Loss: 0.0259855 Vali Loss: 0.0373532 Test Loss: 0.0936378
EarlyStopping counter: 24 out of 100
Updating learning rate to 0.0025
	iters: 100, epoch: 62 | loss: 0.0356596
	speed: 0.1585s/iter; left time: 1591.1164s
	iters: 200, epoch: 62 | loss: 0.0165514
	speed: 0.0800s/iter; left time: 794.8931s
Epoch: 62 cost time: 20.723015308380127
Epoch: 62, Steps: 260 | Train Loss: 0.0261092 Vali Loss: 0.0361637 Test Loss: 0.0910122
EarlyStopping counter: 25 out of 100
Updating learning rate to 0.0025
	iters: 100, epoch: 63 | loss: 0.0231334
	speed: 0.1579s/iter; left time: 1544.2466s
	iters: 200, epoch: 63 | loss: 0.0285275
	speed: 0.0797s/iter; left time: 771.2202s
Epoch: 63 cost time: 20.919667720794678
Epoch: 63, Steps: 260 | Train Loss: 0.0263765 Vali Loss: 0.0365657 Test Loss: 0.0911086
EarlyStopping counter: 26 out of 100
Updating learning rate to 0.0025
	iters: 100, epoch: 64 | loss: 0.0408511
	speed: 0.1591s/iter; left time: 1514.9854s
	iters: 200, epoch: 64 | loss: 0.0333630
	speed: 0.0775s/iter; left time: 730.4240s
Epoch: 64 cost time: 21.038636684417725
Epoch: 64, Steps: 260 | Train Loss: 0.0261437 Vali Loss: 0.0364629 Test Loss: 0.0942830
EarlyStopping counter: 27 out of 100
Updating learning rate to 0.0025
	iters: 100, epoch: 65 | loss: 0.0288297
	speed: 0.1631s/iter; left time: 1510.0225s
	iters: 200, epoch: 65 | loss: 0.0263960
	speed: 0.0764s/iter; left time: 699.8698s
Epoch: 65 cost time: 20.57193636894226
Epoch: 65, Steps: 260 | Train Loss: 0.0262288 Vali Loss: 0.0355477 Test Loss: 0.0922074
EarlyStopping counter: 28 out of 100
Updating learning rate to 0.0025
	iters: 100, epoch: 66 | loss: 0.0202870
	speed: 0.1581s/iter; left time: 1422.9230s
	iters: 200, epoch: 66 | loss: 0.0421646
	speed: 0.0764s/iter; left time: 680.4036s
Epoch: 66 cost time: 20.523215532302856
Epoch: 66, Steps: 260 | Train Loss: 0.0261410 Vali Loss: 0.0366526 Test Loss: 0.0935976
EarlyStopping counter: 29 out of 100
Updating learning rate to 0.0025
	iters: 100, epoch: 67 | loss: 0.0145234
	speed: 0.1558s/iter; left time: 1361.4448s
	iters: 200, epoch: 67 | loss: 0.0287612
	speed: 0.0805s/iter; left time: 695.4553s
Epoch: 67 cost time: 20.98351788520813
Epoch: 67, Steps: 260 | Train Loss: 0.0262386 Vali Loss: 0.0368834 Test Loss: 0.0916881
EarlyStopping counter: 30 out of 100
Updating learning rate to 0.0025
	iters: 100, epoch: 68 | loss: 0.0145615
	speed: 0.1600s/iter; left time: 1356.6665s
	iters: 200, epoch: 68 | loss: 0.0367772
	speed: 0.0758s/iter; left time: 635.3457s
Epoch: 68 cost time: 20.920490980148315
Epoch: 68, Steps: 260 | Train Loss: 0.0263957 Vali Loss: 0.0348471 Test Loss: 0.0893963
EarlyStopping counter: 31 out of 100
Updating learning rate to 0.0025
	iters: 100, epoch: 69 | loss: 0.0354435
	speed: 0.1597s/iter; left time: 1312.9825s
	iters: 200, epoch: 69 | loss: 0.0192406
	speed: 0.0777s/iter; left time: 630.6229s
Epoch: 69 cost time: 20.75165891647339
Epoch: 69, Steps: 260 | Train Loss: 0.0261074 Vali Loss: 0.0360068 Test Loss: 0.0932806
EarlyStopping counter: 32 out of 100
Updating learning rate to 0.0025
	iters: 100, epoch: 70 | loss: 0.0269558
	speed: 0.1595s/iter; left time: 1270.0949s
	iters: 200, epoch: 70 | loss: 0.0085263
	speed: 0.0806s/iter; left time: 633.8565s
Epoch: 70 cost time: 21.191789865493774
Epoch: 70, Steps: 260 | Train Loss: 0.0259173 Vali Loss: 0.0367862 Test Loss: 0.0951408
EarlyStopping counter: 33 out of 100
Updating learning rate to 0.0025
	iters: 100, epoch: 71 | loss: 0.0460565
	speed: 0.1630s/iter; left time: 1254.9106s
	iters: 200, epoch: 71 | loss: 0.0289311
	speed: 0.0783s/iter; left time: 594.8990s
Epoch: 71 cost time: 21.323179960250854
Epoch: 71, Steps: 260 | Train Loss: 0.0261143 Vali Loss: 0.0360142 Test Loss: 0.0896848
EarlyStopping counter: 34 out of 100
Updating learning rate to 0.0025
	iters: 100, epoch: 72 | loss: 0.0353899
	speed: 0.1619s/iter; left time: 1204.5630s
	iters: 200, epoch: 72 | loss: 0.0243656
	speed: 0.0799s/iter; left time: 586.4458s
Epoch: 72 cost time: 21.15861463546753
Epoch: 72, Steps: 260 | Train Loss: 0.0255474 Vali Loss: 0.0357724 Test Loss: 0.0909691
EarlyStopping counter: 35 out of 100
Updating learning rate to 0.0025
	iters: 100, epoch: 73 | loss: 0.0233459
	speed: 0.1579s/iter; left time: 1133.6053s
	iters: 200, epoch: 73 | loss: 0.0213161
	speed: 0.0791s/iter; left time: 560.3171s
Epoch: 73 cost time: 20.828050136566162
Epoch: 73, Steps: 260 | Train Loss: 0.0259284 Vali Loss: 0.0364082 Test Loss: 0.0901524
EarlyStopping counter: 36 out of 100
Updating learning rate to 0.0025
	iters: 100, epoch: 74 | loss: 0.0322495
	speed: 0.1580s/iter; left time: 1093.7217s
	iters: 200, epoch: 74 | loss: 0.0213163
	speed: 0.0763s/iter; left time: 520.3941s
Epoch: 74 cost time: 20.71787190437317
Epoch: 74, Steps: 260 | Train Loss: 0.0259035 Vali Loss: 0.0360760 Test Loss: 0.0909186
EarlyStopping counter: 37 out of 100
Updating learning rate to 0.0025
	iters: 100, epoch: 75 | loss: 0.0202419
	speed: 0.1613s/iter; left time: 1074.6819s
	iters: 200, epoch: 75 | loss: 0.0172619
	speed: 0.0759s/iter; left time: 498.0790s
Epoch: 75 cost time: 20.858444452285767
Epoch: 75, Steps: 260 | Train Loss: 0.0256138 Vali Loss: 0.0345098 Test Loss: 0.0901448
EarlyStopping counter: 38 out of 100
Updating learning rate to 0.0025
	iters: 100, epoch: 76 | loss: 0.0315115
	speed: 0.1593s/iter; left time: 1019.4752s
	iters: 200, epoch: 76 | loss: 0.0325784
	speed: 0.0778s/iter; left time: 490.4919s
Epoch: 76 cost time: 20.771355390548706
Epoch: 76, Steps: 260 | Train Loss: 0.0259515 Vali Loss: 0.0378444 Test Loss: 0.0928390
EarlyStopping counter: 39 out of 100
Updating learning rate to 0.0025
	iters: 100, epoch: 77 | loss: 0.0118886
	speed: 0.1599s/iter; left time: 982.0712s
	iters: 200, epoch: 77 | loss: 0.0326560
	speed: 0.0812s/iter; left time: 490.2282s
Epoch: 77 cost time: 21.3348708152771
Epoch: 77, Steps: 260 | Train Loss: 0.0255611 Vali Loss: 0.0373357 Test Loss: 0.0930650
EarlyStopping counter: 40 out of 100
Updating learning rate to 0.0025
	iters: 100, epoch: 78 | loss: 0.0164738
	speed: 0.1597s/iter; left time: 939.0939s
	iters: 200, epoch: 78 | loss: 0.0460047
	speed: 0.0791s/iter; left time: 457.2141s
Epoch: 78 cost time: 21.083422660827637
Epoch: 78, Steps: 260 | Train Loss: 0.0255786 Vali Loss: 0.0355532 Test Loss: 0.0924339
EarlyStopping counter: 41 out of 100
Updating learning rate to 0.0025
	iters: 100, epoch: 79 | loss: 0.0279870
	speed: 0.1616s/iter; left time: 908.3822s
	iters: 200, epoch: 79 | loss: 0.0195186
	speed: 0.0785s/iter; left time: 433.4369s
Epoch: 79 cost time: 21.216341972351074
Epoch: 79, Steps: 260 | Train Loss: 0.0252623 Vali Loss: 0.0371211 Test Loss: 0.0899218
EarlyStopping counter: 42 out of 100
Updating learning rate to 0.0025
	iters: 100, epoch: 80 | loss: 0.0207707
	speed: 0.1619s/iter; left time: 867.9335s
	iters: 200, epoch: 80 | loss: 0.0221431
	speed: 0.0794s/iter; left time: 417.9443s
Epoch: 80 cost time: 21.40851402282715
Epoch: 80, Steps: 260 | Train Loss: 0.0260747 Vali Loss: 0.0365948 Test Loss: 0.0921036
EarlyStopping counter: 43 out of 100
Updating learning rate to 0.0025
	iters: 100, epoch: 81 | loss: 0.0316641
	speed: 0.1607s/iter; left time: 819.9278s
	iters: 200, epoch: 81 | loss: 0.0220221
	speed: 0.0768s/iter; left time: 384.1741s
Epoch: 81 cost time: 20.563824892044067
Epoch: 81, Steps: 260 | Train Loss: 0.0253113 Vali Loss: 0.0368610 Test Loss: 0.0894323
EarlyStopping counter: 44 out of 100
Updating learning rate to 0.0025
	iters: 100, epoch: 82 | loss: 0.0331514
	speed: 0.1614s/iter; left time: 781.4132s
	iters: 200, epoch: 82 | loss: 0.0108289
	speed: 0.0786s/iter; left time: 372.5877s
Epoch: 82 cost time: 21.15763759613037
Epoch: 82, Steps: 260 | Train Loss: 0.0254754 Vali Loss: 0.0364575 Test Loss: 0.0948298
EarlyStopping counter: 45 out of 100
Updating learning rate to 0.0025
	iters: 100, epoch: 83 | loss: 0.0193057
	speed: 0.1573s/iter; left time: 720.3955s
	iters: 200, epoch: 83 | loss: 0.0271496
	speed: 0.0789s/iter; left time: 353.5785s
Epoch: 83 cost time: 21.015851259231567
Epoch: 83, Steps: 260 | Train Loss: 0.0252305 Vali Loss: 0.0371709 Test Loss: 0.0922343
EarlyStopping counter: 46 out of 100
Updating learning rate to 0.0025
	iters: 100, epoch: 84 | loss: 0.0362379
	speed: 0.1650s/iter; left time: 713.1663s
	iters: 200, epoch: 84 | loss: 0.0387880
	speed: 0.0771s/iter; left time: 325.4509s
Epoch: 84 cost time: 21.04011344909668
Epoch: 84, Steps: 260 | Train Loss: 0.0253190 Vali Loss: 0.0357770 Test Loss: 0.0918262
EarlyStopping counter: 47 out of 100
Updating learning rate to 0.0025
	iters: 100, epoch: 85 | loss: 0.0193065
	speed: 0.1624s/iter; left time: 659.6280s
	iters: 200, epoch: 85 | loss: 0.0279029
	speed: 0.0786s/iter; left time: 311.1592s
Epoch: 85 cost time: 21.415467977523804
Epoch: 85, Steps: 260 | Train Loss: 0.0251284 Vali Loss: 0.0352753 Test Loss: 0.0877334
EarlyStopping counter: 48 out of 100
Updating learning rate to 0.0025
	iters: 100, epoch: 86 | loss: 0.0303995
	speed: 0.1612s/iter; left time: 612.6127s
	iters: 200, epoch: 86 | loss: 0.0260617
	speed: 0.0798s/iter; left time: 295.4855s
Epoch: 86 cost time: 21.217699766159058
Epoch: 86, Steps: 260 | Train Loss: 0.0255315 Vali Loss: 0.0353623 Test Loss: 0.0918949
EarlyStopping counter: 49 out of 100
Updating learning rate to 0.0025
	iters: 100, epoch: 87 | loss: 0.0194588
	speed: 0.1563s/iter; left time: 553.3070s
	iters: 200, epoch: 87 | loss: 0.0195044
	speed: 0.0782s/iter; left time: 269.0717s
Epoch: 87 cost time: 20.74987769126892
Epoch: 87, Steps: 260 | Train Loss: 0.0257179 Vali Loss: 0.0364747 Test Loss: 0.0959187
EarlyStopping counter: 50 out of 100
Updating learning rate to 0.0025
	iters: 100, epoch: 88 | loss: 0.0214296
	speed: 0.1616s/iter; left time: 530.1199s
	iters: 200, epoch: 88 | loss: 0.0262915
	speed: 0.0793s/iter; left time: 252.2585s
Epoch: 88 cost time: 21.374979972839355
Epoch: 88, Steps: 260 | Train Loss: 0.0255750 Vali Loss: 0.0375048 Test Loss: 0.0906903
EarlyStopping counter: 51 out of 100
Updating learning rate to 0.0025
	iters: 100, epoch: 89 | loss: 0.0285294
	speed: 0.1635s/iter; left time: 493.9386s
	iters: 200, epoch: 89 | loss: 0.0257042
	speed: 0.0799s/iter; left time: 233.2865s
Epoch: 89 cost time: 21.28308081626892
Epoch: 89, Steps: 260 | Train Loss: 0.0253749 Vali Loss: 0.0352159 Test Loss: 0.0906008
EarlyStopping counter: 52 out of 100
Updating learning rate to 0.0025
	iters: 100, epoch: 90 | loss: 0.0114805
	speed: 0.1640s/iter; left time: 452.8564s
	iters: 200, epoch: 90 | loss: 0.0177847
	speed: 0.0802s/iter; left time: 213.3249s
Epoch: 90 cost time: 21.369529485702515
Epoch: 90, Steps: 260 | Train Loss: 0.0257820 Vali Loss: 0.0356548 Test Loss: 0.0898897
EarlyStopping counter: 53 out of 100
Updating learning rate to 0.0025
	iters: 100, epoch: 91 | loss: 0.0107257
	speed: 0.1595s/iter; left time: 398.8817s
	iters: 200, epoch: 91 | loss: 0.0220927
	speed: 0.0780s/iter; left time: 187.2287s
Epoch: 91 cost time: 20.84059453010559
Epoch: 91, Steps: 260 | Train Loss: 0.0256743 Vali Loss: 0.0369492 Test Loss: 0.0895621
EarlyStopping counter: 54 out of 100
Updating learning rate to 0.0025
	iters: 100, epoch: 92 | loss: 0.0155273
	speed: 0.1609s/iter; left time: 360.5637s
	iters: 200, epoch: 92 | loss: 0.0143969
	speed: 0.0777s/iter; left time: 166.2735s
Epoch: 92 cost time: 20.68784785270691
Epoch: 92, Steps: 260 | Train Loss: 0.0250921 Vali Loss: 0.0372715 Test Loss: 0.0903381
EarlyStopping counter: 55 out of 100
Updating learning rate to 0.0025
	iters: 100, epoch: 93 | loss: 0.0342533
	speed: 0.1590s/iter; left time: 315.0763s
	iters: 200, epoch: 93 | loss: 0.0191202
	speed: 0.0776s/iter; left time: 145.9190s
Epoch: 93 cost time: 20.72477436065674
Epoch: 93, Steps: 260 | Train Loss: 0.0252534 Vali Loss: 0.0366269 Test Loss: 0.0920066
EarlyStopping counter: 56 out of 100
Updating learning rate to 0.0025
	iters: 100, epoch: 94 | loss: 0.0202689
	speed: 0.1560s/iter; left time: 268.5153s
	iters: 200, epoch: 94 | loss: 0.0170964
	speed: 0.0774s/iter; left time: 125.5360s
Epoch: 94 cost time: 20.1920645236969
Epoch: 94, Steps: 260 | Train Loss: 0.0251731 Vali Loss: 0.0353113 Test Loss: 0.0901946
EarlyStopping counter: 57 out of 100
Updating learning rate to 0.0025
	iters: 100, epoch: 95 | loss: 0.0318808
	speed: 0.1589s/iter; left time: 232.0849s
	iters: 200, epoch: 95 | loss: 0.0305537
	speed: 0.0748s/iter; left time: 101.7858s
Epoch: 95 cost time: 20.503650188446045
Epoch: 95, Steps: 260 | Train Loss: 0.0251748 Vali Loss: 0.0374436 Test Loss: 0.0922413
EarlyStopping counter: 58 out of 100
Updating learning rate to 0.0025
	iters: 100, epoch: 96 | loss: 0.0303014
	speed: 0.1594s/iter; left time: 191.3843s
	iters: 200, epoch: 96 | loss: 0.0164577
	speed: 0.0760s/iter; left time: 83.7013s
Epoch: 96 cost time: 19.996045112609863
Epoch: 96, Steps: 260 | Train Loss: 0.0249758 Vali Loss: 0.0364560 Test Loss: 0.0911534
EarlyStopping counter: 59 out of 100
Updating learning rate to 0.0025
	iters: 100, epoch: 97 | loss: 0.0201397
	speed: 0.1537s/iter; left time: 144.6161s
	iters: 200, epoch: 97 | loss: 0.0193206
	speed: 0.0797s/iter; left time: 67.0618s
Epoch: 97 cost time: 20.603551149368286
Epoch: 97, Steps: 260 | Train Loss: 0.0252414 Vali Loss: 0.0357960 Test Loss: 0.0906067
EarlyStopping counter: 60 out of 100
Updating learning rate to 0.0025
	iters: 100, epoch: 98 | loss: 0.0285749
	speed: 0.1545s/iter; left time: 105.2118s
	iters: 200, epoch: 98 | loss: 0.0135202
	speed: 0.0781s/iter; left time: 45.3826s
Epoch: 98 cost time: 20.334129095077515
Epoch: 98, Steps: 260 | Train Loss: 0.0250573 Vali Loss: 0.0358642 Test Loss: 0.0896885
EarlyStopping counter: 61 out of 100
Updating learning rate to 0.0025
	iters: 100, epoch: 99 | loss: 0.0370304
	speed: 0.1584s/iter; left time: 66.6774s
	iters: 200, epoch: 99 | loss: 0.0307944
	speed: 0.0758s/iter; left time: 24.3272s
Epoch: 99 cost time: 20.823464155197144
Epoch: 99, Steps: 260 | Train Loss: 0.0251380 Vali Loss: 0.0375339 Test Loss: 0.0951581
EarlyStopping counter: 62 out of 100
Updating learning rate to 0.0025
	iters: 100, epoch: 100 | loss: 0.0147287
	speed: 0.1577s/iter; left time: 25.3833s
	iters: 200, epoch: 100 | loss: 0.0217699
	speed: 0.0792s/iter; left time: 4.8330s
Epoch: 100 cost time: 20.78687620162964
Epoch: 100, Steps: 260 | Train Loss: 0.0252198 Vali Loss: 0.0352890 Test Loss: 0.0894188
EarlyStopping counter: 63 out of 100
Updating learning rate to 0.0025
>>>>>>>testing : 60_5_PatchTST_custom_ftM_sl60_ll48_pl5_dm16_nh4_el3_dl1_df128_fc1_ebtimeF_dtTrue_Exp_0<<<<<<<<<<<<<<<<<<<<<<<<<<<<<<<<<
test 1203
mse:0.1510242521762848, mae:0.24876812100410461, rse:0.14059242606163025
