Args in experiment:
Namespace(random_seed=2024, is_training=1, model_id='84_7', model='PatchTST', data='custom', root_path='./dataset/', data_path='sym_lv3.csv', features='M', target='Target', freq='h', checkpoints='./checkpoints/', seq_len=84, label_len=48, pred_len=7, fc_dropout=0.2, head_dropout=0.0, patch_len=30, stride=2, padding_patch='end', revin=1, affine=0, subtract_last=0, decomposition=0, kernel_size=25, individual=0, embed_type=0, enc_in=6, dec_in=7, c_out=7, d_model=16, n_heads=4, e_layers=3, d_layers=1, d_ff=128, moving_avg=25, factor=1, distil=True, dropout=0.2, embed='timeF', activation='gelu', output_attention=False, do_predict=False, num_workers=10, itr=1, train_epochs=100, batch_size=16, patience=100, learning_rate=0.0025, des='Exp', loss='mse', lradj='constant', pct_start=0.3, use_amp=False, use_gpu=False, gpu=0, use_multi_gpu=False, devices='0,1,2,3', test_flop=False)
Use CPU
>>>>>>>start training : 84_7_PatchTST_custom_ftM_sl84_ll48_pl7_dm16_nh4_el3_dl1_df128_fc1_ebtimeF_dtTrue_Exp_0>>>>>>>>>>>>>>>>>>>>>>>>>>
train 4135
val 599
test 1201
	iters: 100, epoch: 1 | loss: 0.0162577
	speed: 0.0526s/iter; left time: 1352.6012s
	iters: 200, epoch: 1 | loss: 0.0545464
	speed: 0.0504s/iter; left time: 1289.4459s
Epoch: 1 cost time: 13.265168190002441
Epoch: 1, Steps: 258 | Train Loss: 0.0416457 Vali Loss: 99.8666153 Test Loss: 716.3757324
Validation loss decreased (inf --> 99.866615).  Saving model ...
Updating learning rate to 0.0025
	iters: 100, epoch: 2 | loss: 0.0094728
	speed: 0.0986s/iter; left time: 2509.8550s
	iters: 200, epoch: 2 | loss: 0.0064267
	speed: 0.0496s/iter; left time: 1256.1490s
Epoch: 2 cost time: 12.997775316238403
Epoch: 2, Steps: 258 | Train Loss: 0.0285398 Vali Loss: 142.3137970 Test Loss: 800.3758545
EarlyStopping counter: 1 out of 100
Updating learning rate to 0.0025
	iters: 100, epoch: 3 | loss: 0.0127289
	speed: 0.0998s/iter; left time: 2514.2065s
	iters: 200, epoch: 3 | loss: 0.0063602
	speed: 0.0498s/iter; left time: 1249.4231s
Epoch: 3 cost time: 13.005519390106201
Epoch: 3, Steps: 258 | Train Loss: 0.0193676 Vali Loss: 56.6696854 Test Loss: 572.3012695
Validation loss decreased (99.866615 --> 56.669685).  Saving model ...
Updating learning rate to 0.0025
	iters: 100, epoch: 4 | loss: 0.0069158
	speed: 0.0975s/iter; left time: 2429.3191s
	iters: 200, epoch: 4 | loss: 0.0060467
	speed: 0.0489s/iter; left time: 1215.2614s
Epoch: 4 cost time: 12.977460384368896
Epoch: 4, Steps: 258 | Train Loss: 0.0154583 Vali Loss: 54.6066132 Test Loss: 560.7935181
Validation loss decreased (56.669685 --> 54.606613).  Saving model ...
Updating learning rate to 0.0025
	iters: 100, epoch: 5 | loss: 0.0196475
	speed: 0.0997s/iter; left time: 2459.1009s
	iters: 200, epoch: 5 | loss: 0.0068249
	speed: 0.0497s/iter; left time: 1220.1425s
Epoch: 5 cost time: 12.974591970443726
Epoch: 5, Steps: 258 | Train Loss: 0.0147346 Vali Loss: 57.9233017 Test Loss: 592.8863525
EarlyStopping counter: 1 out of 100
Updating learning rate to 0.0025
	iters: 100, epoch: 6 | loss: 0.0097237
	speed: 0.0982s/iter; left time: 2397.4728s
	iters: 200, epoch: 6 | loss: 0.0150677
	speed: 0.0489s/iter; left time: 1189.2574s
Epoch: 6 cost time: 12.863976240158081
Epoch: 6, Steps: 258 | Train Loss: 0.0149142 Vali Loss: 55.2187805 Test Loss: 580.2498779
EarlyStopping counter: 2 out of 100
Updating learning rate to 0.0025
	iters: 100, epoch: 7 | loss: 0.0138885
	speed: 0.0977s/iter; left time: 2360.4468s
	iters: 200, epoch: 7 | loss: 0.0036366
	speed: 0.0492s/iter; left time: 1183.2290s
Epoch: 7 cost time: 12.816581726074219
Epoch: 7, Steps: 258 | Train Loss: 0.0142142 Vali Loss: 58.5415039 Test Loss: 589.8965454
EarlyStopping counter: 3 out of 100
Updating learning rate to 0.0025
	iters: 100, epoch: 8 | loss: 0.0059224
	speed: 0.0975s/iter; left time: 2328.9866s
	iters: 200, epoch: 8 | loss: 0.0053882
	speed: 0.0482s/iter; left time: 1145.9791s
Epoch: 8 cost time: 12.755383253097534
Epoch: 8, Steps: 258 | Train Loss: 0.0136245 Vali Loss: 51.6677170 Test Loss: 550.7988892
Validation loss decreased (54.606613 --> 51.667717).  Saving model ...
Updating learning rate to 0.0025
	iters: 100, epoch: 9 | loss: 0.0147212
	speed: 0.0992s/iter; left time: 2344.4472s
	iters: 200, epoch: 9 | loss: 0.0090707
	speed: 0.0485s/iter; left time: 1140.4283s
Epoch: 9 cost time: 12.73920750617981
Epoch: 9, Steps: 258 | Train Loss: 0.0133956 Vali Loss: 53.2570038 Test Loss: 570.4740601
EarlyStopping counter: 1 out of 100
Updating learning rate to 0.0025
	iters: 100, epoch: 10 | loss: 0.0071245
	speed: 0.0977s/iter; left time: 2284.1236s
	iters: 200, epoch: 10 | loss: 0.0058275
	speed: 0.0490s/iter; left time: 1139.6134s
Epoch: 10 cost time: 12.836925029754639
Epoch: 10, Steps: 258 | Train Loss: 0.0137782 Vali Loss: 63.6590958 Test Loss: 566.5036621
EarlyStopping counter: 2 out of 100
Updating learning rate to 0.0025
	iters: 100, epoch: 11 | loss: 0.0045883
	speed: 0.1001s/iter; left time: 2314.6938s
	iters: 200, epoch: 11 | loss: 0.0038154
	speed: 0.0483s/iter; left time: 1112.8352s
Epoch: 11 cost time: 12.913911581039429
Epoch: 11, Steps: 258 | Train Loss: 0.0161783 Vali Loss: 50.0733643 Test Loss: 531.6037598
Validation loss decreased (51.667717 --> 50.073364).  Saving model ...
Updating learning rate to 0.0025
	iters: 100, epoch: 12 | loss: 0.0038165
	speed: 0.0981s/iter; left time: 2243.4808s
	iters: 200, epoch: 12 | loss: 0.0089843
	speed: 0.0504s/iter; left time: 1147.8315s
Epoch: 12 cost time: 12.952133893966675
Epoch: 12, Steps: 258 | Train Loss: 0.0140565 Vali Loss: 51.9163399 Test Loss: 565.4534912
EarlyStopping counter: 1 out of 100
Updating learning rate to 0.0025
	iters: 100, epoch: 13 | loss: 0.0097138
	speed: 0.0989s/iter; left time: 2236.0980s
	iters: 200, epoch: 13 | loss: 0.0115178
	speed: 0.0494s/iter; left time: 1111.9442s
Epoch: 13 cost time: 13.00108003616333
Epoch: 13, Steps: 258 | Train Loss: 0.0160262 Vali Loss: 60.9615974 Test Loss: 580.5212402
EarlyStopping counter: 2 out of 100
Updating learning rate to 0.0025
	iters: 100, epoch: 14 | loss: 0.0578115
	speed: 0.0986s/iter; left time: 2204.2813s
	iters: 200, epoch: 14 | loss: 0.0062070
	speed: 0.0494s/iter; left time: 1098.4143s
Epoch: 14 cost time: 12.890708446502686
Epoch: 14, Steps: 258 | Train Loss: 0.0154904 Vali Loss: 79.2943115 Test Loss: 624.5456543
EarlyStopping counter: 3 out of 100
Updating learning rate to 0.0025
	iters: 100, epoch: 15 | loss: 0.0025437
	speed: 0.0996s/iter; left time: 2200.3141s
	iters: 200, epoch: 15 | loss: 0.0036320
	speed: 0.0488s/iter; left time: 1072.5326s
Epoch: 15 cost time: 12.98127555847168
Epoch: 15, Steps: 258 | Train Loss: 0.0144392 Vali Loss: 52.2605820 Test Loss: 592.1821899
EarlyStopping counter: 4 out of 100
Updating learning rate to 0.0025
	iters: 100, epoch: 16 | loss: 0.0075760
	speed: 0.0987s/iter; left time: 2154.0657s
	iters: 200, epoch: 16 | loss: 0.0042845
	speed: 0.0495s/iter; left time: 1076.3421s
Epoch: 16 cost time: 13.867306232452393
Epoch: 16, Steps: 258 | Train Loss: 0.0139628 Vali Loss: 45.7609901 Test Loss: 600.7516479
Validation loss decreased (50.073364 --> 45.760990).  Saving model ...
Updating learning rate to 0.0025
	iters: 100, epoch: 17 | loss: 0.0033671
	speed: 0.1468s/iter; left time: 3165.9865s
	iters: 200, epoch: 17 | loss: 0.0055061
	speed: 0.0771s/iter; left time: 1656.4438s
Epoch: 17 cost time: 20.293161630630493
Epoch: 17, Steps: 258 | Train Loss: 0.0124286 Vali Loss: 50.5651245 Test Loss: 571.3062134
EarlyStopping counter: 1 out of 100
Updating learning rate to 0.0025
	iters: 100, epoch: 18 | loss: 0.0083508
	speed: 0.1488s/iter; left time: 3171.4696s
	iters: 200, epoch: 18 | loss: 0.0085068
	speed: 0.0792s/iter; left time: 1680.7236s
Epoch: 18 cost time: 20.045363187789917
Epoch: 18, Steps: 258 | Train Loss: 0.0140567 Vali Loss: 55.2733269 Test Loss: 592.4758301
EarlyStopping counter: 2 out of 100
Updating learning rate to 0.0025
	iters: 100, epoch: 19 | loss: 0.0043830
	speed: 0.1490s/iter; left time: 3137.0368s
	iters: 200, epoch: 19 | loss: 0.0052600
	speed: 0.0822s/iter; left time: 1723.0974s
Epoch: 19 cost time: 20.271963596343994
Epoch: 19, Steps: 258 | Train Loss: 0.0120381 Vali Loss: 51.7950325 Test Loss: 564.2661743
EarlyStopping counter: 3 out of 100
Updating learning rate to 0.0025
	iters: 100, epoch: 20 | loss: 0.0055195
	speed: 0.1526s/iter; left time: 3174.6362s
	iters: 200, epoch: 20 | loss: 0.0088099
	speed: 0.0760s/iter; left time: 1572.5436s
Epoch: 20 cost time: 20.02383804321289
Epoch: 20, Steps: 258 | Train Loss: 0.0117618 Vali Loss: 54.1016731 Test Loss: 547.7058716
EarlyStopping counter: 4 out of 100
Updating learning rate to 0.0025
	iters: 100, epoch: 21 | loss: 0.0126207
	speed: 0.1488s/iter; left time: 3055.7882s
	iters: 200, epoch: 21 | loss: 0.0086475
	speed: 0.0757s/iter; left time: 1546.9199s
Epoch: 21 cost time: 19.92036771774292
Epoch: 21, Steps: 258 | Train Loss: 0.0118720 Vali Loss: 51.9224396 Test Loss: 560.3347168
EarlyStopping counter: 5 out of 100
Updating learning rate to 0.0025
	iters: 100, epoch: 22 | loss: 0.0335192
	speed: 0.1531s/iter; left time: 3106.3138s
	iters: 200, epoch: 22 | loss: 0.0132345
	speed: 0.0768s/iter; left time: 1549.5108s
Epoch: 22 cost time: 20.162105560302734
Epoch: 22, Steps: 258 | Train Loss: 0.0185921 Vali Loss: 48.7017403 Test Loss: 529.8908691
EarlyStopping counter: 6 out of 100
Updating learning rate to 0.0025
	iters: 100, epoch: 23 | loss: 0.0029487
	speed: 0.1514s/iter; left time: 3031.6532s
	iters: 200, epoch: 23 | loss: 0.0056324
	speed: 0.0749s/iter; left time: 1492.9461s
Epoch: 23 cost time: 19.912717580795288
Epoch: 23, Steps: 258 | Train Loss: 0.0135666 Vali Loss: 50.2236443 Test Loss: 591.2700806
EarlyStopping counter: 7 out of 100
Updating learning rate to 0.0025
	iters: 100, epoch: 24 | loss: 0.0078939
	speed: 0.1512s/iter; left time: 2989.5053s
	iters: 200, epoch: 24 | loss: 0.0054756
	speed: 0.0770s/iter; left time: 1514.7544s
Epoch: 24 cost time: 20.081395864486694
Epoch: 24, Steps: 258 | Train Loss: 0.0121369 Vali Loss: 63.3103027 Test Loss: 636.2059326
EarlyStopping counter: 8 out of 100
Updating learning rate to 0.0025
	iters: 100, epoch: 25 | loss: 0.0048292
	speed: 0.1555s/iter; left time: 3034.3645s
	iters: 200, epoch: 25 | loss: 0.0064537
	speed: 0.0795s/iter; left time: 1543.7992s
Epoch: 25 cost time: 20.230529069900513
Epoch: 25, Steps: 258 | Train Loss: 0.0116862 Vali Loss: 49.0933113 Test Loss: 559.2107544
EarlyStopping counter: 9 out of 100
Updating learning rate to 0.0025
	iters: 100, epoch: 26 | loss: 0.0023833
	speed: 0.1477s/iter; left time: 2842.6326s
	iters: 200, epoch: 26 | loss: 0.0049812
	speed: 0.0794s/iter; left time: 1520.7365s
Epoch: 26 cost time: 20.012551307678223
Epoch: 26, Steps: 258 | Train Loss: 0.0120308 Vali Loss: 50.5099373 Test Loss: 583.2349854
EarlyStopping counter: 10 out of 100
Updating learning rate to 0.0025
	iters: 100, epoch: 27 | loss: 0.0108991
	speed: 0.1517s/iter; left time: 2881.6474s
	iters: 200, epoch: 27 | loss: 0.0043550
	speed: 0.0774s/iter; left time: 1462.6666s
Epoch: 27 cost time: 20.023889780044556
Epoch: 27, Steps: 258 | Train Loss: 0.0128950 Vali Loss: 55.3679314 Test Loss: 595.0855103
EarlyStopping counter: 11 out of 100
Updating learning rate to 0.0025
	iters: 100, epoch: 28 | loss: 0.0514446
	speed: 0.1506s/iter; left time: 2821.9876s
	iters: 200, epoch: 28 | loss: 0.0047072
	speed: 0.0762s/iter; left time: 1419.6109s
Epoch: 28 cost time: 19.74537205696106
Epoch: 28, Steps: 258 | Train Loss: 0.0124639 Vali Loss: 55.0707245 Test Loss: 588.9540405
EarlyStopping counter: 12 out of 100
Updating learning rate to 0.0025
	iters: 100, epoch: 29 | loss: 0.0053458
	speed: 0.1502s/iter; left time: 2775.3428s
	iters: 200, epoch: 29 | loss: 0.0028159
	speed: 0.0760s/iter; left time: 1396.1903s
Epoch: 29 cost time: 20.100540161132812
Epoch: 29, Steps: 258 | Train Loss: 0.0105903 Vali Loss: 69.1645279 Test Loss: 793.0774536
EarlyStopping counter: 13 out of 100
Updating learning rate to 0.0025
	iters: 100, epoch: 30 | loss: 0.0086319
	speed: 0.1557s/iter; left time: 2835.9924s
	iters: 200, epoch: 30 | loss: 0.0047725
	speed: 0.0736s/iter; left time: 1333.9699s
Epoch: 30 cost time: 20.1041202545166
Epoch: 30, Steps: 258 | Train Loss: 0.0127762 Vali Loss: 55.5555382 Test Loss: 617.8258667
EarlyStopping counter: 14 out of 100
Updating learning rate to 0.0025
	iters: 100, epoch: 31 | loss: 0.0088399
	speed: 0.1516s/iter; left time: 2722.8047s
	iters: 200, epoch: 31 | loss: 0.0537134
	speed: 0.0785s/iter; left time: 1402.3753s
Epoch: 31 cost time: 20.092137336730957
Epoch: 31, Steps: 258 | Train Loss: 0.0123438 Vali Loss: 47.5892715 Test Loss: 540.3105469
EarlyStopping counter: 15 out of 100
Updating learning rate to 0.0025
	iters: 100, epoch: 32 | loss: 0.0035412
	speed: 0.1485s/iter; left time: 2629.0780s
	iters: 200, epoch: 32 | loss: 0.0140548
	speed: 0.0780s/iter; left time: 1372.8611s
Epoch: 32 cost time: 19.892409801483154
Epoch: 32, Steps: 258 | Train Loss: 0.0140334 Vali Loss: 50.2141838 Test Loss: 552.8684082
EarlyStopping counter: 16 out of 100
Updating learning rate to 0.0025
	iters: 100, epoch: 33 | loss: 0.0067010
	speed: 0.1494s/iter; left time: 2606.5289s
	iters: 200, epoch: 33 | loss: 0.0083550
	speed: 0.0810s/iter; left time: 1404.5519s
Epoch: 33 cost time: 19.854233264923096
Epoch: 33, Steps: 258 | Train Loss: 0.0134417 Vali Loss: 57.2960701 Test Loss: 576.9346313
EarlyStopping counter: 17 out of 100
Updating learning rate to 0.0025
	iters: 100, epoch: 34 | loss: 0.0071866
	speed: 0.1493s/iter; left time: 2566.2923s
	iters: 200, epoch: 34 | loss: 0.0050606
	speed: 0.0751s/iter; left time: 1283.2729s
Epoch: 34 cost time: 19.714482307434082
Epoch: 34, Steps: 258 | Train Loss: 0.0121736 Vali Loss: 54.2917595 Test Loss: 610.5296631
EarlyStopping counter: 18 out of 100
Updating learning rate to 0.0025
	iters: 100, epoch: 35 | loss: 0.0068628
	speed: 0.1527s/iter; left time: 2584.2698s
	iters: 200, epoch: 35 | loss: 0.0047590
	speed: 0.0759s/iter; left time: 1277.5618s
Epoch: 35 cost time: 20.283875703811646
Epoch: 35, Steps: 258 | Train Loss: 0.0117751 Vali Loss: 48.2602158 Test Loss: 566.3336792
EarlyStopping counter: 19 out of 100
Updating learning rate to 0.0025
	iters: 100, epoch: 36 | loss: 0.0118092
	speed: 0.1516s/iter; left time: 2527.6938s
	iters: 200, epoch: 36 | loss: 0.0025360
	speed: 0.0760s/iter; left time: 1259.3571s
Epoch: 36 cost time: 19.906490564346313
Epoch: 36, Steps: 258 | Train Loss: 0.0136113 Vali Loss: 59.4290009 Test Loss: 538.1443481
EarlyStopping counter: 20 out of 100
Updating learning rate to 0.0025
	iters: 100, epoch: 37 | loss: 0.0143134
	speed: 0.1536s/iter; left time: 2520.5356s
	iters: 200, epoch: 37 | loss: 0.0071277
	speed: 0.0746s/iter; left time: 1217.5939s
Epoch: 37 cost time: 20.131722450256348
Epoch: 37, Steps: 258 | Train Loss: 0.0120799 Vali Loss: 52.7902718 Test Loss: 566.1853027
EarlyStopping counter: 21 out of 100
Updating learning rate to 0.0025
	iters: 100, epoch: 38 | loss: 0.0023957
	speed: 0.1524s/iter; left time: 2461.6873s
	iters: 200, epoch: 38 | loss: 0.0034534
	speed: 0.0756s/iter; left time: 1213.9521s
Epoch: 38 cost time: 19.975875854492188
Epoch: 38, Steps: 258 | Train Loss: 0.0099197 Vali Loss: 47.8750954 Test Loss: 564.2319336
EarlyStopping counter: 22 out of 100
Updating learning rate to 0.0025
	iters: 100, epoch: 39 | loss: 0.0041111
	speed: 0.1515s/iter; left time: 2408.7001s
	iters: 200, epoch: 39 | loss: 0.0043914
	speed: 0.0768s/iter; left time: 1213.5452s
Epoch: 39 cost time: 19.935798406600952
Epoch: 39, Steps: 258 | Train Loss: 0.0134752 Vali Loss: 48.1528931 Test Loss: 519.8873901
EarlyStopping counter: 23 out of 100
Updating learning rate to 0.0025
	iters: 100, epoch: 40 | loss: 0.0057333
	speed: 0.1492s/iter; left time: 2333.7080s
	iters: 200, epoch: 40 | loss: 0.0050906
	speed: 0.0795s/iter; left time: 1235.2870s
Epoch: 40 cost time: 20.422447681427002
Epoch: 40, Steps: 258 | Train Loss: 0.0119818 Vali Loss: 45.8504791 Test Loss: 528.2933960
EarlyStopping counter: 24 out of 100
Updating learning rate to 0.0025
	iters: 100, epoch: 41 | loss: 0.0042046
	speed: 0.1537s/iter; left time: 2363.5681s
	iters: 200, epoch: 41 | loss: 0.0068673
	speed: 0.0770s/iter; left time: 1177.2505s
Epoch: 41 cost time: 20.038463354110718
Epoch: 41, Steps: 258 | Train Loss: 0.0110342 Vali Loss: 47.3444061 Test Loss: 566.9704590
EarlyStopping counter: 25 out of 100
Updating learning rate to 0.0025
	iters: 100, epoch: 42 | loss: 0.0051387
	speed: 0.1527s/iter; left time: 2309.9435s
	iters: 200, epoch: 42 | loss: 0.0043644
	speed: 0.0750s/iter; left time: 1127.1262s
Epoch: 42 cost time: 20.09842300415039
Epoch: 42, Steps: 258 | Train Loss: 0.0110031 Vali Loss: 47.1061134 Test Loss: 539.2623291
EarlyStopping counter: 26 out of 100
Updating learning rate to 0.0025
	iters: 100, epoch: 43 | loss: 0.0972632
	speed: 0.1525s/iter; left time: 2267.6015s
	iters: 200, epoch: 43 | loss: 0.1088521
	speed: 0.0771s/iter; left time: 1138.8018s
Epoch: 43 cost time: 19.9730224609375
Epoch: 43, Steps: 258 | Train Loss: 0.0099721 Vali Loss: 56.3133316 Test Loss: 558.1954346
EarlyStopping counter: 27 out of 100
Updating learning rate to 0.0025
	iters: 100, epoch: 44 | loss: 0.0055900
	speed: 0.1521s/iter; left time: 2222.2494s
	iters: 200, epoch: 44 | loss: 0.0083210
	speed: 0.0755s/iter; left time: 1095.0137s
Epoch: 44 cost time: 19.965862274169922
Epoch: 44, Steps: 258 | Train Loss: 0.0094643 Vali Loss: 42.6172066 Test Loss: 551.7095947
Validation loss decreased (45.760990 --> 42.617207).  Saving model ...
Updating learning rate to 0.0025
	iters: 100, epoch: 45 | loss: 0.0077510
	speed: 0.1506s/iter; left time: 2161.4533s
	iters: 200, epoch: 45 | loss: 0.0090506
	speed: 0.0777s/iter; left time: 1107.4570s
Epoch: 45 cost time: 20.472513914108276
Epoch: 45, Steps: 258 | Train Loss: 0.0094317 Vali Loss: 48.0424919 Test Loss: 534.3834839
EarlyStopping counter: 1 out of 100
Updating learning rate to 0.0025
	iters: 100, epoch: 46 | loss: 0.0081068
	speed: 0.1544s/iter; left time: 2176.0815s
	iters: 200, epoch: 46 | loss: 0.0214106
	speed: 0.0762s/iter; left time: 1065.6860s
Epoch: 46 cost time: 20.268656015396118
Epoch: 46, Steps: 258 | Train Loss: 0.0097866 Vali Loss: 54.8270226 Test Loss: 534.5562744
EarlyStopping counter: 2 out of 100
Updating learning rate to 0.0025
	iters: 100, epoch: 47 | loss: 0.0085233
	speed: 0.1544s/iter; left time: 2135.6569s
	iters: 200, epoch: 47 | loss: 0.0066312
	speed: 0.0775s/iter; left time: 1063.9571s
Epoch: 47 cost time: 20.041882038116455
Epoch: 47, Steps: 258 | Train Loss: 0.0121967 Vali Loss: 50.7778435 Test Loss: 533.0418701
EarlyStopping counter: 3 out of 100
Updating learning rate to 0.0025
	iters: 100, epoch: 48 | loss: 0.0064125
	speed: 0.1495s/iter; left time: 2030.0067s
	iters: 200, epoch: 48 | loss: 0.0080095
	speed: 0.0797s/iter; left time: 1073.7765s
Epoch: 48 cost time: 20.0600802898407
Epoch: 48, Steps: 258 | Train Loss: 0.0092600 Vali Loss: 55.6292610 Test Loss: 565.7168579
EarlyStopping counter: 4 out of 100
Updating learning rate to 0.0025
	iters: 100, epoch: 49 | loss: 0.0037309
	speed: 0.1449s/iter; left time: 1929.0289s
	iters: 200, epoch: 49 | loss: 0.0032749
	speed: 0.0795s/iter; left time: 1051.2670s
Epoch: 49 cost time: 19.765596866607666
Epoch: 49, Steps: 258 | Train Loss: 0.0107177 Vali Loss: 47.5253944 Test Loss: 532.2707520
EarlyStopping counter: 5 out of 100
Updating learning rate to 0.0025
	iters: 100, epoch: 50 | loss: 0.0028549
	speed: 0.1488s/iter; left time: 1943.4276s
	iters: 200, epoch: 50 | loss: 0.0056694
	speed: 0.0742s/iter; left time: 961.8117s
Epoch: 50 cost time: 19.71598243713379
Epoch: 50, Steps: 258 | Train Loss: 0.0100213 Vali Loss: 46.7718925 Test Loss: 530.8007202
EarlyStopping counter: 6 out of 100
Updating learning rate to 0.0025
	iters: 100, epoch: 51 | loss: 0.0031806
	speed: 0.1536s/iter; left time: 1966.5885s
	iters: 200, epoch: 51 | loss: 0.0082393
	speed: 0.0770s/iter; left time: 978.4028s
Epoch: 51 cost time: 20.360910892486572
Epoch: 51, Steps: 258 | Train Loss: 0.0103994 Vali Loss: 52.6948853 Test Loss: 567.0097046
EarlyStopping counter: 7 out of 100
Updating learning rate to 0.0025
	iters: 100, epoch: 52 | loss: 0.0086924
	speed: 0.1512s/iter; left time: 1896.1422s
	iters: 200, epoch: 52 | loss: 0.0049508
	speed: 0.0741s/iter; left time: 921.8546s
Epoch: 52 cost time: 19.90583348274231
Epoch: 52, Steps: 258 | Train Loss: 0.0102358 Vali Loss: 49.5103073 Test Loss: 577.3530884
EarlyStopping counter: 8 out of 100
Updating learning rate to 0.0025
	iters: 100, epoch: 53 | loss: 0.0071907
	speed: 0.1534s/iter; left time: 1884.3930s
	iters: 200, epoch: 53 | loss: 0.0040515
	speed: 0.0773s/iter; left time: 941.7600s
Epoch: 53 cost time: 20.40255069732666
Epoch: 53, Steps: 258 | Train Loss: 0.0095527 Vali Loss: 50.1662750 Test Loss: 547.8301392
EarlyStopping counter: 9 out of 100
Updating learning rate to 0.0025
	iters: 100, epoch: 54 | loss: 0.0025735
	speed: 0.1543s/iter; left time: 1855.8340s
	iters: 200, epoch: 54 | loss: 0.0050413
	speed: 0.0783s/iter; left time: 934.3322s
Epoch: 54 cost time: 20.125418663024902
Epoch: 54, Steps: 258 | Train Loss: 0.0093287 Vali Loss: 55.5525551 Test Loss: 597.1257324
EarlyStopping counter: 10 out of 100
Updating learning rate to 0.0025
	iters: 100, epoch: 55 | loss: 0.0057073
	speed: 0.1484s/iter; left time: 1746.5728s
	iters: 200, epoch: 55 | loss: 0.0043733
	speed: 0.0792s/iter; left time: 924.3388s
Epoch: 55 cost time: 20.21123719215393
Epoch: 55, Steps: 258 | Train Loss: 0.0093763 Vali Loss: 56.6826439 Test Loss: 579.2233276
EarlyStopping counter: 11 out of 100
Updating learning rate to 0.0025
	iters: 100, epoch: 56 | loss: 0.0074682
	speed: 0.1503s/iter; left time: 1730.4582s
	iters: 200, epoch: 56 | loss: 0.0081077
	speed: 0.0797s/iter; left time: 909.8816s
Epoch: 56 cost time: 20.061360120773315
Epoch: 56, Steps: 258 | Train Loss: 0.0098244 Vali Loss: 44.8935661 Test Loss: 515.5486450
EarlyStopping counter: 12 out of 100
Updating learning rate to 0.0025
	iters: 100, epoch: 57 | loss: 0.0353503
	speed: 0.1525s/iter; left time: 1716.3907s
	iters: 200, epoch: 57 | loss: 0.0057794
	speed: 0.0760s/iter; left time: 847.8471s
Epoch: 57 cost time: 20.097420930862427
Epoch: 57, Steps: 258 | Train Loss: 0.0097237 Vali Loss: 50.3148346 Test Loss: 545.2846069
EarlyStopping counter: 13 out of 100
Updating learning rate to 0.0025
	iters: 100, epoch: 58 | loss: 0.0735675
	speed: 0.1522s/iter; left time: 1673.5806s
	iters: 200, epoch: 58 | loss: 0.0053324
	speed: 0.0756s/iter; left time: 823.5091s
Epoch: 58 cost time: 20.08979630470276
Epoch: 58, Steps: 258 | Train Loss: 0.0092908 Vali Loss: 49.4548149 Test Loss: 523.6555786
EarlyStopping counter: 14 out of 100
Updating learning rate to 0.0025
	iters: 100, epoch: 59 | loss: 0.0467482
	speed: 0.1536s/iter; left time: 1649.3567s
	iters: 200, epoch: 59 | loss: 0.0043487
	speed: 0.0758s/iter; left time: 805.7679s
Epoch: 59 cost time: 20.04006791114807
Epoch: 59, Steps: 258 | Train Loss: 0.0104681 Vali Loss: 46.1124039 Test Loss: 537.6822510
EarlyStopping counter: 15 out of 100
Updating learning rate to 0.0025
	iters: 100, epoch: 60 | loss: 0.0129748
	speed: 0.1502s/iter; left time: 1573.7377s
	iters: 200, epoch: 60 | loss: 0.0050309
	speed: 0.0762s/iter; left time: 791.2680s
Epoch: 60 cost time: 20.012114763259888
Epoch: 60, Steps: 258 | Train Loss: 0.0090407 Vali Loss: 50.5628357 Test Loss: 528.2566528
EarlyStopping counter: 16 out of 100
Updating learning rate to 0.0025
	iters: 100, epoch: 61 | loss: 0.0653871
	speed: 0.1505s/iter; left time: 1538.0283s
	iters: 200, epoch: 61 | loss: 0.0057974
	speed: 0.0756s/iter; left time: 765.1522s
Epoch: 61 cost time: 20.027245044708252
Epoch: 61, Steps: 258 | Train Loss: 0.0120189 Vali Loss: 48.8876343 Test Loss: 563.9433594
EarlyStopping counter: 17 out of 100
Updating learning rate to 0.0025
	iters: 100, epoch: 62 | loss: 0.0068372
	speed: 0.1575s/iter; left time: 1568.7730s
	iters: 200, epoch: 62 | loss: 0.0048364
	speed: 0.0796s/iter; left time: 785.1234s
Epoch: 62 cost time: 20.627614974975586
Epoch: 62, Steps: 258 | Train Loss: 0.0106146 Vali Loss: 51.7101250 Test Loss: 578.1058350
EarlyStopping counter: 18 out of 100
Updating learning rate to 0.0025
	iters: 100, epoch: 63 | loss: 0.0138829
	speed: 0.1547s/iter; left time: 1501.7690s
	iters: 200, epoch: 63 | loss: 0.0027851
	speed: 0.0813s/iter; left time: 781.2028s
Epoch: 63 cost time: 20.426493406295776
Epoch: 63, Steps: 258 | Train Loss: 0.0109252 Vali Loss: 47.9524269 Test Loss: 526.6842651
EarlyStopping counter: 19 out of 100
Updating learning rate to 0.0025
	iters: 100, epoch: 64 | loss: 0.0037664
	speed: 0.1501s/iter; left time: 1417.8349s
	iters: 200, epoch: 64 | loss: 0.0060850
	speed: 0.0772s/iter; left time: 721.8635s
Epoch: 64 cost time: 19.999547719955444
Epoch: 64, Steps: 258 | Train Loss: 0.0106799 Vali Loss: 56.7049522 Test Loss: 545.9528198
EarlyStopping counter: 20 out of 100
Updating learning rate to 0.0025
	iters: 100, epoch: 65 | loss: 0.0071730
	speed: 0.1495s/iter; left time: 1373.4665s
	iters: 200, epoch: 65 | loss: 0.0194388
	speed: 0.0745s/iter; left time: 676.9395s
Epoch: 65 cost time: 19.70638871192932
Epoch: 65, Steps: 258 | Train Loss: 0.0111565 Vali Loss: 60.3865738 Test Loss: 561.4663086
EarlyStopping counter: 21 out of 100
Updating learning rate to 0.0025
	iters: 100, epoch: 66 | loss: 0.0025215
	speed: 0.1507s/iter; left time: 1346.3283s
	iters: 200, epoch: 66 | loss: 0.0043295
	speed: 0.0770s/iter; left time: 680.2569s
Epoch: 66 cost time: 19.840116024017334
Epoch: 66, Steps: 258 | Train Loss: 0.0098771 Vali Loss: 51.0555382 Test Loss: 538.6605835
EarlyStopping counter: 22 out of 100
Updating learning rate to 0.0025
	iters: 100, epoch: 67 | loss: 0.0088867
	speed: 0.1495s/iter; left time: 1296.6487s
	iters: 200, epoch: 67 | loss: 0.0030621
	speed: 0.0750s/iter; left time: 643.0770s
Epoch: 67 cost time: 19.854093313217163
Epoch: 67, Steps: 258 | Train Loss: 0.0085856 Vali Loss: 50.4870110 Test Loss: 538.0448608
EarlyStopping counter: 23 out of 100
Updating learning rate to 0.0025
	iters: 100, epoch: 68 | loss: 0.0037989
	speed: 0.1509s/iter; left time: 1269.7301s
	iters: 200, epoch: 68 | loss: 0.0043319
	speed: 0.0728s/iter; left time: 605.5308s
Epoch: 68 cost time: 19.862493753433228
Epoch: 68, Steps: 258 | Train Loss: 0.0115555 Vali Loss: 48.7805748 Test Loss: 497.2333984
EarlyStopping counter: 24 out of 100
Updating learning rate to 0.0025
	iters: 100, epoch: 69 | loss: 0.0028430
	speed: 0.1542s/iter; left time: 1258.0395s
	iters: 200, epoch: 69 | loss: 0.0107480
	speed: 0.0789s/iter; left time: 635.5437s
Epoch: 69 cost time: 20.264002084732056
Epoch: 69, Steps: 258 | Train Loss: 0.0098508 Vali Loss: 47.7090950 Test Loss: 520.2015381
EarlyStopping counter: 25 out of 100
Updating learning rate to 0.0025
	iters: 100, epoch: 70 | loss: 0.0058359
	speed: 0.1502s/iter; left time: 1186.3079s
	iters: 200, epoch: 70 | loss: 0.0056177
	speed: 0.0798s/iter; left time: 622.5739s
Epoch: 70 cost time: 20.106557607650757
Epoch: 70, Steps: 258 | Train Loss: 0.0094655 Vali Loss: 48.4194870 Test Loss: 520.3972168
EarlyStopping counter: 26 out of 100
Updating learning rate to 0.0025
	iters: 100, epoch: 71 | loss: 0.0028460
	speed: 0.1489s/iter; left time: 1137.6832s
	iters: 200, epoch: 71 | loss: 0.0060599
	speed: 0.0785s/iter; left time: 592.3057s
Epoch: 71 cost time: 19.7878098487854
Epoch: 71, Steps: 258 | Train Loss: 0.0101246 Vali Loss: 50.8412476 Test Loss: 523.8003540
EarlyStopping counter: 27 out of 100
Updating learning rate to 0.0025
	iters: 100, epoch: 72 | loss: 0.0047763
	speed: 0.1527s/iter; left time: 1127.2204s
	iters: 200, epoch: 72 | loss: 0.0065363
	speed: 0.0748s/iter; left time: 544.7396s
Epoch: 72 cost time: 20.033904552459717
Epoch: 72, Steps: 258 | Train Loss: 0.0097185 Vali Loss: 46.6403694 Test Loss: 551.4274902
EarlyStopping counter: 28 out of 100
Updating learning rate to 0.0025
	iters: 100, epoch: 73 | loss: 0.0071260
	speed: 0.1509s/iter; left time: 1075.1003s
	iters: 200, epoch: 73 | loss: 0.1216279
	speed: 0.0748s/iter; left time: 525.3710s
Epoch: 73 cost time: 19.9447340965271
Epoch: 73, Steps: 258 | Train Loss: 0.0114015 Vali Loss: 48.2213783 Test Loss: 504.8204651
EarlyStopping counter: 29 out of 100
Updating learning rate to 0.0025
	iters: 100, epoch: 74 | loss: 0.0076056
	speed: 0.1513s/iter; left time: 1039.1342s
	iters: 200, epoch: 74 | loss: 0.0028615
	speed: 0.0765s/iter; left time: 517.3720s
Epoch: 74 cost time: 19.992084741592407
Epoch: 74, Steps: 258 | Train Loss: 0.0106503 Vali Loss: 51.5211449 Test Loss: 551.6654663
EarlyStopping counter: 30 out of 100
Updating learning rate to 0.0025
	iters: 100, epoch: 75 | loss: 0.0042925
	speed: 0.1482s/iter; left time: 979.3569s
	iters: 200, epoch: 75 | loss: 0.0071329
	speed: 0.0761s/iter; left time: 495.6103s
Epoch: 75 cost time: 19.729347467422485
Epoch: 75, Steps: 258 | Train Loss: 0.0105778 Vali Loss: 48.1130066 Test Loss: 515.8432617
EarlyStopping counter: 31 out of 100
Updating learning rate to 0.0025
	iters: 100, epoch: 76 | loss: 0.0078405
	speed: 0.1505s/iter; left time: 955.5350s
	iters: 200, epoch: 76 | loss: 0.0054970
	speed: 0.0761s/iter; left time: 475.8978s
Epoch: 76 cost time: 19.966145038604736
Epoch: 76, Steps: 258 | Train Loss: 0.0099406 Vali Loss: 50.0088005 Test Loss: 514.6418457
EarlyStopping counter: 32 out of 100
Updating learning rate to 0.0025
	iters: 100, epoch: 77 | loss: 0.0047285
	speed: 0.1516s/iter; left time: 923.9347s
	iters: 200, epoch: 77 | loss: 0.0111250
	speed: 0.0790s/iter; left time: 473.3349s
Epoch: 77 cost time: 19.92392635345459
Epoch: 77, Steps: 258 | Train Loss: 0.0131347 Vali Loss: 62.5774117 Test Loss: 562.4800415
EarlyStopping counter: 33 out of 100
Updating learning rate to 0.0025
	iters: 100, epoch: 78 | loss: 0.0055979
	speed: 0.1494s/iter; left time: 871.6556s
	iters: 200, epoch: 78 | loss: 0.0054653
	speed: 0.0798s/iter; left time: 457.4400s
Epoch: 78 cost time: 20.235409021377563
Epoch: 78, Steps: 258 | Train Loss: 0.0107071 Vali Loss: 43.7960587 Test Loss: 526.8201904
EarlyStopping counter: 34 out of 100
Updating learning rate to 0.0025
	iters: 100, epoch: 79 | loss: 0.0050824
	speed: 0.1511s/iter; left time: 842.6679s
	iters: 200, epoch: 79 | loss: 0.0232975
	speed: 0.0766s/iter; left time: 419.7167s
Epoch: 79 cost time: 20.127869844436646
Epoch: 79, Steps: 258 | Train Loss: 0.0094890 Vali Loss: 45.6212006 Test Loss: 505.4992676
EarlyStopping counter: 35 out of 100
Updating learning rate to 0.0025
	iters: 100, epoch: 80 | loss: 0.0043263
	speed: 0.1552s/iter; left time: 825.5881s
	iters: 200, epoch: 80 | loss: 0.0035279
	speed: 0.0755s/iter; left time: 394.0804s
Epoch: 80 cost time: 20.156423330307007
Epoch: 80, Steps: 258 | Train Loss: 0.0091358 Vali Loss: 50.2305031 Test Loss: 527.8388062
EarlyStopping counter: 36 out of 100
Updating learning rate to 0.0025
	iters: 100, epoch: 81 | loss: 0.0067020
	speed: 0.1527s/iter; left time: 772.7775s
	iters: 200, epoch: 81 | loss: 0.0066000
	speed: 0.0754s/iter; left time: 373.8730s
Epoch: 81 cost time: 20.126927614212036
Epoch: 81, Steps: 258 | Train Loss: 0.0097733 Vali Loss: 49.2070656 Test Loss: 517.9660645
EarlyStopping counter: 37 out of 100
Updating learning rate to 0.0025
	iters: 100, epoch: 82 | loss: 0.0193626
	speed: 0.1492s/iter; left time: 716.7814s
	iters: 200, epoch: 82 | loss: 0.0041119
	speed: 0.0758s/iter; left time: 356.6654s
Epoch: 82 cost time: 19.754154443740845
Epoch: 82, Steps: 258 | Train Loss: 0.0088623 Vali Loss: 54.1936913 Test Loss: 569.2927856
EarlyStopping counter: 38 out of 100
Updating learning rate to 0.0025
	iters: 100, epoch: 83 | loss: 0.0079582
	speed: 0.1525s/iter; left time: 693.1509s
	iters: 200, epoch: 83 | loss: 0.0067089
	speed: 0.0752s/iter; left time: 334.4318s
Epoch: 83 cost time: 19.92869734764099
Epoch: 83, Steps: 258 | Train Loss: 0.0125718 Vali Loss: 57.8892784 Test Loss: 565.8312988
EarlyStopping counter: 39 out of 100
Updating learning rate to 0.0025
	iters: 100, epoch: 84 | loss: 0.0054001
	speed: 0.1521s/iter; left time: 652.1658s
	iters: 200, epoch: 84 | loss: 0.0026415
	speed: 0.0755s/iter; left time: 316.0752s
Epoch: 84 cost time: 19.809077978134155
Epoch: 84, Steps: 258 | Train Loss: 0.0108008 Vali Loss: 49.0285339 Test Loss: 520.6709595
EarlyStopping counter: 40 out of 100
Updating learning rate to 0.0025
	iters: 100, epoch: 85 | loss: 0.0066979
	speed: 0.1514s/iter; left time: 609.9745s
	iters: 200, epoch: 85 | loss: 0.0049773
	speed: 0.0793s/iter; left time: 311.5785s
Epoch: 85 cost time: 20.143074989318848
Epoch: 85, Steps: 258 | Train Loss: 0.0115354 Vali Loss: 48.8075333 Test Loss: 523.0466919
EarlyStopping counter: 41 out of 100
Updating learning rate to 0.0025
	iters: 100, epoch: 86 | loss: 0.0052504
	speed: 0.1468s/iter; left time: 553.4708s
	iters: 200, epoch: 86 | loss: 0.0026067
	speed: 0.0825s/iter; left time: 302.8991s
Epoch: 86 cost time: 20.23450803756714
Epoch: 86, Steps: 258 | Train Loss: 0.0088724 Vali Loss: 51.9500847 Test Loss: 532.2922974
EarlyStopping counter: 42 out of 100
Updating learning rate to 0.0025
	iters: 100, epoch: 87 | loss: 0.0113205
	speed: 0.1480s/iter; left time: 519.8842s
	iters: 200, epoch: 87 | loss: 0.0088955
	speed: 0.0759s/iter; left time: 259.0289s
Epoch: 87 cost time: 19.714484930038452
Epoch: 87, Steps: 258 | Train Loss: 0.0089660 Vali Loss: 50.2273903 Test Loss: 531.6386108
EarlyStopping counter: 43 out of 100
Updating learning rate to 0.0025
	iters: 100, epoch: 88 | loss: 0.0050327
	speed: 0.1530s/iter; left time: 498.0087s
	iters: 200, epoch: 88 | loss: 0.0034076
	speed: 0.0752s/iter; left time: 237.3976s
Epoch: 88 cost time: 20.117623567581177
Epoch: 88, Steps: 258 | Train Loss: 0.0086017 Vali Loss: 49.4893684 Test Loss: 524.2847290
EarlyStopping counter: 44 out of 100
Updating learning rate to 0.0025
	iters: 100, epoch: 89 | loss: 0.0037573
	speed: 0.1530s/iter; left time: 458.5257s
	iters: 200, epoch: 89 | loss: 0.0114914
	speed: 0.0746s/iter; left time: 216.0047s
Epoch: 89 cost time: 19.977250576019287
Epoch: 89, Steps: 258 | Train Loss: 0.0094661 Vali Loss: 50.7196007 Test Loss: 552.9269409
EarlyStopping counter: 45 out of 100
Updating learning rate to 0.0025
	iters: 100, epoch: 90 | loss: 0.0095936
	speed: 0.1529s/iter; left time: 418.7188s
	iters: 200, epoch: 90 | loss: 0.0048505
	speed: 0.0756s/iter; left time: 199.6287s
Epoch: 90 cost time: 20.501892566680908
Epoch: 90, Steps: 258 | Train Loss: 0.0110644 Vali Loss: 57.0492821 Test Loss: 533.9440918
EarlyStopping counter: 46 out of 100
Updating learning rate to 0.0025
	iters: 100, epoch: 91 | loss: 0.0053900
	speed: 0.1523s/iter; left time: 377.8751s
	iters: 200, epoch: 91 | loss: 0.0077822
	speed: 0.0775s/iter; left time: 184.4781s
Epoch: 91 cost time: 20.1122145652771
Epoch: 91, Steps: 258 | Train Loss: 0.0128061 Vali Loss: 50.4438095 Test Loss: 537.3772583
EarlyStopping counter: 47 out of 100
Updating learning rate to 0.0025
	iters: 100, epoch: 92 | loss: 0.0071086
	speed: 0.1518s/iter; left time: 337.3796s
	iters: 200, epoch: 92 | loss: 0.0194240
	speed: 0.0794s/iter; left time: 168.5808s
Epoch: 92 cost time: 20.07024574279785
Epoch: 92, Steps: 258 | Train Loss: 0.0131966 Vali Loss: 50.7192154 Test Loss: 538.6124878
EarlyStopping counter: 48 out of 100
Updating learning rate to 0.0025
	iters: 100, epoch: 93 | loss: 0.0235912
	speed: 0.1501s/iter; left time: 295.0387s
	iters: 200, epoch: 93 | loss: 0.0110294
	speed: 0.0792s/iter; left time: 147.7878s
Epoch: 93 cost time: 20.108556985855103
Epoch: 93, Steps: 258 | Train Loss: 0.0121673 Vali Loss: 50.3657074 Test Loss: 533.9273682
EarlyStopping counter: 49 out of 100
Updating learning rate to 0.0025
	iters: 100, epoch: 94 | loss: 0.0032114
	speed: 0.1524s/iter; left time: 260.0634s
	iters: 200, epoch: 94 | loss: 0.0056996
	speed: 0.0750s/iter; left time: 120.5260s
Epoch: 94 cost time: 19.88513445854187
Epoch: 94, Steps: 258 | Train Loss: 0.0104625 Vali Loss: 57.2257843 Test Loss: 545.4288330
EarlyStopping counter: 50 out of 100
Updating learning rate to 0.0025
	iters: 100, epoch: 95 | loss: 0.0124917
	speed: 0.1501s/iter; left time: 217.4665s
	iters: 200, epoch: 95 | loss: 0.0029476
	speed: 0.0742s/iter; left time: 100.1611s
Epoch: 95 cost time: 19.956264972686768
Epoch: 95, Steps: 258 | Train Loss: 0.0097700 Vali Loss: 49.6803856 Test Loss: 533.0272827
EarlyStopping counter: 51 out of 100
Updating learning rate to 0.0025
	iters: 100, epoch: 96 | loss: 0.0302551
	speed: 0.1524s/iter; left time: 181.5392s
	iters: 200, epoch: 96 | loss: 0.0153537
	speed: 0.0745s/iter; left time: 81.3018s
Epoch: 96 cost time: 19.77177095413208
Epoch: 96, Steps: 258 | Train Loss: 0.0134777 Vali Loss: 50.2660866 Test Loss: 526.5125732
EarlyStopping counter: 52 out of 100
Updating learning rate to 0.0025
	iters: 100, epoch: 97 | loss: 0.0081070
	speed: 0.1529s/iter; left time: 142.6880s
	iters: 200, epoch: 97 | loss: 0.0048327
	speed: 0.0759s/iter; left time: 63.2081s
Epoch: 97 cost time: 20.103912591934204
Epoch: 97, Steps: 258 | Train Loss: 0.0144084 Vali Loss: 49.5591660 Test Loss: 510.3748474
EarlyStopping counter: 53 out of 100
Updating learning rate to 0.0025
	iters: 100, epoch: 98 | loss: 0.0287335
	speed: 0.1506s/iter; left time: 101.6472s
	iters: 200, epoch: 98 | loss: 0.0049407
	speed: 0.0759s/iter; left time: 43.6237s
Epoch: 98 cost time: 20.006805419921875
Epoch: 98, Steps: 258 | Train Loss: 0.0106573 Vali Loss: 50.6569099 Test Loss: 537.1958618
EarlyStopping counter: 54 out of 100
Updating learning rate to 0.0025
	iters: 100, epoch: 99 | loss: 0.0117419
	speed: 0.1497s/iter; left time: 62.4327s
	iters: 200, epoch: 99 | loss: 0.0398531
	speed: 0.0777s/iter; left time: 24.6325s
Epoch: 99 cost time: 19.796908378601074
Epoch: 99, Steps: 258 | Train Loss: 0.0114655 Vali Loss: 50.7830315 Test Loss: 518.1031494
EarlyStopping counter: 55 out of 100
Updating learning rate to 0.0025
	iters: 100, epoch: 100 | loss: 0.0095665
	speed: 0.1505s/iter; left time: 23.9350s
	iters: 200, epoch: 100 | loss: 0.0040165
	speed: 0.0789s/iter; left time: 4.6558s
Epoch: 100 cost time: 20.30268430709839
Epoch: 100, Steps: 258 | Train Loss: 0.0112108 Vali Loss: 48.7300339 Test Loss: 512.6947632
EarlyStopping counter: 56 out of 100
Updating learning rate to 0.0025
>>>>>>>testing : 84_7_PatchTST_custom_ftM_sl84_ll48_pl7_dm16_nh4_el3_dl1_df128_fc1_ebtimeF_dtTrue_Exp_0<<<<<<<<<<<<<<<<<<<<<<<<<<<<<<<<<
test 1201
mse:503.289794921875, mae:6.865663051605225, rse:0.18275314569473267
