Args in experiment:
Namespace(random_seed=2024, is_training=1, model_id='60_20', model='PatchTST', data='custom', root_path='./dataset/', data_path='haar_lv2.csv', features='M', target='Target', freq='h', checkpoints='./checkpoints/', seq_len=60, label_len=48, pred_len=20, fc_dropout=0.2, head_dropout=0.0, patch_len=5, stride=2, padding_patch='end', revin=1, affine=0, subtract_last=0, decomposition=0, kernel_size=25, individual=0, embed_type=0, enc_in=5, dec_in=7, c_out=7, d_model=16, n_heads=4, e_layers=3, d_layers=1, d_ff=128, moving_avg=25, factor=1, distil=True, dropout=0.2, embed='timeF', activation='gelu', output_attention=False, do_predict=False, num_workers=10, itr=1, train_epochs=100, batch_size=16, patience=100, learning_rate=0.0025, des='Exp', loss='mse', lradj='constant', pct_start=0.3, use_amp=False, use_gpu=False, gpu=0, use_multi_gpu=False, devices='0,1,2,3', test_flop=False)
Use CPU
>>>>>>>start training : 60_20_PatchTST_custom_ftM_sl60_ll48_pl20_dm16_nh4_el3_dl1_df128_fc1_ebtimeF_dtTrue_Exp_0>>>>>>>>>>>>>>>>>>>>>>>>>>
train 4146
val 586
test 1188
	iters: 100, epoch: 1 | loss: 0.7858388
	speed: 0.0714s/iter; left time: 1842.8338s
	iters: 200, epoch: 1 | loss: 0.4143625
	speed: 0.0667s/iter; left time: 1715.5058s
Epoch: 1 cost time: 17.960429191589355
Epoch: 1, Steps: 259 | Train Loss: 0.5143507 Vali Loss: 0.6381562 Test Loss: 2.4424069
Validation loss decreased (inf --> 0.638156).  Saving model ...
Updating learning rate to 0.0025
	iters: 100, epoch: 2 | loss: 0.4195193
	speed: 0.1398s/iter; left time: 3570.1711s
	iters: 200, epoch: 2 | loss: 0.5449379
	speed: 0.0671s/iter; left time: 1707.1925s
Epoch: 2 cost time: 17.868855953216553
Epoch: 2, Steps: 259 | Train Loss: 0.4096327 Vali Loss: 0.5972120 Test Loss: 2.2581444
Validation loss decreased (0.638156 --> 0.597212).  Saving model ...
Updating learning rate to 0.0025
	iters: 100, epoch: 3 | loss: 0.4742673
	speed: 0.1369s/iter; left time: 3461.0883s
	iters: 200, epoch: 3 | loss: 0.3847303
	speed: 0.0697s/iter; left time: 1756.1060s
Epoch: 3 cost time: 18.095898389816284
Epoch: 3, Steps: 259 | Train Loss: 0.4010678 Vali Loss: 0.5900542 Test Loss: 2.2402418
Validation loss decreased (0.597212 --> 0.590054).  Saving model ...
Updating learning rate to 0.0025
	iters: 100, epoch: 4 | loss: 0.3616513
	speed: 0.1399s/iter; left time: 3502.0704s
	iters: 200, epoch: 4 | loss: 0.3888431
	speed: 0.0667s/iter; left time: 1662.5722s
Epoch: 4 cost time: 17.759353160858154
Epoch: 4, Steps: 259 | Train Loss: 0.3973177 Vali Loss: 0.5823612 Test Loss: 2.2195063
Validation loss decreased (0.590054 --> 0.582361).  Saving model ...
Updating learning rate to 0.0025
	iters: 100, epoch: 5 | loss: 0.4137415
	speed: 0.1405s/iter; left time: 3479.8552s
	iters: 200, epoch: 5 | loss: 0.2441241
	speed: 0.0696s/iter; left time: 1715.7965s
Epoch: 5 cost time: 18.109655618667603
Epoch: 5, Steps: 259 | Train Loss: 0.3943455 Vali Loss: 0.5871739 Test Loss: 2.2094357
EarlyStopping counter: 1 out of 100
Updating learning rate to 0.0025
	iters: 100, epoch: 6 | loss: 0.4180993
	speed: 0.1371s/iter; left time: 3359.3584s
	iters: 200, epoch: 6 | loss: 0.2705011
	speed: 0.0670s/iter; left time: 1635.2612s
Epoch: 6 cost time: 17.710421085357666
Epoch: 6, Steps: 259 | Train Loss: 0.3929123 Vali Loss: 0.5829790 Test Loss: 2.2045751
EarlyStopping counter: 2 out of 100
Updating learning rate to 0.0025
	iters: 100, epoch: 7 | loss: 0.3521566
	speed: 0.1391s/iter; left time: 3373.1583s
	iters: 200, epoch: 7 | loss: 0.3763647
	speed: 0.0711s/iter; left time: 1716.7550s
Epoch: 7 cost time: 18.477304697036743
Epoch: 7, Steps: 259 | Train Loss: 0.3908787 Vali Loss: 0.5765013 Test Loss: 2.2011864
Validation loss decreased (0.582361 --> 0.576501).  Saving model ...
Updating learning rate to 0.0025
	iters: 100, epoch: 8 | loss: 0.2702016
	speed: 0.1422s/iter; left time: 3411.2394s
	iters: 200, epoch: 8 | loss: 0.4894714
	speed: 0.0682s/iter; left time: 1628.3210s
Epoch: 8 cost time: 18.66597819328308
Epoch: 8, Steps: 259 | Train Loss: 0.3891653 Vali Loss: 0.5783119 Test Loss: 2.1760118
EarlyStopping counter: 1 out of 100
Updating learning rate to 0.0025
	iters: 100, epoch: 9 | loss: 0.5165849
	speed: 0.1453s/iter; left time: 3448.0658s
	iters: 200, epoch: 9 | loss: 0.3959912
	speed: 0.0681s/iter; left time: 1609.5411s
Epoch: 9 cost time: 18.240121364593506
Epoch: 9, Steps: 259 | Train Loss: 0.3867123 Vali Loss: 0.5886282 Test Loss: 2.2002664
EarlyStopping counter: 2 out of 100
Updating learning rate to 0.0025
	iters: 100, epoch: 10 | loss: 0.4020533
	speed: 0.1416s/iter; left time: 3323.1146s
	iters: 200, epoch: 10 | loss: 0.3436652
	speed: 0.0682s/iter; left time: 1594.1380s
Epoch: 10 cost time: 18.223244428634644
Epoch: 10, Steps: 259 | Train Loss: 0.3869743 Vali Loss: 0.5715168 Test Loss: 2.1753561
Validation loss decreased (0.576501 --> 0.571517).  Saving model ...
Updating learning rate to 0.0025
	iters: 100, epoch: 11 | loss: 0.3007364
	speed: 0.1402s/iter; left time: 3253.1407s
	iters: 200, epoch: 11 | loss: 0.3081762
	speed: 0.0689s/iter; left time: 1593.2011s
Epoch: 11 cost time: 18.133516311645508
Epoch: 11, Steps: 259 | Train Loss: 0.3846834 Vali Loss: 0.5773154 Test Loss: 2.1938653
EarlyStopping counter: 1 out of 100
Updating learning rate to 0.0025
	iters: 100, epoch: 12 | loss: 0.3774271
	speed: 0.1389s/iter; left time: 3188.0166s
	iters: 200, epoch: 12 | loss: 0.5494635
	speed: 0.0691s/iter; left time: 1578.2572s
Epoch: 12 cost time: 17.970275163650513
Epoch: 12, Steps: 259 | Train Loss: 0.3838817 Vali Loss: 0.5765252 Test Loss: 2.1924987
EarlyStopping counter: 2 out of 100
Updating learning rate to 0.0025
	iters: 100, epoch: 13 | loss: 0.3636334
	speed: 0.1410s/iter; left time: 3198.7020s
	iters: 200, epoch: 13 | loss: 0.4247051
	speed: 0.0684s/iter; left time: 1544.9052s
Epoch: 13 cost time: 18.454749822616577
Epoch: 13, Steps: 259 | Train Loss: 0.3831497 Vali Loss: 0.5796680 Test Loss: 2.1924431
EarlyStopping counter: 3 out of 100
Updating learning rate to 0.0025
	iters: 100, epoch: 14 | loss: 0.3827569
	speed: 0.1433s/iter; left time: 3214.1347s
	iters: 200, epoch: 14 | loss: 0.3315850
	speed: 0.0683s/iter; left time: 1524.9037s
Epoch: 14 cost time: 18.11479663848877
Epoch: 14, Steps: 259 | Train Loss: 0.3821028 Vali Loss: 0.5810335 Test Loss: 2.1859841
EarlyStopping counter: 4 out of 100
Updating learning rate to 0.0025
	iters: 100, epoch: 15 | loss: 0.4960637
	speed: 0.1401s/iter; left time: 3106.0598s
	iters: 200, epoch: 15 | loss: 0.4897179
	speed: 0.0680s/iter; left time: 1500.8253s
Epoch: 15 cost time: 18.00434184074402
Epoch: 15, Steps: 259 | Train Loss: 0.3810248 Vali Loss: 0.5763214 Test Loss: 2.2065940
EarlyStopping counter: 5 out of 100
Updating learning rate to 0.0025
	iters: 100, epoch: 16 | loss: 0.2366195
	speed: 0.1392s/iter; left time: 3051.0198s
	iters: 200, epoch: 16 | loss: 0.2573543
	speed: 0.0712s/iter; left time: 1553.5081s
Epoch: 16 cost time: 18.018559217453003
Epoch: 16, Steps: 259 | Train Loss: 0.3809153 Vali Loss: 0.5748938 Test Loss: 2.1931329
EarlyStopping counter: 6 out of 100
Updating learning rate to 0.0025
	iters: 100, epoch: 17 | loss: 0.2932650
	speed: 0.1407s/iter; left time: 3046.3675s
	iters: 200, epoch: 17 | loss: 0.3293349
	speed: 0.0693s/iter; left time: 1493.1336s
Epoch: 17 cost time: 18.124624729156494
Epoch: 17, Steps: 259 | Train Loss: 0.3803093 Vali Loss: 0.5798447 Test Loss: 2.1984172
EarlyStopping counter: 7 out of 100
Updating learning rate to 0.0025
	iters: 100, epoch: 18 | loss: 0.2291533
	speed: 0.1395s/iter; left time: 2984.3866s
	iters: 200, epoch: 18 | loss: 0.3048352
	speed: 0.0711s/iter; left time: 1514.2084s
Epoch: 18 cost time: 18.517203092575073
Epoch: 18, Steps: 259 | Train Loss: 0.3786169 Vali Loss: 0.5712778 Test Loss: 2.2057447
Validation loss decreased (0.571517 --> 0.571278).  Saving model ...
Updating learning rate to 0.0025
	iters: 100, epoch: 19 | loss: 0.4413019
	speed: 0.1416s/iter; left time: 2993.6011s
	iters: 200, epoch: 19 | loss: 0.5006555
	speed: 0.0719s/iter; left time: 1512.8942s
Epoch: 19 cost time: 18.52815890312195
Epoch: 19, Steps: 259 | Train Loss: 0.3783858 Vali Loss: 0.5762734 Test Loss: 2.1875501
EarlyStopping counter: 1 out of 100
Updating learning rate to 0.0025
	iters: 100, epoch: 20 | loss: 0.3148344
	speed: 0.1390s/iter; left time: 2901.5940s
	iters: 200, epoch: 20 | loss: 0.4302273
	speed: 0.0682s/iter; left time: 1416.6457s
Epoch: 20 cost time: 18.044806241989136
Epoch: 20, Steps: 259 | Train Loss: 0.3779162 Vali Loss: 0.5794891 Test Loss: 2.1891632
EarlyStopping counter: 2 out of 100
Updating learning rate to 0.0025
	iters: 100, epoch: 21 | loss: 0.2906332
	speed: 0.1379s/iter; left time: 2843.9847s
	iters: 200, epoch: 21 | loss: 0.4636537
	speed: 0.0665s/iter; left time: 1363.9959s
Epoch: 21 cost time: 17.9126877784729
Epoch: 21, Steps: 259 | Train Loss: 0.3766872 Vali Loss: 0.5754024 Test Loss: 2.1877007
EarlyStopping counter: 3 out of 100
Updating learning rate to 0.0025
	iters: 100, epoch: 22 | loss: 0.4534500
	speed: 0.1499s/iter; left time: 3051.4840s
	iters: 200, epoch: 22 | loss: 0.3311526
	speed: 0.0692s/iter; left time: 1402.4420s
Epoch: 22 cost time: 18.89851403236389
Epoch: 22, Steps: 259 | Train Loss: 0.3769642 Vali Loss: 0.5708649 Test Loss: 2.1891110
Validation loss decreased (0.571278 --> 0.570865).  Saving model ...
Updating learning rate to 0.0025
	iters: 100, epoch: 23 | loss: 0.4332859
	speed: 0.1412s/iter; left time: 2838.1056s
	iters: 200, epoch: 23 | loss: 0.3754413
	speed: 0.0681s/iter; left time: 1362.4452s
Epoch: 23 cost time: 18.175652265548706
Epoch: 23, Steps: 259 | Train Loss: 0.3758833 Vali Loss: 0.5733818 Test Loss: 2.2213168
EarlyStopping counter: 1 out of 100
Updating learning rate to 0.0025
	iters: 100, epoch: 24 | loss: 0.3188920
	speed: 0.1415s/iter; left time: 2808.6595s
	iters: 200, epoch: 24 | loss: 0.3659205
	speed: 0.0695s/iter; left time: 1373.0846s
Epoch: 24 cost time: 18.427030324935913
Epoch: 24, Steps: 259 | Train Loss: 0.3751791 Vali Loss: 0.5797656 Test Loss: 2.2154803
EarlyStopping counter: 2 out of 100
Updating learning rate to 0.0025
	iters: 100, epoch: 25 | loss: 0.2964451
	speed: 0.1381s/iter; left time: 2704.9917s
	iters: 200, epoch: 25 | loss: 0.4504986
	speed: 0.0711s/iter; left time: 1385.1100s
Epoch: 25 cost time: 18.61803412437439
Epoch: 25, Steps: 259 | Train Loss: 0.3759340 Vali Loss: 0.5763023 Test Loss: 2.2168140
EarlyStopping counter: 3 out of 100
Updating learning rate to 0.0025
	iters: 100, epoch: 26 | loss: 0.2642938
	speed: 0.1389s/iter; left time: 2683.9357s
	iters: 200, epoch: 26 | loss: 0.3367375
	speed: 0.0684s/iter; left time: 1314.3885s
Epoch: 26 cost time: 18.13637351989746
Epoch: 26, Steps: 259 | Train Loss: 0.3738170 Vali Loss: 0.5756558 Test Loss: 2.1986885
EarlyStopping counter: 4 out of 100
Updating learning rate to 0.0025
	iters: 100, epoch: 27 | loss: 0.3025868
	speed: 0.1418s/iter; left time: 2703.5844s
	iters: 200, epoch: 27 | loss: 0.3886208
	speed: 0.0674s/iter; left time: 1278.6989s
Epoch: 27 cost time: 18.330633878707886
Epoch: 27, Steps: 259 | Train Loss: 0.3728732 Vali Loss: 0.5754485 Test Loss: 2.2031400
EarlyStopping counter: 5 out of 100
Updating learning rate to 0.0025
	iters: 100, epoch: 28 | loss: 0.2663281
	speed: 0.1409s/iter; left time: 2650.6454s
	iters: 200, epoch: 28 | loss: 0.4055461
	speed: 0.0676s/iter; left time: 1265.4066s
Epoch: 28 cost time: 18.31561589241028
Epoch: 28, Steps: 259 | Train Loss: 0.3714834 Vali Loss: 0.5694173 Test Loss: 2.2162108
Validation loss decreased (0.570865 --> 0.569417).  Saving model ...
Updating learning rate to 0.0025
	iters: 100, epoch: 29 | loss: 0.3198456
	speed: 0.1392s/iter; left time: 2581.5246s
	iters: 200, epoch: 29 | loss: 0.3803758
	speed: 0.0705s/iter; left time: 1301.1627s
Epoch: 29 cost time: 18.468002557754517
Epoch: 29, Steps: 259 | Train Loss: 0.3716887 Vali Loss: 0.5774550 Test Loss: 2.2103696
EarlyStopping counter: 1 out of 100
Updating learning rate to 0.0025
	iters: 100, epoch: 30 | loss: 0.4451607
	speed: 0.1415s/iter; left time: 2588.8398s
	iters: 200, epoch: 30 | loss: 0.2971935
	speed: 0.0682s/iter; left time: 1240.0160s
Epoch: 30 cost time: 18.31982421875
Epoch: 30, Steps: 259 | Train Loss: 0.3717673 Vali Loss: 0.5757079 Test Loss: 2.2227256
EarlyStopping counter: 2 out of 100
Updating learning rate to 0.0025
	iters: 100, epoch: 31 | loss: 0.2562420
	speed: 0.1408s/iter; left time: 2539.2906s
	iters: 200, epoch: 31 | loss: 0.2601044
	speed: 0.0675s/iter; left time: 1210.0801s
Epoch: 31 cost time: 17.946799993515015
Epoch: 31, Steps: 259 | Train Loss: 0.3704610 Vali Loss: 0.5672910 Test Loss: 2.2166278
Validation loss decreased (0.569417 --> 0.567291).  Saving model ...
Updating learning rate to 0.0025
	iters: 100, epoch: 32 | loss: 0.4213558
	speed: 0.1407s/iter; left time: 2500.9151s
	iters: 200, epoch: 32 | loss: 0.3413179
	speed: 0.0682s/iter; left time: 1204.3938s
Epoch: 32 cost time: 18.215189456939697
Epoch: 32, Steps: 259 | Train Loss: 0.3691643 Vali Loss: 0.5768518 Test Loss: 2.2627602
EarlyStopping counter: 1 out of 100
Updating learning rate to 0.0025
	iters: 100, epoch: 33 | loss: 0.4278957
	speed: 0.1378s/iter; left time: 2413.1577s
	iters: 200, epoch: 33 | loss: 0.5567377
	speed: 0.0666s/iter; left time: 1160.4301s
Epoch: 33 cost time: 17.835301876068115
Epoch: 33, Steps: 259 | Train Loss: 0.3680006 Vali Loss: 0.5833935 Test Loss: 2.2596724
EarlyStopping counter: 2 out of 100
Updating learning rate to 0.0025
	iters: 100, epoch: 34 | loss: 0.3379282
	speed: 0.1369s/iter; left time: 2361.6463s
	iters: 200, epoch: 34 | loss: 0.2887292
	speed: 0.0669s/iter; left time: 1147.8657s
Epoch: 34 cost time: 17.795287132263184
Epoch: 34, Steps: 259 | Train Loss: 0.3658574 Vali Loss: 0.5718858 Test Loss: 2.2044046
EarlyStopping counter: 3 out of 100
Updating learning rate to 0.0025
	iters: 100, epoch: 35 | loss: 0.3094896
	speed: 0.1412s/iter; left time: 2399.8309s
	iters: 200, epoch: 35 | loss: 0.4126039
	speed: 0.0667s/iter; left time: 1126.4442s
Epoch: 35 cost time: 17.9193754196167
Epoch: 35, Steps: 259 | Train Loss: 0.3659222 Vali Loss: 0.5869394 Test Loss: 2.2459209
EarlyStopping counter: 4 out of 100
Updating learning rate to 0.0025
	iters: 100, epoch: 36 | loss: 0.2380533
	speed: 0.1397s/iter; left time: 2337.8130s
	iters: 200, epoch: 36 | loss: 0.2461032
	speed: 0.0681s/iter; left time: 1133.2672s
Epoch: 36 cost time: 18.219579696655273
Epoch: 36, Steps: 259 | Train Loss: 0.3651205 Vali Loss: 0.5767634 Test Loss: 2.2429209
EarlyStopping counter: 5 out of 100
Updating learning rate to 0.0025
	iters: 100, epoch: 37 | loss: 0.3572969
	speed: 0.1368s/iter; left time: 2253.4238s
	iters: 200, epoch: 37 | loss: 0.4481531
	speed: 0.0690s/iter; left time: 1129.9598s
Epoch: 37 cost time: 17.810975551605225
Epoch: 37, Steps: 259 | Train Loss: 0.3657016 Vali Loss: 0.5743220 Test Loss: 2.2255957
EarlyStopping counter: 6 out of 100
Updating learning rate to 0.0025
	iters: 100, epoch: 38 | loss: 0.3897031
	speed: 0.1398s/iter; left time: 2267.1833s
	iters: 200, epoch: 38 | loss: 0.4145046
	speed: 0.0695s/iter; left time: 1119.8994s
Epoch: 38 cost time: 18.558045148849487
Epoch: 38, Steps: 259 | Train Loss: 0.3649214 Vali Loss: 0.5753057 Test Loss: 2.2361047
EarlyStopping counter: 7 out of 100
Updating learning rate to 0.0025
	iters: 100, epoch: 39 | loss: 0.4054489
	speed: 0.1412s/iter; left time: 2254.0184s
	iters: 200, epoch: 39 | loss: 0.3747113
	speed: 0.0680s/iter; left time: 1077.6745s
Epoch: 39 cost time: 18.046113967895508
Epoch: 39, Steps: 259 | Train Loss: 0.3630711 Vali Loss: 0.5744041 Test Loss: 2.2882836
EarlyStopping counter: 8 out of 100
Updating learning rate to 0.0025
	iters: 100, epoch: 40 | loss: 0.4688269
	speed: 0.1396s/iter; left time: 2192.3045s
	iters: 200, epoch: 40 | loss: 0.3081804
	speed: 0.0668s/iter; left time: 1041.7341s
Epoch: 40 cost time: 17.89091682434082
Epoch: 40, Steps: 259 | Train Loss: 0.3635289 Vali Loss: 0.5700441 Test Loss: 2.2686169
EarlyStopping counter: 9 out of 100
Updating learning rate to 0.0025
	iters: 100, epoch: 41 | loss: 0.3450887
	speed: 0.1368s/iter; left time: 2112.3971s
	iters: 200, epoch: 41 | loss: 0.2537743
	speed: 0.0663s/iter; left time: 1017.0798s
Epoch: 41 cost time: 17.64872980117798
Epoch: 41, Steps: 259 | Train Loss: 0.3634730 Vali Loss: 0.5820850 Test Loss: 2.2569749
EarlyStopping counter: 10 out of 100
Updating learning rate to 0.0025
	iters: 100, epoch: 42 | loss: 0.3418894
	speed: 0.1398s/iter; left time: 2123.0815s
	iters: 200, epoch: 42 | loss: 0.3433237
	speed: 0.0683s/iter; left time: 1029.9345s
Epoch: 42 cost time: 17.972657442092896
Epoch: 42, Steps: 259 | Train Loss: 0.3614429 Vali Loss: 0.5811696 Test Loss: 2.3088334
EarlyStopping counter: 11 out of 100
Updating learning rate to 0.0025
	iters: 100, epoch: 43 | loss: 0.3583184
	speed: 0.1391s/iter; left time: 2075.9995s
	iters: 200, epoch: 43 | loss: 0.3513361
	speed: 0.0689s/iter; left time: 1021.0397s
Epoch: 43 cost time: 17.858356475830078
Epoch: 43, Steps: 259 | Train Loss: 0.3611729 Vali Loss: 0.5707074 Test Loss: 2.2623696
EarlyStopping counter: 12 out of 100
Updating learning rate to 0.0025
	iters: 100, epoch: 44 | loss: 0.3632708
	speed: 0.1371s/iter; left time: 2010.8415s
	iters: 200, epoch: 44 | loss: 0.2712470
	speed: 0.0670s/iter; left time: 975.2484s
Epoch: 44 cost time: 17.53188920021057
Epoch: 44, Steps: 259 | Train Loss: 0.3598807 Vali Loss: 0.5891356 Test Loss: 2.2954435
EarlyStopping counter: 13 out of 100
Updating learning rate to 0.0025
	iters: 100, epoch: 45 | loss: 0.2902175
	speed: 0.1380s/iter; left time: 1988.5077s
	iters: 200, epoch: 45 | loss: 0.4032080
	speed: 0.0698s/iter; left time: 998.2730s
Epoch: 45 cost time: 18.218550443649292
Epoch: 45, Steps: 259 | Train Loss: 0.3588554 Vali Loss: 0.5753424 Test Loss: 2.2777061
EarlyStopping counter: 14 out of 100
Updating learning rate to 0.0025
	iters: 100, epoch: 46 | loss: 0.2869174
	speed: 0.1389s/iter; left time: 1964.8593s
	iters: 200, epoch: 46 | loss: 0.4776261
	speed: 0.0663s/iter; left time: 931.4400s
Epoch: 46 cost time: 17.91415500640869
Epoch: 46, Steps: 259 | Train Loss: 0.3582099 Vali Loss: 0.5736817 Test Loss: 2.2858751
EarlyStopping counter: 15 out of 100
Updating learning rate to 0.0025
	iters: 100, epoch: 47 | loss: 0.3681894
	speed: 0.1410s/iter; left time: 1957.9821s
	iters: 200, epoch: 47 | loss: 0.3017807
	speed: 0.0685s/iter; left time: 944.3630s
Epoch: 47 cost time: 17.990172386169434
Epoch: 47, Steps: 259 | Train Loss: 0.3578823 Vali Loss: 0.5758374 Test Loss: 2.2649522
EarlyStopping counter: 16 out of 100
Updating learning rate to 0.0025
	iters: 100, epoch: 48 | loss: 0.5887567
	speed: 0.1413s/iter; left time: 1925.7211s
	iters: 200, epoch: 48 | loss: 0.3961522
	speed: 0.0686s/iter; left time: 927.6695s
Epoch: 48 cost time: 18.278736114501953
Epoch: 48, Steps: 259 | Train Loss: 0.3569749 Vali Loss: 0.5711401 Test Loss: 2.2565644
EarlyStopping counter: 17 out of 100
Updating learning rate to 0.0025
	iters: 100, epoch: 49 | loss: 0.2557511
	speed: 0.1379s/iter; left time: 1843.0827s
	iters: 200, epoch: 49 | loss: 0.2690223
	speed: 0.0701s/iter; left time: 930.7209s
Epoch: 49 cost time: 18.21543049812317
Epoch: 49, Steps: 259 | Train Loss: 0.3563094 Vali Loss: 0.5781372 Test Loss: 2.2829862
EarlyStopping counter: 18 out of 100
Updating learning rate to 0.0025
	iters: 100, epoch: 50 | loss: 0.4040772
	speed: 0.1358s/iter; left time: 1779.8633s
	iters: 200, epoch: 50 | loss: 0.4358876
	speed: 0.0688s/iter; left time: 894.6383s
Epoch: 50 cost time: 17.833821058273315
Epoch: 50, Steps: 259 | Train Loss: 0.3573018 Vali Loss: 0.5778167 Test Loss: 2.2939422
EarlyStopping counter: 19 out of 100
Updating learning rate to 0.0025
	iters: 100, epoch: 51 | loss: 0.3536557
	speed: 0.1401s/iter; left time: 1800.4173s
	iters: 200, epoch: 51 | loss: 0.3326709
	speed: 0.0687s/iter; left time: 876.3576s
Epoch: 51 cost time: 18.307013750076294
Epoch: 51, Steps: 259 | Train Loss: 0.3560568 Vali Loss: 0.5845333 Test Loss: 2.2853839
EarlyStopping counter: 20 out of 100
Updating learning rate to 0.0025
	iters: 100, epoch: 52 | loss: 0.4329691
	speed: 0.1381s/iter; left time: 1738.6330s
	iters: 200, epoch: 52 | loss: 0.3335600
	speed: 0.0674s/iter; left time: 842.1592s
Epoch: 52 cost time: 17.936543703079224
Epoch: 52, Steps: 259 | Train Loss: 0.3535776 Vali Loss: 0.5800422 Test Loss: 2.2822766
EarlyStopping counter: 21 out of 100
Updating learning rate to 0.0025
	iters: 100, epoch: 53 | loss: 0.4807208
	speed: 0.1369s/iter; left time: 1688.8177s
	iters: 200, epoch: 53 | loss: 0.3849816
	speed: 0.0690s/iter; left time: 843.9307s
Epoch: 53 cost time: 18.152926921844482
Epoch: 53, Steps: 259 | Train Loss: 0.3556116 Vali Loss: 0.5776364 Test Loss: 2.3046465
EarlyStopping counter: 22 out of 100
Updating learning rate to 0.0025
	iters: 100, epoch: 54 | loss: 0.3631376
	speed: 0.1400s/iter; left time: 1690.4162s
	iters: 200, epoch: 54 | loss: 0.4216649
	speed: 0.0664s/iter; left time: 795.3922s
Epoch: 54 cost time: 18.093045234680176
Epoch: 54, Steps: 259 | Train Loss: 0.3534289 Vali Loss: 0.5741755 Test Loss: 2.2806759
EarlyStopping counter: 23 out of 100
Updating learning rate to 0.0025
	iters: 100, epoch: 55 | loss: 0.2888549
	speed: 0.1363s/iter; left time: 1610.4727s
	iters: 200, epoch: 55 | loss: 0.4217255
	speed: 0.0670s/iter; left time: 784.4753s
Epoch: 55 cost time: 17.6649067401886
Epoch: 55, Steps: 259 | Train Loss: 0.3541195 Vali Loss: 0.5745813 Test Loss: 2.3036518
EarlyStopping counter: 24 out of 100
Updating learning rate to 0.0025
	iters: 100, epoch: 56 | loss: 0.2692250
	speed: 0.1385s/iter; left time: 1599.9640s
	iters: 200, epoch: 56 | loss: 0.4250882
	speed: 0.0653s/iter; left time: 747.6814s
Epoch: 56 cost time: 17.872612953186035
Epoch: 56, Steps: 259 | Train Loss: 0.3552993 Vali Loss: 0.5853150 Test Loss: 2.2883523
EarlyStopping counter: 25 out of 100
Updating learning rate to 0.0025
	iters: 100, epoch: 57 | loss: 0.4245236
	speed: 0.1388s/iter; left time: 1568.1763s
	iters: 200, epoch: 57 | loss: 0.4030949
	speed: 0.0664s/iter; left time: 744.0376s
Epoch: 57 cost time: 17.775091409683228
Epoch: 57, Steps: 259 | Train Loss: 0.3520614 Vali Loss: 0.5627550 Test Loss: 2.2641242
Validation loss decreased (0.567291 --> 0.562755).  Saving model ...
Updating learning rate to 0.0025
	iters: 100, epoch: 58 | loss: 0.3980570
	speed: 0.1394s/iter; left time: 1539.1505s
	iters: 200, epoch: 58 | loss: 0.4699324
	speed: 0.0652s/iter; left time: 712.7596s
Epoch: 58 cost time: 17.709737539291382
Epoch: 58, Steps: 259 | Train Loss: 0.3534473 Vali Loss: 0.5727453 Test Loss: 2.3279395
EarlyStopping counter: 1 out of 100
Updating learning rate to 0.0025
	iters: 100, epoch: 59 | loss: 0.3263989
	speed: 0.1415s/iter; left time: 1525.6110s
	iters: 200, epoch: 59 | loss: 0.2464633
	speed: 0.0672s/iter; left time: 717.5470s
Epoch: 59 cost time: 18.385154247283936
Epoch: 59, Steps: 259 | Train Loss: 0.3539629 Vali Loss: 0.5894050 Test Loss: 2.3715999
EarlyStopping counter: 2 out of 100
Updating learning rate to 0.0025
	iters: 100, epoch: 60 | loss: 0.2962984
	speed: 0.1419s/iter; left time: 1492.8218s
	iters: 200, epoch: 60 | loss: 0.3378892
	speed: 0.0656s/iter; left time: 683.2226s
Epoch: 60 cost time: 18.162063598632812
Epoch: 60, Steps: 259 | Train Loss: 0.3522235 Vali Loss: 0.5722042 Test Loss: 2.3164229
EarlyStopping counter: 3 out of 100
Updating learning rate to 0.0025
	iters: 100, epoch: 61 | loss: 0.3759705
	speed: 0.1398s/iter; left time: 1434.2020s
	iters: 200, epoch: 61 | loss: 0.4503469
	speed: 0.0658s/iter; left time: 668.6694s
Epoch: 61 cost time: 17.806243896484375
Epoch: 61, Steps: 259 | Train Loss: 0.3526449 Vali Loss: 0.5613139 Test Loss: 2.2767618
Validation loss decreased (0.562755 --> 0.561314).  Saving model ...
Updating learning rate to 0.0025
	iters: 100, epoch: 62 | loss: 0.4032800
	speed: 0.1376s/iter; left time: 1376.3376s
	iters: 200, epoch: 62 | loss: 0.2206649
	speed: 0.0660s/iter; left time: 653.3968s
Epoch: 62 cost time: 17.687077045440674
Epoch: 62, Steps: 259 | Train Loss: 0.3509563 Vali Loss: 0.5852464 Test Loss: 2.3085442
EarlyStopping counter: 1 out of 100
Updating learning rate to 0.0025
	iters: 100, epoch: 63 | loss: 0.4705244
	speed: 0.1419s/iter; left time: 1382.2088s
	iters: 200, epoch: 63 | loss: 0.3269441
	speed: 0.0659s/iter; left time: 635.6134s
Epoch: 63 cost time: 17.94860029220581
Epoch: 63, Steps: 259 | Train Loss: 0.3505983 Vali Loss: 0.5736789 Test Loss: 2.2689559
EarlyStopping counter: 2 out of 100
Updating learning rate to 0.0025
	iters: 100, epoch: 64 | loss: 0.3511060
	speed: 0.1372s/iter; left time: 1300.9657s
	iters: 200, epoch: 64 | loss: 0.2481514
	speed: 0.0656s/iter; left time: 615.8937s
Epoch: 64 cost time: 17.424623012542725
Epoch: 64, Steps: 259 | Train Loss: 0.3499163 Vali Loss: 0.5879195 Test Loss: 2.3760886
EarlyStopping counter: 3 out of 100
Updating learning rate to 0.0025
	iters: 100, epoch: 65 | loss: 0.4651029
	speed: 0.1417s/iter; left time: 1306.9368s
	iters: 200, epoch: 65 | loss: 0.2756402
	speed: 0.0687s/iter; left time: 626.6157s
Epoch: 65 cost time: 18.38653540611267
Epoch: 65, Steps: 259 | Train Loss: 0.3501323 Vali Loss: 0.5796387 Test Loss: 2.3370581
EarlyStopping counter: 4 out of 100
Updating learning rate to 0.0025
	iters: 100, epoch: 66 | loss: 0.2930452
	speed: 0.1391s/iter; left time: 1246.8305s
	iters: 200, epoch: 66 | loss: 0.3325901
	speed: 0.0678s/iter; left time: 601.2477s
Epoch: 66 cost time: 17.976518154144287
Epoch: 66, Steps: 259 | Train Loss: 0.3504478 Vali Loss: 0.5843499 Test Loss: 2.4147794
EarlyStopping counter: 5 out of 100
Updating learning rate to 0.0025
	iters: 100, epoch: 67 | loss: 0.2849265
	speed: 0.1394s/iter; left time: 1213.9693s
	iters: 200, epoch: 67 | loss: 0.2713484
	speed: 0.0659s/iter; left time: 567.5313s
Epoch: 67 cost time: 17.75076723098755
Epoch: 67, Steps: 259 | Train Loss: 0.3478837 Vali Loss: 0.5865375 Test Loss: 2.2803497
EarlyStopping counter: 6 out of 100
Updating learning rate to 0.0025
	iters: 100, epoch: 68 | loss: 0.4073887
	speed: 0.1362s/iter; left time: 1150.5881s
	iters: 200, epoch: 68 | loss: 0.2628672
	speed: 0.0667s/iter; left time: 556.5049s
Epoch: 68 cost time: 17.715346813201904
Epoch: 68, Steps: 259 | Train Loss: 0.3481427 Vali Loss: 0.5781059 Test Loss: 2.3227394
EarlyStopping counter: 7 out of 100
Updating learning rate to 0.0025
	iters: 100, epoch: 69 | loss: 0.3083139
	speed: 0.1427s/iter; left time: 1168.5355s
	iters: 200, epoch: 69 | loss: 0.2568966
	speed: 0.0676s/iter; left time: 546.8453s
Epoch: 69 cost time: 18.273679733276367
Epoch: 69, Steps: 259 | Train Loss: 0.3509073 Vali Loss: 0.5838183 Test Loss: 2.3818166
EarlyStopping counter: 8 out of 100
Updating learning rate to 0.0025
	iters: 100, epoch: 70 | loss: 0.3018355
	speed: 0.1374s/iter; left time: 1089.4958s
	iters: 200, epoch: 70 | loss: 0.4405792
	speed: 0.0663s/iter; left time: 518.9382s
Epoch: 70 cost time: 17.551238775253296
Epoch: 70, Steps: 259 | Train Loss: 0.3477925 Vali Loss: 0.5712762 Test Loss: 2.3036110
EarlyStopping counter: 9 out of 100
Updating learning rate to 0.0025
	iters: 100, epoch: 71 | loss: 0.2531703
	speed: 0.1372s/iter; left time: 1052.2464s
	iters: 200, epoch: 71 | loss: 0.3274001
	speed: 0.0679s/iter; left time: 513.8142s
Epoch: 71 cost time: 17.809859037399292
Epoch: 71, Steps: 259 | Train Loss: 0.3469971 Vali Loss: 0.5580881 Test Loss: 2.3092678
Validation loss decreased (0.561314 --> 0.558088).  Saving model ...
Updating learning rate to 0.0025
	iters: 100, epoch: 72 | loss: 0.2647002
	speed: 0.1399s/iter; left time: 1036.6830s
	iters: 200, epoch: 72 | loss: 0.4039478
	speed: 0.0654s/iter; left time: 478.1961s
Epoch: 72 cost time: 17.559929370880127
Epoch: 72, Steps: 259 | Train Loss: 0.3477301 Vali Loss: 0.5843394 Test Loss: 2.3130000
EarlyStopping counter: 1 out of 100
Updating learning rate to 0.0025
	iters: 100, epoch: 73 | loss: 0.4734198
	speed: 0.1379s/iter; left time: 986.4816s
	iters: 200, epoch: 73 | loss: 0.3810372
	speed: 0.0674s/iter; left time: 475.1450s
Epoch: 73 cost time: 17.923891067504883
Epoch: 73, Steps: 259 | Train Loss: 0.3445748 Vali Loss: 0.5882464 Test Loss: 2.2999032
EarlyStopping counter: 2 out of 100
Updating learning rate to 0.0025
	iters: 100, epoch: 74 | loss: 0.3136464
	speed: 0.1394s/iter; left time: 961.3253s
	iters: 200, epoch: 74 | loss: 0.3276201
	speed: 0.0681s/iter; left time: 462.6480s
Epoch: 74 cost time: 17.978326559066772
Epoch: 74, Steps: 259 | Train Loss: 0.3459129 Vali Loss: 0.5862109 Test Loss: 2.2816110
EarlyStopping counter: 3 out of 100
Updating learning rate to 0.0025
	iters: 100, epoch: 75 | loss: 0.3986320
	speed: 0.1410s/iter; left time: 935.2204s
	iters: 200, epoch: 75 | loss: 0.2954504
	speed: 0.0683s/iter; left time: 446.5210s
Epoch: 75 cost time: 17.95072031021118
Epoch: 75, Steps: 259 | Train Loss: 0.3449356 Vali Loss: 0.5699991 Test Loss: 2.3486078
EarlyStopping counter: 4 out of 100
Updating learning rate to 0.0025
	iters: 100, epoch: 76 | loss: 0.3046480
	speed: 0.1425s/iter; left time: 908.4666s
	iters: 200, epoch: 76 | loss: 0.3106267
	speed: 0.0678s/iter; left time: 425.6312s
Epoch: 76 cost time: 18.125956296920776
Epoch: 76, Steps: 259 | Train Loss: 0.3448325 Vali Loss: 0.5673907 Test Loss: 2.2702861
EarlyStopping counter: 5 out of 100
Updating learning rate to 0.0025
	iters: 100, epoch: 77 | loss: 0.3509950
	speed: 0.1385s/iter; left time: 847.1103s
	iters: 200, epoch: 77 | loss: 0.3215029
	speed: 0.0700s/iter; left time: 421.2768s
Epoch: 77 cost time: 18.028473377227783
Epoch: 77, Steps: 259 | Train Loss: 0.3426430 Vali Loss: 0.5784148 Test Loss: 2.2649059
EarlyStopping counter: 6 out of 100
Updating learning rate to 0.0025
	iters: 100, epoch: 78 | loss: 0.4209124
	speed: 0.1422s/iter; left time: 833.0902s
	iters: 200, epoch: 78 | loss: 0.2552582
	speed: 0.0705s/iter; left time: 405.6673s
Epoch: 78 cost time: 18.413501262664795
Epoch: 78, Steps: 259 | Train Loss: 0.3422092 Vali Loss: 0.5668137 Test Loss: 2.2630932
EarlyStopping counter: 7 out of 100
Updating learning rate to 0.0025
	iters: 100, epoch: 79 | loss: 0.3492481
	speed: 0.1416s/iter; left time: 793.0752s
	iters: 200, epoch: 79 | loss: 0.3960523
	speed: 0.0684s/iter; left time: 376.3117s
Epoch: 79 cost time: 18.215145587921143
Epoch: 79, Steps: 259 | Train Loss: 0.3434884 Vali Loss: 0.5762985 Test Loss: 2.3365009
EarlyStopping counter: 8 out of 100
Updating learning rate to 0.0025
	iters: 100, epoch: 80 | loss: 0.2958279
	speed: 0.1393s/iter; left time: 743.6409s
	iters: 200, epoch: 80 | loss: 0.2337505
	speed: 0.0709s/iter; left time: 371.7107s
Epoch: 80 cost time: 18.46356773376465
Epoch: 80, Steps: 259 | Train Loss: 0.3422538 Vali Loss: 0.5697137 Test Loss: 2.3338306
EarlyStopping counter: 9 out of 100
Updating learning rate to 0.0025
	iters: 100, epoch: 81 | loss: 0.2490464
	speed: 0.1424s/iter; left time: 723.6351s
	iters: 200, epoch: 81 | loss: 0.2914182
	speed: 0.0673s/iter; left time: 335.4436s
Epoch: 81 cost time: 18.20989418029785
Epoch: 81, Steps: 259 | Train Loss: 0.3422575 Vali Loss: 0.5789678 Test Loss: 2.3681383
EarlyStopping counter: 10 out of 100
Updating learning rate to 0.0025
	iters: 100, epoch: 82 | loss: 0.3182485
	speed: 0.1412s/iter; left time: 681.0229s
	iters: 200, epoch: 82 | loss: 0.4233769
	speed: 0.0697s/iter; left time: 329.2993s
Epoch: 82 cost time: 18.40548276901245
Epoch: 82, Steps: 259 | Train Loss: 0.3424615 Vali Loss: 0.5767761 Test Loss: 2.2909744
EarlyStopping counter: 11 out of 100
Updating learning rate to 0.0025
	iters: 100, epoch: 83 | loss: 0.4168633
	speed: 0.1459s/iter; left time: 665.6423s
	iters: 200, epoch: 83 | loss: 0.2693897
	speed: 0.0661s/iter; left time: 295.0271s
Epoch: 83 cost time: 18.260744094848633
Epoch: 83, Steps: 259 | Train Loss: 0.3404214 Vali Loss: 0.5749686 Test Loss: 2.2926135
EarlyStopping counter: 12 out of 100
Updating learning rate to 0.0025
	iters: 100, epoch: 84 | loss: 0.2692559
	speed: 0.1396s/iter; left time: 600.8435s
	iters: 200, epoch: 84 | loss: 0.3649057
	speed: 0.0676s/iter; left time: 284.1035s
Epoch: 84 cost time: 18.016600847244263
Epoch: 84, Steps: 259 | Train Loss: 0.3408721 Vali Loss: 0.5785887 Test Loss: 2.3717897
EarlyStopping counter: 13 out of 100
Updating learning rate to 0.0025
	iters: 100, epoch: 85 | loss: 0.3195925
	speed: 0.1416s/iter; left time: 572.8698s
	iters: 200, epoch: 85 | loss: 0.4468401
	speed: 0.0658s/iter; left time: 259.6970s
Epoch: 85 cost time: 18.270142793655396
Epoch: 85, Steps: 259 | Train Loss: 0.3394968 Vali Loss: 0.5678639 Test Loss: 2.2761402
EarlyStopping counter: 14 out of 100
Updating learning rate to 0.0025
	iters: 100, epoch: 86 | loss: 0.4736421
	speed: 0.1451s/iter; left time: 549.4240s
	iters: 200, epoch: 86 | loss: 0.3010408
	speed: 0.0654s/iter; left time: 241.1529s
Epoch: 86 cost time: 18.04624605178833
Epoch: 86, Steps: 259 | Train Loss: 0.3391520 Vali Loss: 0.5766241 Test Loss: 2.3561380
EarlyStopping counter: 15 out of 100
Updating learning rate to 0.0025
	iters: 100, epoch: 87 | loss: 0.2948129
	speed: 0.1426s/iter; left time: 502.8417s
	iters: 200, epoch: 87 | loss: 0.3225493
	speed: 0.0654s/iter; left time: 224.1922s
Epoch: 87 cost time: 17.91756582260132
Epoch: 87, Steps: 259 | Train Loss: 0.3378860 Vali Loss: 0.5831872 Test Loss: 2.3221843
EarlyStopping counter: 16 out of 100
Updating learning rate to 0.0025
	iters: 100, epoch: 88 | loss: 0.2645905
	speed: 0.1388s/iter; left time: 453.6595s
	iters: 200, epoch: 88 | loss: 0.3011802
	speed: 0.0669s/iter; left time: 211.9389s
Epoch: 88 cost time: 17.763604879379272
Epoch: 88, Steps: 259 | Train Loss: 0.3370495 Vali Loss: 0.5709485 Test Loss: 2.2757678
EarlyStopping counter: 17 out of 100
Updating learning rate to 0.0025
	iters: 100, epoch: 89 | loss: 0.2320910
	speed: 0.1409s/iter; left time: 423.8740s
	iters: 200, epoch: 89 | loss: 0.2790690
	speed: 0.0709s/iter; left time: 206.3539s
Epoch: 89 cost time: 18.371281623840332
Epoch: 89, Steps: 259 | Train Loss: 0.3385846 Vali Loss: 0.5712617 Test Loss: 2.2880976
EarlyStopping counter: 18 out of 100
Updating learning rate to 0.0025
	iters: 100, epoch: 90 | loss: 0.2792155
	speed: 0.1419s/iter; left time: 390.3244s
	iters: 200, epoch: 90 | loss: 0.2713855
	speed: 0.0683s/iter; left time: 181.0144s
Epoch: 90 cost time: 18.36990475654602
Epoch: 90, Steps: 259 | Train Loss: 0.3387398 Vali Loss: 0.5762557 Test Loss: 2.3092391
EarlyStopping counter: 19 out of 100
Updating learning rate to 0.0025
	iters: 100, epoch: 91 | loss: 0.4421947
	speed: 0.1414s/iter; left time: 352.2364s
	iters: 200, epoch: 91 | loss: 0.4367732
	speed: 0.0679s/iter; left time: 162.2505s
Epoch: 91 cost time: 18.13466501235962
Epoch: 91, Steps: 259 | Train Loss: 0.3374555 Vali Loss: 0.5914282 Test Loss: 2.4371781
EarlyStopping counter: 20 out of 100
Updating learning rate to 0.0025
	iters: 100, epoch: 92 | loss: 0.3574744
	speed: 0.1423s/iter; left time: 317.5756s
	iters: 200, epoch: 92 | loss: 0.3191851
	speed: 0.0677s/iter; left time: 144.2315s
Epoch: 92 cost time: 17.932661056518555
Epoch: 92, Steps: 259 | Train Loss: 0.3368609 Vali Loss: 0.5762293 Test Loss: 2.3238866
EarlyStopping counter: 21 out of 100
Updating learning rate to 0.0025
	iters: 100, epoch: 93 | loss: 0.2346228
	speed: 0.1376s/iter; left time: 271.4059s
	iters: 200, epoch: 93 | loss: 0.2878142
	speed: 0.0674s/iter; left time: 126.3256s
Epoch: 93 cost time: 17.976025342941284
Epoch: 93, Steps: 259 | Train Loss: 0.3373018 Vali Loss: 0.5788295 Test Loss: 2.3436320
EarlyStopping counter: 22 out of 100
Updating learning rate to 0.0025
	iters: 100, epoch: 94 | loss: 0.3967164
	speed: 0.1416s/iter; left time: 242.6535s
	iters: 200, epoch: 94 | loss: 0.2183309
	speed: 0.0673s/iter; left time: 108.5786s
Epoch: 94 cost time: 18.1539306640625
Epoch: 94, Steps: 259 | Train Loss: 0.3357815 Vali Loss: 0.5782315 Test Loss: 2.3050964
EarlyStopping counter: 23 out of 100
Updating learning rate to 0.0025
	iters: 100, epoch: 95 | loss: 0.2787673
	speed: 0.1395s/iter; left time: 203.0280s
	iters: 200, epoch: 95 | loss: 0.3930742
	speed: 0.0700s/iter; left time: 94.8374s
Epoch: 95 cost time: 18.452849626541138
Epoch: 95, Steps: 259 | Train Loss: 0.3339531 Vali Loss: 0.5801749 Test Loss: 2.3345680
EarlyStopping counter: 24 out of 100
Updating learning rate to 0.0025
	iters: 100, epoch: 96 | loss: 0.3155258
	speed: 0.1415s/iter; left time: 169.2447s
	iters: 200, epoch: 96 | loss: 0.2892800
	speed: 0.0690s/iter; left time: 75.6259s
Epoch: 96 cost time: 18.158493757247925
Epoch: 96, Steps: 259 | Train Loss: 0.3329979 Vali Loss: 0.5778849 Test Loss: 2.3390694
EarlyStopping counter: 25 out of 100
Updating learning rate to 0.0025
	iters: 100, epoch: 97 | loss: 0.3153847
	speed: 0.1416s/iter; left time: 132.6978s
	iters: 200, epoch: 97 | loss: 0.3063627
	speed: 0.0714s/iter; left time: 59.7537s
Epoch: 97 cost time: 18.72251272201538
Epoch: 97, Steps: 259 | Train Loss: 0.3375381 Vali Loss: 0.5801666 Test Loss: 2.3436422
EarlyStopping counter: 26 out of 100
Updating learning rate to 0.0025
	iters: 100, epoch: 98 | loss: 0.4313148
	speed: 0.1407s/iter; left time: 95.3839s
	iters: 200, epoch: 98 | loss: 0.4153916
	speed: 0.0663s/iter; left time: 38.3418s
Epoch: 98 cost time: 17.928914308547974
Epoch: 98, Steps: 259 | Train Loss: 0.3366564 Vali Loss: 0.5694327 Test Loss: 2.3670921
EarlyStopping counter: 27 out of 100
Updating learning rate to 0.0025
	iters: 100, epoch: 99 | loss: 0.2964084
	speed: 0.1431s/iter; left time: 59.9660s
	iters: 200, epoch: 99 | loss: 0.3505645
	speed: 0.0660s/iter; left time: 21.0424s
Epoch: 99 cost time: 18.264339923858643
Epoch: 99, Steps: 259 | Train Loss: 0.3353770 Vali Loss: 0.5903893 Test Loss: 2.3475502
EarlyStopping counter: 28 out of 100
Updating learning rate to 0.0025
	iters: 100, epoch: 100 | loss: 0.2189578
	speed: 0.1435s/iter; left time: 22.9634s
	iters: 200, epoch: 100 | loss: 0.2404511
	speed: 0.0673s/iter; left time: 4.0373s
Epoch: 100 cost time: 18.21495795249939
Epoch: 100, Steps: 259 | Train Loss: 0.3333678 Vali Loss: 0.5702633 Test Loss: 2.2784705
EarlyStopping counter: 29 out of 100
Updating learning rate to 0.0025
>>>>>>>testing : 60_20_PatchTST_custom_ftM_sl60_ll48_pl20_dm16_nh4_el3_dl1_df128_fc1_ebtimeF_dtTrue_Exp_0<<<<<<<<<<<<<<<<<<<<<<<<<<<<<<<<<
test 1188
mse:2.4020848274230957, mae:0.7841823101043701, rse:0.3957546651363373
