Args in experiment:
Namespace(random_seed=2024, is_training=1, model_id='60_1', model='PatchTST', data='custom', root_path='./dataset/', data_path='haar_lv10.csv', features='M', target='Target', freq='h', checkpoints='./checkpoints/', seq_len=60, label_len=48, pred_len=1, fc_dropout=0.2, head_dropout=0.0, patch_len=5, stride=2, padding_patch='end', revin=1, affine=0, subtract_last=0, decomposition=0, kernel_size=25, individual=0, embed_type=0, enc_in=13, dec_in=7, c_out=7, d_model=16, n_heads=4, e_layers=3, d_layers=1, d_ff=128, moving_avg=25, factor=1, distil=True, dropout=0.2, embed='timeF', activation='gelu', output_attention=False, do_predict=False, num_workers=10, itr=1, train_epochs=100, batch_size=16, patience=100, learning_rate=0.0025, des='Exp', loss='mse', lradj='constant', pct_start=0.3, use_amp=False, use_gpu=False, gpu=0, use_multi_gpu=False, devices='0,1,2,3', test_flop=False)
Use CPU
>>>>>>>start training : 60_1_PatchTST_custom_ftM_sl60_ll48_pl1_dm16_nh4_el3_dl1_df128_fc1_ebtimeF_dtTrue_Exp_0>>>>>>>>>>>>>>>>>>>>>>>>>>
train 4165
val 605
test 1207
	iters: 100, epoch: 1 | loss: 0.0265050
	speed: 0.1222s/iter; left time: 3164.4256s
	iters: 200, epoch: 1 | loss: 0.1740702
	speed: 0.1208s/iter; left time: 3118.0205s
Epoch: 1 cost time: 31.625407934188843
Epoch: 1, Steps: 260 | Train Loss: 0.0599826 Vali Loss: 0.0119205 Test Loss: 0.0259040
Validation loss decreased (inf --> 0.011920).  Saving model ...
Updating learning rate to 0.0025
	iters: 100, epoch: 2 | loss: 0.0164704
	speed: 0.2374s/iter; left time: 6086.9024s
	iters: 200, epoch: 2 | loss: 0.0051371
	speed: 0.1208s/iter; left time: 3084.1057s
Epoch: 2 cost time: 31.65659999847412
Epoch: 2, Steps: 260 | Train Loss: 0.0206637 Vali Loss: 0.0054524 Test Loss: 0.0114032
Validation loss decreased (0.011920 --> 0.005452).  Saving model ...
Updating learning rate to 0.0025
	iters: 100, epoch: 3 | loss: 0.0064429
	speed: 0.2390s/iter; left time: 6065.2284s
	iters: 200, epoch: 3 | loss: 0.0235243
	speed: 0.1200s/iter; left time: 3034.1212s
Epoch: 3 cost time: 31.68251395225525
Epoch: 3, Steps: 260 | Train Loss: 0.0108226 Vali Loss: 0.0040856 Test Loss: 0.0093799
Validation loss decreased (0.005452 --> 0.004086).  Saving model ...
Updating learning rate to 0.0025
	iters: 100, epoch: 4 | loss: 0.0003858
	speed: 0.2374s/iter; left time: 5964.2905s
	iters: 200, epoch: 4 | loss: 0.0033847
	speed: 0.1199s/iter; left time: 2999.4453s
Epoch: 4 cost time: 31.764805555343628
Epoch: 4, Steps: 260 | Train Loss: 0.0103233 Vali Loss: 0.0040327 Test Loss: 0.0094560
Validation loss decreased (0.004086 --> 0.004033).  Saving model ...
Updating learning rate to 0.0025
	iters: 100, epoch: 5 | loss: 0.0126031
	speed: 0.2365s/iter; left time: 5878.6011s
	iters: 200, epoch: 5 | loss: 0.0010046
	speed: 0.1207s/iter; left time: 2987.9954s
Epoch: 5 cost time: 31.79689383506775
Epoch: 5, Steps: 260 | Train Loss: 0.0090421 Vali Loss: 0.0039633 Test Loss: 0.0091127
Validation loss decreased (0.004033 --> 0.003963).  Saving model ...
Updating learning rate to 0.0025
	iters: 100, epoch: 6 | loss: 0.0006249
	speed: 0.2392s/iter; left time: 5884.2807s
	iters: 200, epoch: 6 | loss: 0.0056218
	speed: 0.1193s/iter; left time: 2923.6443s
Epoch: 6 cost time: 31.727553844451904
Epoch: 6, Steps: 260 | Train Loss: 0.0073798 Vali Loss: 0.0046615 Test Loss: 0.0102067
EarlyStopping counter: 1 out of 100
Updating learning rate to 0.0025
	iters: 100, epoch: 7 | loss: 0.0017026
	speed: 0.2379s/iter; left time: 5791.4256s
	iters: 200, epoch: 7 | loss: 0.0015903
	speed: 0.1193s/iter; left time: 2893.0201s
Epoch: 7 cost time: 31.63409733772278
Epoch: 7, Steps: 260 | Train Loss: 0.0082901 Vali Loss: 0.0047001 Test Loss: 0.0105558
EarlyStopping counter: 2 out of 100
Updating learning rate to 0.0025
	iters: 100, epoch: 8 | loss: 0.0017199
	speed: 0.2368s/iter; left time: 5703.3872s
	iters: 200, epoch: 8 | loss: 0.0005376
	speed: 0.1196s/iter; left time: 2868.8622s
Epoch: 8 cost time: 31.53217911720276
Epoch: 8, Steps: 260 | Train Loss: 0.0073471 Vali Loss: 0.0042827 Test Loss: 0.0095558
EarlyStopping counter: 3 out of 100
Updating learning rate to 0.0025
	iters: 100, epoch: 9 | loss: 0.0007688
	speed: 0.2366s/iter; left time: 5636.4770s
	iters: 200, epoch: 9 | loss: 0.1534886
	speed: 0.1199s/iter; left time: 2844.6802s
Epoch: 9 cost time: 31.70186710357666
Epoch: 9, Steps: 260 | Train Loss: 0.0073871 Vali Loss: 0.0040664 Test Loss: 0.0096268
EarlyStopping counter: 4 out of 100
Updating learning rate to 0.0025
	iters: 100, epoch: 10 | loss: 0.0032585
	speed: 0.2411s/iter; left time: 5681.6741s
	iters: 200, epoch: 10 | loss: 0.0016776
	speed: 0.1228s/iter; left time: 2881.4754s
Epoch: 10 cost time: 32.4905059337616
Epoch: 10, Steps: 260 | Train Loss: 0.0069879 Vali Loss: 0.0036758 Test Loss: 0.0086904
Validation loss decreased (0.003963 --> 0.003676).  Saving model ...
Updating learning rate to 0.0025
	iters: 100, epoch: 11 | loss: 0.0033862
	speed: 0.2470s/iter; left time: 5755.1251s
	iters: 200, epoch: 11 | loss: 0.0013585
	speed: 0.1235s/iter; left time: 2864.3718s
Epoch: 11 cost time: 32.71121025085449
Epoch: 11, Steps: 260 | Train Loss: 0.0073027 Vali Loss: 0.0044696 Test Loss: 0.0103234
EarlyStopping counter: 1 out of 100
Updating learning rate to 0.0025
	iters: 100, epoch: 12 | loss: 0.0120204
	speed: 0.2479s/iter; left time: 5712.3086s
	iters: 200, epoch: 12 | loss: 0.0003836
	speed: 0.1226s/iter; left time: 2812.1737s
Epoch: 12 cost time: 32.57838773727417
Epoch: 12, Steps: 260 | Train Loss: 0.0084324 Vali Loss: 0.0012461 Test Loss: 0.0093457
Validation loss decreased (0.003676 --> 0.001246).  Saving model ...
Updating learning rate to 0.0025
	iters: 100, epoch: 13 | loss: 0.0004746
	speed: 0.2479s/iter; left time: 5646.4865s
	iters: 200, epoch: 13 | loss: 0.0007726
	speed: 0.1253s/iter; left time: 2842.2478s
Epoch: 13 cost time: 33.140299797058105
Epoch: 13, Steps: 260 | Train Loss: 0.0070004 Vali Loss: 0.0039503 Test Loss: 0.0091619
EarlyStopping counter: 1 out of 100
Updating learning rate to 0.0025
	iters: 100, epoch: 14 | loss: 0.0005883
	speed: 0.2491s/iter; left time: 5610.3018s
	iters: 200, epoch: 14 | loss: 0.0013998
	speed: 0.1316s/iter; left time: 2951.1356s
Epoch: 14 cost time: 35.216636419296265
Epoch: 14, Steps: 260 | Train Loss: 0.0067938 Vali Loss: 0.0038133 Test Loss: 0.0088640
EarlyStopping counter: 2 out of 100
Updating learning rate to 0.0025
	iters: 100, epoch: 15 | loss: 0.0009346
	speed: 0.2956s/iter; left time: 6581.1462s
	iters: 200, epoch: 15 | loss: 0.0023610
	speed: 0.1492s/iter; left time: 3305.4776s
Epoch: 15 cost time: 39.185333490371704
Epoch: 15, Steps: 260 | Train Loss: 0.0071328 Vali Loss: 0.0052893 Test Loss: 0.0114983
EarlyStopping counter: 3 out of 100
Updating learning rate to 0.0025
	iters: 100, epoch: 16 | loss: 0.0012969
	speed: 0.2934s/iter; left time: 6454.8881s
	iters: 200, epoch: 16 | loss: 0.0064158
	speed: 0.1214s/iter; left time: 2658.3090s
Epoch: 16 cost time: 34.84504413604736
Epoch: 16, Steps: 260 | Train Loss: 0.0079865 Vali Loss: 0.0050715 Test Loss: 0.0107038
EarlyStopping counter: 4 out of 100
Updating learning rate to 0.0025
	iters: 100, epoch: 17 | loss: 0.0009641
	speed: 0.2413s/iter; left time: 5245.0646s
	iters: 200, epoch: 17 | loss: 0.0011389
	speed: 0.1217s/iter; left time: 2633.1554s
Epoch: 17 cost time: 31.922685146331787
Epoch: 17, Steps: 260 | Train Loss: 0.0066414 Vali Loss: 0.0043024 Test Loss: 0.0100981
EarlyStopping counter: 5 out of 100
Updating learning rate to 0.0025
	iters: 100, epoch: 18 | loss: 0.0110809
	speed: 0.2388s/iter; left time: 5129.5449s
	iters: 200, epoch: 18 | loss: 0.0005723
	speed: 0.1201s/iter; left time: 2568.2825s
Epoch: 18 cost time: 31.8263258934021
Epoch: 18, Steps: 260 | Train Loss: 0.0068621 Vali Loss: 0.0038431 Test Loss: 0.0088512
EarlyStopping counter: 6 out of 100
Updating learning rate to 0.0025
	iters: 100, epoch: 19 | loss: 0.0023128
	speed: 0.2402s/iter; left time: 5097.2680s
	iters: 200, epoch: 19 | loss: 0.0006808
	speed: 0.1195s/iter; left time: 2524.9211s
Epoch: 19 cost time: 31.700143098831177
Epoch: 19, Steps: 260 | Train Loss: 0.0068556 Vali Loss: 0.0039396 Test Loss: 0.0095988
EarlyStopping counter: 7 out of 100
Updating learning rate to 0.0025
	iters: 100, epoch: 20 | loss: 0.0036143
	speed: 0.2390s/iter; left time: 5010.5469s
	iters: 200, epoch: 20 | loss: 0.0008232
	speed: 0.1211s/iter; left time: 2525.9614s
Epoch: 20 cost time: 31.817946195602417
Epoch: 20, Steps: 260 | Train Loss: 0.0065553 Vali Loss: 0.0042991 Test Loss: 0.0105163
EarlyStopping counter: 8 out of 100
Updating learning rate to 0.0025
	iters: 100, epoch: 21 | loss: 0.0010763
	speed: 0.2390s/iter; left time: 4946.7817s
	iters: 200, epoch: 21 | loss: 0.0010328
	speed: 0.1193s/iter; left time: 2457.6627s
Epoch: 21 cost time: 31.75536298751831
Epoch: 21, Steps: 260 | Train Loss: 0.0064809 Vali Loss: 0.0040160 Test Loss: 0.0096610
EarlyStopping counter: 9 out of 100
Updating learning rate to 0.0025
	iters: 100, epoch: 22 | loss: 0.0010401
	speed: 0.2390s/iter; left time: 4885.4308s
	iters: 200, epoch: 22 | loss: 0.0050121
	speed: 0.1206s/iter; left time: 2453.5998s
Epoch: 22 cost time: 31.897492170333862
Epoch: 22, Steps: 260 | Train Loss: 0.0070204 Vali Loss: 0.0038751 Test Loss: 0.0090023
EarlyStopping counter: 10 out of 100
Updating learning rate to 0.0025
	iters: 100, epoch: 23 | loss: 0.0003641
	speed: 0.2389s/iter; left time: 4821.1737s
	iters: 200, epoch: 23 | loss: 0.0007820
	speed: 0.1196s/iter; left time: 2400.9596s
Epoch: 23 cost time: 31.78378415107727
Epoch: 23, Steps: 260 | Train Loss: 0.0068596 Vali Loss: 0.0038434 Test Loss: 0.0093153
EarlyStopping counter: 11 out of 100
Updating learning rate to 0.0025
	iters: 100, epoch: 24 | loss: 0.0004266
	speed: 0.2392s/iter; left time: 4764.8035s
	iters: 200, epoch: 24 | loss: 0.0002443
	speed: 0.1192s/iter; left time: 2363.1329s
Epoch: 24 cost time: 31.69879698753357
Epoch: 24, Steps: 260 | Train Loss: 0.0065130 Vali Loss: 0.0054596 Test Loss: 0.0118017
EarlyStopping counter: 12 out of 100
Updating learning rate to 0.0025
	iters: 100, epoch: 25 | loss: 0.0003669
	speed: 0.2389s/iter; left time: 4696.7585s
	iters: 200, epoch: 25 | loss: 0.0009482
	speed: 0.1191s/iter; left time: 2329.6647s
Epoch: 25 cost time: 31.619621992111206
Epoch: 25, Steps: 260 | Train Loss: 0.0063166 Vali Loss: 0.0046864 Test Loss: 0.0105827
EarlyStopping counter: 13 out of 100
Updating learning rate to 0.0025
	iters: 100, epoch: 26 | loss: 0.0008178
	speed: 0.2375s/iter; left time: 4608.4847s
	iters: 200, epoch: 26 | loss: 0.0078809
	speed: 0.1193s/iter; left time: 2303.0396s
Epoch: 26 cost time: 31.54597759246826
Epoch: 26, Steps: 260 | Train Loss: 0.0063164 Vali Loss: 0.0038389 Test Loss: 0.0092983
EarlyStopping counter: 14 out of 100
Updating learning rate to 0.0025
	iters: 100, epoch: 27 | loss: 0.2015300
	speed: 0.2376s/iter; left time: 4548.7889s
	iters: 200, epoch: 27 | loss: 0.0016022
	speed: 0.1198s/iter; left time: 2280.7840s
Epoch: 27 cost time: 31.72759485244751
Epoch: 27, Steps: 260 | Train Loss: 0.0071143 Vali Loss: 0.0042375 Test Loss: 0.0104628
EarlyStopping counter: 15 out of 100
Updating learning rate to 0.0025
	iters: 100, epoch: 28 | loss: 0.0027436
	speed: 0.2365s/iter; left time: 4465.4729s
	iters: 200, epoch: 28 | loss: 0.0035031
	speed: 0.1216s/iter; left time: 2284.2453s
Epoch: 28 cost time: 31.90451169013977
Epoch: 28, Steps: 260 | Train Loss: 0.0069276 Vali Loss: 0.0008787 Test Loss: 0.0090230
Validation loss decreased (0.001246 --> 0.000879).  Saving model ...
Updating learning rate to 0.0025
	iters: 100, epoch: 29 | loss: 0.0026615
	speed: 0.2393s/iter; left time: 4455.8790s
	iters: 200, epoch: 29 | loss: 0.1623968
	speed: 0.1188s/iter; left time: 2200.7904s
Epoch: 29 cost time: 31.617323398590088
Epoch: 29, Steps: 260 | Train Loss: 0.0065615 Vali Loss: 0.0039829 Test Loss: 0.0094984
EarlyStopping counter: 1 out of 100
Updating learning rate to 0.0025
	iters: 100, epoch: 30 | loss: 0.0026057
	speed: 0.2365s/iter; left time: 4342.4844s
	iters: 200, epoch: 30 | loss: 0.0020671
	speed: 0.1198s/iter; left time: 2187.1514s
Epoch: 30 cost time: 31.65859293937683
Epoch: 30, Steps: 260 | Train Loss: 0.0066590 Vali Loss: 0.0043271 Test Loss: 0.0102102
EarlyStopping counter: 2 out of 100
Updating learning rate to 0.0025
	iters: 100, epoch: 31 | loss: 0.0009160
	speed: 0.2380s/iter; left time: 4308.5969s
	iters: 200, epoch: 31 | loss: 0.0009435
	speed: 0.1202s/iter; left time: 2162.8515s
Epoch: 31 cost time: 31.889845848083496
Epoch: 31, Steps: 260 | Train Loss: 0.0062738 Vali Loss: 0.0048542 Test Loss: 0.0113588
EarlyStopping counter: 3 out of 100
Updating learning rate to 0.0025
	iters: 100, epoch: 32 | loss: 0.0014491
	speed: 0.2394s/iter; left time: 4272.0049s
	iters: 200, epoch: 32 | loss: 0.1458827
	speed: 0.1219s/iter; left time: 2162.0033s
Epoch: 32 cost time: 31.923790216445923
Epoch: 32, Steps: 260 | Train Loss: 0.0062583 Vali Loss: 0.0039429 Test Loss: 0.0093850
EarlyStopping counter: 4 out of 100
Updating learning rate to 0.0025
	iters: 100, epoch: 33 | loss: 0.0003014
	speed: 0.2373s/iter; left time: 4172.1078s
	iters: 200, epoch: 33 | loss: 0.0047052
	speed: 0.1202s/iter; left time: 2101.3267s
Epoch: 33 cost time: 31.624013423919678
Epoch: 33, Steps: 260 | Train Loss: 0.0061070 Vali Loss: 0.0041035 Test Loss: 0.0094589
EarlyStopping counter: 5 out of 100
Updating learning rate to 0.0025
	iters: 100, epoch: 34 | loss: 0.0006043
	speed: 0.2389s/iter; left time: 4137.1481s
	iters: 200, epoch: 34 | loss: 0.0002547
	speed: 0.1272s/iter; left time: 2189.8359s
Epoch: 34 cost time: 32.62340497970581
Epoch: 34, Steps: 260 | Train Loss: 0.0062566 Vali Loss: 0.0041117 Test Loss: 0.0095411
EarlyStopping counter: 6 out of 100
Updating learning rate to 0.0025
	iters: 100, epoch: 35 | loss: 0.0006216
	speed: 0.2464s/iter; left time: 4203.5257s
	iters: 200, epoch: 35 | loss: 0.0076347
	speed: 0.1238s/iter; left time: 2100.0226s
Epoch: 35 cost time: 32.79178810119629
Epoch: 35, Steps: 260 | Train Loss: 0.0063405 Vali Loss: 0.0046768 Test Loss: 0.0110297
EarlyStopping counter: 7 out of 100
Updating learning rate to 0.0025
	iters: 100, epoch: 36 | loss: 0.0017853
	speed: 0.2452s/iter; left time: 4120.4338s
	iters: 200, epoch: 36 | loss: 0.0005190
	speed: 0.1232s/iter; left time: 2057.8649s
Epoch: 36 cost time: 32.51701092720032
Epoch: 36, Steps: 260 | Train Loss: 0.0071921 Vali Loss: 0.0047223 Test Loss: 0.0111349
EarlyStopping counter: 8 out of 100
Updating learning rate to 0.0025
	iters: 100, epoch: 37 | loss: 0.0046222
	speed: 0.2457s/iter; left time: 4063.7209s
	iters: 200, epoch: 37 | loss: 0.0020530
	speed: 0.1250s/iter; left time: 2055.4580s
Epoch: 37 cost time: 32.87585401535034
Epoch: 37, Steps: 260 | Train Loss: 0.0071711 Vali Loss: 0.0040024 Test Loss: 0.0094892
EarlyStopping counter: 9 out of 100
Updating learning rate to 0.0025
	iters: 100, epoch: 38 | loss: 0.0034754
	speed: 0.2469s/iter; left time: 4020.3172s
	iters: 200, epoch: 38 | loss: 0.0092036
	speed: 0.1251s/iter; left time: 2024.4435s
Epoch: 38 cost time: 33.686561584472656
Epoch: 38, Steps: 260 | Train Loss: 0.0065417 Vali Loss: 0.0038846 Test Loss: 0.0102873
EarlyStopping counter: 10 out of 100
Updating learning rate to 0.0025
	iters: 100, epoch: 39 | loss: 0.0083658
	speed: 0.2897s/iter; left time: 4641.0582s
	iters: 200, epoch: 39 | loss: 0.0010554
	speed: 0.1470s/iter; left time: 2339.8771s
Epoch: 39 cost time: 39.29181432723999
Epoch: 39, Steps: 260 | Train Loss: 0.0066439 Vali Loss: 0.0039708 Test Loss: 0.0094589
EarlyStopping counter: 11 out of 100
Updating learning rate to 0.0025
	iters: 100, epoch: 40 | loss: 0.0004446
	speed: 0.2950s/iter; left time: 4648.7509s
	iters: 200, epoch: 40 | loss: 0.0008267
	speed: 0.1368s/iter; left time: 2141.7611s
Epoch: 40 cost time: 36.34997582435608
Epoch: 40, Steps: 260 | Train Loss: 0.0060946 Vali Loss: 0.0036519 Test Loss: 0.0085607
EarlyStopping counter: 12 out of 100
Updating learning rate to 0.0025
	iters: 100, epoch: 41 | loss: 0.0004557
	speed: 0.2383s/iter; left time: 3693.3389s
	iters: 200, epoch: 41 | loss: 0.0002363
	speed: 0.1200s/iter; left time: 1848.7292s
Epoch: 41 cost time: 31.88371205329895
Epoch: 41, Steps: 260 | Train Loss: 0.0060787 Vali Loss: 0.0047918 Test Loss: 0.0106822
EarlyStopping counter: 13 out of 100
Updating learning rate to 0.0025
	iters: 100, epoch: 42 | loss: 0.0022254
	speed: 0.2386s/iter; left time: 3635.9516s
	iters: 200, epoch: 42 | loss: 0.0025007
	speed: 0.1197s/iter; left time: 1812.5237s
Epoch: 42 cost time: 31.67066764831543
Epoch: 42, Steps: 260 | Train Loss: 0.0062207 Vali Loss: 0.0037710 Test Loss: 0.0090587
EarlyStopping counter: 14 out of 100
Updating learning rate to 0.0025
	iters: 100, epoch: 43 | loss: 0.0004968
	speed: 0.2384s/iter; left time: 3572.2090s
	iters: 200, epoch: 43 | loss: 0.0003132
	speed: 0.1214s/iter; left time: 1805.9277s
Epoch: 43 cost time: 31.91571617126465
Epoch: 43, Steps: 260 | Train Loss: 0.0061915 Vali Loss: 0.0043712 Test Loss: 0.0102200
EarlyStopping counter: 15 out of 100
Updating learning rate to 0.0025
	iters: 100, epoch: 44 | loss: 0.0007630
	speed: 0.2385s/iter; left time: 3510.2312s
	iters: 200, epoch: 44 | loss: 0.0008435
	speed: 0.1203s/iter; left time: 1758.3957s
Epoch: 44 cost time: 31.793148040771484
Epoch: 44, Steps: 260 | Train Loss: 0.0060180 Vali Loss: 0.0038575 Test Loss: 0.0090204
EarlyStopping counter: 16 out of 100
Updating learning rate to 0.0025
	iters: 100, epoch: 45 | loss: 0.0004160
	speed: 0.2387s/iter; left time: 3452.3434s
	iters: 200, epoch: 45 | loss: 0.0035905
	speed: 0.1197s/iter; left time: 1718.4491s
Epoch: 45 cost time: 31.86343765258789
Epoch: 45, Steps: 260 | Train Loss: 0.0062786 Vali Loss: 0.0041248 Test Loss: 0.0102537
EarlyStopping counter: 17 out of 100
Updating learning rate to 0.0025
	iters: 100, epoch: 46 | loss: 0.0007117
	speed: 0.2382s/iter; left time: 3382.9192s
	iters: 200, epoch: 46 | loss: 0.0007298
	speed: 0.1217s/iter; left time: 1716.7026s
Epoch: 46 cost time: 31.82222557067871
Epoch: 46, Steps: 260 | Train Loss: 0.0063677 Vali Loss: 0.0042126 Test Loss: 0.0099856
EarlyStopping counter: 18 out of 100
Updating learning rate to 0.0025
	iters: 100, epoch: 47 | loss: 0.0003621
	speed: 0.2405s/iter; left time: 3352.3015s
	iters: 200, epoch: 47 | loss: 0.0033685
	speed: 0.1208s/iter; left time: 1672.1679s
Epoch: 47 cost time: 31.928701400756836
Epoch: 47, Steps: 260 | Train Loss: 0.0062640 Vali Loss: 0.0049258 Test Loss: 0.0115004
EarlyStopping counter: 19 out of 100
Updating learning rate to 0.0025
	iters: 100, epoch: 48 | loss: 0.0057630
	speed: 0.2386s/iter; left time: 3264.3817s
	iters: 200, epoch: 48 | loss: 0.0010398
	speed: 0.1195s/iter; left time: 1623.2336s
Epoch: 48 cost time: 31.851460933685303
Epoch: 48, Steps: 260 | Train Loss: 0.0065600 Vali Loss: 0.0038743 Test Loss: 0.0094020
EarlyStopping counter: 20 out of 100
Updating learning rate to 0.0025
	iters: 100, epoch: 49 | loss: 0.0037943
	speed: 0.2374s/iter; left time: 3185.8455s
	iters: 200, epoch: 49 | loss: 0.0011964
	speed: 0.1192s/iter; left time: 1587.7733s
Epoch: 49 cost time: 31.55439305305481
Epoch: 49, Steps: 260 | Train Loss: 0.0061989 Vali Loss: 0.0039319 Test Loss: 0.0092467
EarlyStopping counter: 21 out of 100
Updating learning rate to 0.0025
	iters: 100, epoch: 50 | loss: 0.0004198
	speed: 0.2373s/iter; left time: 3122.6969s
	iters: 200, epoch: 50 | loss: 0.0010636
	speed: 0.1202s/iter; left time: 1569.8690s
Epoch: 50 cost time: 31.766240119934082
Epoch: 50, Steps: 260 | Train Loss: 0.0062685 Vali Loss: 0.0042492 Test Loss: 0.0104120
EarlyStopping counter: 22 out of 100
Updating learning rate to 0.0025
	iters: 100, epoch: 51 | loss: 0.0006446
	speed: 0.2405s/iter; left time: 3103.2809s
	iters: 200, epoch: 51 | loss: 0.0007676
	speed: 0.1208s/iter; left time: 1546.3258s
Epoch: 51 cost time: 31.937616109848022
Epoch: 51, Steps: 260 | Train Loss: 0.0062092 Vali Loss: 0.0045366 Test Loss: 0.0109983
EarlyStopping counter: 23 out of 100
Updating learning rate to 0.0025
	iters: 100, epoch: 52 | loss: 0.0003101
	speed: 0.2372s/iter; left time: 2998.1635s
	iters: 200, epoch: 52 | loss: 0.0006361
	speed: 0.1198s/iter; left time: 1502.8629s
Epoch: 52 cost time: 31.85001230239868
Epoch: 52, Steps: 260 | Train Loss: 0.0059377 Vali Loss: 0.0038415 Test Loss: 0.0091465
EarlyStopping counter: 24 out of 100
Updating learning rate to 0.0025
	iters: 100, epoch: 53 | loss: 0.0016224
	speed: 0.2396s/iter; left time: 2966.5107s
	iters: 200, epoch: 53 | loss: 0.0012764
	speed: 0.1201s/iter; left time: 1474.3630s
Epoch: 53 cost time: 31.752198934555054
Epoch: 53, Steps: 260 | Train Loss: 0.0059247 Vali Loss: 0.0039318 Test Loss: 0.0092733
EarlyStopping counter: 25 out of 100
Updating learning rate to 0.0025
	iters: 100, epoch: 54 | loss: 0.0003542
	speed: 0.2369s/iter; left time: 2871.9651s
	iters: 200, epoch: 54 | loss: 0.0008777
	speed: 0.1206s/iter; left time: 1450.0162s
Epoch: 54 cost time: 31.85216975212097
Epoch: 54, Steps: 260 | Train Loss: 0.0058797 Vali Loss: 0.0013291 Test Loss: 0.0104167
EarlyStopping counter: 26 out of 100
Updating learning rate to 0.0025
	iters: 100, epoch: 55 | loss: 0.0081182
	speed: 0.2394s/iter; left time: 2840.1004s
	iters: 200, epoch: 55 | loss: 0.0004589
	speed: 0.1213s/iter; left time: 1426.3497s
Epoch: 55 cost time: 31.8966281414032
Epoch: 55, Steps: 260 | Train Loss: 0.0065902 Vali Loss: 0.0041245 Test Loss: 0.0101554
EarlyStopping counter: 27 out of 100
Updating learning rate to 0.0025
	iters: 100, epoch: 56 | loss: 0.0026961
	speed: 0.2388s/iter; left time: 2769.8830s
	iters: 200, epoch: 56 | loss: 0.0002464
	speed: 0.1202s/iter; left time: 1382.5405s
Epoch: 56 cost time: 31.614929676055908
Epoch: 56, Steps: 260 | Train Loss: 0.0063734 Vali Loss: 0.0042617 Test Loss: 0.0100525
EarlyStopping counter: 28 out of 100
Updating learning rate to 0.0025
	iters: 100, epoch: 57 | loss: 0.1601929
	speed: 0.2364s/iter; left time: 2681.1698s
	iters: 200, epoch: 57 | loss: 0.0002252
	speed: 0.1208s/iter; left time: 1358.0220s
Epoch: 57 cost time: 31.78810977935791
Epoch: 57, Steps: 260 | Train Loss: 0.0061105 Vali Loss: 0.0044621 Test Loss: 0.0106614
EarlyStopping counter: 29 out of 100
Updating learning rate to 0.0025
	iters: 100, epoch: 58 | loss: 0.0005055
	speed: 0.2378s/iter; left time: 2634.6409s
	iters: 200, epoch: 58 | loss: 0.0011134
	speed: 0.1194s/iter; left time: 1311.1780s
Epoch: 58 cost time: 31.90129590034485
Epoch: 58, Steps: 260 | Train Loss: 0.0061867 Vali Loss: 0.0046027 Test Loss: 0.0112718
EarlyStopping counter: 30 out of 100
Updating learning rate to 0.0025
	iters: 100, epoch: 59 | loss: 0.0006343
	speed: 0.2467s/iter; left time: 2669.2940s
	iters: 200, epoch: 59 | loss: 0.0005600
	speed: 0.1244s/iter; left time: 1333.7311s
Epoch: 59 cost time: 32.8528106212616
Epoch: 59, Steps: 260 | Train Loss: 0.0061776 Vali Loss: 0.0043577 Test Loss: 0.0120251
EarlyStopping counter: 31 out of 100
Updating learning rate to 0.0025
	iters: 100, epoch: 60 | loss: 0.0020991
	speed: 0.2441s/iter; left time: 2577.4295s
	iters: 200, epoch: 60 | loss: 0.0017838
	speed: 0.1233s/iter; left time: 1290.1131s
Epoch: 60 cost time: 32.59468460083008
Epoch: 60, Steps: 260 | Train Loss: 0.0062331 Vali Loss: 0.0044953 Test Loss: 0.0110530
EarlyStopping counter: 32 out of 100
Updating learning rate to 0.0025
	iters: 100, epoch: 61 | loss: 0.0004234
	speed: 0.2461s/iter; left time: 2535.2938s
	iters: 200, epoch: 61 | loss: 0.0002320
	speed: 0.1245s/iter; left time: 1269.5585s
Epoch: 61 cost time: 32.93859601020813
Epoch: 61, Steps: 260 | Train Loss: 0.0061737 Vali Loss: 0.0039871 Test Loss: 0.0097225
EarlyStopping counter: 33 out of 100
Updating learning rate to 0.0025
	iters: 100, epoch: 62 | loss: 0.0008324
	speed: 0.2505s/iter; left time: 2514.8168s
	iters: 200, epoch: 62 | loss: 0.0008000
	speed: 0.1355s/iter; left time: 1347.4478s
Epoch: 62 cost time: 35.8870575428009
Epoch: 62, Steps: 260 | Train Loss: 0.0060442 Vali Loss: 0.0039703 Test Loss: 0.0105835
EarlyStopping counter: 34 out of 100
Updating learning rate to 0.0025
	iters: 100, epoch: 63 | loss: 0.0020853
	speed: 0.2977s/iter; left time: 2911.5761s
	iters: 200, epoch: 63 | loss: 0.0023563
	speed: 0.1513s/iter; left time: 1465.0694s
Epoch: 63 cost time: 39.489450216293335
Epoch: 63, Steps: 260 | Train Loss: 0.0060334 Vali Loss: 0.0037682 Test Loss: 0.0090414
EarlyStopping counter: 35 out of 100
Updating learning rate to 0.0025
	iters: 100, epoch: 64 | loss: 0.0009018
	speed: 0.2925s/iter; left time: 2785.0023s
	iters: 200, epoch: 64 | loss: 0.0019172
	speed: 0.1214s/iter; left time: 1144.0513s
Epoch: 64 cost time: 34.68551015853882
Epoch: 64, Steps: 260 | Train Loss: 0.0061329 Vali Loss: 0.0040864 Test Loss: 0.0106194
EarlyStopping counter: 36 out of 100
Updating learning rate to 0.0025
	iters: 100, epoch: 65 | loss: 0.0004182
	speed: 0.2391s/iter; left time: 2213.9397s
	iters: 200, epoch: 65 | loss: 0.1412547
	speed: 0.1186s/iter; left time: 1086.3487s
Epoch: 65 cost time: 31.51133942604065
Epoch: 65, Steps: 260 | Train Loss: 0.0060050 Vali Loss: 0.0043392 Test Loss: 0.0103648
EarlyStopping counter: 37 out of 100
Updating learning rate to 0.0025
	iters: 100, epoch: 66 | loss: 0.0005198
	speed: 0.2389s/iter; left time: 2150.4125s
	iters: 200, epoch: 66 | loss: 0.0050429
	speed: 0.1207s/iter; left time: 1074.7834s
Epoch: 66 cost time: 31.863815546035767
Epoch: 66, Steps: 260 | Train Loss: 0.0061076 Vali Loss: 0.0038928 Test Loss: 0.0100808
EarlyStopping counter: 38 out of 100
Updating learning rate to 0.0025
	iters: 100, epoch: 67 | loss: 0.0005509
	speed: 0.2390s/iter; left time: 2089.0070s
	iters: 200, epoch: 67 | loss: 0.0008710
	speed: 0.1208s/iter; left time: 1044.0107s
Epoch: 67 cost time: 31.860998392105103
Epoch: 67, Steps: 260 | Train Loss: 0.0052140 Vali Loss: 0.0040290 Test Loss: 0.0107343
EarlyStopping counter: 39 out of 100
Updating learning rate to 0.0025
	iters: 100, epoch: 68 | loss: 0.0009482
	speed: 0.2378s/iter; left time: 2016.6393s
	iters: 200, epoch: 68 | loss: 0.0006175
	speed: 0.1197s/iter; left time: 1003.0288s
Epoch: 68 cost time: 31.668782472610474
Epoch: 68, Steps: 260 | Train Loss: 0.0058649 Vali Loss: 0.0039392 Test Loss: 0.0107306
EarlyStopping counter: 40 out of 100
Updating learning rate to 0.0025
	iters: 100, epoch: 69 | loss: 0.0003645
	speed: 0.2371s/iter; left time: 1949.1558s
	iters: 200, epoch: 69 | loss: 0.0005451
	speed: 0.1189s/iter; left time: 965.8321s
Epoch: 69 cost time: 31.5594584941864
Epoch: 69, Steps: 260 | Train Loss: 0.0059167 Vali Loss: 0.0044411 Test Loss: 0.0116520
EarlyStopping counter: 41 out of 100
Updating learning rate to 0.0025
	iters: 100, epoch: 70 | loss: 0.0006570
	speed: 0.2379s/iter; left time: 1893.8289s
	iters: 200, epoch: 70 | loss: 0.0009614
	speed: 0.1197s/iter; left time: 940.7009s
Epoch: 70 cost time: 31.703514099121094
Epoch: 70, Steps: 260 | Train Loss: 0.0059443 Vali Loss: 0.0041545 Test Loss: 0.0111938
EarlyStopping counter: 42 out of 100
Updating learning rate to 0.0025
	iters: 100, epoch: 71 | loss: 0.0004629
	speed: 0.2388s/iter; left time: 1838.9354s
	iters: 200, epoch: 71 | loss: 0.0011545
	speed: 0.1186s/iter; left time: 901.1562s
Epoch: 71 cost time: 31.479894161224365
Epoch: 71, Steps: 260 | Train Loss: 0.0058037 Vali Loss: 0.0044337 Test Loss: 0.0109220
EarlyStopping counter: 43 out of 100
Updating learning rate to 0.0025
	iters: 100, epoch: 72 | loss: 0.0006504
	speed: 0.2375s/iter; left time: 1767.5121s
	iters: 200, epoch: 72 | loss: 0.0004125
	speed: 0.1207s/iter; left time: 886.1186s
Epoch: 72 cost time: 31.769338846206665
Epoch: 72, Steps: 260 | Train Loss: 0.0058540 Vali Loss: 0.0044318 Test Loss: 0.0111492
EarlyStopping counter: 44 out of 100
Updating learning rate to 0.0025
	iters: 100, epoch: 73 | loss: 0.0012266
	speed: 0.2383s/iter; left time: 1711.1779s
	iters: 200, epoch: 73 | loss: 0.0004903
	speed: 0.1211s/iter; left time: 857.3672s
Epoch: 73 cost time: 31.855971336364746
Epoch: 73, Steps: 260 | Train Loss: 0.0058299 Vali Loss: 0.0040485 Test Loss: 0.0094524
EarlyStopping counter: 45 out of 100
Updating learning rate to 0.0025
	iters: 100, epoch: 74 | loss: 0.0004491
	speed: 0.2375s/iter; left time: 1643.4688s
	iters: 200, epoch: 74 | loss: 0.0006813
	speed: 0.1214s/iter; left time: 828.2725s
Epoch: 74 cost time: 31.890114307403564
Epoch: 74, Steps: 260 | Train Loss: 0.0058725 Vali Loss: 0.0037146 Test Loss: 0.0090884
EarlyStopping counter: 46 out of 100
Updating learning rate to 0.0025
	iters: 100, epoch: 75 | loss: 0.1630902
	speed: 0.2370s/iter; left time: 1578.9002s
	iters: 200, epoch: 75 | loss: 0.0002093
	speed: 0.1185s/iter; left time: 777.7106s
Epoch: 75 cost time: 31.456319570541382
Epoch: 75, Steps: 260 | Train Loss: 0.0057620 Vali Loss: 0.0043641 Test Loss: 0.0112319
EarlyStopping counter: 47 out of 100
Updating learning rate to 0.0025
	iters: 100, epoch: 76 | loss: 0.0013674
	speed: 0.2381s/iter; left time: 1524.1175s
	iters: 200, epoch: 76 | loss: 0.0004714
	speed: 0.1203s/iter; left time: 757.8291s
Epoch: 76 cost time: 31.601861000061035
Epoch: 76, Steps: 260 | Train Loss: 0.0059296 Vali Loss: 0.0047196 Test Loss: 0.0115580
EarlyStopping counter: 48 out of 100
Updating learning rate to 0.0025
	iters: 100, epoch: 77 | loss: 0.0026596
	speed: 0.2435s/iter; left time: 1495.3914s
	iters: 200, epoch: 77 | loss: 0.0015945
	speed: 0.1268s/iter; left time: 765.8914s
Epoch: 77 cost time: 33.37409234046936
Epoch: 77, Steps: 260 | Train Loss: 0.0058176 Vali Loss: 0.0043543 Test Loss: 0.0107882
EarlyStopping counter: 49 out of 100
Updating learning rate to 0.0025
	iters: 100, epoch: 78 | loss: 0.0011717
	speed: 0.2421s/iter; left time: 1423.5356s
	iters: 200, epoch: 78 | loss: 0.0061441
	speed: 0.1209s/iter; left time: 699.1868s
Epoch: 78 cost time: 31.88944911956787
Epoch: 78, Steps: 260 | Train Loss: 0.0059831 Vali Loss: 0.0041118 Test Loss: 0.0106588
EarlyStopping counter: 50 out of 100
Updating learning rate to 0.0025
	iters: 100, epoch: 79 | loss: 0.0004366
	speed: 0.2429s/iter; left time: 1365.4395s
	iters: 200, epoch: 79 | loss: 0.0031376
	speed: 0.1229s/iter; left time: 678.5460s
Epoch: 79 cost time: 32.57606291770935
Epoch: 79, Steps: 260 | Train Loss: 0.0059640 Vali Loss: 0.0043076 Test Loss: 0.0106513
EarlyStopping counter: 51 out of 100
Updating learning rate to 0.0025
	iters: 100, epoch: 80 | loss: 0.0006449
	speed: 0.2423s/iter; left time: 1299.1845s
	iters: 200, epoch: 80 | loss: 0.0001860
	speed: 0.1254s/iter; left time: 659.5137s
Epoch: 80 cost time: 32.900455951690674
Epoch: 80, Steps: 260 | Train Loss: 0.0057816 Vali Loss: 0.0038055 Test Loss: 0.0095167
EarlyStopping counter: 52 out of 100
Updating learning rate to 0.0025
	iters: 100, epoch: 81 | loss: 0.0007257
	speed: 0.2463s/iter; left time: 1256.3274s
	iters: 200, epoch: 81 | loss: 0.0015773
	speed: 0.1244s/iter; left time: 622.2559s
Epoch: 81 cost time: 32.857170820236206
Epoch: 81, Steps: 260 | Train Loss: 0.0059596 Vali Loss: 0.0041098 Test Loss: 0.0096902
EarlyStopping counter: 53 out of 100
Updating learning rate to 0.0025
	iters: 100, epoch: 82 | loss: 0.0016820
	speed: 0.2445s/iter; left time: 1183.6075s
	iters: 200, epoch: 82 | loss: 0.0008814
	speed: 0.1232s/iter; left time: 583.9731s
Epoch: 82 cost time: 32.58694767951965
Epoch: 82, Steps: 260 | Train Loss: 0.0058487 Vali Loss: 0.0041368 Test Loss: 0.0099601
EarlyStopping counter: 54 out of 100
Updating learning rate to 0.0025
	iters: 100, epoch: 83 | loss: 0.0008408
	speed: 0.2487s/iter; left time: 1139.5134s
	iters: 200, epoch: 83 | loss: 0.0005499
	speed: 0.1281s/iter; left time: 573.8933s
Epoch: 83 cost time: 33.960498094558716
Epoch: 83, Steps: 260 | Train Loss: 0.0057816 Vali Loss: 0.0043357 Test Loss: 0.0100098
EarlyStopping counter: 55 out of 100
Updating learning rate to 0.0025
	iters: 100, epoch: 84 | loss: 0.0004603
	speed: 0.2549s/iter; left time: 1101.4791s
	iters: 200, epoch: 84 | loss: 0.0008433
	speed: 0.1294s/iter; left time: 546.1715s
Epoch: 84 cost time: 34.25849175453186
Epoch: 84, Steps: 260 | Train Loss: 0.0058042 Vali Loss: 0.0045172 Test Loss: 0.0115842
EarlyStopping counter: 56 out of 100
Updating learning rate to 0.0025
	iters: 100, epoch: 85 | loss: 0.0004576
	speed: 0.2533s/iter; left time: 1028.4828s
	iters: 200, epoch: 85 | loss: 0.0030167
	speed: 0.1256s/iter; left time: 497.6241s
Epoch: 85 cost time: 33.462130308151245
Epoch: 85, Steps: 260 | Train Loss: 0.0057654 Vali Loss: 0.0043444 Test Loss: 0.0110384
EarlyStopping counter: 57 out of 100
Updating learning rate to 0.0025
	iters: 100, epoch: 86 | loss: 0.0008225
	speed: 0.2511s/iter; left time: 954.5036s
	iters: 200, epoch: 86 | loss: 0.0004337
	speed: 0.1277s/iter; left time: 472.7472s
Epoch: 86 cost time: 33.78748059272766
Epoch: 86, Steps: 260 | Train Loss: 0.0059232 Vali Loss: 0.0043368 Test Loss: 0.0107455
EarlyStopping counter: 58 out of 100
Updating learning rate to 0.0025
	iters: 100, epoch: 87 | loss: 0.0020652
	speed: 0.2527s/iter; left time: 894.6960s
	iters: 200, epoch: 87 | loss: 0.0005351
	speed: 0.1280s/iter; left time: 440.5474s
Epoch: 87 cost time: 35.27104115486145
Epoch: 87, Steps: 260 | Train Loss: 0.0058805 Vali Loss: 0.0040484 Test Loss: 0.0102107
EarlyStopping counter: 59 out of 100
Updating learning rate to 0.0025
	iters: 100, epoch: 88 | loss: 0.0004436
	speed: 0.2981s/iter; left time: 978.1375s
	iters: 200, epoch: 88 | loss: 0.0004671
	speed: 0.1519s/iter; left time: 483.1387s
Epoch: 88 cost time: 40.110612630844116
Epoch: 88, Steps: 260 | Train Loss: 0.0057128 Vali Loss: 0.0045138 Test Loss: 0.0108643
EarlyStopping counter: 60 out of 100
Updating learning rate to 0.0025
	iters: 100, epoch: 89 | loss: 0.0005282
	speed: 0.2973s/iter; left time: 898.0684s
	iters: 200, epoch: 89 | loss: 0.0005166
	speed: 0.1277s/iter; left time: 373.0846s
Epoch: 89 cost time: 35.417383670806885
Epoch: 89, Steps: 260 | Train Loss: 0.0052856 Vali Loss: 0.0043670 Test Loss: 0.0110304
EarlyStopping counter: 61 out of 100
Updating learning rate to 0.0025
	iters: 100, epoch: 90 | loss: 0.0012597
	speed: 0.2411s/iter; left time: 665.5547s
	iters: 200, epoch: 90 | loss: 0.0001514
	speed: 0.1239s/iter; left time: 329.6520s
Epoch: 90 cost time: 32.65265202522278
Epoch: 90, Steps: 260 | Train Loss: 0.0060495 Vali Loss: 0.0040863 Test Loss: 0.0105413
EarlyStopping counter: 62 out of 100
Updating learning rate to 0.0025
	iters: 100, epoch: 91 | loss: 0.0086734
	speed: 0.2448s/iter; left time: 612.1436s
	iters: 200, epoch: 91 | loss: 0.0002027
	speed: 0.1235s/iter; left time: 296.6075s
Epoch: 91 cost time: 32.47394824028015
Epoch: 91, Steps: 260 | Train Loss: 0.0058482 Vali Loss: 0.0044640 Test Loss: 0.0109234
EarlyStopping counter: 63 out of 100
Updating learning rate to 0.0025
	iters: 100, epoch: 92 | loss: 0.0004504
	speed: 0.2388s/iter; left time: 535.1037s
	iters: 200, epoch: 92 | loss: 0.0004777
	speed: 0.1209s/iter; left time: 258.7636s
Epoch: 92 cost time: 31.714938163757324
Epoch: 92, Steps: 260 | Train Loss: 0.0058620 Vali Loss: 0.0042961 Test Loss: 0.0106446
EarlyStopping counter: 64 out of 100
Updating learning rate to 0.0025
	iters: 100, epoch: 93 | loss: 0.0018602
	speed: 0.2456s/iter; left time: 486.5297s
	iters: 200, epoch: 93 | loss: 0.0014796
	speed: 0.1238s/iter; left time: 232.8706s
Epoch: 93 cost time: 33.09642744064331
Epoch: 93, Steps: 260 | Train Loss: 0.0059380 Vali Loss: 0.0044232 Test Loss: 0.0116919
EarlyStopping counter: 65 out of 100
Updating learning rate to 0.0025
	iters: 100, epoch: 94 | loss: 0.0012725
	speed: 0.2464s/iter; left time: 424.0236s
	iters: 200, epoch: 94 | loss: 0.0015143
	speed: 0.1263s/iter; left time: 204.6724s
Epoch: 94 cost time: 32.922322034835815
Epoch: 94, Steps: 260 | Train Loss: 0.0057291 Vali Loss: 0.0049723 Test Loss: 0.0119410
EarlyStopping counter: 66 out of 100
Updating learning rate to 0.0025
	iters: 100, epoch: 95 | loss: 0.0003073
	speed: 0.2445s/iter; left time: 357.1834s
	iters: 200, epoch: 95 | loss: 0.0009670
	speed: 0.1257s/iter; left time: 171.0570s
Epoch: 95 cost time: 33.093077182769775
Epoch: 95, Steps: 260 | Train Loss: 0.0060228 Vali Loss: 0.0052922 Test Loss: 0.0124247
EarlyStopping counter: 67 out of 100
Updating learning rate to 0.0025
	iters: 100, epoch: 96 | loss: 0.0002428
	speed: 0.2443s/iter; left time: 293.3583s
	iters: 200, epoch: 96 | loss: 0.0010174
	speed: 0.1259s/iter; left time: 138.6144s
Epoch: 96 cost time: 32.95818018913269
Epoch: 96, Steps: 260 | Train Loss: 0.0058520 Vali Loss: 0.0044055 Test Loss: 0.0112671
EarlyStopping counter: 68 out of 100
Updating learning rate to 0.0025
	iters: 100, epoch: 97 | loss: 0.0019215
	speed: 0.2434s/iter; left time: 229.0732s
	iters: 200, epoch: 97 | loss: 0.0002134
	speed: 0.1227s/iter; left time: 103.1555s
Epoch: 97 cost time: 32.308082818984985
Epoch: 97, Steps: 260 | Train Loss: 0.0059322 Vali Loss: 0.0045327 Test Loss: 0.0110785
EarlyStopping counter: 69 out of 100
Updating learning rate to 0.0025
	iters: 100, epoch: 98 | loss: 0.0008560
	speed: 0.2387s/iter; left time: 162.5666s
	iters: 200, epoch: 98 | loss: 0.0009266
	speed: 0.1183s/iter; left time: 68.7265s
Epoch: 98 cost time: 31.31951332092285
Epoch: 98, Steps: 260 | Train Loss: 0.0057373 Vali Loss: 0.0039630 Test Loss: 0.0095811
EarlyStopping counter: 70 out of 100
Updating learning rate to 0.0025
	iters: 100, epoch: 99 | loss: 0.0002899
	speed: 0.2371s/iter; left time: 99.7982s
	iters: 200, epoch: 99 | loss: 0.0001948
	speed: 0.1186s/iter; left time: 38.0585s
Epoch: 99 cost time: 31.590433359146118
Epoch: 99, Steps: 260 | Train Loss: 0.0055711 Vali Loss: 0.0046292 Test Loss: 0.0121586
EarlyStopping counter: 71 out of 100
Updating learning rate to 0.0025
	iters: 100, epoch: 100 | loss: 0.0006775
	speed: 0.2428s/iter; left time: 39.0889s
	iters: 200, epoch: 100 | loss: 0.0009363
	speed: 0.1252s/iter; left time: 7.6378s
Epoch: 100 cost time: 32.93397927284241
Epoch: 100, Steps: 260 | Train Loss: 0.0055837 Vali Loss: 0.0049604 Test Loss: 0.0121231
EarlyStopping counter: 72 out of 100
Updating learning rate to 0.0025
>>>>>>>testing : 60_1_PatchTST_custom_ftM_sl60_ll48_pl1_dm16_nh4_el3_dl1_df128_fc1_ebtimeF_dtTrue_Exp_0<<<<<<<<<<<<<<<<<<<<<<<<<<<<<<<<<
test 1207
mse:0.009022995829582214, mae:0.023157047107815742, rse:0.031051496043801308
