Args in experiment:
Namespace(random_seed=2024, is_training=1, model_id='84_28', model='PatchTST', data='custom', root_path='./dataset/', data_path='db_lv2.csv', features='M', target='Target', freq='h', checkpoints='./checkpoints/', seq_len=84, label_len=48, pred_len=28, fc_dropout=0.2, head_dropout=0.0, patch_len=30, stride=2, padding_patch='end', revin=1, affine=0, subtract_last=0, decomposition=0, kernel_size=25, individual=0, embed_type=0, enc_in=5, dec_in=7, c_out=7, d_model=16, n_heads=4, e_layers=3, d_layers=1, d_ff=128, moving_avg=25, factor=1, distil=True, dropout=0.2, embed='timeF', activation='gelu', output_attention=False, do_predict=False, num_workers=10, itr=1, train_epochs=100, batch_size=16, patience=100, learning_rate=0.0025, des='Exp', loss='mse', lradj='constant', pct_start=0.3, use_amp=False, use_gpu=False, gpu=0, use_multi_gpu=False, devices='0,1,2,3', test_flop=False)
Use CPU
>>>>>>>start training : 84_28_PatchTST_custom_ftM_sl84_ll48_pl28_dm16_nh4_el3_dl1_df128_fc1_ebtimeF_dtTrue_Exp_0>>>>>>>>>>>>>>>>>>>>>>>>>>
train 4114
val 578
test 1180
	iters: 100, epoch: 1 | loss: 0.0183195
	speed: 0.0681s/iter; left time: 1742.7468s
	iters: 200, epoch: 1 | loss: 0.0180887
	speed: 0.0645s/iter; left time: 1645.1077s
Epoch: 1 cost time: 17.317981481552124
Epoch: 1, Steps: 257 | Train Loss: 0.0554948 Vali Loss: 212.9252319 Test Loss: 207.2872772
Validation loss decreased (inf --> 212.925232).  Saving model ...
Updating learning rate to 0.0025
	iters: 100, epoch: 2 | loss: 0.0227414
	speed: 0.1311s/iter; left time: 3321.3672s
	iters: 200, epoch: 2 | loss: 0.0288021
	speed: 0.0648s/iter; left time: 1636.9614s
Epoch: 2 cost time: 16.686221837997437
Epoch: 2, Steps: 257 | Train Loss: 0.0371569 Vali Loss: 194.7476044 Test Loss: 197.6344757
Validation loss decreased (212.925232 --> 194.747604).  Saving model ...
Updating learning rate to 0.0025
	iters: 100, epoch: 3 | loss: 0.0089287
	speed: 0.1330s/iter; left time: 3337.3762s
	iters: 200, epoch: 3 | loss: 0.0193827
	speed: 0.0666s/iter; left time: 1664.9009s
Epoch: 3 cost time: 17.515404224395752
Epoch: 3, Steps: 257 | Train Loss: 0.0332543 Vali Loss: 158.0582581 Test Loss: 186.6409454
Validation loss decreased (194.747604 --> 158.058258).  Saving model ...
Updating learning rate to 0.0025
	iters: 100, epoch: 4 | loss: 0.0143526
	speed: 0.1354s/iter; left time: 3362.5057s
	iters: 200, epoch: 4 | loss: 0.0149931
	speed: 0.0657s/iter; left time: 1624.4463s
Epoch: 4 cost time: 17.750380277633667
Epoch: 4, Steps: 257 | Train Loss: 0.0335515 Vali Loss: 174.9319153 Test Loss: 197.2535095
EarlyStopping counter: 1 out of 100
Updating learning rate to 0.0025
	iters: 100, epoch: 5 | loss: 0.1295510
	speed: 0.1337s/iter; left time: 3284.5520s
	iters: 200, epoch: 5 | loss: 0.0112587
	speed: 0.0675s/iter; left time: 1652.6378s
Epoch: 5 cost time: 17.50026822090149
Epoch: 5, Steps: 257 | Train Loss: 0.0320042 Vali Loss: 199.3438110 Test Loss: 212.1045837
EarlyStopping counter: 2 out of 100
Updating learning rate to 0.0025
	iters: 100, epoch: 6 | loss: 0.0143214
	speed: 0.1265s/iter; left time: 3076.3951s
	iters: 200, epoch: 6 | loss: 0.0132857
	speed: 0.0707s/iter; left time: 1711.2042s
Epoch: 6 cost time: 17.232465267181396
Epoch: 6, Steps: 257 | Train Loss: 0.0298444 Vali Loss: 162.9904633 Test Loss: 196.8309631
EarlyStopping counter: 3 out of 100
Updating learning rate to 0.0025
	iters: 100, epoch: 7 | loss: 0.0075816
	speed: 0.1299s/iter; left time: 3125.0949s
	iters: 200, epoch: 7 | loss: 0.0142367
	speed: 0.0704s/iter; left time: 1686.2192s
Epoch: 7 cost time: 17.45951557159424
Epoch: 7, Steps: 257 | Train Loss: 0.0294561 Vali Loss: 176.5047302 Test Loss: 192.2957153
EarlyStopping counter: 4 out of 100
Updating learning rate to 0.0025
	iters: 100, epoch: 8 | loss: 0.0129498
	speed: 0.1287s/iter; left time: 3062.2586s
	iters: 200, epoch: 8 | loss: 0.0148533
	speed: 0.0657s/iter; left time: 1557.6713s
Epoch: 8 cost time: 17.206257820129395
Epoch: 8, Steps: 257 | Train Loss: 0.0291437 Vali Loss: 153.3153534 Test Loss: 194.0372772
Validation loss decreased (158.058258 --> 153.315353).  Saving model ...
Updating learning rate to 0.0025
	iters: 100, epoch: 9 | loss: 0.0181820
	speed: 0.1329s/iter; left time: 3129.0796s
	iters: 200, epoch: 9 | loss: 0.1558304
	speed: 0.0669s/iter; left time: 1568.9617s
Epoch: 9 cost time: 17.26561164855957
Epoch: 9, Steps: 257 | Train Loss: 0.0284181 Vali Loss: 160.8750153 Test Loss: 174.6816559
EarlyStopping counter: 1 out of 100
Updating learning rate to 0.0025
	iters: 100, epoch: 10 | loss: 0.0144978
	speed: 0.1332s/iter; left time: 3102.1253s
	iters: 200, epoch: 10 | loss: 0.0120618
	speed: 0.0669s/iter; left time: 1551.9441s
Epoch: 10 cost time: 17.430347681045532
Epoch: 10, Steps: 257 | Train Loss: 0.0285024 Vali Loss: 209.8814240 Test Loss: 201.9041138
EarlyStopping counter: 2 out of 100
Updating learning rate to 0.0025
	iters: 100, epoch: 11 | loss: 0.0167411
	speed: 0.1333s/iter; left time: 3069.2079s
	iters: 200, epoch: 11 | loss: 0.0537845
	speed: 0.0681s/iter; left time: 1561.4826s
Epoch: 11 cost time: 17.681472301483154
Epoch: 11, Steps: 257 | Train Loss: 0.0289673 Vali Loss: 214.6897888 Test Loss: 194.3052673
EarlyStopping counter: 3 out of 100
Updating learning rate to 0.0025
	iters: 100, epoch: 12 | loss: 0.0274087
	speed: 0.1315s/iter; left time: 2995.6571s
	iters: 200, epoch: 12 | loss: 0.0098432
	speed: 0.0683s/iter; left time: 1548.3522s
Epoch: 12 cost time: 17.75286841392517
Epoch: 12, Steps: 257 | Train Loss: 0.0272674 Vali Loss: 180.4407349 Test Loss: 195.6187744
EarlyStopping counter: 4 out of 100
Updating learning rate to 0.0025
	iters: 100, epoch: 13 | loss: 0.0076492
	speed: 0.1294s/iter; left time: 2913.5297s
	iters: 200, epoch: 13 | loss: 0.0179024
	speed: 0.0692s/iter; left time: 1551.1678s
Epoch: 13 cost time: 17.605527877807617
Epoch: 13, Steps: 257 | Train Loss: 0.0280387 Vali Loss: 159.1725464 Test Loss: 191.5443268
EarlyStopping counter: 5 out of 100
Updating learning rate to 0.0025
	iters: 100, epoch: 14 | loss: 0.0602316
	speed: 0.1308s/iter; left time: 2910.5516s
	iters: 200, epoch: 14 | loss: 0.0186740
	speed: 0.0691s/iter; left time: 1530.5606s
Epoch: 14 cost time: 17.444486141204834
Epoch: 14, Steps: 257 | Train Loss: 0.0246721 Vali Loss: 157.8133240 Test Loss: 202.8159027
EarlyStopping counter: 6 out of 100
Updating learning rate to 0.0025
	iters: 100, epoch: 15 | loss: 0.0163644
	speed: 0.1307s/iter; left time: 2875.8533s
	iters: 200, epoch: 15 | loss: 0.0204714
	speed: 0.0686s/iter; left time: 1502.2534s
Epoch: 15 cost time: 17.696130752563477
Epoch: 15, Steps: 257 | Train Loss: 0.0247225 Vali Loss: 160.8137817 Test Loss: 188.9536896
EarlyStopping counter: 7 out of 100
Updating learning rate to 0.0025
	iters: 100, epoch: 16 | loss: 0.0065878
	speed: 0.1342s/iter; left time: 2918.6009s
	iters: 200, epoch: 16 | loss: 0.0136386
	speed: 0.0663s/iter; left time: 1435.3095s
Epoch: 16 cost time: 17.485402822494507
Epoch: 16, Steps: 257 | Train Loss: 0.0232054 Vali Loss: 154.7974091 Test Loss: 183.0407104
EarlyStopping counter: 8 out of 100
Updating learning rate to 0.0025
	iters: 100, epoch: 17 | loss: 0.0135543
	speed: 0.1322s/iter; left time: 2840.6526s
	iters: 200, epoch: 17 | loss: 0.0130119
	speed: 0.0653s/iter; left time: 1395.7533s
Epoch: 17 cost time: 16.914472341537476
Epoch: 17, Steps: 257 | Train Loss: 0.0268530 Vali Loss: 170.6578674 Test Loss: 190.2083435
EarlyStopping counter: 9 out of 100
Updating learning rate to 0.0025
	iters: 100, epoch: 18 | loss: 0.0568193
	speed: 0.1335s/iter; left time: 2835.1313s
	iters: 200, epoch: 18 | loss: 0.0133600
	speed: 0.0660s/iter; left time: 1394.6052s
Epoch: 18 cost time: 17.421367645263672
Epoch: 18, Steps: 257 | Train Loss: 0.0244527 Vali Loss: 165.0290527 Test Loss: 203.6233063
EarlyStopping counter: 10 out of 100
Updating learning rate to 0.0025
	iters: 100, epoch: 19 | loss: 0.0084674
	speed: 0.1347s/iter; left time: 2825.3001s
	iters: 200, epoch: 19 | loss: 0.0170068
	speed: 0.0660s/iter; left time: 1376.7737s
Epoch: 19 cost time: 17.65574836730957
Epoch: 19, Steps: 257 | Train Loss: 0.0248972 Vali Loss: 149.1871948 Test Loss: 188.4479523
Validation loss decreased (153.315353 --> 149.187195).  Saving model ...
Updating learning rate to 0.0025
	iters: 100, epoch: 20 | loss: 0.0097278
	speed: 0.1282s/iter; left time: 2656.4448s
	iters: 200, epoch: 20 | loss: 0.0082114
	speed: 0.0677s/iter; left time: 1394.9222s
Epoch: 20 cost time: 17.283567905426025
Epoch: 20, Steps: 257 | Train Loss: 0.0298035 Vali Loss: 157.8836975 Test Loss: 178.2109222
EarlyStopping counter: 1 out of 100
Updating learning rate to 0.0025
	iters: 100, epoch: 21 | loss: 0.0690832
	speed: 0.1288s/iter; left time: 2635.4802s
	iters: 200, epoch: 21 | loss: 0.0431462
	speed: 0.0707s/iter; left time: 1439.4079s
Epoch: 21 cost time: 17.69242811203003
Epoch: 21, Steps: 257 | Train Loss: 0.0242482 Vali Loss: 161.8978119 Test Loss: 181.7621460
EarlyStopping counter: 2 out of 100
Updating learning rate to 0.0025
	iters: 100, epoch: 22 | loss: 0.0506067
	speed: 0.1313s/iter; left time: 2653.4803s
	iters: 200, epoch: 22 | loss: 0.0263675
	speed: 0.0675s/iter; left time: 1357.5377s
Epoch: 22 cost time: 17.857059955596924
Epoch: 22, Steps: 257 | Train Loss: 0.0239308 Vali Loss: 160.6793976 Test Loss: 179.1490936
EarlyStopping counter: 3 out of 100
Updating learning rate to 0.0025
	iters: 100, epoch: 23 | loss: 0.0180859
	speed: 0.1340s/iter; left time: 2673.6684s
	iters: 200, epoch: 23 | loss: 0.0103595
	speed: 0.0634s/iter; left time: 1257.5969s
Epoch: 23 cost time: 17.142277717590332
Epoch: 23, Steps: 257 | Train Loss: 0.0215213 Vali Loss: 146.9772034 Test Loss: 186.4498291
Validation loss decreased (149.187195 --> 146.977203).  Saving model ...
Updating learning rate to 0.0025
	iters: 100, epoch: 24 | loss: 0.0381099
	speed: 0.1330s/iter; left time: 2619.7215s
	iters: 200, epoch: 24 | loss: 0.0697897
	speed: 0.0655s/iter; left time: 1283.9347s
Epoch: 24 cost time: 17.072080612182617
Epoch: 24, Steps: 257 | Train Loss: 0.0208513 Vali Loss: 158.6139679 Test Loss: 184.8513794
EarlyStopping counter: 1 out of 100
Updating learning rate to 0.0025
	iters: 100, epoch: 25 | loss: 0.2155697
	speed: 0.1333s/iter; left time: 2590.7923s
	iters: 200, epoch: 25 | loss: 0.0134952
	speed: 0.0657s/iter; left time: 1270.1882s
Epoch: 25 cost time: 17.644032955169678
Epoch: 25, Steps: 257 | Train Loss: 0.0244028 Vali Loss: 158.2130585 Test Loss: 185.7805023
EarlyStopping counter: 2 out of 100
Updating learning rate to 0.0025
	iters: 100, epoch: 26 | loss: 0.0134680
	speed: 0.1369s/iter; left time: 2625.9030s
	iters: 200, epoch: 26 | loss: 0.0279083
	speed: 0.0699s/iter; left time: 1332.6227s
Epoch: 26 cost time: 17.94004797935486
Epoch: 26, Steps: 257 | Train Loss: 0.0210615 Vali Loss: 155.9199677 Test Loss: 181.9481354
EarlyStopping counter: 3 out of 100
Updating learning rate to 0.0025
	iters: 100, epoch: 27 | loss: 0.0094471
	speed: 0.1294s/iter; left time: 2448.2683s
	iters: 200, epoch: 27 | loss: 0.0090669
	speed: 0.0678s/iter; left time: 1275.2861s
Epoch: 27 cost time: 17.477982997894287
Epoch: 27, Steps: 257 | Train Loss: 0.0202772 Vali Loss: 151.1924286 Test Loss: 186.0590057
EarlyStopping counter: 4 out of 100
Updating learning rate to 0.0025
	iters: 100, epoch: 28 | loss: 0.0101279
	speed: 0.1329s/iter; left time: 2480.2344s
	iters: 200, epoch: 28 | loss: 0.0074457
	speed: 0.0656s/iter; left time: 1218.3734s
Epoch: 28 cost time: 17.564120054244995
Epoch: 28, Steps: 257 | Train Loss: 0.0198584 Vali Loss: 166.9447021 Test Loss: 188.3031006
EarlyStopping counter: 5 out of 100
Updating learning rate to 0.0025
	iters: 100, epoch: 29 | loss: 0.0639755
	speed: 0.1353s/iter; left time: 2490.1740s
	iters: 200, epoch: 29 | loss: 0.0112900
	speed: 0.0679s/iter; left time: 1242.7677s
Epoch: 29 cost time: 17.208664894104004
Epoch: 29, Steps: 257 | Train Loss: 0.0212334 Vali Loss: 155.1659241 Test Loss: 192.0139313
EarlyStopping counter: 6 out of 100
Updating learning rate to 0.0025
	iters: 100, epoch: 30 | loss: 0.0149244
	speed: 0.1346s/iter; left time: 2442.3984s
	iters: 200, epoch: 30 | loss: 0.0257259
	speed: 0.0666s/iter; left time: 1201.9982s
Epoch: 30 cost time: 17.33875322341919
Epoch: 30, Steps: 257 | Train Loss: 0.0188990 Vali Loss: 158.9696960 Test Loss: 187.2711945
EarlyStopping counter: 7 out of 100
Updating learning rate to 0.0025
	iters: 100, epoch: 31 | loss: 0.0129590
	speed: 0.1317s/iter; left time: 2356.9046s
	iters: 200, epoch: 31 | loss: 0.0132013
	speed: 0.0656s/iter; left time: 1167.6561s
Epoch: 31 cost time: 17.411232948303223
Epoch: 31, Steps: 257 | Train Loss: 0.0199946 Vali Loss: 158.2414856 Test Loss: 187.4395142
EarlyStopping counter: 8 out of 100
Updating learning rate to 0.0025
	iters: 100, epoch: 32 | loss: 0.0335517
	speed: 0.1319s/iter; left time: 2326.2863s
	iters: 200, epoch: 32 | loss: 0.0763736
	speed: 0.0672s/iter; left time: 1178.4585s
Epoch: 32 cost time: 17.36701488494873
Epoch: 32, Steps: 257 | Train Loss: 0.0231837 Vali Loss: 147.9696655 Test Loss: 199.4696350
EarlyStopping counter: 9 out of 100
Updating learning rate to 0.0025
	iters: 100, epoch: 33 | loss: 0.0074568
	speed: 0.1267s/iter; left time: 2201.4577s
	iters: 200, epoch: 33 | loss: 0.0832437
	speed: 0.0695s/iter; left time: 1201.2674s
Epoch: 33 cost time: 17.386889934539795
Epoch: 33, Steps: 257 | Train Loss: 0.0232189 Vali Loss: 152.4011841 Test Loss: 193.1522217
EarlyStopping counter: 10 out of 100
Updating learning rate to 0.0025
	iters: 100, epoch: 34 | loss: 0.0107768
	speed: 0.1290s/iter; left time: 2208.6255s
	iters: 200, epoch: 34 | loss: 0.0211363
	speed: 0.0670s/iter; left time: 1139.5123s
Epoch: 34 cost time: 17.3974392414093
Epoch: 34, Steps: 257 | Train Loss: 0.0210179 Vali Loss: 155.7387238 Test Loss: 197.5243530
EarlyStopping counter: 11 out of 100
Updating learning rate to 0.0025
	iters: 100, epoch: 35 | loss: 0.0112138
	speed: 0.1311s/iter; left time: 2211.5599s
	iters: 200, epoch: 35 | loss: 0.0125528
	speed: 0.0651s/iter; left time: 1090.7113s
Epoch: 35 cost time: 17.579147338867188
Epoch: 35, Steps: 257 | Train Loss: 0.0203319 Vali Loss: 179.4340668 Test Loss: 183.6118774
EarlyStopping counter: 12 out of 100
Updating learning rate to 0.0025
	iters: 100, epoch: 36 | loss: 0.0323255
	speed: 0.1362s/iter; left time: 2262.2542s
	iters: 200, epoch: 36 | loss: 0.0078974
	speed: 0.0667s/iter; left time: 1101.1338s
Epoch: 36 cost time: 17.642990589141846
Epoch: 36, Steps: 257 | Train Loss: 0.0221030 Vali Loss: 157.2626038 Test Loss: 183.2590637
EarlyStopping counter: 13 out of 100
Updating learning rate to 0.0025
	iters: 100, epoch: 37 | loss: 0.0200805
	speed: 0.1327s/iter; left time: 2170.2002s
	iters: 200, epoch: 37 | loss: 0.0139515
	speed: 0.0658s/iter; left time: 1069.7223s
Epoch: 37 cost time: 17.04291844367981
Epoch: 37, Steps: 257 | Train Loss: 0.0209006 Vali Loss: 150.8798370 Test Loss: 184.8829346
EarlyStopping counter: 14 out of 100
Updating learning rate to 0.0025
	iters: 100, epoch: 38 | loss: 0.0279945
	speed: 0.1340s/iter; left time: 2156.8360s
	iters: 200, epoch: 38 | loss: 0.0104256
	speed: 0.0681s/iter; left time: 1089.2890s
Epoch: 38 cost time: 17.770654916763306
Epoch: 38, Steps: 257 | Train Loss: 0.0199190 Vali Loss: 161.9776001 Test Loss: 184.8197021
EarlyStopping counter: 15 out of 100
Updating learning rate to 0.0025
	iters: 100, epoch: 39 | loss: 0.0135008
	speed: 0.1339s/iter; left time: 2119.6566s
	iters: 200, epoch: 39 | loss: 0.0147871
	speed: 0.0665s/iter; left time: 1045.9767s
Epoch: 39 cost time: 17.482344388961792
Epoch: 39, Steps: 257 | Train Loss: 0.0215621 Vali Loss: 161.6171722 Test Loss: 200.1207581
EarlyStopping counter: 16 out of 100
Updating learning rate to 0.0025
	iters: 100, epoch: 40 | loss: 0.0208941
	speed: 0.1317s/iter; left time: 2050.9678s
	iters: 200, epoch: 40 | loss: 0.0105235
	speed: 0.0680s/iter; left time: 1052.6132s
Epoch: 40 cost time: 17.519641876220703
Epoch: 40, Steps: 257 | Train Loss: 0.0222424 Vali Loss: 154.2517853 Test Loss: 192.1602325
EarlyStopping counter: 17 out of 100
Updating learning rate to 0.0025
	iters: 100, epoch: 41 | loss: 0.0125796
	speed: 0.1293s/iter; left time: 1980.3513s
	iters: 200, epoch: 41 | loss: 0.0202745
	speed: 0.0709s/iter; left time: 1079.4845s
Epoch: 41 cost time: 17.66602849960327
Epoch: 41, Steps: 257 | Train Loss: 0.0223767 Vali Loss: 153.8787231 Test Loss: 201.2019806
EarlyStopping counter: 18 out of 100
Updating learning rate to 0.0025
	iters: 100, epoch: 42 | loss: 0.0705676
	speed: 0.1302s/iter; left time: 1961.9672s
	iters: 200, epoch: 42 | loss: 0.0120386
	speed: 0.0709s/iter; left time: 1060.7790s
Epoch: 42 cost time: 17.65734553337097
Epoch: 42, Steps: 257 | Train Loss: 0.0204790 Vali Loss: 144.2952423 Test Loss: 190.0561981
Validation loss decreased (146.977203 --> 144.295242).  Saving model ...
Updating learning rate to 0.0025
	iters: 100, epoch: 43 | loss: 0.0141813
	speed: 0.1313s/iter; left time: 1944.0031s
	iters: 200, epoch: 43 | loss: 0.0096920
	speed: 0.0666s/iter; left time: 979.2592s
Epoch: 43 cost time: 17.66109824180603
Epoch: 43, Steps: 257 | Train Loss: 0.0210652 Vali Loss: 154.7726746 Test Loss: 200.6700134
EarlyStopping counter: 1 out of 100
Updating learning rate to 0.0025
	iters: 100, epoch: 44 | loss: 0.0179430
	speed: 0.1354s/iter; left time: 1969.4421s
	iters: 200, epoch: 44 | loss: 0.0125293
	speed: 0.0655s/iter; left time: 946.3184s
Epoch: 44 cost time: 17.221542358398438
Epoch: 44, Steps: 257 | Train Loss: 0.0216184 Vali Loss: 155.0830841 Test Loss: 194.0476379
EarlyStopping counter: 2 out of 100
Updating learning rate to 0.0025
	iters: 100, epoch: 45 | loss: 0.0399658
	speed: 0.1354s/iter; left time: 1934.7678s
	iters: 200, epoch: 45 | loss: 0.0135090
	speed: 0.0665s/iter; left time: 944.2933s
Epoch: 45 cost time: 17.409449338912964
Epoch: 45, Steps: 257 | Train Loss: 0.0207586 Vali Loss: 154.6166382 Test Loss: 195.9008026
EarlyStopping counter: 3 out of 100
Updating learning rate to 0.0025
	iters: 100, epoch: 46 | loss: 0.0106699
	speed: 0.1325s/iter; left time: 1859.7648s
	iters: 200, epoch: 46 | loss: 0.0148764
	speed: 0.0649s/iter; left time: 904.7310s
Epoch: 46 cost time: 17.250011205673218
Epoch: 46, Steps: 257 | Train Loss: 0.0203979 Vali Loss: 155.3802643 Test Loss: 182.3567810
EarlyStopping counter: 4 out of 100
Updating learning rate to 0.0025
	iters: 100, epoch: 47 | loss: 0.0059047
	speed: 0.1327s/iter; left time: 1828.4412s
	iters: 200, epoch: 47 | loss: 0.0105413
	speed: 0.0657s/iter; left time: 898.1325s
Epoch: 47 cost time: 17.52198886871338
Epoch: 47, Steps: 257 | Train Loss: 0.0206086 Vali Loss: 155.6270142 Test Loss: 198.1036377
EarlyStopping counter: 5 out of 100
Updating learning rate to 0.0025
	iters: 100, epoch: 48 | loss: 0.0164039
	speed: 0.1317s/iter; left time: 1781.0333s
	iters: 200, epoch: 48 | loss: 0.0132889
	speed: 0.0712s/iter; left time: 955.7360s
Epoch: 48 cost time: 17.60419487953186
Epoch: 48, Steps: 257 | Train Loss: 0.0212324 Vali Loss: 155.2714844 Test Loss: 197.5946808
EarlyStopping counter: 6 out of 100
Updating learning rate to 0.0025
	iters: 100, epoch: 49 | loss: 0.0070809
	speed: 0.1302s/iter; left time: 1726.5942s
	iters: 200, epoch: 49 | loss: 0.0079200
	speed: 0.0678s/iter; left time: 892.9205s
Epoch: 49 cost time: 17.191468477249146
Epoch: 49, Steps: 257 | Train Loss: 0.0184794 Vali Loss: 152.7994080 Test Loss: 192.3603210
EarlyStopping counter: 7 out of 100
Updating learning rate to 0.0025
	iters: 100, epoch: 50 | loss: 0.0107271
	speed: 0.1298s/iter; left time: 1687.9200s
	iters: 200, epoch: 50 | loss: 0.0443826
	speed: 0.0677s/iter; left time: 873.3237s
Epoch: 50 cost time: 17.48898696899414
Epoch: 50, Steps: 257 | Train Loss: 0.0187771 Vali Loss: 162.9566650 Test Loss: 184.7136993
EarlyStopping counter: 8 out of 100
Updating learning rate to 0.0025
	iters: 100, epoch: 51 | loss: 0.0115990
	speed: 0.1362s/iter; left time: 1736.5056s
	iters: 200, epoch: 51 | loss: 0.0314253
	speed: 0.0684s/iter; left time: 864.8334s
Epoch: 51 cost time: 17.843377828598022
Epoch: 51, Steps: 257 | Train Loss: 0.0227008 Vali Loss: 164.3690491 Test Loss: 197.0180664
EarlyStopping counter: 9 out of 100
Updating learning rate to 0.0025
	iters: 100, epoch: 52 | loss: 0.0579694
	speed: 0.1351s/iter; left time: 1688.2073s
	iters: 200, epoch: 52 | loss: 0.0238327
	speed: 0.0663s/iter; left time: 822.0794s
Epoch: 52 cost time: 17.286203384399414
Epoch: 52, Steps: 257 | Train Loss: 0.0266873 Vali Loss: 162.9470367 Test Loss: 212.5029144
EarlyStopping counter: 10 out of 100
Updating learning rate to 0.0025
	iters: 100, epoch: 53 | loss: 0.0209342
	speed: 0.1342s/iter; left time: 1642.6038s
	iters: 200, epoch: 53 | loss: 0.0112688
	speed: 0.0666s/iter; left time: 808.8230s
Epoch: 53 cost time: 17.33326816558838
Epoch: 53, Steps: 257 | Train Loss: 0.0260008 Vali Loss: 166.2733154 Test Loss: 182.3710022
EarlyStopping counter: 11 out of 100
Updating learning rate to 0.0025
	iters: 100, epoch: 54 | loss: 0.0128238
	speed: 0.1326s/iter; left time: 1588.8378s
	iters: 200, epoch: 54 | loss: 0.0113253
	speed: 0.0679s/iter; left time: 806.8060s
Epoch: 54 cost time: 17.70867395401001
Epoch: 54, Steps: 257 | Train Loss: 0.0213960 Vali Loss: 158.4973450 Test Loss: 191.9385376
EarlyStopping counter: 12 out of 100
Updating learning rate to 0.0025
	iters: 100, epoch: 55 | loss: 0.0082373
	speed: 0.1300s/iter; left time: 1524.3944s
	iters: 200, epoch: 55 | loss: 0.0115362
	speed: 0.0691s/iter; left time: 802.7852s
Epoch: 55 cost time: 17.70548725128174
Epoch: 55, Steps: 257 | Train Loss: 0.0195361 Vali Loss: 159.5260620 Test Loss: 204.4182739
EarlyStopping counter: 13 out of 100
Updating learning rate to 0.0025
	iters: 100, epoch: 56 | loss: 0.0264897
	speed: 0.1300s/iter; left time: 1490.0433s
	iters: 200, epoch: 56 | loss: 0.0172217
	speed: 0.0695s/iter; left time: 790.0673s
Epoch: 56 cost time: 17.5242440700531
Epoch: 56, Steps: 257 | Train Loss: 0.0267917 Vali Loss: 164.8239746 Test Loss: 187.6880646
EarlyStopping counter: 14 out of 100
Updating learning rate to 0.0025
	iters: 100, epoch: 57 | loss: 0.0535017
	speed: 0.1301s/iter; left time: 1458.0125s
	iters: 200, epoch: 57 | loss: 0.0648761
	speed: 0.0730s/iter; left time: 810.7292s
Epoch: 57 cost time: 17.961461782455444
Epoch: 57, Steps: 257 | Train Loss: 0.0262177 Vali Loss: 160.3289642 Test Loss: 205.9628448
EarlyStopping counter: 15 out of 100
Updating learning rate to 0.0025
	iters: 100, epoch: 58 | loss: 0.0532477
	speed: 0.1307s/iter; left time: 1431.1747s
	iters: 200, epoch: 58 | loss: 0.0136885
	speed: 0.0681s/iter; left time: 738.8861s
Epoch: 58 cost time: 17.54467749595642
Epoch: 58, Steps: 257 | Train Loss: 0.0243233 Vali Loss: 156.6928253 Test Loss: 194.2927094
EarlyStopping counter: 16 out of 100
Updating learning rate to 0.0025
	iters: 100, epoch: 59 | loss: 0.0683685
	speed: 0.1300s/iter; left time: 1390.7766s
	iters: 200, epoch: 59 | loss: 0.0225954
	speed: 0.0653s/iter; left time: 691.6298s
Epoch: 59 cost time: 17.406002283096313
Epoch: 59, Steps: 257 | Train Loss: 0.0205902 Vali Loss: 155.9690247 Test Loss: 197.3824615
EarlyStopping counter: 17 out of 100
Updating learning rate to 0.0025
	iters: 100, epoch: 60 | loss: 0.0162812
	speed: 0.1369s/iter; left time: 1429.3055s
	iters: 200, epoch: 60 | loss: 0.0181379
	speed: 0.0644s/iter; left time: 665.2712s
Epoch: 60 cost time: 17.369967937469482
Epoch: 60, Steps: 257 | Train Loss: 0.0200712 Vali Loss: 159.6380157 Test Loss: 194.1280823
EarlyStopping counter: 18 out of 100
Updating learning rate to 0.0025
	iters: 100, epoch: 61 | loss: 0.0116862
	speed: 0.1355s/iter; left time: 1379.3584s
	iters: 200, epoch: 61 | loss: 0.0165862
	speed: 0.0662s/iter; left time: 667.1119s
Epoch: 61 cost time: 17.42616605758667
Epoch: 61, Steps: 257 | Train Loss: 0.0200711 Vali Loss: 155.5058594 Test Loss: 185.1141815
EarlyStopping counter: 19 out of 100
Updating learning rate to 0.0025
	iters: 100, epoch: 62 | loss: 0.0117249
	speed: 0.1349s/iter; left time: 1338.3140s
	iters: 200, epoch: 62 | loss: 0.0143375
	speed: 0.0653s/iter; left time: 641.3724s
Epoch: 62 cost time: 17.679866075515747
Epoch: 62, Steps: 257 | Train Loss: 0.0194074 Vali Loss: 156.2222290 Test Loss: 188.1120300
EarlyStopping counter: 20 out of 100
Updating learning rate to 0.0025
	iters: 100, epoch: 63 | loss: 0.0603136
	speed: 0.1341s/iter; left time: 1296.4347s
	iters: 200, epoch: 63 | loss: 0.0307817
	speed: 0.0696s/iter; left time: 666.0483s
Epoch: 63 cost time: 18.001670360565186
Epoch: 63, Steps: 257 | Train Loss: 0.0196418 Vali Loss: 152.9199066 Test Loss: 187.3576965
EarlyStopping counter: 21 out of 100
Updating learning rate to 0.0025
	iters: 100, epoch: 64 | loss: 0.0091579
	speed: 0.1327s/iter; left time: 1248.3506s
	iters: 200, epoch: 64 | loss: 0.0100009
	speed: 0.0693s/iter; left time: 645.3960s
Epoch: 64 cost time: 17.554855346679688
Epoch: 64, Steps: 257 | Train Loss: 0.0197677 Vali Loss: 156.6980743 Test Loss: 202.4273834
EarlyStopping counter: 22 out of 100
Updating learning rate to 0.0025
	iters: 100, epoch: 65 | loss: 0.0141663
	speed: 0.1304s/iter; left time: 1193.8859s
	iters: 200, epoch: 65 | loss: 0.0080605
	speed: 0.0714s/iter; left time: 646.7423s
Epoch: 65 cost time: 17.65183973312378
Epoch: 65, Steps: 257 | Train Loss: 0.0216031 Vali Loss: 156.1173553 Test Loss: 187.3640594
EarlyStopping counter: 23 out of 100
Updating learning rate to 0.0025
	iters: 100, epoch: 66 | loss: 0.0109026
	speed: 0.1311s/iter; left time: 1166.3283s
	iters: 200, epoch: 66 | loss: 0.0192055
	speed: 0.0716s/iter; left time: 629.9316s
Epoch: 66 cost time: 17.988945245742798
Epoch: 66, Steps: 257 | Train Loss: 0.0213711 Vali Loss: 163.8644257 Test Loss: 185.2296143
EarlyStopping counter: 24 out of 100
Updating learning rate to 0.0025
	iters: 100, epoch: 67 | loss: 0.0147752
	speed: 0.1355s/iter; left time: 1170.3673s
	iters: 200, epoch: 67 | loss: 0.0144316
	speed: 0.0652s/iter; left time: 557.0941s
Epoch: 67 cost time: 17.54453134536743
Epoch: 67, Steps: 257 | Train Loss: 0.0194117 Vali Loss: 148.9188690 Test Loss: 192.1938171
EarlyStopping counter: 25 out of 100
Updating learning rate to 0.0025
	iters: 100, epoch: 68 | loss: 0.0354989
	speed: 0.1327s/iter; left time: 1112.2397s
	iters: 200, epoch: 68 | loss: 0.0085907
	speed: 0.0668s/iter; left time: 553.5231s
Epoch: 68 cost time: 17.345516443252563
Epoch: 68, Steps: 257 | Train Loss: 0.0195713 Vali Loss: 153.9930878 Test Loss: 185.2716522
EarlyStopping counter: 26 out of 100
Updating learning rate to 0.0025
	iters: 100, epoch: 69 | loss: 0.0608528
	speed: 0.1375s/iter; left time: 1117.2464s
	iters: 200, epoch: 69 | loss: 0.0108123
	speed: 0.0688s/iter; left time: 552.4156s
Epoch: 69 cost time: 17.76923394203186
Epoch: 69, Steps: 257 | Train Loss: 0.0211768 Vali Loss: 158.6639404 Test Loss: 194.3816681
EarlyStopping counter: 27 out of 100
Updating learning rate to 0.0025
	iters: 100, epoch: 70 | loss: 0.0127379
	speed: 0.1355s/iter; left time: 1066.2813s
	iters: 200, epoch: 70 | loss: 0.0059438
	speed: 0.0665s/iter; left time: 516.5681s
Epoch: 70 cost time: 17.705909729003906
Epoch: 70, Steps: 257 | Train Loss: 0.0185332 Vali Loss: 156.6132355 Test Loss: 196.2332001
EarlyStopping counter: 28 out of 100
Updating learning rate to 0.0025
	iters: 100, epoch: 71 | loss: 0.0565944
	speed: 0.1349s/iter; left time: 1026.3785s
	iters: 200, epoch: 71 | loss: 0.0153604
	speed: 0.0686s/iter; left time: 515.4902s
Epoch: 71 cost time: 17.917097806930542
Epoch: 71, Steps: 257 | Train Loss: 0.0192718 Vali Loss: 156.5567780 Test Loss: 192.9915009
EarlyStopping counter: 29 out of 100
Updating learning rate to 0.0025
	iters: 100, epoch: 72 | loss: 0.0083626
	speed: 0.1333s/iter; left time: 980.1763s
	iters: 200, epoch: 72 | loss: 0.0182550
	speed: 0.0704s/iter; left time: 510.3376s
Epoch: 72 cost time: 17.84687089920044
Epoch: 72, Steps: 257 | Train Loss: 0.0197579 Vali Loss: 156.5709686 Test Loss: 186.6256256
EarlyStopping counter: 30 out of 100
Updating learning rate to 0.0025
	iters: 100, epoch: 73 | loss: 0.0166868
	speed: 0.1302s/iter; left time: 924.2530s
	iters: 200, epoch: 73 | loss: 0.0102314
	speed: 0.0692s/iter; left time: 483.8633s
Epoch: 73 cost time: 17.78217101097107
Epoch: 73, Steps: 257 | Train Loss: 0.0184777 Vali Loss: 157.3783569 Test Loss: 192.9106445
EarlyStopping counter: 31 out of 100
Updating learning rate to 0.0025
	iters: 100, epoch: 74 | loss: 0.0165619
	speed: 0.1315s/iter; left time: 899.6578s
	iters: 200, epoch: 74 | loss: 0.0267143
	speed: 0.0673s/iter; left time: 453.6714s
Epoch: 74 cost time: 17.41114044189453
Epoch: 74, Steps: 257 | Train Loss: 0.0185659 Vali Loss: 152.2268677 Test Loss: 185.2628937
EarlyStopping counter: 32 out of 100
Updating learning rate to 0.0025
	iters: 100, epoch: 75 | loss: 0.0716434
	speed: 0.1333s/iter; left time: 877.2592s
	iters: 200, epoch: 75 | loss: 0.0096885
	speed: 0.0660s/iter; left time: 427.9242s
Epoch: 75 cost time: 17.7214994430542
Epoch: 75, Steps: 257 | Train Loss: 0.0195888 Vali Loss: 156.3047638 Test Loss: 190.1348877
EarlyStopping counter: 33 out of 100
Updating learning rate to 0.0025
	iters: 100, epoch: 76 | loss: 0.0263801
	speed: 0.1335s/iter; left time: 844.5192s
	iters: 200, epoch: 76 | loss: 0.0277373
	speed: 0.0671s/iter; left time: 417.5203s
Epoch: 76 cost time: 17.70442771911621
Epoch: 76, Steps: 257 | Train Loss: 0.0196057 Vali Loss: 161.4759979 Test Loss: 193.0581818
EarlyStopping counter: 34 out of 100
Updating learning rate to 0.0025
	iters: 100, epoch: 77 | loss: 0.0070235
	speed: 0.1347s/iter; left time: 817.2257s
	iters: 200, epoch: 77 | loss: 0.0086889
	speed: 0.0659s/iter; left time: 393.1026s
Epoch: 77 cost time: 17.394867181777954
Epoch: 77, Steps: 257 | Train Loss: 0.0183213 Vali Loss: 161.9908600 Test Loss: 190.5644379
EarlyStopping counter: 35 out of 100
Updating learning rate to 0.0025
	iters: 100, epoch: 78 | loss: 0.0072542
	speed: 0.1340s/iter; left time: 778.8797s
	iters: 200, epoch: 78 | loss: 0.0540685
	speed: 0.0690s/iter; left time: 394.2959s
Epoch: 78 cost time: 17.560901165008545
Epoch: 78, Steps: 257 | Train Loss: 0.0181422 Vali Loss: 152.9515839 Test Loss: 193.6495361
EarlyStopping counter: 36 out of 100
Updating learning rate to 0.0025
	iters: 100, epoch: 79 | loss: 0.0088669
	speed: 0.1370s/iter; left time: 761.2652s
	iters: 200, epoch: 79 | loss: 0.0326456
	speed: 0.0657s/iter; left time: 358.2391s
Epoch: 79 cost time: 17.765109539031982
Epoch: 79, Steps: 257 | Train Loss: 0.0192186 Vali Loss: 153.3149414 Test Loss: 193.5704803
EarlyStopping counter: 37 out of 100
Updating learning rate to 0.0025
	iters: 100, epoch: 80 | loss: 0.0397154
	speed: 0.1336s/iter; left time: 707.8495s
	iters: 200, epoch: 80 | loss: 0.0115466
	speed: 0.0667s/iter; left time: 346.8731s
Epoch: 80 cost time: 17.94851040840149
Epoch: 80, Steps: 257 | Train Loss: 0.0192995 Vali Loss: 155.7144928 Test Loss: 198.1118317
EarlyStopping counter: 38 out of 100
Updating learning rate to 0.0025
	iters: 100, epoch: 81 | loss: 0.0288171
	speed: 0.1330s/iter; left time: 670.5559s
	iters: 200, epoch: 81 | loss: 0.0739372
	speed: 0.0702s/iter; left time: 346.6568s
Epoch: 81 cost time: 17.484595775604248
Epoch: 81, Steps: 257 | Train Loss: 0.0224618 Vali Loss: 162.0747681 Test Loss: 201.5256653
EarlyStopping counter: 39 out of 100
Updating learning rate to 0.0025
	iters: 100, epoch: 82 | loss: 0.0172687
	speed: 0.1317s/iter; left time: 630.2132s
	iters: 200, epoch: 82 | loss: 0.0340870
	speed: 0.0694s/iter; left time: 324.8880s
Epoch: 82 cost time: 17.637152194976807
Epoch: 82, Steps: 257 | Train Loss: 0.0192746 Vali Loss: 155.0878754 Test Loss: 191.5193329
EarlyStopping counter: 40 out of 100
Updating learning rate to 0.0025
	iters: 100, epoch: 83 | loss: 0.0171728
	speed: 0.1299s/iter; left time: 587.8819s
	iters: 200, epoch: 83 | loss: 0.0137686
	speed: 0.0673s/iter; left time: 298.1314s
Epoch: 83 cost time: 17.339532136917114
Epoch: 83, Steps: 257 | Train Loss: 0.0213189 Vali Loss: 155.6165771 Test Loss: 187.1212463
EarlyStopping counter: 41 out of 100
Updating learning rate to 0.0025
	iters: 100, epoch: 84 | loss: 0.0099540
	speed: 0.1309s/iter; left time: 559.0564s
	iters: 200, epoch: 84 | loss: 0.0227404
	speed: 0.0682s/iter; left time: 284.5818s
Epoch: 84 cost time: 17.489783763885498
Epoch: 84, Steps: 257 | Train Loss: 0.0188936 Vali Loss: 166.8295288 Test Loss: 208.2717133
EarlyStopping counter: 42 out of 100
Updating learning rate to 0.0025
	iters: 100, epoch: 85 | loss: 0.0084625
	speed: 0.1331s/iter; left time: 534.0973s
	iters: 200, epoch: 85 | loss: 0.0103795
	speed: 0.0689s/iter; left time: 269.5304s
Epoch: 85 cost time: 17.554319143295288
Epoch: 85, Steps: 257 | Train Loss: 0.0188670 Vali Loss: 162.2328949 Test Loss: 193.9495392
EarlyStopping counter: 43 out of 100
Updating learning rate to 0.0025
	iters: 100, epoch: 86 | loss: 0.0106041
	speed: 0.1347s/iter; left time: 505.8026s
	iters: 200, epoch: 86 | loss: 0.0384639
	speed: 0.0641s/iter; left time: 234.3423s
Epoch: 86 cost time: 17.373252630233765
Epoch: 86, Steps: 257 | Train Loss: 0.0176644 Vali Loss: 156.4657135 Test Loss: 191.8715820
EarlyStopping counter: 44 out of 100
Updating learning rate to 0.0025
	iters: 100, epoch: 87 | loss: 0.0165260
	speed: 0.1345s/iter; left time: 470.6624s
	iters: 200, epoch: 87 | loss: 0.0125186
	speed: 0.0700s/iter; left time: 237.8820s
Epoch: 87 cost time: 18.06559705734253
Epoch: 87, Steps: 257 | Train Loss: 0.0185487 Vali Loss: 153.4972992 Test Loss: 189.3110352
EarlyStopping counter: 45 out of 100
Updating learning rate to 0.0025
	iters: 100, epoch: 88 | loss: 0.0142253
	speed: 0.1350s/iter; left time: 437.8026s
	iters: 200, epoch: 88 | loss: 0.0087238
	speed: 0.0670s/iter; left time: 210.6686s
Epoch: 88 cost time: 17.633266925811768
Epoch: 88, Steps: 257 | Train Loss: 0.0184603 Vali Loss: 150.9334412 Test Loss: 186.5472565
EarlyStopping counter: 46 out of 100
Updating learning rate to 0.0025
	iters: 100, epoch: 89 | loss: 0.0089139
	speed: 0.1322s/iter; left time: 394.6006s
	iters: 200, epoch: 89 | loss: 0.0135594
	speed: 0.0671s/iter; left time: 193.4565s
Epoch: 89 cost time: 17.598520517349243
Epoch: 89, Steps: 257 | Train Loss: 0.0199543 Vali Loss: 155.5014801 Test Loss: 198.2046814
EarlyStopping counter: 47 out of 100
Updating learning rate to 0.0025
	iters: 100, epoch: 90 | loss: 0.0092982
	speed: 0.1318s/iter; left time: 359.4229s
	iters: 200, epoch: 90 | loss: 0.0209111
	speed: 0.0700s/iter; left time: 183.9618s
Epoch: 90 cost time: 17.74623703956604
Epoch: 90, Steps: 257 | Train Loss: 0.0200823 Vali Loss: 159.8122101 Test Loss: 186.1821899
EarlyStopping counter: 48 out of 100
Updating learning rate to 0.0025
	iters: 100, epoch: 91 | loss: 0.0253471
	speed: 0.1274s/iter; left time: 314.7872s
	iters: 200, epoch: 91 | loss: 0.0136458
	speed: 0.0698s/iter; left time: 165.3874s
Epoch: 91 cost time: 17.53697443008423
Epoch: 91, Steps: 257 | Train Loss: 0.0224468 Vali Loss: 159.0185089 Test Loss: 197.9151611
EarlyStopping counter: 49 out of 100
Updating learning rate to 0.0025
	iters: 100, epoch: 92 | loss: 0.0171154
	speed: 0.1337s/iter; left time: 295.9337s
	iters: 200, epoch: 92 | loss: 0.0251015
	speed: 0.0672s/iter; left time: 142.1370s
Epoch: 92 cost time: 17.74830651283264
Epoch: 92, Steps: 257 | Train Loss: 0.0203568 Vali Loss: 158.5744781 Test Loss: 197.3759308
EarlyStopping counter: 50 out of 100
Updating learning rate to 0.0025
	iters: 100, epoch: 93 | loss: 0.0115313
	speed: 0.1365s/iter; left time: 267.0699s
	iters: 200, epoch: 93 | loss: 0.0157981
	speed: 0.0692s/iter; left time: 128.4958s
Epoch: 93 cost time: 17.68217182159424
Epoch: 93, Steps: 257 | Train Loss: 0.0191697 Vali Loss: 156.1027222 Test Loss: 195.3975830
EarlyStopping counter: 51 out of 100
Updating learning rate to 0.0025
	iters: 100, epoch: 94 | loss: 0.0122953
	speed: 0.1359s/iter; left time: 231.0780s
	iters: 200, epoch: 94 | loss: 0.0155660
	speed: 0.0667s/iter; left time: 106.6474s
Epoch: 94 cost time: 17.461218118667603
Epoch: 94, Steps: 257 | Train Loss: 0.0189618 Vali Loss: 153.0071259 Test Loss: 195.9753876
EarlyStopping counter: 52 out of 100
Updating learning rate to 0.0025
	iters: 100, epoch: 95 | loss: 0.0139930
	speed: 0.1368s/iter; left time: 197.3336s
	iters: 200, epoch: 95 | loss: 0.0333768
	speed: 0.0659s/iter; left time: 88.5654s
Epoch: 95 cost time: 17.736029148101807
Epoch: 95, Steps: 257 | Train Loss: 0.0188115 Vali Loss: 153.9290161 Test Loss: 192.8727875
EarlyStopping counter: 53 out of 100
Updating learning rate to 0.0025
	iters: 100, epoch: 96 | loss: 0.0095975
	speed: 0.1350s/iter; left time: 160.0546s
	iters: 200, epoch: 96 | loss: 0.0187031
	speed: 0.0668s/iter; left time: 72.4945s
Epoch: 96 cost time: 17.830204963684082
Epoch: 96, Steps: 257 | Train Loss: 0.0184864 Vali Loss: 152.9113007 Test Loss: 195.7755585
EarlyStopping counter: 54 out of 100
Updating learning rate to 0.0025
	iters: 100, epoch: 97 | loss: 0.0143937
	speed: 0.1353s/iter; left time: 125.7353s
	iters: 200, epoch: 97 | loss: 0.0145101
	speed: 0.0699s/iter; left time: 57.9830s
Epoch: 97 cost time: 17.954002618789673
Epoch: 97, Steps: 257 | Train Loss: 0.0191059 Vali Loss: 153.3729095 Test Loss: 193.7375183
EarlyStopping counter: 55 out of 100
Updating learning rate to 0.0025
	iters: 100, epoch: 98 | loss: 0.0115462
	speed: 0.1311s/iter; left time: 88.0699s
	iters: 200, epoch: 98 | loss: 0.0180531
	speed: 0.0699s/iter; left time: 40.0019s
Epoch: 98 cost time: 17.625450372695923
Epoch: 98, Steps: 257 | Train Loss: 0.0183600 Vali Loss: 158.9927826 Test Loss: 199.6136780
EarlyStopping counter: 56 out of 100
Updating learning rate to 0.0025
	iters: 100, epoch: 99 | loss: 0.0132801
	speed: 0.1302s/iter; left time: 54.0447s
	iters: 200, epoch: 99 | loss: 0.0086936
	speed: 0.0693s/iter; left time: 21.8200s
Epoch: 99 cost time: 17.666220664978027
Epoch: 99, Steps: 257 | Train Loss: 0.0214214 Vali Loss: 156.9753876 Test Loss: 202.9036407
EarlyStopping counter: 57 out of 100
Updating learning rate to 0.0025
	iters: 100, epoch: 100 | loss: 0.0665669
	speed: 0.1319s/iter; left time: 20.8418s
	iters: 200, epoch: 100 | loss: 0.0732035
	speed: 0.0674s/iter; left time: 3.9095s
Epoch: 100 cost time: 17.545128345489502
Epoch: 100, Steps: 257 | Train Loss: 0.0211019 Vali Loss: 156.3593597 Test Loss: 197.2832336
EarlyStopping counter: 58 out of 100
Updating learning rate to 0.0025
>>>>>>>testing : 84_28_PatchTST_custom_ftM_sl84_ll48_pl28_dm16_nh4_el3_dl1_df128_fc1_ebtimeF_dtTrue_Exp_0<<<<<<<<<<<<<<<<<<<<<<<<<<<<<<<<<
test 1180
mse:188.35061645507812, mae:4.21060848236084, rse:0.22622273862361908
