Args in experiment:
Namespace(random_seed=2024, is_training=1, model_id='84_14', model='PatchTST', data='custom', root_path='./dataset/', data_path='sym_lv3.csv', features='M', target='Target', freq='h', checkpoints='./checkpoints/', seq_len=84, label_len=48, pred_len=14, fc_dropout=0.2, head_dropout=0.0, patch_len=30, stride=2, padding_patch='end', revin=1, affine=0, subtract_last=0, decomposition=0, kernel_size=25, individual=0, embed_type=0, enc_in=6, dec_in=7, c_out=7, d_model=16, n_heads=4, e_layers=3, d_layers=1, d_ff=128, moving_avg=25, factor=1, distil=True, dropout=0.2, embed='timeF', activation='gelu', output_attention=False, do_predict=False, num_workers=10, itr=1, train_epochs=100, batch_size=16, patience=100, learning_rate=0.0025, des='Exp', loss='mse', lradj='constant', pct_start=0.3, use_amp=False, use_gpu=False, gpu=0, use_multi_gpu=False, devices='0,1,2,3', test_flop=False)
Use CPU
>>>>>>>start training : 84_14_PatchTST_custom_ftM_sl84_ll48_pl14_dm16_nh4_el3_dl1_df128_fc1_ebtimeF_dtTrue_Exp_0>>>>>>>>>>>>>>>>>>>>>>>>>>
train 4128
val 592
test 1194
	iters: 100, epoch: 1 | loss: 0.0098482
	speed: 0.0804s/iter; left time: 2065.2933s
	iters: 200, epoch: 1 | loss: 0.0367467
	speed: 0.0747s/iter; left time: 1913.1785s
Epoch: 1 cost time: 19.85857391357422
Epoch: 1, Steps: 258 | Train Loss: 0.0541718 Vali Loss: 137.9538879 Test Loss: 826.2091064
Validation loss decreased (inf --> 137.953888).  Saving model ...
Updating learning rate to 0.0025
	iters: 100, epoch: 2 | loss: 0.0172537
	speed: 0.1570s/iter; left time: 3994.0489s
	iters: 200, epoch: 2 | loss: 0.0146016
	speed: 0.0737s/iter; left time: 1868.0462s
Epoch: 2 cost time: 20.170114278793335
Epoch: 2, Steps: 258 | Train Loss: 0.0309331 Vali Loss: 93.6563416 Test Loss: 662.9075928
Validation loss decreased (137.953888 --> 93.656342).  Saving model ...
Updating learning rate to 0.0025
	iters: 100, epoch: 3 | loss: 0.0283747
	speed: 0.1531s/iter; left time: 3857.0245s
	iters: 200, epoch: 3 | loss: 0.0110502
	speed: 0.0751s/iter; left time: 1884.4928s
Epoch: 3 cost time: 20.02312207221985
Epoch: 3, Steps: 258 | Train Loss: 0.0260412 Vali Loss: 92.6866226 Test Loss: 657.0068359
Validation loss decreased (93.656342 --> 92.686623).  Saving model ...
Updating learning rate to 0.0025
	iters: 100, epoch: 4 | loss: 0.0081496
	speed: 0.1531s/iter; left time: 3816.5345s
	iters: 200, epoch: 4 | loss: 0.0109895
	speed: 0.0754s/iter; left time: 1871.3168s
Epoch: 4 cost time: 20.193910837173462
Epoch: 4, Steps: 258 | Train Loss: 0.0215500 Vali Loss: 81.9376068 Test Loss: 685.0850830
Validation loss decreased (92.686623 --> 81.937607).  Saving model ...
Updating learning rate to 0.0025
	iters: 100, epoch: 5 | loss: 0.0060677
	speed: 0.1538s/iter; left time: 3793.6914s
	iters: 200, epoch: 5 | loss: 0.0119522
	speed: 0.0764s/iter; left time: 1878.2620s
Epoch: 5 cost time: 20.058403968811035
Epoch: 5, Steps: 258 | Train Loss: 0.0226959 Vali Loss: 107.9112930 Test Loss: 666.8561401
EarlyStopping counter: 1 out of 100
Updating learning rate to 0.0025
	iters: 100, epoch: 6 | loss: 0.0058738
	speed: 0.1524s/iter; left time: 3720.7258s
	iters: 200, epoch: 6 | loss: 0.0145036
	speed: 0.0768s/iter; left time: 1866.2958s
Epoch: 6 cost time: 20.004969835281372
Epoch: 6, Steps: 258 | Train Loss: 0.0218668 Vali Loss: 81.8141327 Test Loss: 607.2708130
Validation loss decreased (81.937607 --> 81.814133).  Saving model ...
Updating learning rate to 0.0025
	iters: 100, epoch: 7 | loss: 0.0073607
	speed: 0.1493s/iter; left time: 3604.9227s
	iters: 200, epoch: 7 | loss: 0.0184866
	speed: 0.0780s/iter; left time: 1875.5624s
Epoch: 7 cost time: 19.793577909469604
Epoch: 7, Steps: 258 | Train Loss: 0.0189626 Vali Loss: 89.2948456 Test Loss: 646.1276855
EarlyStopping counter: 1 out of 100
Updating learning rate to 0.0025
	iters: 100, epoch: 8 | loss: 0.0077955
	speed: 0.1493s/iter; left time: 3568.1889s
	iters: 200, epoch: 8 | loss: 0.0076064
	speed: 0.0771s/iter; left time: 1834.2986s
Epoch: 8 cost time: 20.03827142715454
Epoch: 8, Steps: 258 | Train Loss: 0.0195364 Vali Loss: 109.4016571 Test Loss: 664.9406738
EarlyStopping counter: 2 out of 100
Updating learning rate to 0.0025
	iters: 100, epoch: 9 | loss: 0.0053516
	speed: 0.1507s/iter; left time: 3562.3194s
	iters: 200, epoch: 9 | loss: 0.0137798
	speed: 0.0778s/iter; left time: 1831.6433s
Epoch: 9 cost time: 19.974761486053467
Epoch: 9, Steps: 258 | Train Loss: 0.0225751 Vali Loss: 114.2829819 Test Loss: 718.3770752
EarlyStopping counter: 3 out of 100
Updating learning rate to 0.0025
	iters: 100, epoch: 10 | loss: 0.0071159
	speed: 0.1524s/iter; left time: 3563.5100s
	iters: 200, epoch: 10 | loss: 0.0092463
	speed: 0.0747s/iter; left time: 1739.6960s
Epoch: 10 cost time: 20.01186490058899
Epoch: 10, Steps: 258 | Train Loss: 0.0227391 Vali Loss: 87.1631546 Test Loss: 656.7779541
EarlyStopping counter: 4 out of 100
Updating learning rate to 0.0025
	iters: 100, epoch: 11 | loss: 0.0103711
	speed: 0.1499s/iter; left time: 3464.7191s
	iters: 200, epoch: 11 | loss: 0.0046314
	speed: 0.0761s/iter; left time: 1752.5952s
Epoch: 11 cost time: 19.88106346130371
Epoch: 11, Steps: 258 | Train Loss: 0.0190372 Vali Loss: 78.9791260 Test Loss: 618.7939453
Validation loss decreased (81.814133 --> 78.979126).  Saving model ...
Updating learning rate to 0.0025
	iters: 100, epoch: 12 | loss: 0.0081232
	speed: 0.1476s/iter; left time: 3373.6569s
	iters: 200, epoch: 12 | loss: 0.0095516
	speed: 0.0737s/iter; left time: 1677.3604s
Epoch: 12 cost time: 19.65641474723816
Epoch: 12, Steps: 258 | Train Loss: 0.0191625 Vali Loss: 73.1655121 Test Loss: 652.3100586
Validation loss decreased (78.979126 --> 73.165512).  Saving model ...
Updating learning rate to 0.0025
	iters: 100, epoch: 13 | loss: 0.0185384
	speed: 0.1516s/iter; left time: 3428.0371s
	iters: 200, epoch: 13 | loss: 0.0110722
	speed: 0.0769s/iter; left time: 1729.6636s
Epoch: 13 cost time: 19.772340297698975
Epoch: 13, Steps: 258 | Train Loss: 0.0194031 Vali Loss: 79.8011017 Test Loss: 608.7333374
EarlyStopping counter: 1 out of 100
Updating learning rate to 0.0025
	iters: 100, epoch: 14 | loss: 0.0103268
	speed: 0.1494s/iter; left time: 3338.5385s
	iters: 200, epoch: 14 | loss: 0.0059260
	speed: 0.0758s/iter; left time: 1687.2093s
Epoch: 14 cost time: 19.82559847831726
Epoch: 14, Steps: 258 | Train Loss: 0.0210074 Vali Loss: 74.8736267 Test Loss: 583.9466553
EarlyStopping counter: 2 out of 100
Updating learning rate to 0.0025
	iters: 100, epoch: 15 | loss: 0.0110173
	speed: 0.1467s/iter; left time: 3241.1704s
	iters: 200, epoch: 15 | loss: 0.0032918
	speed: 0.0783s/iter; left time: 1721.7379s
Epoch: 15 cost time: 19.77114987373352
Epoch: 15, Steps: 258 | Train Loss: 0.0212571 Vali Loss: 71.5563736 Test Loss: 583.8479614
Validation loss decreased (73.165512 --> 71.556374).  Saving model ...
Updating learning rate to 0.0025
	iters: 100, epoch: 16 | loss: 0.0078658
	speed: 0.1521s/iter; left time: 3321.1005s
	iters: 200, epoch: 16 | loss: 0.0155657
	speed: 0.0745s/iter; left time: 1619.5576s
Epoch: 16 cost time: 20.01251459121704
Epoch: 16, Steps: 258 | Train Loss: 0.0174921 Vali Loss: 75.3609695 Test Loss: 585.4985962
EarlyStopping counter: 1 out of 100
Updating learning rate to 0.0025
	iters: 100, epoch: 17 | loss: 0.0095236
	speed: 0.1522s/iter; left time: 3283.0798s
	iters: 200, epoch: 17 | loss: 0.0082603
	speed: 0.0742s/iter; left time: 1592.6877s
Epoch: 17 cost time: 19.799437522888184
Epoch: 17, Steps: 258 | Train Loss: 0.0180635 Vali Loss: 94.6072922 Test Loss: 714.8396606
EarlyStopping counter: 2 out of 100
Updating learning rate to 0.0025
	iters: 100, epoch: 18 | loss: 0.0066790
	speed: 0.1498s/iter; left time: 3193.2064s
	iters: 200, epoch: 18 | loss: 0.0084990
	speed: 0.0751s/iter; left time: 1592.2828s
Epoch: 18 cost time: 19.91488790512085
Epoch: 18, Steps: 258 | Train Loss: 0.0160659 Vali Loss: 73.5769043 Test Loss: 586.4641724
EarlyStopping counter: 3 out of 100
Updating learning rate to 0.0025
	iters: 100, epoch: 19 | loss: 0.0091098
	speed: 0.1517s/iter; left time: 3194.7420s
	iters: 200, epoch: 19 | loss: 0.0040491
	speed: 0.0766s/iter; left time: 1604.3707s
Epoch: 19 cost time: 19.990083694458008
Epoch: 19, Steps: 258 | Train Loss: 0.0158206 Vali Loss: 76.2046967 Test Loss: 592.8747559
EarlyStopping counter: 4 out of 100
Updating learning rate to 0.0025
	iters: 100, epoch: 20 | loss: 0.0100511
	speed: 0.1503s/iter; left time: 3126.8085s
	iters: 200, epoch: 20 | loss: 0.0099787
	speed: 0.0780s/iter; left time: 1613.8586s
Epoch: 20 cost time: 20.07695245742798
Epoch: 20, Steps: 258 | Train Loss: 0.0175104 Vali Loss: 89.5593033 Test Loss: 632.5618896
EarlyStopping counter: 5 out of 100
Updating learning rate to 0.0025
	iters: 100, epoch: 21 | loss: 0.0035651
	speed: 0.1472s/iter; left time: 3024.3013s
	iters: 200, epoch: 21 | loss: 0.0093804
	speed: 0.0784s/iter; left time: 1603.1140s
Epoch: 21 cost time: 19.88951086997986
Epoch: 21, Steps: 258 | Train Loss: 0.0200645 Vali Loss: 89.1179352 Test Loss: 638.1566772
EarlyStopping counter: 6 out of 100
Updating learning rate to 0.0025
	iters: 100, epoch: 22 | loss: 0.0094268
	speed: 0.1523s/iter; left time: 3089.2890s
	iters: 200, epoch: 22 | loss: 0.0137543
	speed: 0.0775s/iter; left time: 1563.7252s
Epoch: 22 cost time: 20.187820434570312
Epoch: 22, Steps: 258 | Train Loss: 0.0150357 Vali Loss: 77.7581100 Test Loss: 613.6165161
EarlyStopping counter: 7 out of 100
Updating learning rate to 0.0025
	iters: 100, epoch: 23 | loss: 0.0082200
	speed: 0.1502s/iter; left time: 3007.2940s
	iters: 200, epoch: 23 | loss: 0.0447342
	speed: 0.0744s/iter; left time: 1483.0011s
Epoch: 23 cost time: 19.73332953453064
Epoch: 23, Steps: 258 | Train Loss: 0.0149523 Vali Loss: 88.7514648 Test Loss: 602.1449585
EarlyStopping counter: 8 out of 100
Updating learning rate to 0.0025
	iters: 100, epoch: 24 | loss: 0.0052102
	speed: 0.1506s/iter; left time: 2976.2090s
	iters: 200, epoch: 24 | loss: 0.0127649
	speed: 0.0775s/iter; left time: 1523.5824s
Epoch: 24 cost time: 20.065074682235718
Epoch: 24, Steps: 258 | Train Loss: 0.0156134 Vali Loss: 74.6734009 Test Loss: 559.1420898
EarlyStopping counter: 9 out of 100
Updating learning rate to 0.0025
	iters: 100, epoch: 25 | loss: 0.0429177
	speed: 0.1505s/iter; left time: 2936.7028s
	iters: 200, epoch: 25 | loss: 0.0115381
	speed: 0.0747s/iter; left time: 1450.3563s
Epoch: 25 cost time: 19.829129695892334
Epoch: 25, Steps: 258 | Train Loss: 0.0165360 Vali Loss: 83.8921051 Test Loss: 614.0841064
EarlyStopping counter: 10 out of 100
Updating learning rate to 0.0025
	iters: 100, epoch: 26 | loss: 0.0089249
	speed: 0.1520s/iter; left time: 2927.0315s
	iters: 200, epoch: 26 | loss: 0.0246652
	speed: 0.0755s/iter; left time: 1446.4116s
Epoch: 26 cost time: 19.84443473815918
Epoch: 26, Steps: 258 | Train Loss: 0.0140198 Vali Loss: 80.7559357 Test Loss: 672.3591309
EarlyStopping counter: 11 out of 100
Updating learning rate to 0.0025
	iters: 100, epoch: 27 | loss: 0.0254434
	speed: 0.1478s/iter; left time: 2806.8046s
	iters: 200, epoch: 27 | loss: 0.0083995
	speed: 0.0798s/iter; left time: 1507.8292s
Epoch: 27 cost time: 20.00727391242981
Epoch: 27, Steps: 258 | Train Loss: 0.0158747 Vali Loss: 78.5607071 Test Loss: 608.0484619
EarlyStopping counter: 12 out of 100
Updating learning rate to 0.0025
	iters: 100, epoch: 28 | loss: 0.0098724
	speed: 0.1475s/iter; left time: 2763.7647s
	iters: 200, epoch: 28 | loss: 0.0095335
	speed: 0.0773s/iter; left time: 1440.8020s
Epoch: 28 cost time: 19.700848817825317
Epoch: 28, Steps: 258 | Train Loss: 0.0156298 Vali Loss: 78.7987747 Test Loss: 610.3554688
EarlyStopping counter: 13 out of 100
Updating learning rate to 0.0025
	iters: 100, epoch: 29 | loss: 0.0113965
	speed: 0.1517s/iter; left time: 2802.3609s
	iters: 200, epoch: 29 | loss: 0.0054044
	speed: 0.0749s/iter; left time: 1375.9563s
Epoch: 29 cost time: 19.893980741500854
Epoch: 29, Steps: 258 | Train Loss: 0.0147032 Vali Loss: 73.1470566 Test Loss: 582.1221924
EarlyStopping counter: 14 out of 100
Updating learning rate to 0.0025
	iters: 100, epoch: 30 | loss: 0.0114573
	speed: 0.1533s/iter; left time: 2792.6632s
	iters: 200, epoch: 30 | loss: 0.0401302
	speed: 0.0745s/iter; left time: 1350.4039s
Epoch: 30 cost time: 20.22324800491333
Epoch: 30, Steps: 258 | Train Loss: 0.0162326 Vali Loss: 80.4811172 Test Loss: 608.6764526
EarlyStopping counter: 15 out of 100
Updating learning rate to 0.0025
	iters: 100, epoch: 31 | loss: 0.0053808
	speed: 0.1503s/iter; left time: 2699.5381s
	iters: 200, epoch: 31 | loss: 0.0123531
	speed: 0.0723s/iter; left time: 1291.8605s
Epoch: 31 cost time: 19.457095623016357
Epoch: 31, Steps: 258 | Train Loss: 0.0171337 Vali Loss: 80.4667664 Test Loss: 602.1954956
EarlyStopping counter: 16 out of 100
Updating learning rate to 0.0025
	iters: 100, epoch: 32 | loss: 0.0141908
	speed: 0.1508s/iter; left time: 2669.8050s
	iters: 200, epoch: 32 | loss: 0.0095158
	speed: 0.0739s/iter; left time: 1301.4867s
Epoch: 32 cost time: 19.77565288543701
Epoch: 32, Steps: 258 | Train Loss: 0.0192387 Vali Loss: 82.7648849 Test Loss: 598.7791138
EarlyStopping counter: 17 out of 100
Updating learning rate to 0.0025
	iters: 100, epoch: 33 | loss: 0.0086128
	speed: 0.1504s/iter; left time: 2623.6685s
	iters: 200, epoch: 33 | loss: 0.0132993
	speed: 0.0744s/iter; left time: 1291.3187s
Epoch: 33 cost time: 19.431286096572876
Epoch: 33, Steps: 258 | Train Loss: 0.0197877 Vali Loss: 87.2457504 Test Loss: 649.0595703
EarlyStopping counter: 18 out of 100
Updating learning rate to 0.0025
	iters: 100, epoch: 34 | loss: 0.0081209
	speed: 0.1449s/iter; left time: 2489.9994s
	iters: 200, epoch: 34 | loss: 0.0090054
	speed: 0.0780s/iter; left time: 1333.5771s
Epoch: 34 cost time: 19.817397117614746
Epoch: 34, Steps: 258 | Train Loss: 0.0258330 Vali Loss: 95.1374741 Test Loss: 678.4585571
EarlyStopping counter: 19 out of 100
Updating learning rate to 0.0025
	iters: 100, epoch: 35 | loss: 0.0101807
	speed: 0.1469s/iter; left time: 2486.4948s
	iters: 200, epoch: 35 | loss: 0.0112810
	speed: 0.0791s/iter; left time: 1330.5420s
Epoch: 35 cost time: 20.158525943756104
Epoch: 35, Steps: 258 | Train Loss: 0.0251140 Vali Loss: 77.7701340 Test Loss: 589.9865112
EarlyStopping counter: 20 out of 100
Updating learning rate to 0.0025
	iters: 100, epoch: 36 | loss: 0.0163974
	speed: 0.1535s/iter; left time: 2558.7393s
	iters: 200, epoch: 36 | loss: 0.0057294
	speed: 0.0753s/iter; left time: 1248.3958s
Epoch: 36 cost time: 19.991711616516113
Epoch: 36, Steps: 258 | Train Loss: 0.0237705 Vali Loss: 87.2904053 Test Loss: 651.9830933
EarlyStopping counter: 21 out of 100
Updating learning rate to 0.0025
	iters: 100, epoch: 37 | loss: 0.0081852
	speed: 0.1517s/iter; left time: 2489.8504s
	iters: 200, epoch: 37 | loss: 0.0125671
	speed: 0.0766s/iter; left time: 1248.8652s
Epoch: 37 cost time: 20.11968207359314
Epoch: 37, Steps: 258 | Train Loss: 0.0217964 Vali Loss: 80.5886078 Test Loss: 579.4476318
EarlyStopping counter: 22 out of 100
Updating learning rate to 0.0025
	iters: 100, epoch: 38 | loss: 0.0175402
	speed: 0.1515s/iter; left time: 2448.1545s
	iters: 200, epoch: 38 | loss: 0.0118829
	speed: 0.0765s/iter; left time: 1228.7250s
Epoch: 38 cost time: 20.371947050094604
Epoch: 38, Steps: 258 | Train Loss: 0.0216282 Vali Loss: 80.0542603 Test Loss: 609.7356567
EarlyStopping counter: 23 out of 100
Updating learning rate to 0.0025
	iters: 100, epoch: 39 | loss: 0.0063928
	speed: 0.1548s/iter; left time: 2460.4631s
	iters: 200, epoch: 39 | loss: 0.0092806
	speed: 0.0751s/iter; left time: 1186.8421s
Epoch: 39 cost time: 19.79149317741394
Epoch: 39, Steps: 258 | Train Loss: 0.0196824 Vali Loss: 79.2910309 Test Loss: 584.0336304
EarlyStopping counter: 24 out of 100
Updating learning rate to 0.0025
	iters: 100, epoch: 40 | loss: 0.0064332
	speed: 0.1498s/iter; left time: 2341.9531s
	iters: 200, epoch: 40 | loss: 0.0062779
	speed: 0.0789s/iter; left time: 1225.2852s
Epoch: 40 cost time: 19.930663108825684
Epoch: 40, Steps: 258 | Train Loss: 0.0185575 Vali Loss: 85.9162064 Test Loss: 640.4286499
EarlyStopping counter: 25 out of 100
Updating learning rate to 0.0025
	iters: 100, epoch: 41 | loss: 0.0111325
	speed: 0.1487s/iter; left time: 2287.3566s
	iters: 200, epoch: 41 | loss: 0.0071178
	speed: 0.0779s/iter; left time: 1190.8532s
Epoch: 41 cost time: 19.999226808547974
Epoch: 41, Steps: 258 | Train Loss: 0.0173120 Vali Loss: 74.1931686 Test Loss: 582.6732178
EarlyStopping counter: 26 out of 100
Updating learning rate to 0.0025
	iters: 100, epoch: 42 | loss: 0.0030165
	speed: 0.1493s/iter; left time: 2257.3490s
	iters: 200, epoch: 42 | loss: 0.0116044
	speed: 0.0757s/iter; left time: 1137.1412s
Epoch: 42 cost time: 19.772753715515137
Epoch: 42, Steps: 258 | Train Loss: 0.0156045 Vali Loss: 75.9623795 Test Loss: 610.8462524
EarlyStopping counter: 27 out of 100
Updating learning rate to 0.0025
	iters: 100, epoch: 43 | loss: 0.0178841
	speed: 0.1513s/iter; left time: 2249.4851s
	iters: 200, epoch: 43 | loss: 0.0101778
	speed: 0.0739s/iter; left time: 1091.3424s
Epoch: 43 cost time: 19.942603588104248
Epoch: 43, Steps: 258 | Train Loss: 0.0180012 Vali Loss: 77.8703690 Test Loss: 600.4446411
EarlyStopping counter: 28 out of 100
Updating learning rate to 0.0025
	iters: 100, epoch: 44 | loss: 0.0061296
	speed: 0.1537s/iter; left time: 2245.2105s
	iters: 200, epoch: 44 | loss: 0.0058297
	speed: 0.0724s/iter; left time: 1049.6711s
Epoch: 44 cost time: 19.81786060333252
Epoch: 44, Steps: 258 | Train Loss: 0.0154011 Vali Loss: 78.8504181 Test Loss: 631.7412109
EarlyStopping counter: 29 out of 100
Updating learning rate to 0.0025
	iters: 100, epoch: 45 | loss: 0.0045762
	speed: 0.1484s/iter; left time: 2129.0200s
	iters: 200, epoch: 45 | loss: 0.0119766
	speed: 0.0752s/iter; left time: 1071.5724s
Epoch: 45 cost time: 19.855473518371582
Epoch: 45, Steps: 258 | Train Loss: 0.0179652 Vali Loss: 85.4584274 Test Loss: 624.7808838
EarlyStopping counter: 30 out of 100
Updating learning rate to 0.0025
	iters: 100, epoch: 46 | loss: 0.0127569
	speed: 0.1516s/iter; left time: 2136.1433s
	iters: 200, epoch: 46 | loss: 0.0054703
	speed: 0.0773s/iter; left time: 1081.2393s
Epoch: 46 cost time: 19.989872455596924
Epoch: 46, Steps: 258 | Train Loss: 0.0185720 Vali Loss: 84.7735138 Test Loss: 628.3713989
EarlyStopping counter: 31 out of 100
Updating learning rate to 0.0025
	iters: 100, epoch: 47 | loss: 0.0122486
	speed: 0.1495s/iter; left time: 2068.2003s
	iters: 200, epoch: 47 | loss: 0.0112268
	speed: 0.0777s/iter; left time: 1066.6907s
Epoch: 47 cost time: 19.711063861846924
Epoch: 47, Steps: 258 | Train Loss: 0.0173150 Vali Loss: 78.1644897 Test Loss: 626.4485474
EarlyStopping counter: 32 out of 100
Updating learning rate to 0.0025
	iters: 100, epoch: 48 | loss: 0.0073762
	speed: 0.1475s/iter; left time: 2002.3900s
	iters: 200, epoch: 48 | loss: 0.0100846
	speed: 0.0786s/iter; left time: 1058.9452s
Epoch: 48 cost time: 19.77191948890686
Epoch: 48, Steps: 258 | Train Loss: 0.0153745 Vali Loss: 78.5029297 Test Loss: 622.9962158
EarlyStopping counter: 33 out of 100
Updating learning rate to 0.0025
	iters: 100, epoch: 49 | loss: 0.0118915
	speed: 0.1530s/iter; left time: 2037.0249s
	iters: 200, epoch: 49 | loss: 0.0229670
	speed: 0.0756s/iter; left time: 999.7739s
Epoch: 49 cost time: 20.067994832992554
Epoch: 49, Steps: 258 | Train Loss: 0.0144621 Vali Loss: 79.1880646 Test Loss: 640.0558472
EarlyStopping counter: 34 out of 100
Updating learning rate to 0.0025
	iters: 100, epoch: 50 | loss: 0.0037339
	speed: 0.1501s/iter; left time: 1960.3383s
	iters: 200, epoch: 50 | loss: 0.0039659
	speed: 0.0733s/iter; left time: 950.3474s
Epoch: 50 cost time: 19.657135486602783
Epoch: 50, Steps: 258 | Train Loss: 0.0145229 Vali Loss: 85.4448090 Test Loss: 615.1435547
EarlyStopping counter: 35 out of 100
Updating learning rate to 0.0025
	iters: 100, epoch: 51 | loss: 0.0065850
	speed: 0.1546s/iter; left time: 1978.4461s
	iters: 200, epoch: 51 | loss: 0.0245152
	speed: 0.0757s/iter; left time: 960.8981s
Epoch: 51 cost time: 20.359790086746216
Epoch: 51, Steps: 258 | Train Loss: 0.0177104 Vali Loss: 80.7470322 Test Loss: 587.4700317
EarlyStopping counter: 36 out of 100
Updating learning rate to 0.0025
	iters: 100, epoch: 52 | loss: 0.0529141
	speed: 0.1515s/iter; left time: 1900.6241s
	iters: 200, epoch: 52 | loss: 0.0152209
	speed: 0.0745s/iter; left time: 927.3775s
Epoch: 52 cost time: 19.69110107421875
Epoch: 52, Steps: 258 | Train Loss: 0.0172627 Vali Loss: 84.5818100 Test Loss: 612.4337769
EarlyStopping counter: 37 out of 100
Updating learning rate to 0.0025
	iters: 100, epoch: 53 | loss: 0.0112287
	speed: 0.1488s/iter; left time: 1827.6217s
	iters: 200, epoch: 53 | loss: 0.0119404
	speed: 0.0757s/iter; left time: 922.4680s
Epoch: 53 cost time: 19.70630669593811
Epoch: 53, Steps: 258 | Train Loss: 0.0180663 Vali Loss: 95.9872513 Test Loss: 613.8958740
EarlyStopping counter: 38 out of 100
Updating learning rate to 0.0025
	iters: 100, epoch: 54 | loss: 0.0059971
	speed: 0.1512s/iter; left time: 1818.0616s
	iters: 200, epoch: 54 | loss: 0.0052943
	speed: 0.0801s/iter; left time: 955.1580s
Epoch: 54 cost time: 20.094275951385498
Epoch: 54, Steps: 258 | Train Loss: 0.0195653 Vali Loss: 93.3802948 Test Loss: 637.3963623
EarlyStopping counter: 39 out of 100
Updating learning rate to 0.0025
	iters: 100, epoch: 55 | loss: 0.0416561
	speed: 0.1490s/iter; left time: 1753.4196s
	iters: 200, epoch: 55 | loss: 0.0283600
	speed: 0.0783s/iter; left time: 913.3462s
Epoch: 55 cost time: 19.99284052848816
Epoch: 55, Steps: 258 | Train Loss: 0.0187367 Vali Loss: 94.2288132 Test Loss: 628.7057495
EarlyStopping counter: 40 out of 100
Updating learning rate to 0.0025
	iters: 100, epoch: 56 | loss: 0.0135261
	speed: 0.1523s/iter; left time: 1752.6077s
	iters: 200, epoch: 56 | loss: 0.2186944
	speed: 0.0781s/iter; left time: 891.3641s
Epoch: 56 cost time: 20.31305956840515
Epoch: 56, Steps: 258 | Train Loss: 0.0179001 Vali Loss: 91.3155518 Test Loss: 626.1862183
EarlyStopping counter: 41 out of 100
Updating learning rate to 0.0025
	iters: 100, epoch: 57 | loss: 0.0096649
	speed: 0.1529s/iter; left time: 1720.5935s
	iters: 200, epoch: 57 | loss: 0.0080084
	speed: 0.0747s/iter; left time: 833.3040s
Epoch: 57 cost time: 19.976791858673096
Epoch: 57, Steps: 258 | Train Loss: 0.0169483 Vali Loss: 81.2709808 Test Loss: 600.1936035
EarlyStopping counter: 42 out of 100
Updating learning rate to 0.0025
	iters: 100, epoch: 58 | loss: 0.0355116
	speed: 0.1489s/iter; left time: 1637.6727s
	iters: 200, epoch: 58 | loss: 0.0098322
	speed: 0.0743s/iter; left time: 809.2706s
Epoch: 58 cost time: 19.766583919525146
Epoch: 58, Steps: 258 | Train Loss: 0.0153897 Vali Loss: 86.6727142 Test Loss: 618.0167236
EarlyStopping counter: 43 out of 100
Updating learning rate to 0.0025
	iters: 100, epoch: 59 | loss: 0.0148271
	speed: 0.1514s/iter; left time: 1626.0392s
	iters: 200, epoch: 59 | loss: 0.0196649
	speed: 0.0752s/iter; left time: 800.1246s
Epoch: 59 cost time: 19.94788956642151
Epoch: 59, Steps: 258 | Train Loss: 0.0164443 Vali Loss: 80.6728745 Test Loss: 619.9391479
EarlyStopping counter: 44 out of 100
Updating learning rate to 0.0025
	iters: 100, epoch: 60 | loss: 0.0070212
	speed: 0.1545s/iter; left time: 1619.4170s
	iters: 200, epoch: 60 | loss: 0.0124204
	speed: 0.0770s/iter; left time: 798.9406s
Epoch: 60 cost time: 20.077309370040894
Epoch: 60, Steps: 258 | Train Loss: 0.0184367 Vali Loss: 89.4017258 Test Loss: 634.8785400
EarlyStopping counter: 45 out of 100
Updating learning rate to 0.0025
	iters: 100, epoch: 61 | loss: 0.0094780
	speed: 0.1491s/iter; left time: 1524.1915s
	iters: 200, epoch: 61 | loss: 0.0132495
	speed: 0.0788s/iter; left time: 797.9927s
Epoch: 61 cost time: 20.120378971099854
Epoch: 61, Steps: 258 | Train Loss: 0.0195727 Vali Loss: 86.1501923 Test Loss: 667.8735962
EarlyStopping counter: 46 out of 100
Updating learning rate to 0.0025
	iters: 100, epoch: 62 | loss: 0.0052064
	speed: 0.1493s/iter; left time: 1487.1621s
	iters: 200, epoch: 62 | loss: 0.0178515
	speed: 0.0793s/iter; left time: 781.9053s
Epoch: 62 cost time: 20.2661452293396
Epoch: 62, Steps: 258 | Train Loss: 0.0235133 Vali Loss: 76.9227295 Test Loss: 602.9690552
EarlyStopping counter: 47 out of 100
Updating learning rate to 0.0025
	iters: 100, epoch: 63 | loss: 0.0215973
	speed: 0.1523s/iter; left time: 1477.6860s
	iters: 200, epoch: 63 | loss: 0.0090111
	speed: 0.0751s/iter; left time: 721.2744s
Epoch: 63 cost time: 19.798333406448364
Epoch: 63, Steps: 258 | Train Loss: 0.0223821 Vali Loss: 82.3703232 Test Loss: 582.0470581
EarlyStopping counter: 48 out of 100
Updating learning rate to 0.0025
	iters: 100, epoch: 64 | loss: 0.0079127
	speed: 0.1509s/iter; left time: 1425.5448s
	iters: 200, epoch: 64 | loss: 0.0105971
	speed: 0.0750s/iter; left time: 700.6070s
Epoch: 64 cost time: 20.13847064971924
Epoch: 64, Steps: 258 | Train Loss: 0.0227035 Vali Loss: 92.7885666 Test Loss: 621.2020264
EarlyStopping counter: 49 out of 100
Updating learning rate to 0.0025
	iters: 100, epoch: 65 | loss: 0.0077292
	speed: 0.1540s/iter; left time: 1414.8004s
	iters: 200, epoch: 65 | loss: 0.0094971
	speed: 0.0747s/iter; left time: 678.5707s
Epoch: 65 cost time: 19.876531839370728
Epoch: 65, Steps: 258 | Train Loss: 0.0212868 Vali Loss: 86.7178345 Test Loss: 599.0856934
EarlyStopping counter: 50 out of 100
Updating learning rate to 0.0025
	iters: 100, epoch: 66 | loss: 0.0159167
	speed: 0.1491s/iter; left time: 1332.0284s
	iters: 200, epoch: 66 | loss: 0.0122238
	speed: 0.0748s/iter; left time: 660.9983s
Epoch: 66 cost time: 19.880448579788208
Epoch: 66, Steps: 258 | Train Loss: 0.0200259 Vali Loss: 82.5003510 Test Loss: 590.0559692
EarlyStopping counter: 51 out of 100
Updating learning rate to 0.0025
	iters: 100, epoch: 67 | loss: 0.0120051
	speed: 0.1521s/iter; left time: 1318.7732s
	iters: 200, epoch: 67 | loss: 0.0074500
	speed: 0.0771s/iter; left time: 660.6118s
Epoch: 67 cost time: 20.019996881484985
Epoch: 67, Steps: 258 | Train Loss: 0.0188101 Vali Loss: 83.3321152 Test Loss: 604.2393188
EarlyStopping counter: 52 out of 100
Updating learning rate to 0.0025
	iters: 100, epoch: 68 | loss: 0.0073262
	speed: 0.1534s/iter; left time: 1290.7412s
	iters: 200, epoch: 68 | loss: 0.0082869
	speed: 0.0796s/iter; left time: 662.2254s
Epoch: 68 cost time: 20.26875352859497
Epoch: 68, Steps: 258 | Train Loss: 0.0201801 Vali Loss: 89.4117813 Test Loss: 612.2819214
EarlyStopping counter: 53 out of 100
Updating learning rate to 0.0025
	iters: 100, epoch: 69 | loss: 0.0065283
	speed: 0.1487s/iter; left time: 1212.6709s
	iters: 200, epoch: 69 | loss: 0.0087505
	speed: 0.0766s/iter; left time: 617.0468s
Epoch: 69 cost time: 20.228790998458862
Epoch: 69, Steps: 258 | Train Loss: 0.0197319 Vali Loss: 87.6691055 Test Loss: 618.6360474
EarlyStopping counter: 54 out of 100
Updating learning rate to 0.0025
	iters: 100, epoch: 70 | loss: 0.0096146
	speed: 0.1576s/iter; left time: 1244.9815s
	iters: 200, epoch: 70 | loss: 0.0615971
	speed: 0.0752s/iter; left time: 586.3311s
Epoch: 70 cost time: 20.032366037368774
Epoch: 70, Steps: 258 | Train Loss: 0.0169770 Vali Loss: 88.5283127 Test Loss: 629.2681885
EarlyStopping counter: 55 out of 100
Updating learning rate to 0.0025
	iters: 100, epoch: 71 | loss: 0.0098705
	speed: 0.1530s/iter; left time: 1169.0332s
	iters: 200, epoch: 71 | loss: 0.0051332
	speed: 0.0735s/iter; left time: 554.0349s
Epoch: 71 cost time: 20.08329463005066
Epoch: 71, Steps: 258 | Train Loss: 0.0171169 Vali Loss: 82.2712708 Test Loss: 619.5552979
EarlyStopping counter: 56 out of 100
Updating learning rate to 0.0025
	iters: 100, epoch: 72 | loss: 0.0339110
	speed: 0.1552s/iter; left time: 1145.8488s
	iters: 200, epoch: 72 | loss: 0.0092693
	speed: 0.0743s/iter; left time: 541.3426s
Epoch: 72 cost time: 20.193145275115967
Epoch: 72, Steps: 258 | Train Loss: 0.0183971 Vali Loss: 81.0529556 Test Loss: 595.6344604
EarlyStopping counter: 57 out of 100
Updating learning rate to 0.0025
	iters: 100, epoch: 73 | loss: 0.0327455
	speed: 0.1538s/iter; left time: 1095.6367s
	iters: 200, epoch: 73 | loss: 0.0083613
	speed: 0.0780s/iter; left time: 548.0432s
Epoch: 73 cost time: 20.16530990600586
Epoch: 73, Steps: 258 | Train Loss: 0.0189565 Vali Loss: 88.3294907 Test Loss: 620.1649780
EarlyStopping counter: 58 out of 100
Updating learning rate to 0.0025
	iters: 100, epoch: 74 | loss: 0.0160185
	speed: 0.1503s/iter; left time: 1031.8959s
	iters: 200, epoch: 74 | loss: 0.0216876
	speed: 0.0764s/iter; left time: 516.7154s
Epoch: 74 cost time: 19.924052238464355
Epoch: 74, Steps: 258 | Train Loss: 0.0213819 Vali Loss: 87.9787445 Test Loss: 603.6735229
EarlyStopping counter: 59 out of 100
Updating learning rate to 0.0025
	iters: 100, epoch: 75 | loss: 0.0283837
	speed: 0.1479s/iter; left time: 977.5025s
	iters: 200, epoch: 75 | loss: 0.0053400
	speed: 0.0807s/iter; left time: 525.0111s
Epoch: 75 cost time: 20.529805183410645
Epoch: 75, Steps: 258 | Train Loss: 0.0192058 Vali Loss: 91.2874222 Test Loss: 646.8010254
EarlyStopping counter: 60 out of 100
Updating learning rate to 0.0025
	iters: 100, epoch: 76 | loss: 0.0285098
	speed: 0.1601s/iter; left time: 1016.6392s
	iters: 200, epoch: 76 | loss: 0.2078506
	speed: 0.0768s/iter; left time: 480.3125s
Epoch: 76 cost time: 20.50200629234314
Epoch: 76, Steps: 258 | Train Loss: 0.0216407 Vali Loss: 89.1846161 Test Loss: 645.1435547
EarlyStopping counter: 61 out of 100
Updating learning rate to 0.0025
	iters: 100, epoch: 77 | loss: 0.0122880
	speed: 0.1566s/iter; left time: 954.4397s
	iters: 200, epoch: 77 | loss: 0.0125870
	speed: 0.0762s/iter; left time: 456.5884s
Epoch: 77 cost time: 20.55553412437439
Epoch: 77, Steps: 258 | Train Loss: 0.0234073 Vali Loss: 83.4661026 Test Loss: 592.4374390
EarlyStopping counter: 62 out of 100
Updating learning rate to 0.0025
	iters: 100, epoch: 78 | loss: 0.0057838
	speed: 0.1579s/iter; left time: 921.2995s
	iters: 200, epoch: 78 | loss: 0.0127647
	speed: 0.0775s/iter; left time: 444.4105s
Epoch: 78 cost time: 20.597378730773926
Epoch: 78, Steps: 258 | Train Loss: 0.0248833 Vali Loss: 92.6741486 Test Loss: 610.3963013
EarlyStopping counter: 63 out of 100
Updating learning rate to 0.0025
	iters: 100, epoch: 79 | loss: 0.0421904
	speed: 0.1548s/iter; left time: 863.1676s
	iters: 200, epoch: 79 | loss: 0.0327014
	speed: 0.0805s/iter; left time: 441.1252s
Epoch: 79 cost time: 20.76140594482422
Epoch: 79, Steps: 258 | Train Loss: 0.0222554 Vali Loss: 83.4043427 Test Loss: 584.4556274
EarlyStopping counter: 64 out of 100
Updating learning rate to 0.0025
	iters: 100, epoch: 80 | loss: 0.0063209
	speed: 0.1563s/iter; left time: 831.6233s
	iters: 200, epoch: 80 | loss: 0.0197455
	speed: 0.0805s/iter; left time: 420.0447s
Epoch: 80 cost time: 20.455326080322266
Epoch: 80, Steps: 258 | Train Loss: 0.0219995 Vali Loss: 89.9294052 Test Loss: 604.4518433
EarlyStopping counter: 65 out of 100
Updating learning rate to 0.0025
	iters: 100, epoch: 81 | loss: 0.0060321
	speed: 0.1528s/iter; left time: 773.1340s
	iters: 200, epoch: 81 | loss: 0.0315839
	speed: 0.0796s/iter; left time: 394.9955s
Epoch: 81 cost time: 20.351694107055664
Epoch: 81, Steps: 258 | Train Loss: 0.0227589 Vali Loss: 94.3513260 Test Loss: 631.9991455
EarlyStopping counter: 66 out of 100
Updating learning rate to 0.0025
	iters: 100, epoch: 82 | loss: 0.0124226
	speed: 0.1548s/iter; left time: 743.4639s
	iters: 200, epoch: 82 | loss: 0.0102827
	speed: 0.0811s/iter; left time: 381.2960s
Epoch: 82 cost time: 20.970856189727783
Epoch: 82, Steps: 258 | Train Loss: 0.0217084 Vali Loss: 84.9616776 Test Loss: 592.1871338
EarlyStopping counter: 67 out of 100
Updating learning rate to 0.0025
	iters: 100, epoch: 83 | loss: 0.0140632
	speed: 0.1535s/iter; left time: 697.5478s
	iters: 200, epoch: 83 | loss: 0.0130754
	speed: 0.0780s/iter; left time: 346.7892s
Epoch: 83 cost time: 20.40324902534485
Epoch: 83, Steps: 258 | Train Loss: 0.0225554 Vali Loss: 83.7257080 Test Loss: 603.2403564
EarlyStopping counter: 68 out of 100
Updating learning rate to 0.0025
	iters: 100, epoch: 84 | loss: 0.0141017
	speed: 0.1534s/iter; left time: 657.4536s
	iters: 200, epoch: 84 | loss: 0.0079355
	speed: 0.0773s/iter; left time: 323.5197s
Epoch: 84 cost time: 20.289843320846558
Epoch: 84, Steps: 258 | Train Loss: 0.0214414 Vali Loss: 81.9158020 Test Loss: 595.9228516
EarlyStopping counter: 69 out of 100
Updating learning rate to 0.0025
	iters: 100, epoch: 85 | loss: 0.0064330
	speed: 0.1577s/iter; left time: 635.1747s
	iters: 200, epoch: 85 | loss: 0.0082094
	speed: 0.0765s/iter; left time: 300.5525s
Epoch: 85 cost time: 20.523791074752808
Epoch: 85, Steps: 258 | Train Loss: 0.0201396 Vali Loss: 91.1364136 Test Loss: 615.7110596
EarlyStopping counter: 70 out of 100
Updating learning rate to 0.0025
	iters: 100, epoch: 86 | loss: 0.0068236
	speed: 0.1569s/iter; left time: 591.6335s
	iters: 200, epoch: 86 | loss: 0.0094831
	speed: 0.0783s/iter; left time: 287.3517s
Epoch: 86 cost time: 20.789462089538574
Epoch: 86, Steps: 258 | Train Loss: 0.0202531 Vali Loss: 85.8186874 Test Loss: 608.1476440
EarlyStopping counter: 71 out of 100
Updating learning rate to 0.0025
	iters: 100, epoch: 87 | loss: 0.0092757
	speed: 0.1524s/iter; left time: 535.5099s
	iters: 200, epoch: 87 | loss: 0.0100249
	speed: 0.0810s/iter; left time: 276.3077s
Epoch: 87 cost time: 20.484282970428467
Epoch: 87, Steps: 258 | Train Loss: 0.0202780 Vali Loss: 81.3437424 Test Loss: 596.1947632
EarlyStopping counter: 72 out of 100
Updating learning rate to 0.0025
	iters: 100, epoch: 88 | loss: 0.0071962
	speed: 0.1548s/iter; left time: 503.7872s
	iters: 200, epoch: 88 | loss: 0.0585618
	speed: 0.0811s/iter; left time: 256.0010s
Epoch: 88 cost time: 20.694389581680298
Epoch: 88, Steps: 258 | Train Loss: 0.0225013 Vali Loss: 84.8862381 Test Loss: 622.6724243
EarlyStopping counter: 73 out of 100
Updating learning rate to 0.0025
	iters: 100, epoch: 89 | loss: 0.0074203
	speed: 0.1534s/iter; left time: 459.8249s
	iters: 200, epoch: 89 | loss: 0.1338814
	speed: 0.0772s/iter; left time: 223.7375s
Epoch: 89 cost time: 20.40213108062744
Epoch: 89, Steps: 258 | Train Loss: 0.0207967 Vali Loss: 78.8754120 Test Loss: 599.8153687
EarlyStopping counter: 74 out of 100
Updating learning rate to 0.0025
	iters: 100, epoch: 90 | loss: 0.0063971
	speed: 0.1549s/iter; left time: 424.2852s
	iters: 200, epoch: 90 | loss: 0.0149155
	speed: 0.0807s/iter; left time: 212.9715s
Epoch: 90 cost time: 20.644182205200195
Epoch: 90, Steps: 258 | Train Loss: 0.0181963 Vali Loss: 81.1884995 Test Loss: 588.3743286
EarlyStopping counter: 75 out of 100
Updating learning rate to 0.0025
	iters: 100, epoch: 91 | loss: 0.0071219
	speed: 0.1578s/iter; left time: 391.5334s
	iters: 200, epoch: 91 | loss: 0.1634828
	speed: 0.0795s/iter; left time: 189.1945s
Epoch: 91 cost time: 20.88001251220703
Epoch: 91, Steps: 258 | Train Loss: 0.0206230 Vali Loss: 80.3342819 Test Loss: 601.4666138
EarlyStopping counter: 76 out of 100
Updating learning rate to 0.0025
	iters: 100, epoch: 92 | loss: 0.0232685
	speed: 0.1602s/iter; left time: 356.2189s
	iters: 200, epoch: 92 | loss: 0.0033093
	speed: 0.0805s/iter; left time: 170.9375s
Epoch: 92 cost time: 20.697537183761597
Epoch: 92, Steps: 258 | Train Loss: 0.0214363 Vali Loss: 84.6524734 Test Loss: 591.5236816
EarlyStopping counter: 77 out of 100
Updating learning rate to 0.0025
	iters: 100, epoch: 93 | loss: 0.0139495
	speed: 0.1583s/iter; left time: 310.9934s
	iters: 200, epoch: 93 | loss: 0.0120427
	speed: 0.0759s/iter; left time: 141.6180s
Epoch: 93 cost time: 20.84437346458435
Epoch: 93, Steps: 258 | Train Loss: 0.0195339 Vali Loss: 79.5804443 Test Loss: 583.8986206
EarlyStopping counter: 78 out of 100
Updating learning rate to 0.0025
	iters: 100, epoch: 94 | loss: 0.0825264
	speed: 0.1573s/iter; left time: 268.5657s
	iters: 200, epoch: 94 | loss: 0.0057721
	speed: 0.0793s/iter; left time: 127.4193s
Epoch: 94 cost time: 20.406506776809692
Epoch: 94, Steps: 258 | Train Loss: 0.0176633 Vali Loss: 81.2351151 Test Loss: 597.4785767
EarlyStopping counter: 79 out of 100
Updating learning rate to 0.0025
	iters: 100, epoch: 95 | loss: 0.0103861
	speed: 0.1541s/iter; left time: 223.3140s
	iters: 200, epoch: 95 | loss: 0.0084041
	speed: 0.0823s/iter; left time: 110.9970s
Epoch: 95 cost time: 20.73456621170044
Epoch: 95, Steps: 258 | Train Loss: 0.0196213 Vali Loss: 78.0301437 Test Loss: 578.0698853
EarlyStopping counter: 80 out of 100
Updating learning rate to 0.0025
	iters: 100, epoch: 96 | loss: 0.0087557
	speed: 0.1541s/iter; left time: 183.5803s
	iters: 200, epoch: 96 | loss: 0.0178506
	speed: 0.0790s/iter; left time: 86.1851s
Epoch: 96 cost time: 20.518911838531494
Epoch: 96, Steps: 258 | Train Loss: 0.0188148 Vali Loss: 80.2539062 Test Loss: 600.1895752
EarlyStopping counter: 81 out of 100
Updating learning rate to 0.0025
	iters: 100, epoch: 97 | loss: 0.0067132
	speed: 0.1557s/iter; left time: 145.2582s
	iters: 200, epoch: 97 | loss: 0.0060728
	speed: 0.0764s/iter; left time: 63.6407s
Epoch: 97 cost time: 20.43949270248413
Epoch: 97, Steps: 258 | Train Loss: 0.0179949 Vali Loss: 78.6963730 Test Loss: 593.9353638
EarlyStopping counter: 82 out of 100
Updating learning rate to 0.0025
	iters: 100, epoch: 98 | loss: 0.0085225
	speed: 0.1573s/iter; left time: 106.1745s
	iters: 200, epoch: 98 | loss: 0.0099967
	speed: 0.0789s/iter; left time: 45.3812s
Epoch: 98 cost time: 20.962839365005493
Epoch: 98, Steps: 258 | Train Loss: 0.0220866 Vali Loss: 80.7291260 Test Loss: 593.3850098
EarlyStopping counter: 83 out of 100
Updating learning rate to 0.0025
	iters: 100, epoch: 99 | loss: 0.0079612
	speed: 0.1583s/iter; left time: 66.0299s
	iters: 200, epoch: 99 | loss: 0.0107636
	speed: 0.0760s/iter; left time: 24.0820s
Epoch: 99 cost time: 20.541156768798828
Epoch: 99, Steps: 258 | Train Loss: 0.0233179 Vali Loss: 80.0295181 Test Loss: 573.6025391
EarlyStopping counter: 84 out of 100
Updating learning rate to 0.0025
	iters: 100, epoch: 100 | loss: 0.0239851
	speed: 0.1566s/iter; left time: 24.9043s
	iters: 200, epoch: 100 | loss: 0.0068741
	speed: 0.0826s/iter; left time: 4.8757s
Epoch: 100 cost time: 20.603426694869995
Epoch: 100, Steps: 258 | Train Loss: 0.0206661 Vali Loss: 82.2501221 Test Loss: 590.2448120
EarlyStopping counter: 85 out of 100
Updating learning rate to 0.0025
>>>>>>>testing : 84_14_PatchTST_custom_ftM_sl84_ll48_pl14_dm16_nh4_el3_dl1_df128_fc1_ebtimeF_dtTrue_Exp_0<<<<<<<<<<<<<<<<<<<<<<<<<<<<<<<<<
test 1194
mse:583.8480834960938, mae:7.241213321685791, rse:0.1970740556716919
