Args in experiment:
Namespace(random_seed=2024, is_training=1, model_id='60_20', model='PatchTST', data='custom', root_path='./dataset/', data_path='haar_lv7.csv', features='M', target='Target', freq='h', checkpoints='./checkpoints/', seq_len=60, label_len=48, pred_len=20, fc_dropout=0.2, head_dropout=0.0, patch_len=5, stride=2, padding_patch='end', revin=1, affine=0, subtract_last=0, decomposition=0, kernel_size=25, individual=0, embed_type=0, enc_in=10, dec_in=7, c_out=7, d_model=16, n_heads=4, e_layers=3, d_layers=1, d_ff=128, moving_avg=25, factor=1, distil=True, dropout=0.2, embed='timeF', activation='gelu', output_attention=False, do_predict=False, num_workers=10, itr=1, train_epochs=100, batch_size=16, patience=100, learning_rate=0.0025, des='Exp', loss='mse', lradj='constant', pct_start=0.3, use_amp=False, use_gpu=False, gpu=0, use_multi_gpu=False, devices='0,1,2,3', test_flop=False)
Use CPU
>>>>>>>start training : 60_20_PatchTST_custom_ftM_sl60_ll48_pl20_dm16_nh4_el3_dl1_df128_fc1_ebtimeF_dtTrue_Exp_0>>>>>>>>>>>>>>>>>>>>>>>>>>
train 4146
val 586
test 1188
	iters: 100, epoch: 1 | loss: 0.6775813
	speed: 0.2874s/iter; left time: 7415.8470s
	iters: 200, epoch: 1 | loss: 0.4811520
	speed: 0.2755s/iter; left time: 7079.9828s
Epoch: 1 cost time: 70.09999370574951
Epoch: 1, Steps: 259 | Train Loss: 0.5687442 Vali Loss: 0.3457728 Test Loss: 0.6114195
Validation loss decreased (inf --> 0.345773).  Saving model ...
Updating learning rate to 0.0025
	iters: 100, epoch: 2 | loss: 0.3459098
	speed: 0.5047s/iter; left time: 12891.3854s
	iters: 200, epoch: 2 | loss: 0.5446221
	speed: 0.2473s/iter; left time: 6290.6856s
Epoch: 2 cost time: 69.80811071395874
Epoch: 2, Steps: 259 | Train Loss: 0.2993326 Vali Loss: 0.2574396 Test Loss: 0.4867597
Validation loss decreased (0.345773 --> 0.257440).  Saving model ...
Updating learning rate to 0.0025
	iters: 100, epoch: 3 | loss: 0.0642954
	speed: 0.4581s/iter; left time: 11582.5717s
	iters: 200, epoch: 3 | loss: 0.1874414
	speed: 0.3183s/iter; left time: 8015.9794s
Epoch: 3 cost time: 72.74556255340576
Epoch: 3, Steps: 259 | Train Loss: 0.2873442 Vali Loss: 0.2487853 Test Loss: 0.4815548
Validation loss decreased (0.257440 --> 0.248785).  Saving model ...
Updating learning rate to 0.0025
	iters: 100, epoch: 4 | loss: 0.4828354
	speed: 0.5078s/iter; left time: 12707.6490s
	iters: 200, epoch: 4 | loss: 0.4205833
	speed: 0.2765s/iter; left time: 6890.7385s
Epoch: 4 cost time: 70.37646842002869
Epoch: 4, Steps: 259 | Train Loss: 0.2824190 Vali Loss: 0.2481236 Test Loss: 0.4762890
Validation loss decreased (0.248785 --> 0.248124).  Saving model ...
Updating learning rate to 0.0025
	iters: 100, epoch: 5 | loss: 0.1951855
	speed: 0.5207s/iter; left time: 12896.2602s
	iters: 200, epoch: 5 | loss: 0.2228199
	speed: 0.2042s/iter; left time: 5035.4471s
Epoch: 5 cost time: 69.10283780097961
Epoch: 5, Steps: 259 | Train Loss: 0.2780099 Vali Loss: 0.2477963 Test Loss: 0.4769379
Validation loss decreased (0.248124 --> 0.247796).  Saving model ...
Updating learning rate to 0.0025
	iters: 100, epoch: 6 | loss: 0.1582260
	speed: 0.4345s/iter; left time: 10646.8905s
	iters: 200, epoch: 6 | loss: 0.2011269
	speed: 0.2847s/iter; left time: 6947.9409s
Epoch: 6 cost time: 70.42899560928345
Epoch: 6, Steps: 259 | Train Loss: 0.2765165 Vali Loss: 0.2432564 Test Loss: 0.4764540
Validation loss decreased (0.247796 --> 0.243256).  Saving model ...
Updating learning rate to 0.0025
	iters: 100, epoch: 7 | loss: 0.2762113
	speed: 0.5452s/iter; left time: 13218.4179s
	iters: 200, epoch: 7 | loss: 0.3349114
	speed: 0.3253s/iter; left time: 7855.6430s
Epoch: 7 cost time: 78.00092649459839
Epoch: 7, Steps: 259 | Train Loss: 0.2751860 Vali Loss: 0.2435456 Test Loss: 0.4737231
EarlyStopping counter: 1 out of 100
Updating learning rate to 0.0025
	iters: 100, epoch: 8 | loss: 0.3638625
	speed: 0.4678s/iter; left time: 11220.5341s
	iters: 200, epoch: 8 | loss: 0.5003704
	speed: 0.2212s/iter; left time: 5284.0955s
Epoch: 8 cost time: 61.33828353881836
Epoch: 8, Steps: 259 | Train Loss: 0.2743621 Vali Loss: 0.2586364 Test Loss: 0.4900789
EarlyStopping counter: 2 out of 100
Updating learning rate to 0.0025
	iters: 100, epoch: 9 | loss: 0.4789042
	speed: 0.4628s/iter; left time: 10982.1839s
	iters: 200, epoch: 9 | loss: 0.2157874
	speed: 0.2487s/iter; left time: 5876.7944s
Epoch: 9 cost time: 67.5566999912262
Epoch: 9, Steps: 259 | Train Loss: 0.2746586 Vali Loss: 0.2461971 Test Loss: 0.4741929
EarlyStopping counter: 3 out of 100
Updating learning rate to 0.0025
	iters: 100, epoch: 10 | loss: 0.1298856
	speed: 0.4894s/iter; left time: 11486.9636s
	iters: 200, epoch: 10 | loss: 0.1777753
	speed: 0.2366s/iter; left time: 5528.2797s
Epoch: 10 cost time: 60.437443017959595
Epoch: 10, Steps: 259 | Train Loss: 0.2716177 Vali Loss: 0.2447576 Test Loss: 0.4716225
EarlyStopping counter: 4 out of 100
Updating learning rate to 0.0025
	iters: 100, epoch: 11 | loss: 0.1161340
	speed: 0.4934s/iter; left time: 11453.0685s
	iters: 200, epoch: 11 | loss: 0.3435781
	speed: 0.2781s/iter; left time: 6426.0288s
Epoch: 11 cost time: 71.893141746521
Epoch: 11, Steps: 259 | Train Loss: 0.2723820 Vali Loss: 0.2449532 Test Loss: 0.4729926
EarlyStopping counter: 5 out of 100
Updating learning rate to 0.0025
	iters: 100, epoch: 12 | loss: 0.2935345
	speed: 0.4535s/iter; left time: 10408.5901s
	iters: 200, epoch: 12 | loss: 0.4648610
	speed: 0.2569s/iter; left time: 5871.1379s
Epoch: 12 cost time: 62.01077103614807
Epoch: 12, Steps: 259 | Train Loss: 0.2708179 Vali Loss: 0.2530475 Test Loss: 0.4802990
EarlyStopping counter: 6 out of 100
Updating learning rate to 0.0025
	iters: 100, epoch: 13 | loss: 0.0486152
	speed: 0.4476s/iter; left time: 10158.1875s
	iters: 200, epoch: 13 | loss: 0.4361717
	speed: 0.2406s/iter; left time: 5435.0408s
Epoch: 13 cost time: 63.22274446487427
Epoch: 13, Steps: 259 | Train Loss: 0.2713012 Vali Loss: 0.2481821 Test Loss: 0.4803444
EarlyStopping counter: 7 out of 100
Updating learning rate to 0.0025
	iters: 100, epoch: 14 | loss: 0.2400985
	speed: 0.4788s/iter; left time: 10740.5804s
	iters: 200, epoch: 14 | loss: 0.1598520
	speed: 0.2462s/iter; left time: 5499.3665s
Epoch: 14 cost time: 69.8298556804657
Epoch: 14, Steps: 259 | Train Loss: 0.2705823 Vali Loss: 0.2467020 Test Loss: 0.4770633
EarlyStopping counter: 8 out of 100
Updating learning rate to 0.0025
	iters: 100, epoch: 15 | loss: 0.2500916
	speed: 0.4928s/iter; left time: 10927.1613s
	iters: 200, epoch: 15 | loss: 0.1832733
	speed: 0.2671s/iter; left time: 5896.2978s
Epoch: 15 cost time: 76.25978970527649
Epoch: 15, Steps: 259 | Train Loss: 0.2699683 Vali Loss: 0.2661716 Test Loss: 0.4827911
EarlyStopping counter: 9 out of 100
Updating learning rate to 0.0025
	iters: 100, epoch: 16 | loss: 0.1956226
	speed: 0.5842s/iter; left time: 12803.1570s
	iters: 200, epoch: 16 | loss: 0.2160399
	speed: 0.2514s/iter; left time: 5484.7806s
Epoch: 16 cost time: 69.37587428092957
Epoch: 16, Steps: 259 | Train Loss: 0.2699878 Vali Loss: 0.2547099 Test Loss: 0.4764512
EarlyStopping counter: 10 out of 100
Updating learning rate to 0.0025
	iters: 100, epoch: 17 | loss: 0.0990735
	speed: 0.4842s/iter; left time: 10486.5565s
	iters: 200, epoch: 17 | loss: 0.1304356
	speed: 0.2703s/iter; left time: 5827.8692s
Epoch: 17 cost time: 68.78132009506226
Epoch: 17, Steps: 259 | Train Loss: 0.2699613 Vali Loss: 0.2527678 Test Loss: 0.4773126
EarlyStopping counter: 11 out of 100
Updating learning rate to 0.0025
	iters: 100, epoch: 18 | loss: 0.1940074
	speed: 0.5318s/iter; left time: 11379.4392s
	iters: 200, epoch: 18 | loss: 1.1348977
	speed: 0.2310s/iter; left time: 4920.0644s
Epoch: 18 cost time: 65.89579701423645
Epoch: 18, Steps: 259 | Train Loss: 0.2706626 Vali Loss: 0.2512881 Test Loss: 0.4837796
EarlyStopping counter: 12 out of 100
Updating learning rate to 0.0025
	iters: 100, epoch: 19 | loss: 0.3661042
	speed: 0.4926s/iter; left time: 10413.0831s
	iters: 200, epoch: 19 | loss: 0.2377554
	speed: 0.2551s/iter; left time: 5366.2146s
Epoch: 19 cost time: 65.98659873008728
Epoch: 19, Steps: 259 | Train Loss: 0.2713609 Vali Loss: 0.2515513 Test Loss: 0.4758649
EarlyStopping counter: 13 out of 100
Updating learning rate to 0.0025
	iters: 100, epoch: 20 | loss: 0.1713780
	speed: 0.4888s/iter; left time: 10207.1005s
	iters: 200, epoch: 20 | loss: 0.0711404
	speed: 0.2743s/iter; left time: 5698.9859s
Epoch: 20 cost time: 73.07028269767761
Epoch: 20, Steps: 259 | Train Loss: 0.2691550 Vali Loss: 0.2529973 Test Loss: 0.4879559
EarlyStopping counter: 14 out of 100
Updating learning rate to 0.0025
	iters: 100, epoch: 21 | loss: 0.1375410
	speed: 0.5425s/iter; left time: 11186.9010s
	iters: 200, epoch: 21 | loss: 0.1887533
	speed: 0.3246s/iter; left time: 6662.0152s
Epoch: 21 cost time: 77.71541047096252
Epoch: 21, Steps: 259 | Train Loss: 0.2699585 Vali Loss: 0.2457920 Test Loss: 0.4749942
EarlyStopping counter: 15 out of 100
Updating learning rate to 0.0025
	iters: 100, epoch: 22 | loss: 0.3363453
	speed: 0.4508s/iter; left time: 9178.6637s
	iters: 200, epoch: 22 | loss: 0.3151374
	speed: 0.2817s/iter; left time: 5708.1962s
Epoch: 22 cost time: 66.46843481063843
Epoch: 22, Steps: 259 | Train Loss: 0.2687945 Vali Loss: 0.2504271 Test Loss: 0.4797625
EarlyStopping counter: 16 out of 100
Updating learning rate to 0.0025
	iters: 100, epoch: 23 | loss: 0.0871283
	speed: 0.4583s/iter; left time: 9213.2298s
	iters: 200, epoch: 23 | loss: 0.3228136
	speed: 0.2626s/iter; left time: 5252.7359s
Epoch: 23 cost time: 63.92011618614197
Epoch: 23, Steps: 259 | Train Loss: 0.2698258 Vali Loss: 0.2497443 Test Loss: 0.4772872
EarlyStopping counter: 17 out of 100
Updating learning rate to 0.0025
	iters: 100, epoch: 24 | loss: 0.3793881
	speed: 0.4465s/iter; left time: 8860.6033s
	iters: 200, epoch: 24 | loss: 0.0321946
	speed: 0.3179s/iter; left time: 6277.2224s
Epoch: 24 cost time: 68.10263323783875
Epoch: 24, Steps: 259 | Train Loss: 0.2691725 Vali Loss: 0.2624609 Test Loss: 0.4956852
EarlyStopping counter: 18 out of 100
Updating learning rate to 0.0025
	iters: 100, epoch: 25 | loss: 0.1920153
	speed: 0.4692s/iter; left time: 9188.3603s
	iters: 200, epoch: 25 | loss: 0.5743231
	speed: 0.2842s/iter; left time: 5537.1086s
Epoch: 25 cost time: 71.46596169471741
Epoch: 25, Steps: 259 | Train Loss: 0.2676542 Vali Loss: 0.2534258 Test Loss: 0.4849226
EarlyStopping counter: 19 out of 100
Updating learning rate to 0.0025
	iters: 100, epoch: 26 | loss: 0.1278786
	speed: 0.4345s/iter; left time: 8397.5377s
	iters: 200, epoch: 26 | loss: 0.1419892
	speed: 0.2603s/iter; left time: 5005.4835s
Epoch: 26 cost time: 63.95676350593567
Epoch: 26, Steps: 259 | Train Loss: 0.2685117 Vali Loss: 0.2486171 Test Loss: 0.4803669
EarlyStopping counter: 20 out of 100
Updating learning rate to 0.0025
	iters: 100, epoch: 27 | loss: 0.5197951
	speed: 0.4962s/iter; left time: 9461.2579s
	iters: 200, epoch: 27 | loss: 0.1152989
	speed: 0.2768s/iter; left time: 5249.9810s
Epoch: 27 cost time: 72.51436567306519
Epoch: 27, Steps: 259 | Train Loss: 0.2673446 Vali Loss: 0.2520400 Test Loss: 0.4750880
EarlyStopping counter: 21 out of 100
Updating learning rate to 0.0025
	iters: 100, epoch: 28 | loss: 0.1762260
	speed: 0.4998s/iter; left time: 9400.1251s
	iters: 200, epoch: 28 | loss: 0.8585038
	speed: 0.2246s/iter; left time: 4202.1891s
Epoch: 28 cost time: 59.65988230705261
Epoch: 28, Steps: 259 | Train Loss: 0.2674653 Vali Loss: 0.2558926 Test Loss: 0.4848097
EarlyStopping counter: 22 out of 100
Updating learning rate to 0.0025
	iters: 100, epoch: 29 | loss: 0.3558532
	speed: 0.5407s/iter; left time: 10028.9701s
	iters: 200, epoch: 29 | loss: 0.2532144
	speed: 0.2480s/iter; left time: 4575.7554s
Epoch: 29 cost time: 70.7233099937439
Epoch: 29, Steps: 259 | Train Loss: 0.2665032 Vali Loss: 0.2462569 Test Loss: 0.4762599
EarlyStopping counter: 23 out of 100
Updating learning rate to 0.0025
	iters: 100, epoch: 30 | loss: 0.0933284
	speed: 0.3763s/iter; left time: 6882.9550s
	iters: 200, epoch: 30 | loss: 0.7109645
	speed: 0.3120s/iter; left time: 5675.2401s
Epoch: 30 cost time: 67.63248133659363
Epoch: 30, Steps: 259 | Train Loss: 0.2673221 Vali Loss: 0.2464446 Test Loss: 0.4789454
EarlyStopping counter: 24 out of 100
Updating learning rate to 0.0025
	iters: 100, epoch: 31 | loss: 0.0868495
	speed: 0.4765s/iter; left time: 8592.3557s
	iters: 200, epoch: 31 | loss: 0.0623916
	speed: 0.2590s/iter; left time: 4643.9843s
Epoch: 31 cost time: 63.2629668712616
Epoch: 31, Steps: 259 | Train Loss: 0.2662857 Vali Loss: 0.2513607 Test Loss: 0.4762038
EarlyStopping counter: 25 out of 100
Updating learning rate to 0.0025
	iters: 100, epoch: 32 | loss: 0.3510780
	speed: 0.4421s/iter; left time: 7857.4418s
	iters: 200, epoch: 32 | loss: 0.1596444
	speed: 0.2722s/iter; left time: 4810.0568s
Epoch: 32 cost time: 68.07961559295654
Epoch: 32, Steps: 259 | Train Loss: 0.2669928 Vali Loss: 0.2492213 Test Loss: 0.4777804
EarlyStopping counter: 26 out of 100
Updating learning rate to 0.0025
	iters: 100, epoch: 33 | loss: 0.3153585
	speed: 0.4239s/iter; left time: 7424.4420s
	iters: 200, epoch: 33 | loss: 0.0183585
	speed: 0.2677s/iter; left time: 4660.9204s
Epoch: 33 cost time: 59.91706609725952
Epoch: 33, Steps: 259 | Train Loss: 0.2685495 Vali Loss: 0.2511272 Test Loss: 0.4799697
EarlyStopping counter: 27 out of 100
Updating learning rate to 0.0025
	iters: 100, epoch: 34 | loss: 0.5772591
	speed: 0.4147s/iter; left time: 7155.7026s
	iters: 200, epoch: 34 | loss: 0.2989912
	speed: 0.2758s/iter; left time: 4731.6904s
Epoch: 34 cost time: 71.08036231994629
Epoch: 34, Steps: 259 | Train Loss: 0.2673623 Vali Loss: 0.2449588 Test Loss: 0.4694279
EarlyStopping counter: 28 out of 100
Updating learning rate to 0.0025
	iters: 100, epoch: 35 | loss: 0.3276125
	speed: 0.5061s/iter; left time: 8601.8968s
	iters: 200, epoch: 35 | loss: 0.5635589
	speed: 0.2777s/iter; left time: 4691.4624s
Epoch: 35 cost time: 70.09117531776428
Epoch: 35, Steps: 259 | Train Loss: 0.2672942 Vali Loss: 0.2502068 Test Loss: 0.4835851
EarlyStopping counter: 29 out of 100
Updating learning rate to 0.0025
	iters: 100, epoch: 36 | loss: 0.4271871
	speed: 0.5011s/iter; left time: 8385.9676s
	iters: 200, epoch: 36 | loss: 0.1606374
	speed: 0.2666s/iter; left time: 4435.2699s
Epoch: 36 cost time: 70.11709380149841
Epoch: 36, Steps: 259 | Train Loss: 0.2653998 Vali Loss: 0.2538104 Test Loss: 0.4805788
EarlyStopping counter: 30 out of 100
Updating learning rate to 0.0025
	iters: 100, epoch: 37 | loss: 0.6632965
	speed: 0.4211s/iter; left time: 6938.5379s
	iters: 200, epoch: 37 | loss: 0.4046436
	speed: 0.2705s/iter; left time: 4430.2921s
Epoch: 37 cost time: 64.19812965393066
Epoch: 37, Steps: 259 | Train Loss: 0.2663382 Vali Loss: 0.2438037 Test Loss: 0.4714468
EarlyStopping counter: 31 out of 100
Updating learning rate to 0.0025
	iters: 100, epoch: 38 | loss: 0.1493167
	speed: 0.4319s/iter; left time: 7004.4563s
	iters: 200, epoch: 38 | loss: 0.0991398
	speed: 0.2287s/iter; left time: 3685.5489s
Epoch: 38 cost time: 66.20728063583374
Epoch: 38, Steps: 259 | Train Loss: 0.2653287 Vali Loss: 0.2439944 Test Loss: 0.4790940
EarlyStopping counter: 32 out of 100
Updating learning rate to 0.0025
	iters: 100, epoch: 39 | loss: 0.1761682
	speed: 0.4758s/iter; left time: 7593.8399s
	iters: 200, epoch: 39 | loss: 0.1400600
	speed: 0.2491s/iter; left time: 3949.9411s
Epoch: 39 cost time: 66.84729170799255
Epoch: 39, Steps: 259 | Train Loss: 0.2661995 Vali Loss: 0.2490111 Test Loss: 0.4733999
EarlyStopping counter: 33 out of 100
Updating learning rate to 0.0025
	iters: 100, epoch: 40 | loss: 0.3329435
	speed: 0.4414s/iter; left time: 6930.2682s
	iters: 200, epoch: 40 | loss: 0.1020766
	speed: 0.2738s/iter; left time: 4270.8803s
Epoch: 40 cost time: 68.80294227600098
Epoch: 40, Steps: 259 | Train Loss: 0.2664842 Vali Loss: 0.2502286 Test Loss: 0.4724288
EarlyStopping counter: 34 out of 100
Updating learning rate to 0.0025
	iters: 100, epoch: 41 | loss: 0.2830115
	speed: 0.5093s/iter; left time: 7863.4659s
	iters: 200, epoch: 41 | loss: 0.3889905
	speed: 0.2504s/iter; left time: 3841.1516s
Epoch: 41 cost time: 66.45420408248901
Epoch: 41, Steps: 259 | Train Loss: 0.2645178 Vali Loss: 0.2450388 Test Loss: 0.4754998
EarlyStopping counter: 35 out of 100
Updating learning rate to 0.0025
	iters: 100, epoch: 42 | loss: 0.3856136
	speed: 0.4787s/iter; left time: 7268.1941s
	iters: 200, epoch: 42 | loss: 0.1883190
	speed: 0.3090s/iter; left time: 4660.4846s
Epoch: 42 cost time: 71.58197689056396
Epoch: 42, Steps: 259 | Train Loss: 0.2657882 Vali Loss: 0.2500311 Test Loss: 0.4749190
EarlyStopping counter: 36 out of 100
Updating learning rate to 0.0025
	iters: 100, epoch: 43 | loss: 0.3562781
	speed: 0.4623s/iter; left time: 6898.4708s
	iters: 200, epoch: 43 | loss: 0.3534729
	speed: 0.2940s/iter; left time: 4358.3562s
Epoch: 43 cost time: 70.60082483291626
Epoch: 43, Steps: 259 | Train Loss: 0.2659025 Vali Loss: 0.2598040 Test Loss: 0.4839349
EarlyStopping counter: 37 out of 100
Updating learning rate to 0.0025
	iters: 100, epoch: 44 | loss: 0.2944024
	speed: 0.4691s/iter; left time: 6879.4728s
	iters: 200, epoch: 44 | loss: 1.0651506
	speed: 0.2937s/iter; left time: 4277.7241s
Epoch: 44 cost time: 70.00866627693176
Epoch: 44, Steps: 259 | Train Loss: 0.2650997 Vali Loss: 0.2446808 Test Loss: 0.4745845
EarlyStopping counter: 38 out of 100
Updating learning rate to 0.0025
	iters: 100, epoch: 45 | loss: 0.2391971
	speed: 0.4675s/iter; left time: 6733.9996s
	iters: 200, epoch: 45 | loss: 0.2345745
	speed: 0.2677s/iter; left time: 3829.9156s
Epoch: 45 cost time: 68.34089612960815
Epoch: 45, Steps: 259 | Train Loss: 0.2661370 Vali Loss: 0.2394482 Test Loss: 0.4719505
Validation loss decreased (0.243256 --> 0.239448).  Saving model ...
Updating learning rate to 0.0025
	iters: 100, epoch: 46 | loss: 0.1444932
	speed: 0.5109s/iter; left time: 7226.7568s
	iters: 200, epoch: 46 | loss: 0.0955608
	speed: 0.2383s/iter; left time: 3346.6056s
Epoch: 46 cost time: 66.49344038963318
Epoch: 46, Steps: 259 | Train Loss: 0.2656636 Vali Loss: 0.2470324 Test Loss: 0.4716613
EarlyStopping counter: 1 out of 100
Updating learning rate to 0.0025
	iters: 100, epoch: 47 | loss: 0.1183188
	speed: 0.4804s/iter; left time: 6671.3838s
	iters: 200, epoch: 47 | loss: 0.2181025
	speed: 0.2469s/iter; left time: 3404.5346s
Epoch: 47 cost time: 64.43004894256592
Epoch: 47, Steps: 259 | Train Loss: 0.2648675 Vali Loss: 0.2503854 Test Loss: 0.4745750
EarlyStopping counter: 2 out of 100
Updating learning rate to 0.0025
	iters: 100, epoch: 48 | loss: 0.4065745
	speed: 0.4454s/iter; left time: 6069.3859s
	iters: 200, epoch: 48 | loss: 0.5055951
	speed: 0.2502s/iter; left time: 3384.3691s
Epoch: 48 cost time: 63.22902297973633
Epoch: 48, Steps: 259 | Train Loss: 0.2652155 Vali Loss: 0.2514399 Test Loss: 0.4755950
EarlyStopping counter: 3 out of 100
Updating learning rate to 0.0025
	iters: 100, epoch: 49 | loss: 0.1529459
	speed: 0.4478s/iter; left time: 5986.2822s
	iters: 200, epoch: 49 | loss: 0.1475633
	speed: 0.2714s/iter; left time: 3601.5464s
Epoch: 49 cost time: 66.92721223831177
Epoch: 49, Steps: 259 | Train Loss: 0.2668649 Vali Loss: 0.2497286 Test Loss: 0.4728539
EarlyStopping counter: 4 out of 100
Updating learning rate to 0.0025
	iters: 100, epoch: 50 | loss: 0.0257749
	speed: 0.4647s/iter; left time: 6091.6449s
	iters: 200, epoch: 50 | loss: 0.2033408
	speed: 0.2358s/iter; left time: 3067.7130s
Epoch: 50 cost time: 64.6559100151062
Epoch: 50, Steps: 259 | Train Loss: 0.2667482 Vali Loss: 0.2546650 Test Loss: 0.4825056
EarlyStopping counter: 5 out of 100
Updating learning rate to 0.0025
	iters: 100, epoch: 51 | loss: 0.2333575
	speed: 0.4629s/iter; left time: 5948.5627s
	iters: 200, epoch: 51 | loss: 0.3378752
	speed: 0.2900s/iter; left time: 3697.2694s
Epoch: 51 cost time: 70.49638223648071
Epoch: 51, Steps: 259 | Train Loss: 0.2654451 Vali Loss: 0.2462102 Test Loss: 0.4749598
EarlyStopping counter: 6 out of 100
Updating learning rate to 0.0025
	iters: 100, epoch: 52 | loss: 0.1887394
	speed: 0.4873s/iter; left time: 6136.3760s
	iters: 200, epoch: 52 | loss: 0.1661417
	speed: 0.2489s/iter; left time: 3109.6362s
Epoch: 52 cost time: 64.89455270767212
Epoch: 52, Steps: 259 | Train Loss: 0.2661656 Vali Loss: 0.2496271 Test Loss: 0.4767628
EarlyStopping counter: 7 out of 100
Updating learning rate to 0.0025
	iters: 100, epoch: 53 | loss: 0.2343237
	speed: 0.4057s/iter; left time: 5004.0605s
	iters: 200, epoch: 53 | loss: 0.7374399
	speed: 0.2564s/iter; left time: 3136.2200s
Epoch: 53 cost time: 61.71466851234436
Epoch: 53, Steps: 259 | Train Loss: 0.2651563 Vali Loss: 0.2466621 Test Loss: 0.4760102
EarlyStopping counter: 8 out of 100
Updating learning rate to 0.0025
	iters: 100, epoch: 54 | loss: 0.1415146
	speed: 0.4840s/iter; left time: 5843.4255s
	iters: 200, epoch: 54 | loss: 0.3905632
	speed: 0.2306s/iter; left time: 2761.4100s
Epoch: 54 cost time: 65.16868185997009
Epoch: 54, Steps: 259 | Train Loss: 0.2656614 Vali Loss: 0.2480302 Test Loss: 0.4705719
EarlyStopping counter: 9 out of 100
Updating learning rate to 0.0025
	iters: 100, epoch: 55 | loss: 0.1583404
	speed: 0.4854s/iter; left time: 5735.2511s
	iters: 200, epoch: 55 | loss: 0.3309027
	speed: 0.2089s/iter; left time: 2446.7339s
Epoch: 55 cost time: 61.69270181655884
Epoch: 55, Steps: 259 | Train Loss: 0.2659472 Vali Loss: 0.2534141 Test Loss: 0.4770411
EarlyStopping counter: 10 out of 100
Updating learning rate to 0.0025
	iters: 100, epoch: 56 | loss: 0.0463778
	speed: 0.5397s/iter; left time: 6236.6351s
	iters: 200, epoch: 56 | loss: 0.7727097
	speed: 0.2525s/iter; left time: 2892.3752s
Epoch: 56 cost time: 74.70572638511658
Epoch: 56, Steps: 259 | Train Loss: 0.2661405 Vali Loss: 0.2410103 Test Loss: 0.4747703
EarlyStopping counter: 11 out of 100
Updating learning rate to 0.0025
	iters: 100, epoch: 57 | loss: 0.3335385
	speed: 0.4597s/iter; left time: 5193.1012s
	iters: 200, epoch: 57 | loss: 0.1525870
	speed: 0.2535s/iter; left time: 2838.9584s
Epoch: 57 cost time: 63.92495107650757
Epoch: 57, Steps: 259 | Train Loss: 0.2647044 Vali Loss: 0.2389786 Test Loss: 0.4706469
Validation loss decreased (0.239448 --> 0.238979).  Saving model ...
Updating learning rate to 0.0025
	iters: 100, epoch: 58 | loss: 0.2321727
	speed: 0.4560s/iter; left time: 5033.5181s
	iters: 200, epoch: 58 | loss: 0.8207127
	speed: 0.2164s/iter; left time: 2367.2315s
Epoch: 58 cost time: 64.77521514892578
Epoch: 58, Steps: 259 | Train Loss: 0.2643408 Vali Loss: 0.2460956 Test Loss: 0.4750849
EarlyStopping counter: 1 out of 100
Updating learning rate to 0.0025
	iters: 100, epoch: 59 | loss: 0.4491475
	speed: 0.5349s/iter; left time: 5766.0512s
	iters: 200, epoch: 59 | loss: 0.1341203
	speed: 0.2588s/iter; left time: 2764.1661s
Epoch: 59 cost time: 64.35818195343018
Epoch: 59, Steps: 259 | Train Loss: 0.2641701 Vali Loss: 0.2373267 Test Loss: 0.4703745
Validation loss decreased (0.238979 --> 0.237327).  Saving model ...
Updating learning rate to 0.0025
	iters: 100, epoch: 60 | loss: 0.0344944
	speed: 0.4532s/iter; left time: 4767.5962s
	iters: 200, epoch: 60 | loss: 0.1909615
	speed: 0.1885s/iter; left time: 1964.6742s
Epoch: 60 cost time: 64.63069772720337
Epoch: 60, Steps: 259 | Train Loss: 0.2652464 Vali Loss: 0.2462419 Test Loss: 0.4716343
EarlyStopping counter: 1 out of 100
Updating learning rate to 0.0025
	iters: 100, epoch: 61 | loss: 0.2710157
	speed: 0.4552s/iter; left time: 4670.4416s
	iters: 200, epoch: 61 | loss: 0.1876841
	speed: 0.2884s/iter; left time: 2930.3852s
Epoch: 61 cost time: 65.29433083534241
Epoch: 61, Steps: 259 | Train Loss: 0.2646927 Vali Loss: 0.2458441 Test Loss: 0.4710006
EarlyStopping counter: 2 out of 100
Updating learning rate to 0.0025
	iters: 100, epoch: 62 | loss: 0.1265767
	speed: 0.4836s/iter; left time: 4836.7324s
	iters: 200, epoch: 62 | loss: 0.2372395
	speed: 0.2518s/iter; left time: 2493.3432s
Epoch: 62 cost time: 70.41798806190491
Epoch: 62, Steps: 259 | Train Loss: 0.2647645 Vali Loss: 0.2489032 Test Loss: 0.4720968
EarlyStopping counter: 3 out of 100
Updating learning rate to 0.0025
	iters: 100, epoch: 63 | loss: 0.0840465
	speed: 0.5113s/iter; left time: 4981.4499s
	iters: 200, epoch: 63 | loss: 0.1916853
	speed: 0.2654s/iter; left time: 2559.7057s
Epoch: 63 cost time: 71.66330933570862
Epoch: 63, Steps: 259 | Train Loss: 0.2652131 Vali Loss: 0.2419107 Test Loss: 0.4747028
EarlyStopping counter: 4 out of 100
Updating learning rate to 0.0025
	iters: 100, epoch: 64 | loss: 0.4548566
	speed: 0.4589s/iter; left time: 4352.5762s
	iters: 200, epoch: 64 | loss: 0.8693725
	speed: 0.2698s/iter; left time: 2532.0726s
Epoch: 64 cost time: 62.944406509399414
Epoch: 64, Steps: 259 | Train Loss: 0.2654193 Vali Loss: 0.2505571 Test Loss: 0.4793946
EarlyStopping counter: 5 out of 100
Updating learning rate to 0.0025
	iters: 100, epoch: 65 | loss: 0.2423194
	speed: 0.4616s/iter; left time: 4258.3809s
	iters: 200, epoch: 65 | loss: 0.2379017
	speed: 0.2609s/iter; left time: 2380.6342s
Epoch: 65 cost time: 70.02280879020691
Epoch: 65, Steps: 259 | Train Loss: 0.2641917 Vali Loss: 0.2444670 Test Loss: 0.4752984
EarlyStopping counter: 6 out of 100
Updating learning rate to 0.0025
	iters: 100, epoch: 66 | loss: 0.5758014
	speed: 0.4383s/iter; left time: 3929.5790s
	iters: 200, epoch: 66 | loss: 0.0267842
	speed: 0.2716s/iter; left time: 2407.5944s
Epoch: 66 cost time: 66.16836714744568
Epoch: 66, Steps: 259 | Train Loss: 0.2643183 Vali Loss: 0.2550956 Test Loss: 0.4761945
EarlyStopping counter: 7 out of 100
Updating learning rate to 0.0025
	iters: 100, epoch: 67 | loss: 1.1477373
	speed: 0.4942s/iter; left time: 4303.2616s
	iters: 200, epoch: 67 | loss: 0.2512161
	speed: 0.2436s/iter; left time: 2096.5965s
Epoch: 67 cost time: 67.66872715950012
Epoch: 67, Steps: 259 | Train Loss: 0.2640966 Vali Loss: 0.2514394 Test Loss: 0.4726083
EarlyStopping counter: 8 out of 100
Updating learning rate to 0.0025
	iters: 100, epoch: 68 | loss: 0.0691894
	speed: 0.5409s/iter; left time: 4569.3945s
	iters: 200, epoch: 68 | loss: 0.2219981
	speed: 0.2855s/iter; left time: 2383.7081s
Epoch: 68 cost time: 72.27239680290222
Epoch: 68, Steps: 259 | Train Loss: 0.2650895 Vali Loss: 0.2498608 Test Loss: 0.4703037
EarlyStopping counter: 9 out of 100
Updating learning rate to 0.0025
	iters: 100, epoch: 69 | loss: 0.1305535
	speed: 0.5478s/iter; left time: 4485.6106s
	iters: 200, epoch: 69 | loss: 0.3115766
	speed: 0.2887s/iter; left time: 2335.3348s
Epoch: 69 cost time: 72.87361860275269
Epoch: 69, Steps: 259 | Train Loss: 0.2657404 Vali Loss: 0.2390446 Test Loss: 0.4724289
EarlyStopping counter: 10 out of 100
Updating learning rate to 0.0025
	iters: 100, epoch: 70 | loss: 0.1216690
	speed: 0.5254s/iter; left time: 4166.7562s
	iters: 200, epoch: 70 | loss: 0.1970072
	speed: 0.2577s/iter; left time: 2017.9539s
Epoch: 70 cost time: 74.69444155693054
Epoch: 70, Steps: 259 | Train Loss: 0.2641187 Vali Loss: 0.2462251 Test Loss: 0.4719141
EarlyStopping counter: 11 out of 100
Updating learning rate to 0.0025
	iters: 100, epoch: 71 | loss: 0.2536661
	speed: 0.4725s/iter; left time: 3624.2707s
	iters: 200, epoch: 71 | loss: 0.2526897
	speed: 0.2936s/iter; left time: 2222.8387s
Epoch: 71 cost time: 71.46373438835144
Epoch: 71, Steps: 259 | Train Loss: 0.2633425 Vali Loss: 0.2461690 Test Loss: 0.4742858
EarlyStopping counter: 12 out of 100
Updating learning rate to 0.0025
	iters: 100, epoch: 72 | loss: 0.1377646
	speed: 0.4854s/iter; left time: 3597.4657s
	iters: 200, epoch: 72 | loss: 0.2229774
	speed: 0.2381s/iter; left time: 1741.0846s
Epoch: 72 cost time: 64.85034990310669
Epoch: 72, Steps: 259 | Train Loss: 0.2649806 Vali Loss: 0.2498030 Test Loss: 0.4722565
EarlyStopping counter: 13 out of 100
Updating learning rate to 0.0025
	iters: 100, epoch: 73 | loss: 0.2302579
	speed: 0.4474s/iter; left time: 3200.6028s
	iters: 200, epoch: 73 | loss: 0.4296770
	speed: 0.2954s/iter; left time: 2083.4530s
Epoch: 73 cost time: 69.15774893760681
Epoch: 73, Steps: 259 | Train Loss: 0.2648059 Vali Loss: 0.2415020 Test Loss: 0.4744259
EarlyStopping counter: 14 out of 100
Updating learning rate to 0.0025
	iters: 100, epoch: 74 | loss: 0.4202287
	speed: 0.4590s/iter; left time: 3164.0458s
	iters: 200, epoch: 74 | loss: 0.2897937
	speed: 0.3083s/iter; left time: 2094.9153s
Epoch: 74 cost time: 72.62151050567627
Epoch: 74, Steps: 259 | Train Loss: 0.2641024 Vali Loss: 0.2522833 Test Loss: 0.4739074
EarlyStopping counter: 15 out of 100
Updating learning rate to 0.0025
	iters: 100, epoch: 75 | loss: 0.2945340
	speed: 0.5162s/iter; left time: 3424.8871s
	iters: 200, epoch: 75 | loss: 0.1524732
	speed: 0.2694s/iter; left time: 1760.7700s
Epoch: 75 cost time: 74.15333151817322
Epoch: 75, Steps: 259 | Train Loss: 0.2647585 Vali Loss: 0.2466005 Test Loss: 0.4746405
EarlyStopping counter: 16 out of 100
Updating learning rate to 0.0025
	iters: 100, epoch: 76 | loss: 0.1837311
	speed: 0.4764s/iter; left time: 3037.6912s
	iters: 200, epoch: 76 | loss: 1.0052102
	speed: 0.2707s/iter; left time: 1698.6220s
Epoch: 76 cost time: 69.1200008392334
Epoch: 76, Steps: 259 | Train Loss: 0.2651429 Vali Loss: 0.2424057 Test Loss: 0.4713790
EarlyStopping counter: 17 out of 100
Updating learning rate to 0.0025
	iters: 100, epoch: 77 | loss: 0.0437860
	speed: 0.4918s/iter; left time: 3008.4537s
	iters: 200, epoch: 77 | loss: 0.0753497
	speed: 0.3044s/iter; left time: 1831.6992s
Epoch: 77 cost time: 73.41838812828064
Epoch: 77, Steps: 259 | Train Loss: 0.2649400 Vali Loss: 0.2515144 Test Loss: 0.4773898
EarlyStopping counter: 18 out of 100
Updating learning rate to 0.0025
	iters: 100, epoch: 78 | loss: 0.5454682
	speed: 0.5198s/iter; left time: 3045.1751s
	iters: 200, epoch: 78 | loss: 0.6103461
	speed: 0.2782s/iter; left time: 1601.9480s
Epoch: 78 cost time: 72.51160383224487
Epoch: 78, Steps: 259 | Train Loss: 0.2645528 Vali Loss: 0.2476798 Test Loss: 0.4684450
EarlyStopping counter: 19 out of 100
Updating learning rate to 0.0025
	iters: 100, epoch: 79 | loss: 0.3678328
	speed: 0.4327s/iter; left time: 2422.5428s
	iters: 200, epoch: 79 | loss: 0.1612670
	speed: 0.2823s/iter; left time: 1552.3428s
Epoch: 79 cost time: 65.56732368469238
Epoch: 79, Steps: 259 | Train Loss: 0.2648962 Vali Loss: 0.2360134 Test Loss: 0.4703241
Validation loss decreased (0.237327 --> 0.236013).  Saving model ...
Updating learning rate to 0.0025
	iters: 100, epoch: 80 | loss: 0.3777800
	speed: 0.4683s/iter; left time: 2500.7706s
	iters: 200, epoch: 80 | loss: 0.1354648
	speed: 0.2637s/iter; left time: 1381.6907s
Epoch: 80 cost time: 73.9755380153656
Epoch: 80, Steps: 259 | Train Loss: 0.2647190 Vali Loss: 0.2423326 Test Loss: 0.4704612
EarlyStopping counter: 1 out of 100
Updating learning rate to 0.0025
	iters: 100, epoch: 81 | loss: 0.4302541
	speed: 0.5086s/iter; left time: 2583.9893s
	iters: 200, epoch: 81 | loss: 0.4906596
	speed: 0.2637s/iter; left time: 1313.4186s
Epoch: 81 cost time: 69.31708335876465
Epoch: 81, Steps: 259 | Train Loss: 0.2644746 Vali Loss: 0.2495420 Test Loss: 0.4689745
EarlyStopping counter: 2 out of 100
Updating learning rate to 0.0025
	iters: 100, epoch: 82 | loss: 0.2244428
	speed: 0.4526s/iter; left time: 2182.4263s
	iters: 200, epoch: 82 | loss: 0.1201947
	speed: 0.2641s/iter; left time: 1247.1509s
Epoch: 82 cost time: 64.24597215652466
Epoch: 82, Steps: 259 | Train Loss: 0.2643787 Vali Loss: 0.2513994 Test Loss: 0.4710271
EarlyStopping counter: 3 out of 100
Updating learning rate to 0.0025
	iters: 100, epoch: 83 | loss: 0.1194537
	speed: 0.4463s/iter; left time: 2036.5766s
	iters: 200, epoch: 83 | loss: 0.0726340
	speed: 0.2149s/iter; left time: 959.1232s
Epoch: 83 cost time: 63.87700939178467
Epoch: 83, Steps: 259 | Train Loss: 0.2647060 Vali Loss: 0.2488097 Test Loss: 0.4745125
EarlyStopping counter: 4 out of 100
Updating learning rate to 0.0025
	iters: 100, epoch: 84 | loss: 0.0888018
	speed: 0.4914s/iter; left time: 2114.9015s
	iters: 200, epoch: 84 | loss: 0.3778125
	speed: 0.2693s/iter; left time: 1132.2304s
Epoch: 84 cost time: 66.61868500709534
Epoch: 84, Steps: 259 | Train Loss: 0.2645754 Vali Loss: 0.2520835 Test Loss: 0.4734298
EarlyStopping counter: 5 out of 100
Updating learning rate to 0.0025
	iters: 100, epoch: 85 | loss: 0.1656716
	speed: 0.4452s/iter; left time: 1800.6439s
	iters: 200, epoch: 85 | loss: 0.0992946
	speed: 0.2367s/iter; left time: 933.6883s
Epoch: 85 cost time: 63.095820903778076
Epoch: 85, Steps: 259 | Train Loss: 0.2639579 Vali Loss: 0.2469873 Test Loss: 0.4729566
EarlyStopping counter: 6 out of 100
Updating learning rate to 0.0025
	iters: 100, epoch: 86 | loss: 0.0317266
	speed: 0.4685s/iter; left time: 1773.9007s
	iters: 200, epoch: 86 | loss: 0.3248603
	speed: 0.2733s/iter; left time: 1007.2831s
Epoch: 86 cost time: 66.3361406326294
Epoch: 86, Steps: 259 | Train Loss: 0.2654053 Vali Loss: 0.2400927 Test Loss: 0.4756216
EarlyStopping counter: 7 out of 100
Updating learning rate to 0.0025
	iters: 100, epoch: 87 | loss: 0.2438245
	speed: 0.4869s/iter; left time: 1717.1953s
	iters: 200, epoch: 87 | loss: 0.1320950
	speed: 0.2391s/iter; left time: 819.3642s
Epoch: 87 cost time: 68.22772145271301
Epoch: 87, Steps: 259 | Train Loss: 0.2644801 Vali Loss: 0.2451705 Test Loss: 0.4715554
EarlyStopping counter: 8 out of 100
Updating learning rate to 0.0025
	iters: 100, epoch: 88 | loss: 0.0966004
	speed: 0.4931s/iter; left time: 1611.4424s
	iters: 200, epoch: 88 | loss: 0.2374170
	speed: 0.2872s/iter; left time: 909.9685s
Epoch: 88 cost time: 73.41962265968323
Epoch: 88, Steps: 259 | Train Loss: 0.2648439 Vali Loss: 0.2446686 Test Loss: 0.4733431
EarlyStopping counter: 9 out of 100
Updating learning rate to 0.0025
	iters: 100, epoch: 89 | loss: 0.5171357
	speed: 0.4836s/iter; left time: 1455.2400s
	iters: 200, epoch: 89 | loss: 0.2106768
	speed: 0.2632s/iter; left time: 765.7158s
Epoch: 89 cost time: 68.54554057121277
Epoch: 89, Steps: 259 | Train Loss: 0.2644269 Vali Loss: 0.2433376 Test Loss: 0.4750582
EarlyStopping counter: 10 out of 100
Updating learning rate to 0.0025
	iters: 100, epoch: 90 | loss: 0.4522240
	speed: 0.4631s/iter; left time: 1273.6415s
	iters: 200, epoch: 90 | loss: 0.1443823
	speed: 0.2660s/iter; left time: 704.8100s
Epoch: 90 cost time: 64.02804636955261
Epoch: 90, Steps: 259 | Train Loss: 0.2645319 Vali Loss: 0.2507664 Test Loss: 0.4742030
EarlyStopping counter: 11 out of 100
Updating learning rate to 0.0025
	iters: 100, epoch: 91 | loss: 0.8646538
	speed: 0.4899s/iter; left time: 1220.2572s
	iters: 200, epoch: 91 | loss: 0.1946808
	speed: 0.2580s/iter; left time: 616.9420s
Epoch: 91 cost time: 64.18435049057007
Epoch: 91, Steps: 259 | Train Loss: 0.2649812 Vali Loss: 0.2487662 Test Loss: 0.4725823
EarlyStopping counter: 12 out of 100
Updating learning rate to 0.0025
	iters: 100, epoch: 92 | loss: 0.2205760
	speed: 0.4045s/iter; left time: 902.7415s
	iters: 200, epoch: 92 | loss: 0.3371878
	speed: 0.2545s/iter; left time: 542.6386s
Epoch: 92 cost time: 61.26467537879944
Epoch: 92, Steps: 259 | Train Loss: 0.2641625 Vali Loss: 0.2416736 Test Loss: 0.4720683
EarlyStopping counter: 13 out of 100
Updating learning rate to 0.0025
	iters: 100, epoch: 93 | loss: 0.1935154
	speed: 0.4855s/iter; left time: 957.9041s
	iters: 200, epoch: 93 | loss: 0.1355224
	speed: 0.2847s/iter; left time: 533.1733s
Epoch: 93 cost time: 73.40815949440002
Epoch: 93, Steps: 259 | Train Loss: 0.2641530 Vali Loss: 0.2488726 Test Loss: 0.4710809
EarlyStopping counter: 14 out of 100
Updating learning rate to 0.0025
	iters: 100, epoch: 94 | loss: 0.2596558
	speed: 0.4979s/iter; left time: 853.4543s
	iters: 200, epoch: 94 | loss: 0.0635365
	speed: 0.2682s/iter; left time: 432.9457s
Epoch: 94 cost time: 69.93628859519958
Epoch: 94, Steps: 259 | Train Loss: 0.2644178 Vali Loss: 0.2515267 Test Loss: 0.4735755
EarlyStopping counter: 15 out of 100
Updating learning rate to 0.0025
	iters: 100, epoch: 95 | loss: 0.2633404
	speed: 0.4130s/iter; left time: 600.9341s
	iters: 200, epoch: 95 | loss: 0.2926003
	speed: 0.2038s/iter; left time: 276.1093s
Epoch: 95 cost time: 55.49264645576477
Epoch: 95, Steps: 259 | Train Loss: 0.2643818 Vali Loss: 0.2491038 Test Loss: 0.4713470
EarlyStopping counter: 16 out of 100
Updating learning rate to 0.0025
	iters: 100, epoch: 96 | loss: 0.3755041
	speed: 0.5183s/iter; left time: 619.8927s
	iters: 200, epoch: 96 | loss: 0.1449113
	speed: 0.2438s/iter; left time: 267.1899s
Epoch: 96 cost time: 67.65563154220581
Epoch: 96, Steps: 259 | Train Loss: 0.2644488 Vali Loss: 0.2449571 Test Loss: 0.4701170
EarlyStopping counter: 17 out of 100
Updating learning rate to 0.0025
	iters: 100, epoch: 97 | loss: 0.1414665
	speed: 0.4316s/iter; left time: 404.4372s
	iters: 200, epoch: 97 | loss: 0.2713917
	speed: 0.1158s/iter; left time: 96.9287s
Epoch: 97 cost time: 37.5748610496521
Epoch: 97, Steps: 259 | Train Loss: 0.2641630 Vali Loss: 0.2409021 Test Loss: 0.4801884
EarlyStopping counter: 18 out of 100
Updating learning rate to 0.0025
	iters: 100, epoch: 98 | loss: 0.5250700
	speed: 0.2135s/iter; left time: 144.7449s
	iters: 200, epoch: 98 | loss: 0.2482788
	speed: 0.1095s/iter; left time: 63.2934s
Epoch: 98 cost time: 28.760610580444336
Epoch: 98, Steps: 259 | Train Loss: 0.2639741 Vali Loss: 0.2449154 Test Loss: 0.4730655
EarlyStopping counter: 19 out of 100
Updating learning rate to 0.0025
	iters: 100, epoch: 99 | loss: 0.3091629
	speed: 0.1823s/iter; left time: 76.3813s
	iters: 200, epoch: 99 | loss: 0.3570498
	speed: 0.0832s/iter; left time: 26.5562s
Epoch: 99 cost time: 21.96953058242798
Epoch: 99, Steps: 259 | Train Loss: 0.2641684 Vali Loss: 0.2467009 Test Loss: 0.4709021
EarlyStopping counter: 20 out of 100
Updating learning rate to 0.0025
	iters: 100, epoch: 100 | loss: 0.0949212
	speed: 0.1648s/iter; left time: 26.3671s
	iters: 200, epoch: 100 | loss: 0.0954260
	speed: 0.0842s/iter; left time: 5.0548s
Epoch: 100 cost time: 22.211212158203125
Epoch: 100, Steps: 259 | Train Loss: 0.2647120 Vali Loss: 0.2483992 Test Loss: 0.4741791
EarlyStopping counter: 21 out of 100
Updating learning rate to 0.0025
>>>>>>>testing : 60_20_PatchTST_custom_ftM_sl60_ll48_pl20_dm16_nh4_el3_dl1_df128_fc1_ebtimeF_dtTrue_Exp_0<<<<<<<<<<<<<<<<<<<<<<<<<<<<<<<<<
test 1188
mse:1.349539875984192, mae:0.5145798325538635, rse:0.3349299728870392
