Args in experiment:
Namespace(random_seed=2024, is_training=1, model_id='60_5', model='PatchTST', data='custom', root_path='./dataset/', data_path='haar_lv3.csv', features='M', target='Target', freq='h', checkpoints='./checkpoints/', seq_len=60, label_len=48, pred_len=5, fc_dropout=0.2, head_dropout=0.0, patch_len=5, stride=2, padding_patch='end', revin=1, affine=0, subtract_last=0, decomposition=0, kernel_size=25, individual=0, embed_type=0, enc_in=6, dec_in=7, c_out=7, d_model=16, n_heads=4, e_layers=3, d_layers=1, d_ff=128, moving_avg=25, factor=1, distil=True, dropout=0.2, embed='timeF', activation='gelu', output_attention=False, do_predict=False, num_workers=10, itr=1, train_epochs=100, batch_size=16, patience=100, learning_rate=0.0025, des='Exp', loss='mse', lradj='constant', pct_start=0.3, use_amp=False, use_gpu=False, gpu=0, use_multi_gpu=False, devices='0,1,2,3', test_flop=False)
Use CPU
>>>>>>>start training : 60_5_PatchTST_custom_ftM_sl60_ll48_pl5_dm16_nh4_el3_dl1_df128_fc1_ebtimeF_dtTrue_Exp_0>>>>>>>>>>>>>>>>>>>>>>>>>>
train 4161
val 601
test 1203
	iters: 100, epoch: 1 | loss: 0.6398507
	speed: 0.0544s/iter; left time: 1408.4180s
	iters: 200, epoch: 1 | loss: 0.3349699
	speed: 0.0501s/iter; left time: 1292.9131s
Epoch: 1 cost time: 13.548192024230957
Epoch: 1, Steps: 260 | Train Loss: 0.5764846 Vali Loss: 0.5772687 Test Loss: 1.7909021
Validation loss decreased (inf --> 0.577269).  Saving model ...
Updating learning rate to 0.0025
	iters: 100, epoch: 2 | loss: 0.3066773
	speed: 0.1012s/iter; left time: 2595.5174s
	iters: 200, epoch: 2 | loss: 0.3180556
	speed: 0.0503s/iter; left time: 1283.9183s
Epoch: 2 cost time: 13.247401714324951
Epoch: 2, Steps: 260 | Train Loss: 0.3802285 Vali Loss: 0.4098493 Test Loss: 1.3064828
Validation loss decreased (0.577269 --> 0.409849).  Saving model ...
Updating learning rate to 0.0025
	iters: 100, epoch: 3 | loss: 0.2371809
	speed: 0.1028s/iter; left time: 2608.2366s
	iters: 200, epoch: 3 | loss: 0.2175768
	speed: 0.0524s/iter; left time: 1324.3968s
Epoch: 3 cost time: 13.863851547241211
Epoch: 3, Steps: 260 | Train Loss: 0.3208404 Vali Loss: 0.3642185 Test Loss: 1.1527318
Validation loss decreased (0.409849 --> 0.364218).  Saving model ...
Updating learning rate to 0.0025
	iters: 100, epoch: 4 | loss: 0.4096172
	speed: 0.1131s/iter; left time: 2840.7222s
	iters: 200, epoch: 4 | loss: 0.3103853
	speed: 0.0542s/iter; left time: 1355.9218s
Epoch: 4 cost time: 14.82427191734314
Epoch: 4, Steps: 260 | Train Loss: 0.3058196 Vali Loss: 0.3646086 Test Loss: 1.1205858
EarlyStopping counter: 1 out of 100
Updating learning rate to 0.0025
	iters: 100, epoch: 5 | loss: 0.3821833
	speed: 0.1092s/iter; left time: 2715.0820s
	iters: 200, epoch: 5 | loss: 0.3422534
	speed: 0.0710s/iter; left time: 1757.3508s
Epoch: 5 cost time: 16.593637466430664
Epoch: 5, Steps: 260 | Train Loss: 0.2950201 Vali Loss: 0.3396344 Test Loss: 1.0586642
Validation loss decreased (0.364218 --> 0.339634).  Saving model ...
Updating learning rate to 0.0025
	iters: 100, epoch: 6 | loss: 0.1918728
	speed: 0.1262s/iter; left time: 3104.6361s
	iters: 200, epoch: 6 | loss: 0.2878677
	speed: 0.0501s/iter; left time: 1228.5672s
Epoch: 6 cost time: 14.360080480575562
Epoch: 6, Steps: 260 | Train Loss: 0.2885335 Vali Loss: 0.3293925 Test Loss: 1.0586883
Validation loss decreased (0.339634 --> 0.329393).  Saving model ...
Updating learning rate to 0.0025
	iters: 100, epoch: 7 | loss: 0.2380273
	speed: 0.1025s/iter; left time: 2494.2930s
	iters: 200, epoch: 7 | loss: 0.2641306
	speed: 0.0507s/iter; left time: 1228.4586s
Epoch: 7 cost time: 13.402208089828491
Epoch: 7, Steps: 260 | Train Loss: 0.2832462 Vali Loss: 0.3320962 Test Loss: 1.0344242
EarlyStopping counter: 1 out of 100
Updating learning rate to 0.0025
	iters: 100, epoch: 8 | loss: 0.3968499
	speed: 0.1017s/iter; left time: 2448.5425s
	iters: 200, epoch: 8 | loss: 0.1279259
	speed: 0.0502s/iter; left time: 1204.7945s
Epoch: 8 cost time: 13.33338212966919
Epoch: 8, Steps: 260 | Train Loss: 0.2783350 Vali Loss: 0.3372392 Test Loss: 1.0571262
EarlyStopping counter: 2 out of 100
Updating learning rate to 0.0025
	iters: 100, epoch: 9 | loss: 0.1757398
	speed: 0.1014s/iter; left time: 2414.4202s
	iters: 200, epoch: 9 | loss: 0.3351113
	speed: 0.0510s/iter; left time: 1208.7142s
Epoch: 9 cost time: 13.250662565231323
Epoch: 9, Steps: 260 | Train Loss: 0.2758459 Vali Loss: 0.3272515 Test Loss: 1.0320438
Validation loss decreased (0.329393 --> 0.327252).  Saving model ...
Updating learning rate to 0.0025
	iters: 100, epoch: 10 | loss: 0.1560141
	speed: 0.1018s/iter; left time: 2399.1119s
	iters: 200, epoch: 10 | loss: 0.2023748
	speed: 0.0501s/iter; left time: 1175.6899s
Epoch: 10 cost time: 13.34355878829956
Epoch: 10, Steps: 260 | Train Loss: 0.2688070 Vali Loss: 0.3208879 Test Loss: 0.9937803
Validation loss decreased (0.327252 --> 0.320888).  Saving model ...
Updating learning rate to 0.0025
	iters: 100, epoch: 11 | loss: 0.2242858
	speed: 0.1004s/iter; left time: 2339.1192s
	iters: 200, epoch: 11 | loss: 0.4500085
	speed: 0.0504s/iter; left time: 1169.2973s
Epoch: 11 cost time: 13.24516749382019
Epoch: 11, Steps: 260 | Train Loss: 0.2663473 Vali Loss: 0.3230739 Test Loss: 1.0161434
EarlyStopping counter: 1 out of 100
Updating learning rate to 0.0025
	iters: 100, epoch: 12 | loss: 0.4174441
	speed: 0.1006s/iter; left time: 2318.7423s
	iters: 200, epoch: 12 | loss: 0.3831896
	speed: 0.0502s/iter; left time: 1151.9408s
Epoch: 12 cost time: 13.281010627746582
Epoch: 12, Steps: 260 | Train Loss: 0.2645262 Vali Loss: 0.3181607 Test Loss: 0.9699185
Validation loss decreased (0.320888 --> 0.318161).  Saving model ...
Updating learning rate to 0.0025
	iters: 100, epoch: 13 | loss: 0.4218640
	speed: 0.1010s/iter; left time: 2300.0763s
	iters: 200, epoch: 13 | loss: 0.2351408
	speed: 0.0504s/iter; left time: 1142.4173s
Epoch: 13 cost time: 13.139900922775269
Epoch: 13, Steps: 260 | Train Loss: 0.2596507 Vali Loss: 0.3129427 Test Loss: 0.9596838
Validation loss decreased (0.318161 --> 0.312943).  Saving model ...
Updating learning rate to 0.0025
	iters: 100, epoch: 14 | loss: 0.2014735
	speed: 0.1018s/iter; left time: 2292.5466s
	iters: 200, epoch: 14 | loss: 0.3141223
	speed: 0.0495s/iter; left time: 1109.2134s
Epoch: 14 cost time: 13.19132399559021
Epoch: 14, Steps: 260 | Train Loss: 0.2589645 Vali Loss: 0.3071387 Test Loss: 0.9562912
Validation loss decreased (0.312943 --> 0.307139).  Saving model ...
Updating learning rate to 0.0025
	iters: 100, epoch: 15 | loss: 0.1703519
	speed: 0.0994s/iter; left time: 2211.8751s
	iters: 200, epoch: 15 | loss: 0.3073310
	speed: 0.0499s/iter; left time: 1106.1948s
Epoch: 15 cost time: 13.227181911468506
Epoch: 15, Steps: 260 | Train Loss: 0.2572780 Vali Loss: 0.3094071 Test Loss: 0.9319069
EarlyStopping counter: 1 out of 100
Updating learning rate to 0.0025
	iters: 100, epoch: 16 | loss: 0.1303594
	speed: 0.1032s/iter; left time: 2269.6182s
	iters: 200, epoch: 16 | loss: 0.1860385
	speed: 0.0507s/iter; left time: 1110.7944s
Epoch: 16 cost time: 13.496914386749268
Epoch: 16, Steps: 260 | Train Loss: 0.2537468 Vali Loss: 0.3240509 Test Loss: 0.9997727
EarlyStopping counter: 2 out of 100
Updating learning rate to 0.0025
	iters: 100, epoch: 17 | loss: 0.2383948
	speed: 0.1018s/iter; left time: 2213.3326s
	iters: 200, epoch: 17 | loss: 0.1588589
	speed: 0.0513s/iter; left time: 1109.6888s
Epoch: 17 cost time: 13.480065822601318
Epoch: 17, Steps: 260 | Train Loss: 0.2542846 Vali Loss: 0.3046542 Test Loss: 0.9433554
Validation loss decreased (0.307139 --> 0.304654).  Saving model ...
Updating learning rate to 0.0025
	iters: 100, epoch: 18 | loss: 0.2240032
	speed: 0.1012s/iter; left time: 2174.1699s
	iters: 200, epoch: 18 | loss: 0.3309256
	speed: 0.0502s/iter; left time: 1072.7667s
Epoch: 18 cost time: 13.291660070419312
Epoch: 18, Steps: 260 | Train Loss: 0.2498275 Vali Loss: 0.2990012 Test Loss: 0.9136984
Validation loss decreased (0.304654 --> 0.299001).  Saving model ...
Updating learning rate to 0.0025
	iters: 100, epoch: 19 | loss: 0.2673959
	speed: 0.1004s/iter; left time: 2130.9943s
	iters: 200, epoch: 19 | loss: 0.2033261
	speed: 0.0503s/iter; left time: 1062.8157s
Epoch: 19 cost time: 13.12087631225586
Epoch: 19, Steps: 260 | Train Loss: 0.2487129 Vali Loss: 0.2993405 Test Loss: 0.9191283
EarlyStopping counter: 1 out of 100
Updating learning rate to 0.0025
	iters: 100, epoch: 20 | loss: 0.1324295
	speed: 0.1014s/iter; left time: 2124.7584s
	iters: 200, epoch: 20 | loss: 0.1447809
	speed: 0.0492s/iter; left time: 1026.7158s
Epoch: 20 cost time: 13.165380954742432
Epoch: 20, Steps: 260 | Train Loss: 0.2509596 Vali Loss: 0.2968846 Test Loss: 0.9329436
Validation loss decreased (0.299001 --> 0.296885).  Saving model ...
Updating learning rate to 0.0025
	iters: 100, epoch: 21 | loss: 0.2622236
	speed: 0.1017s/iter; left time: 2104.6379s
	iters: 200, epoch: 21 | loss: 0.2913305
	speed: 0.0500s/iter; left time: 1029.0566s
Epoch: 21 cost time: 13.211714029312134
Epoch: 21, Steps: 260 | Train Loss: 0.2500147 Vali Loss: 0.2914290 Test Loss: 0.9035242
Validation loss decreased (0.296885 --> 0.291429).  Saving model ...
Updating learning rate to 0.0025
	iters: 100, epoch: 22 | loss: 0.2983964
	speed: 0.1015s/iter; left time: 2075.6098s
	iters: 200, epoch: 22 | loss: 0.1665090
	speed: 0.0496s/iter; left time: 1009.3743s
Epoch: 22 cost time: 13.199880361557007
Epoch: 22, Steps: 260 | Train Loss: 0.2456326 Vali Loss: 0.2917202 Test Loss: 0.9000326
EarlyStopping counter: 1 out of 100
Updating learning rate to 0.0025
	iters: 100, epoch: 23 | loss: 0.3579592
	speed: 0.0999s/iter; left time: 2016.1019s
	iters: 200, epoch: 23 | loss: 0.1443614
	speed: 0.0499s/iter; left time: 1002.0916s
Epoch: 23 cost time: 13.06393575668335
Epoch: 23, Steps: 260 | Train Loss: 0.2452680 Vali Loss: 0.2934016 Test Loss: 0.9049699
EarlyStopping counter: 2 out of 100
Updating learning rate to 0.0025
	iters: 100, epoch: 24 | loss: 0.2052720
	speed: 0.1010s/iter; left time: 2011.0596s
	iters: 200, epoch: 24 | loss: 0.2050606
	speed: 0.0495s/iter; left time: 981.6533s
Epoch: 24 cost time: 13.22610354423523
Epoch: 24, Steps: 260 | Train Loss: 0.2437365 Vali Loss: 0.2928262 Test Loss: 0.9070036
EarlyStopping counter: 3 out of 100
Updating learning rate to 0.0025
	iters: 100, epoch: 25 | loss: 0.2780753
	speed: 0.1009s/iter; left time: 1984.6650s
	iters: 200, epoch: 25 | loss: 0.1883497
	speed: 0.0503s/iter; left time: 983.1748s
Epoch: 25 cost time: 13.239569902420044
Epoch: 25, Steps: 260 | Train Loss: 0.2417353 Vali Loss: 0.2763411 Test Loss: 0.8587454
Validation loss decreased (0.291429 --> 0.276341).  Saving model ...
Updating learning rate to 0.0025
	iters: 100, epoch: 26 | loss: 0.2480335
	speed: 0.1014s/iter; left time: 1967.3200s
	iters: 200, epoch: 26 | loss: 0.5096000
	speed: 0.0503s/iter; left time: 970.2347s
Epoch: 26 cost time: 13.185420989990234
Epoch: 26, Steps: 260 | Train Loss: 0.2409833 Vali Loss: 0.2804475 Test Loss: 0.8780303
EarlyStopping counter: 1 out of 100
Updating learning rate to 0.0025
	iters: 100, epoch: 27 | loss: 0.3816039
	speed: 0.1005s/iter; left time: 1923.6710s
	iters: 200, epoch: 27 | loss: 0.2003406
	speed: 0.0507s/iter; left time: 965.3574s
Epoch: 27 cost time: 13.175242900848389
Epoch: 27, Steps: 260 | Train Loss: 0.2380967 Vali Loss: 0.3008304 Test Loss: 0.9701064
EarlyStopping counter: 2 out of 100
Updating learning rate to 0.0025
	iters: 100, epoch: 28 | loss: 0.1890967
	speed: 0.1003s/iter; left time: 1893.6021s
	iters: 200, epoch: 28 | loss: 0.3396751
	speed: 0.0492s/iter; left time: 924.7139s
Epoch: 28 cost time: 13.193656206130981
Epoch: 28, Steps: 260 | Train Loss: 0.2404034 Vali Loss: 0.2755614 Test Loss: 0.8621391
Validation loss decreased (0.276341 --> 0.275561).  Saving model ...
Updating learning rate to 0.0025
	iters: 100, epoch: 29 | loss: 0.1689545
	speed: 0.1019s/iter; left time: 1896.9282s
	iters: 200, epoch: 29 | loss: 0.1574545
	speed: 0.0504s/iter; left time: 934.0273s
Epoch: 29 cost time: 13.173990964889526
Epoch: 29, Steps: 260 | Train Loss: 0.2350641 Vali Loss: 0.2769405 Test Loss: 0.8603755
EarlyStopping counter: 1 out of 100
Updating learning rate to 0.0025
	iters: 100, epoch: 30 | loss: 0.2689738
	speed: 0.1015s/iter; left time: 1863.8761s
	iters: 200, epoch: 30 | loss: 0.1822955
	speed: 0.0492s/iter; left time: 897.5600s
Epoch: 30 cost time: 13.160293340682983
Epoch: 30, Steps: 260 | Train Loss: 0.2343423 Vali Loss: 0.2819321 Test Loss: 0.8614849
EarlyStopping counter: 2 out of 100
Updating learning rate to 0.0025
	iters: 100, epoch: 31 | loss: 0.1834460
	speed: 0.1006s/iter; left time: 1821.4317s
	iters: 200, epoch: 31 | loss: 0.3320109
	speed: 0.0499s/iter; left time: 897.5851s
Epoch: 31 cost time: 13.163999080657959
Epoch: 31, Steps: 260 | Train Loss: 0.2355685 Vali Loss: 0.2747592 Test Loss: 0.8479927
Validation loss decreased (0.275561 --> 0.274759).  Saving model ...
Updating learning rate to 0.0025
	iters: 100, epoch: 32 | loss: 0.1957753
	speed: 0.1000s/iter; left time: 1784.9332s
	iters: 200, epoch: 32 | loss: 0.1872430
	speed: 0.0508s/iter; left time: 901.5422s
Epoch: 32 cost time: 13.130244016647339
Epoch: 32, Steps: 260 | Train Loss: 0.2333891 Vali Loss: 0.2696047 Test Loss: 0.8467401
Validation loss decreased (0.274759 --> 0.269605).  Saving model ...
Updating learning rate to 0.0025
	iters: 100, epoch: 33 | loss: 0.2301575
	speed: 0.1009s/iter; left time: 1774.2159s
	iters: 200, epoch: 33 | loss: 0.2670933
	speed: 0.0498s/iter; left time: 869.7370s
Epoch: 33 cost time: 13.287326335906982
Epoch: 33, Steps: 260 | Train Loss: 0.2330723 Vali Loss: 0.2699488 Test Loss: 0.8406907
EarlyStopping counter: 1 out of 100
Updating learning rate to 0.0025
	iters: 100, epoch: 34 | loss: 0.4468099
	speed: 0.1016s/iter; left time: 1760.1024s
	iters: 200, epoch: 34 | loss: 0.1753565
	speed: 0.0501s/iter; left time: 862.2590s
Epoch: 34 cost time: 13.14151644706726
Epoch: 34, Steps: 260 | Train Loss: 0.2311415 Vali Loss: 0.2794446 Test Loss: 0.8394431
EarlyStopping counter: 2 out of 100
Updating learning rate to 0.0025
	iters: 100, epoch: 35 | loss: 0.1721784
	speed: 0.1005s/iter; left time: 1715.0672s
	iters: 200, epoch: 35 | loss: 0.1430946
	speed: 0.0494s/iter; left time: 837.3970s
Epoch: 35 cost time: 13.134155511856079
Epoch: 35, Steps: 260 | Train Loss: 0.2283379 Vali Loss: 0.2813609 Test Loss: 0.8912352
EarlyStopping counter: 3 out of 100
Updating learning rate to 0.0025
	iters: 100, epoch: 36 | loss: 0.2509446
	speed: 0.1004s/iter; left time: 1686.4636s
	iters: 200, epoch: 36 | loss: 0.1438298
	speed: 0.0502s/iter; left time: 837.7867s
Epoch: 36 cost time: 13.107178688049316
Epoch: 36, Steps: 260 | Train Loss: 0.2289165 Vali Loss: 0.2813547 Test Loss: 0.8780217
EarlyStopping counter: 4 out of 100
Updating learning rate to 0.0025
	iters: 100, epoch: 37 | loss: 0.2068003
	speed: 0.1007s/iter; left time: 1665.5480s
	iters: 200, epoch: 37 | loss: 0.3120400
	speed: 0.0512s/iter; left time: 842.4042s
Epoch: 37 cost time: 13.4534432888031
Epoch: 37, Steps: 260 | Train Loss: 0.2323540 Vali Loss: 0.2740469 Test Loss: 0.8566511
EarlyStopping counter: 5 out of 100
Updating learning rate to 0.0025
	iters: 100, epoch: 38 | loss: 0.2069172
	speed: 0.1026s/iter; left time: 1671.1693s
	iters: 200, epoch: 38 | loss: 0.1675027
	speed: 0.0515s/iter; left time: 832.7543s
Epoch: 38 cost time: 13.524349451065063
Epoch: 38, Steps: 260 | Train Loss: 0.2289489 Vali Loss: 0.2731569 Test Loss: 0.8492694
EarlyStopping counter: 6 out of 100
Updating learning rate to 0.0025
	iters: 100, epoch: 39 | loss: 0.2319951
	speed: 0.1042s/iter; left time: 1669.3462s
	iters: 200, epoch: 39 | loss: 0.2331640
	speed: 0.0500s/iter; left time: 795.3993s
Epoch: 39 cost time: 13.415898561477661
Epoch: 39, Steps: 260 | Train Loss: 0.2262824 Vali Loss: 0.2738051 Test Loss: 0.8496109
EarlyStopping counter: 7 out of 100
Updating learning rate to 0.0025
	iters: 100, epoch: 40 | loss: 0.1736347
	speed: 0.1030s/iter; left time: 1623.7745s
	iters: 200, epoch: 40 | loss: 0.1670804
	speed: 0.0511s/iter; left time: 799.8042s
Epoch: 40 cost time: 13.270244121551514
Epoch: 40, Steps: 260 | Train Loss: 0.2278037 Vali Loss: 0.2796869 Test Loss: 0.8493723
EarlyStopping counter: 8 out of 100
Updating learning rate to 0.0025
	iters: 100, epoch: 41 | loss: 0.2492716
	speed: 0.1021s/iter; left time: 1583.2193s
	iters: 200, epoch: 41 | loss: 0.2616878
	speed: 0.0497s/iter; left time: 766.1901s
Epoch: 41 cost time: 13.288016557693481
Epoch: 41, Steps: 260 | Train Loss: 0.2276867 Vali Loss: 0.2755753 Test Loss: 0.8624339
EarlyStopping counter: 9 out of 100
Updating learning rate to 0.0025
	iters: 100, epoch: 42 | loss: 0.1873601
	speed: 0.1012s/iter; left time: 1542.0402s
	iters: 200, epoch: 42 | loss: 0.2168445
	speed: 0.0501s/iter; left time: 759.0251s
Epoch: 42 cost time: 13.134391784667969
Epoch: 42, Steps: 260 | Train Loss: 0.2247630 Vali Loss: 0.2796481 Test Loss: 0.8806702
EarlyStopping counter: 10 out of 100
Updating learning rate to 0.0025
	iters: 100, epoch: 43 | loss: 0.1967638
	speed: 0.1001s/iter; left time: 1499.1087s
	iters: 200, epoch: 43 | loss: 0.2107080
	speed: 0.0494s/iter; left time: 735.3462s
Epoch: 43 cost time: 13.142700672149658
Epoch: 43, Steps: 260 | Train Loss: 0.2255771 Vali Loss: 0.2739649 Test Loss: 0.8476568
EarlyStopping counter: 11 out of 100
Updating learning rate to 0.0025
	iters: 100, epoch: 44 | loss: 0.3121598
	speed: 0.1008s/iter; left time: 1483.6640s
	iters: 200, epoch: 44 | loss: 0.1914584
	speed: 0.0506s/iter; left time: 740.3730s
Epoch: 44 cost time: 13.19736909866333
Epoch: 44, Steps: 260 | Train Loss: 0.2238417 Vali Loss: 0.2720831 Test Loss: 0.8599077
EarlyStopping counter: 12 out of 100
Updating learning rate to 0.0025
	iters: 100, epoch: 45 | loss: 0.1714189
	speed: 0.1017s/iter; left time: 1471.3622s
	iters: 200, epoch: 45 | loss: 0.3076272
	speed: 0.0500s/iter; left time: 718.6854s
Epoch: 45 cost time: 13.39021897315979
Epoch: 45, Steps: 260 | Train Loss: 0.2271737 Vali Loss: 0.2680062 Test Loss: 0.8344471
Validation loss decreased (0.269605 --> 0.268006).  Saving model ...
Updating learning rate to 0.0025
	iters: 100, epoch: 46 | loss: 0.2578882
	speed: 0.1015s/iter; left time: 1441.8687s
	iters: 200, epoch: 46 | loss: 0.2279290
	speed: 0.0502s/iter; left time: 707.2365s
Epoch: 46 cost time: 13.094994068145752
Epoch: 46, Steps: 260 | Train Loss: 0.2210356 Vali Loss: 0.2685917 Test Loss: 0.8261808
EarlyStopping counter: 1 out of 100
Updating learning rate to 0.0025
	iters: 100, epoch: 47 | loss: 0.1700233
	speed: 0.1001s/iter; left time: 1395.7262s
	iters: 200, epoch: 47 | loss: 0.1131553
	speed: 0.0511s/iter; left time: 707.8853s
Epoch: 47 cost time: 13.30631685256958
Epoch: 47, Steps: 260 | Train Loss: 0.2217543 Vali Loss: 0.2665156 Test Loss: 0.8242189
Validation loss decreased (0.268006 --> 0.266516).  Saving model ...
Updating learning rate to 0.0025
	iters: 100, epoch: 48 | loss: 0.2146563
	speed: 0.1022s/iter; left time: 1397.5220s
	iters: 200, epoch: 48 | loss: 0.2302202
	speed: 0.0496s/iter; left time: 673.7458s
Epoch: 48 cost time: 13.230764865875244
Epoch: 48, Steps: 260 | Train Loss: 0.2196487 Vali Loss: 0.2723749 Test Loss: 0.8356492
EarlyStopping counter: 1 out of 100
Updating learning rate to 0.0025
	iters: 100, epoch: 49 | loss: 0.1353456
	speed: 0.1002s/iter; left time: 1344.3473s
	iters: 200, epoch: 49 | loss: 0.1899869
	speed: 0.0494s/iter; left time: 658.2170s
Epoch: 49 cost time: 13.17080545425415
Epoch: 49, Steps: 260 | Train Loss: 0.2229932 Vali Loss: 0.2724256 Test Loss: 0.8520269
EarlyStopping counter: 2 out of 100
Updating learning rate to 0.0025
	iters: 100, epoch: 50 | loss: 0.1380354
	speed: 0.1010s/iter; left time: 1329.6520s
	iters: 200, epoch: 50 | loss: 0.2155011
	speed: 0.0501s/iter; left time: 653.8550s
Epoch: 50 cost time: 13.114272356033325
Epoch: 50, Steps: 260 | Train Loss: 0.2228792 Vali Loss: 0.2624959 Test Loss: 0.8265466
Validation loss decreased (0.266516 --> 0.262496).  Saving model ...
Updating learning rate to 0.0025
	iters: 100, epoch: 51 | loss: 0.3629377
	speed: 0.1029s/iter; left time: 1327.3919s
	iters: 200, epoch: 51 | loss: 0.1209402
	speed: 0.0499s/iter; left time: 638.3712s
Epoch: 51 cost time: 13.385830879211426
Epoch: 51, Steps: 260 | Train Loss: 0.2224476 Vali Loss: 0.2674445 Test Loss: 0.8368062
EarlyStopping counter: 1 out of 100
Updating learning rate to 0.0025
	iters: 100, epoch: 52 | loss: 0.1539534
	speed: 0.1023s/iter; left time: 1293.2187s
	iters: 200, epoch: 52 | loss: 0.5922206
	speed: 0.0497s/iter; left time: 622.7977s
Epoch: 52 cost time: 13.27747392654419
Epoch: 52, Steps: 260 | Train Loss: 0.2232359 Vali Loss: 0.2648061 Test Loss: 0.8181205
EarlyStopping counter: 2 out of 100
Updating learning rate to 0.0025
	iters: 100, epoch: 53 | loss: 0.1186450
	speed: 0.1009s/iter; left time: 1248.9681s
	iters: 200, epoch: 53 | loss: 0.1648271
	speed: 0.0496s/iter; left time: 608.5260s
Epoch: 53 cost time: 13.177623748779297
Epoch: 53, Steps: 260 | Train Loss: 0.2214402 Vali Loss: 0.2652806 Test Loss: 0.8361487
EarlyStopping counter: 3 out of 100
Updating learning rate to 0.0025
	iters: 100, epoch: 54 | loss: 0.3210333
	speed: 0.1004s/iter; left time: 1217.1028s
	iters: 200, epoch: 54 | loss: 0.1766910
	speed: 0.0502s/iter; left time: 603.0786s
Epoch: 54 cost time: 13.140864610671997
Epoch: 54, Steps: 260 | Train Loss: 0.2195454 Vali Loss: 0.2649046 Test Loss: 0.8137636
EarlyStopping counter: 4 out of 100
Updating learning rate to 0.0025
	iters: 100, epoch: 55 | loss: 0.2559685
	speed: 0.1012s/iter; left time: 1199.9300s
	iters: 200, epoch: 55 | loss: 0.2808003
	speed: 0.0499s/iter; left time: 587.3796s
Epoch: 55 cost time: 13.319118976593018
Epoch: 55, Steps: 260 | Train Loss: 0.2208067 Vali Loss: 0.2698071 Test Loss: 0.8163235
EarlyStopping counter: 5 out of 100
Updating learning rate to 0.0025
	iters: 100, epoch: 56 | loss: 0.2028080
	speed: 0.1019s/iter; left time: 1182.0198s
	iters: 200, epoch: 56 | loss: 0.1078654
	speed: 0.0496s/iter; left time: 570.2701s
Epoch: 56 cost time: 13.260193586349487
Epoch: 56, Steps: 260 | Train Loss: 0.2191837 Vali Loss: 0.2675868 Test Loss: 0.8301712
EarlyStopping counter: 6 out of 100
Updating learning rate to 0.0025
	iters: 100, epoch: 57 | loss: 0.1984704
	speed: 0.1010s/iter; left time: 1145.7981s
	iters: 200, epoch: 57 | loss: 0.2666454
	speed: 0.0496s/iter; left time: 557.4460s
Epoch: 57 cost time: 13.292919874191284
Epoch: 57, Steps: 260 | Train Loss: 0.2180818 Vali Loss: 0.2666414 Test Loss: 0.8276590
EarlyStopping counter: 7 out of 100
Updating learning rate to 0.0025
	iters: 100, epoch: 58 | loss: 0.2777641
	speed: 0.1005s/iter; left time: 1114.0628s
	iters: 200, epoch: 58 | loss: 0.1305352
	speed: 0.0504s/iter; left time: 553.0462s
Epoch: 58 cost time: 13.161248922348022
Epoch: 58, Steps: 260 | Train Loss: 0.2188978 Vali Loss: 0.2706079 Test Loss: 0.8226916
EarlyStopping counter: 8 out of 100
Updating learning rate to 0.0025
	iters: 100, epoch: 59 | loss: 0.2487845
	speed: 0.1014s/iter; left time: 1097.2856s
	iters: 200, epoch: 59 | loss: 0.1689410
	speed: 0.0496s/iter; left time: 531.8189s
Epoch: 59 cost time: 13.369025707244873
Epoch: 59, Steps: 260 | Train Loss: 0.2190134 Vali Loss: 0.2693404 Test Loss: 0.8299806
EarlyStopping counter: 9 out of 100
Updating learning rate to 0.0025
	iters: 100, epoch: 60 | loss: 0.1785366
	speed: 0.1016s/iter; left time: 1073.3598s
	iters: 200, epoch: 60 | loss: 0.1111207
	speed: 0.0500s/iter; left time: 522.9053s
Epoch: 60 cost time: 13.263895273208618
Epoch: 60, Steps: 260 | Train Loss: 0.2157508 Vali Loss: 0.2781187 Test Loss: 0.8434569
EarlyStopping counter: 10 out of 100
Updating learning rate to 0.0025
	iters: 100, epoch: 61 | loss: 0.0734427
	speed: 0.1012s/iter; left time: 1042.6733s
	iters: 200, epoch: 61 | loss: 0.1833135
	speed: 0.0494s/iter; left time: 504.4069s
Epoch: 61 cost time: 13.243324995040894
Epoch: 61, Steps: 260 | Train Loss: 0.2177003 Vali Loss: 0.2624004 Test Loss: 0.8253403
Validation loss decreased (0.262496 --> 0.262400).  Saving model ...
Updating learning rate to 0.0025
	iters: 100, epoch: 62 | loss: 0.2268960
	speed: 0.1018s/iter; left time: 1022.2789s
	iters: 200, epoch: 62 | loss: 0.2128443
	speed: 0.0503s/iter; left time: 500.2213s
Epoch: 62 cost time: 13.24753189086914
Epoch: 62, Steps: 260 | Train Loss: 0.2182151 Vali Loss: 0.2684084 Test Loss: 0.8236746
EarlyStopping counter: 1 out of 100
Updating learning rate to 0.0025
	iters: 100, epoch: 63 | loss: 0.4690389
	speed: 0.1001s/iter; left time: 979.5474s
	iters: 200, epoch: 63 | loss: 0.2550906
	speed: 0.0503s/iter; left time: 486.5181s
Epoch: 63 cost time: 13.189808130264282
Epoch: 63, Steps: 260 | Train Loss: 0.2183136 Vali Loss: 0.2656131 Test Loss: 0.8236476
EarlyStopping counter: 2 out of 100
Updating learning rate to 0.0025
	iters: 100, epoch: 64 | loss: 0.2643312
	speed: 0.1002s/iter; left time: 954.1012s
	iters: 200, epoch: 64 | loss: 0.2027066
	speed: 0.0496s/iter; left time: 466.9293s
Epoch: 64 cost time: 13.254810571670532
Epoch: 64, Steps: 260 | Train Loss: 0.2208899 Vali Loss: 0.2761723 Test Loss: 0.8388140
EarlyStopping counter: 3 out of 100
Updating learning rate to 0.0025
	iters: 100, epoch: 65 | loss: 0.2564415
	speed: 0.1018s/iter; left time: 942.7770s
	iters: 200, epoch: 65 | loss: 0.1431593
	speed: 0.0500s/iter; left time: 457.8881s
Epoch: 65 cost time: 13.253442525863647
Epoch: 65, Steps: 260 | Train Loss: 0.2180139 Vali Loss: 0.2625842 Test Loss: 0.8160381
EarlyStopping counter: 4 out of 100
Updating learning rate to 0.0025
	iters: 100, epoch: 66 | loss: 0.1463932
	speed: 0.1027s/iter; left time: 924.2405s
	iters: 200, epoch: 66 | loss: 0.3765086
	speed: 0.0500s/iter; left time: 445.0923s
Epoch: 66 cost time: 13.337762117385864
Epoch: 66, Steps: 260 | Train Loss: 0.2154377 Vali Loss: 0.2730418 Test Loss: 0.8346480
EarlyStopping counter: 5 out of 100
Updating learning rate to 0.0025
	iters: 100, epoch: 67 | loss: 0.1110697
	speed: 0.1006s/iter; left time: 879.6618s
	iters: 200, epoch: 67 | loss: 0.2094816
	speed: 0.0500s/iter; left time: 432.1238s
Epoch: 67 cost time: 13.208317041397095
Epoch: 67, Steps: 260 | Train Loss: 0.2151841 Vali Loss: 0.2652414 Test Loss: 0.8318816
EarlyStopping counter: 6 out of 100
Updating learning rate to 0.0025
	iters: 100, epoch: 68 | loss: 0.2504695
	speed: 0.1028s/iter; left time: 872.1216s
	iters: 200, epoch: 68 | loss: 0.2043021
	speed: 0.0494s/iter; left time: 413.8583s
Epoch: 68 cost time: 13.201546430587769
Epoch: 68, Steps: 260 | Train Loss: 0.2173043 Vali Loss: 0.2656863 Test Loss: 0.8353518
EarlyStopping counter: 7 out of 100
Updating learning rate to 0.0025
	iters: 100, epoch: 69 | loss: 0.1460442
	speed: 0.1006s/iter; left time: 827.2019s
	iters: 200, epoch: 69 | loss: 0.1500315
	speed: 0.0503s/iter; left time: 408.2965s
Epoch: 69 cost time: 13.224868774414062
Epoch: 69, Steps: 260 | Train Loss: 0.2188262 Vali Loss: 0.2653816 Test Loss: 0.8122380
EarlyStopping counter: 8 out of 100
Updating learning rate to 0.0025
	iters: 100, epoch: 70 | loss: 0.1650669
	speed: 0.1015s/iter; left time: 807.7554s
	iters: 200, epoch: 70 | loss: 0.1579780
	speed: 0.0491s/iter; left time: 386.0154s
Epoch: 70 cost time: 13.208986043930054
Epoch: 70, Steps: 260 | Train Loss: 0.2162126 Vali Loss: 0.2751755 Test Loss: 0.8437576
EarlyStopping counter: 9 out of 100
Updating learning rate to 0.0025
	iters: 100, epoch: 71 | loss: 0.2955725
	speed: 0.1012s/iter; left time: 778.9756s
	iters: 200, epoch: 71 | loss: 0.3230012
	speed: 0.0508s/iter; left time: 386.0017s
Epoch: 71 cost time: 13.153706312179565
Epoch: 71, Steps: 260 | Train Loss: 0.2165320 Vali Loss: 0.2641267 Test Loss: 0.8258585
EarlyStopping counter: 10 out of 100
Updating learning rate to 0.0025
	iters: 100, epoch: 72 | loss: 0.7157806
	speed: 0.1011s/iter; left time: 752.4663s
	iters: 200, epoch: 72 | loss: 0.2181132
	speed: 0.0492s/iter; left time: 361.2543s
Epoch: 72 cost time: 13.132587432861328
Epoch: 72, Steps: 260 | Train Loss: 0.2163586 Vali Loss: 0.2642356 Test Loss: 0.8074353
EarlyStopping counter: 11 out of 100
Updating learning rate to 0.0025
	iters: 100, epoch: 73 | loss: 0.1812573
	speed: 0.1002s/iter; left time: 719.5161s
	iters: 200, epoch: 73 | loss: 0.3444930
	speed: 0.0506s/iter; left time: 358.3089s
Epoch: 73 cost time: 13.211615800857544
Epoch: 73, Steps: 260 | Train Loss: 0.2144083 Vali Loss: 0.2765384 Test Loss: 0.8608384
EarlyStopping counter: 12 out of 100
Updating learning rate to 0.0025
	iters: 100, epoch: 74 | loss: 0.1347288
	speed: 0.1006s/iter; left time: 696.1181s
	iters: 200, epoch: 74 | loss: 0.3524785
	speed: 0.0497s/iter; left time: 339.2405s
Epoch: 74 cost time: 13.216565370559692
Epoch: 74, Steps: 260 | Train Loss: 0.2136131 Vali Loss: 0.2595275 Test Loss: 0.8047101
Validation loss decreased (0.262400 --> 0.259527).  Saving model ...
Updating learning rate to 0.0025
	iters: 100, epoch: 75 | loss: 0.1748448
	speed: 0.1018s/iter; left time: 678.2561s
	iters: 200, epoch: 75 | loss: 0.2351099
	speed: 0.0504s/iter; left time: 330.7395s
Epoch: 75 cost time: 13.227105140686035
Epoch: 75, Steps: 260 | Train Loss: 0.2119249 Vali Loss: 0.2626600 Test Loss: 0.8165158
EarlyStopping counter: 1 out of 100
Updating learning rate to 0.0025
	iters: 100, epoch: 76 | loss: 0.2208363
	speed: 0.1009s/iter; left time: 645.7005s
	iters: 200, epoch: 76 | loss: 0.3633780
	speed: 0.0507s/iter; left time: 319.3343s
Epoch: 76 cost time: 13.230586290359497
Epoch: 76, Steps: 260 | Train Loss: 0.2165811 Vali Loss: 0.2620040 Test Loss: 0.8238366
EarlyStopping counter: 2 out of 100
Updating learning rate to 0.0025
	iters: 100, epoch: 77 | loss: 0.1980354
	speed: 0.1004s/iter; left time: 616.8599s
	iters: 200, epoch: 77 | loss: 0.2098858
	speed: 0.0509s/iter; left time: 307.2855s
Epoch: 77 cost time: 13.350541591644287
Epoch: 77, Steps: 260 | Train Loss: 0.2146400 Vali Loss: 0.2636564 Test Loss: 0.8321033
EarlyStopping counter: 3 out of 100
Updating learning rate to 0.0025
	iters: 100, epoch: 78 | loss: 0.1951997
	speed: 0.1026s/iter; left time: 603.2124s
	iters: 200, epoch: 78 | loss: 0.1421458
	speed: 0.0496s/iter; left time: 286.6446s
Epoch: 78 cost time: 13.293228387832642
Epoch: 78, Steps: 260 | Train Loss: 0.2170840 Vali Loss: 0.2614349 Test Loss: 0.8299021
EarlyStopping counter: 4 out of 100
Updating learning rate to 0.0025
	iters: 100, epoch: 79 | loss: 0.2845107
	speed: 0.1012s/iter; left time: 568.8156s
	iters: 200, epoch: 79 | loss: 0.2102212
	speed: 0.0513s/iter; left time: 283.4146s
Epoch: 79 cost time: 13.233864068984985
Epoch: 79, Steps: 260 | Train Loss: 0.2136561 Vali Loss: 0.2648247 Test Loss: 0.8005674
EarlyStopping counter: 5 out of 100
Updating learning rate to 0.0025
	iters: 100, epoch: 80 | loss: 0.1397066
	speed: 0.0993s/iter; left time: 532.5618s
	iters: 200, epoch: 80 | loss: 0.1399124
	speed: 0.0493s/iter; left time: 259.3532s
Epoch: 80 cost time: 13.087911128997803
Epoch: 80, Steps: 260 | Train Loss: 0.2127406 Vali Loss: 0.2678260 Test Loss: 0.8441550
EarlyStopping counter: 6 out of 100
Updating learning rate to 0.0025
	iters: 100, epoch: 81 | loss: 0.2106345
	speed: 0.1005s/iter; left time: 512.5886s
	iters: 200, epoch: 81 | loss: 0.1819580
	speed: 0.0511s/iter; left time: 255.5902s
Epoch: 81 cost time: 13.229572772979736
Epoch: 81, Steps: 260 | Train Loss: 0.2127059 Vali Loss: 0.2624790 Test Loss: 0.8159959
EarlyStopping counter: 7 out of 100
Updating learning rate to 0.0025
	iters: 100, epoch: 82 | loss: 0.1537202
	speed: 0.1007s/iter; left time: 487.4975s
	iters: 200, epoch: 82 | loss: 0.1822100
	speed: 0.0505s/iter; left time: 239.2468s
Epoch: 82 cost time: 13.27633786201477
Epoch: 82, Steps: 260 | Train Loss: 0.2136750 Vali Loss: 0.2728116 Test Loss: 0.8247809
EarlyStopping counter: 8 out of 100
Updating learning rate to 0.0025
	iters: 100, epoch: 83 | loss: 0.1888797
	speed: 0.1001s/iter; left time: 458.3752s
	iters: 200, epoch: 83 | loss: 0.4406338
	speed: 0.0503s/iter; left time: 225.4089s
Epoch: 83 cost time: 13.177637577056885
Epoch: 83, Steps: 260 | Train Loss: 0.2155724 Vali Loss: 0.2763090 Test Loss: 0.8438358
EarlyStopping counter: 9 out of 100
Updating learning rate to 0.0025
	iters: 100, epoch: 84 | loss: 0.2684550
	speed: 0.1016s/iter; left time: 438.9377s
	iters: 200, epoch: 84 | loss: 0.2554219
	speed: 0.0495s/iter; left time: 208.9188s
Epoch: 84 cost time: 13.301106214523315
Epoch: 84, Steps: 260 | Train Loss: 0.2126797 Vali Loss: 0.2607942 Test Loss: 0.8185206
EarlyStopping counter: 10 out of 100
Updating learning rate to 0.0025
	iters: 100, epoch: 85 | loss: 0.2266336
	speed: 0.1002s/iter; left time: 407.0231s
	iters: 200, epoch: 85 | loss: 0.3594570
	speed: 0.0512s/iter; left time: 202.7391s
Epoch: 85 cost time: 13.23016619682312
Epoch: 85, Steps: 260 | Train Loss: 0.2132780 Vali Loss: 0.2718817 Test Loss: 0.8251143
EarlyStopping counter: 11 out of 100
Updating learning rate to 0.0025
	iters: 100, epoch: 86 | loss: 0.1607502
	speed: 0.1005s/iter; left time: 382.1471s
	iters: 200, epoch: 86 | loss: 0.2416463
	speed: 0.0489s/iter; left time: 180.8510s
Epoch: 86 cost time: 13.122942686080933
Epoch: 86, Steps: 260 | Train Loss: 0.2117156 Vali Loss: 0.2593707 Test Loss: 0.8117142
Validation loss decreased (0.259527 --> 0.259371).  Saving model ...
Updating learning rate to 0.0025
	iters: 100, epoch: 87 | loss: 0.2793325
	speed: 0.1011s/iter; left time: 358.0273s
	iters: 200, epoch: 87 | loss: 0.2032552
	speed: 0.0496s/iter; left time: 170.8363s
Epoch: 87 cost time: 13.213191032409668
Epoch: 87, Steps: 260 | Train Loss: 0.2147262 Vali Loss: 0.2654400 Test Loss: 0.8409866
EarlyStopping counter: 1 out of 100
Updating learning rate to 0.0025
	iters: 100, epoch: 88 | loss: 0.2052146
	speed: 0.1015s/iter; left time: 333.0887s
	iters: 200, epoch: 88 | loss: 0.1341493
	speed: 0.0508s/iter; left time: 161.6251s
Epoch: 88 cost time: 13.442268371582031
Epoch: 88, Steps: 260 | Train Loss: 0.2136236 Vali Loss: 0.2681679 Test Loss: 0.8163040
EarlyStopping counter: 2 out of 100
Updating learning rate to 0.0025
	iters: 100, epoch: 89 | loss: 0.2021332
	speed: 0.1030s/iter; left time: 311.2281s
	iters: 200, epoch: 89 | loss: 0.1773247
	speed: 0.0519s/iter; left time: 151.6218s
Epoch: 89 cost time: 13.448904275894165
Epoch: 89, Steps: 260 | Train Loss: 0.2133721 Vali Loss: 0.2627942 Test Loss: 0.8313509
EarlyStopping counter: 3 out of 100
Updating learning rate to 0.0025
	iters: 100, epoch: 90 | loss: 0.1647334
	speed: 0.1016s/iter; left time: 280.5246s
	iters: 200, epoch: 90 | loss: 0.2931265
	speed: 0.0511s/iter; left time: 136.0277s
Epoch: 90 cost time: 13.463399648666382
Epoch: 90, Steps: 260 | Train Loss: 0.2120726 Vali Loss: 0.2663822 Test Loss: 0.8221398
EarlyStopping counter: 4 out of 100
Updating learning rate to 0.0025
	iters: 100, epoch: 91 | loss: 0.2750228
	speed: 0.1024s/iter; left time: 256.0186s
	iters: 200, epoch: 91 | loss: 0.1920737
	speed: 0.0502s/iter; left time: 120.5508s
Epoch: 91 cost time: 13.329325199127197
Epoch: 91, Steps: 260 | Train Loss: 0.2105993 Vali Loss: 0.2708801 Test Loss: 0.8291917
EarlyStopping counter: 5 out of 100
Updating learning rate to 0.0025
	iters: 100, epoch: 92 | loss: 0.1672693
	speed: 0.1015s/iter; left time: 227.3732s
	iters: 200, epoch: 92 | loss: 0.2044329
	speed: 0.0506s/iter; left time: 108.2277s
Epoch: 92 cost time: 13.333039283752441
Epoch: 92, Steps: 260 | Train Loss: 0.2135173 Vali Loss: 0.2637040 Test Loss: 0.8237977
EarlyStopping counter: 6 out of 100
Updating learning rate to 0.0025
	iters: 100, epoch: 93 | loss: 0.3003778
	speed: 0.1021s/iter; left time: 202.3075s
	iters: 200, epoch: 93 | loss: 0.3129434
	speed: 0.0503s/iter; left time: 94.6598s
Epoch: 93 cost time: 13.400407552719116
Epoch: 93, Steps: 260 | Train Loss: 0.2095577 Vali Loss: 0.2698034 Test Loss: 0.8147820
EarlyStopping counter: 7 out of 100
Updating learning rate to 0.0025
	iters: 100, epoch: 94 | loss: 0.1311054
	speed: 0.1018s/iter; left time: 175.1132s
	iters: 200, epoch: 94 | loss: 0.1993823
	speed: 0.0496s/iter; left time: 80.4538s
Epoch: 94 cost time: 13.188066720962524
Epoch: 94, Steps: 260 | Train Loss: 0.2098432 Vali Loss: 0.2625192 Test Loss: 0.8074915
EarlyStopping counter: 8 out of 100
Updating learning rate to 0.0025
	iters: 100, epoch: 95 | loss: 0.1998863
	speed: 0.1003s/iter; left time: 146.5017s
	iters: 200, epoch: 95 | loss: 0.1309918
	speed: 0.0504s/iter; left time: 68.6023s
Epoch: 95 cost time: 13.270849227905273
Epoch: 95, Steps: 260 | Train Loss: 0.2084118 Vali Loss: 0.2666535 Test Loss: 0.8146705
EarlyStopping counter: 9 out of 100
Updating learning rate to 0.0025
	iters: 100, epoch: 96 | loss: 0.2139982
	speed: 0.1012s/iter; left time: 121.5242s
	iters: 200, epoch: 96 | loss: 0.1263932
	speed: 0.0506s/iter; left time: 55.7164s
Epoch: 96 cost time: 13.300772666931152
Epoch: 96, Steps: 260 | Train Loss: 0.2093604 Vali Loss: 0.2702013 Test Loss: 0.8348936
EarlyStopping counter: 10 out of 100
Updating learning rate to 0.0025
	iters: 100, epoch: 97 | loss: 0.2555450
	speed: 0.1022s/iter; left time: 96.2093s
	iters: 200, epoch: 97 | loss: 0.2601658
	speed: 0.0510s/iter; left time: 42.8995s
Epoch: 97 cost time: 13.445812940597534
Epoch: 97, Steps: 260 | Train Loss: 0.2088239 Vali Loss: 0.2657866 Test Loss: 0.8413175
EarlyStopping counter: 11 out of 100
Updating learning rate to 0.0025
	iters: 100, epoch: 98 | loss: 0.2550673
	speed: 0.1030s/iter; left time: 70.1612s
	iters: 200, epoch: 98 | loss: 0.2897363
	speed: 0.0511s/iter; left time: 29.6869s
Epoch: 98 cost time: 13.5576913356781
Epoch: 98, Steps: 260 | Train Loss: 0.2109698 Vali Loss: 0.2622609 Test Loss: 0.8027477
EarlyStopping counter: 12 out of 100
Updating learning rate to 0.0025
	iters: 100, epoch: 99 | loss: 0.1608754
	speed: 0.1024s/iter; left time: 43.1078s
	iters: 200, epoch: 99 | loss: 0.2178337
	speed: 0.0503s/iter; left time: 16.1561s
Epoch: 99 cost time: 13.264837265014648
Epoch: 99, Steps: 260 | Train Loss: 0.2148415 Vali Loss: 0.2701489 Test Loss: 0.8436117
EarlyStopping counter: 13 out of 100
Updating learning rate to 0.0025
	iters: 100, epoch: 100 | loss: 0.1444439
	speed: 0.1024s/iter; left time: 16.4802s
	iters: 200, epoch: 100 | loss: 0.0906085
	speed: 0.0510s/iter; left time: 3.1088s
Epoch: 100 cost time: 13.387045621871948
Epoch: 100, Steps: 260 | Train Loss: 0.2112461 Vali Loss: 0.2644023 Test Loss: 0.8147995
EarlyStopping counter: 14 out of 100
Updating learning rate to 0.0025
>>>>>>>testing : 60_5_PatchTST_custom_ftM_sl60_ll48_pl5_dm16_nh4_el3_dl1_df128_fc1_ebtimeF_dtTrue_Exp_0<<<<<<<<<<<<<<<<<<<<<<<<<<<<<<<<<
test 1203
mse:0.8117141723632812, mae:0.39759647846221924, rse:0.23064804077148438
