Args in experiment:
Namespace(random_seed=2024, is_training=1, model_id='60_5', model='PatchTST', data='custom', root_path='./dataset/', data_path='db_lv5.csv', features='M', target='Target', freq='h', checkpoints='./checkpoints/', seq_len=60, label_len=48, pred_len=5, fc_dropout=0.2, head_dropout=0.0, patch_len=5, stride=2, padding_patch='end', revin=1, affine=0, subtract_last=0, decomposition=0, kernel_size=25, individual=0, embed_type=0, enc_in=8, dec_in=7, c_out=7, d_model=16, n_heads=4, e_layers=3, d_layers=1, d_ff=128, moving_avg=25, factor=1, distil=True, dropout=0.2, embed='timeF', activation='gelu', output_attention=False, do_predict=False, num_workers=10, itr=1, train_epochs=100, batch_size=16, patience=100, learning_rate=0.0025, des='Exp', loss='mse', lradj='constant', pct_start=0.3, use_amp=False, use_gpu=False, gpu=0, use_multi_gpu=False, devices='0,1,2,3', test_flop=False)
Use CPU
>>>>>>>start training : 60_5_PatchTST_custom_ftM_sl60_ll48_pl5_dm16_nh4_el3_dl1_df128_fc1_ebtimeF_dtTrue_Exp_0>>>>>>>>>>>>>>>>>>>>>>>>>>
train 4161
val 601
test 1203
	iters: 100, epoch: 1 | loss: 0.5316364
	speed: 0.1002s/iter; left time: 2595.6247s
	iters: 200, epoch: 1 | loss: 0.2434854
	speed: 0.0971s/iter; left time: 2504.8335s
Epoch: 1 cost time: 25.44414710998535
Epoch: 1, Steps: 260 | Train Loss: 0.4390311 Vali Loss: 0.2616526 Test Loss: 0.5377905
Validation loss decreased (inf --> 0.261653).  Saving model ...
Updating learning rate to 0.0025
	iters: 100, epoch: 2 | loss: 0.0843590
	speed: 0.1899s/iter; left time: 4869.9433s
	iters: 200, epoch: 2 | loss: 0.1510540
	speed: 0.0955s/iter; left time: 2438.3865s
Epoch: 2 cost time: 25.483608722686768
Epoch: 2, Steps: 260 | Train Loss: 0.1080797 Vali Loss: 0.1067969 Test Loss: 0.2291465
Validation loss decreased (0.261653 --> 0.106797).  Saving model ...
Updating learning rate to 0.0025
	iters: 100, epoch: 3 | loss: 0.0688591
	speed: 0.1877s/iter; left time: 4763.1163s
	iters: 200, epoch: 3 | loss: 0.0785937
	speed: 0.1010s/iter; left time: 2552.3363s
Epoch: 3 cost time: 25.72410249710083
Epoch: 3, Steps: 260 | Train Loss: 0.0807193 Vali Loss: 0.0890561 Test Loss: 0.1875303
Validation loss decreased (0.106797 --> 0.089056).  Saving model ...
Updating learning rate to 0.0025
	iters: 100, epoch: 4 | loss: 0.0629499
	speed: 0.1933s/iter; left time: 4855.1969s
	iters: 200, epoch: 4 | loss: 0.0871869
	speed: 0.0930s/iter; left time: 2325.7911s
Epoch: 4 cost time: 25.049347400665283
Epoch: 4, Steps: 260 | Train Loss: 0.0722822 Vali Loss: 0.0879127 Test Loss: 0.1886160
Validation loss decreased (0.089056 --> 0.087913).  Saving model ...
Updating learning rate to 0.0025
	iters: 100, epoch: 5 | loss: 0.0752056
	speed: 0.1939s/iter; left time: 4820.9519s
	iters: 200, epoch: 5 | loss: 0.0599570
	speed: 0.0945s/iter; left time: 2340.4089s
Epoch: 5 cost time: 25.647459983825684
Epoch: 5, Steps: 260 | Train Loss: 0.0684819 Vali Loss: 0.0701139 Test Loss: 0.1562689
Validation loss decreased (0.087913 --> 0.070114).  Saving model ...
Updating learning rate to 0.0025
	iters: 100, epoch: 6 | loss: 0.0799413
	speed: 0.1888s/iter; left time: 4644.0839s
	iters: 200, epoch: 6 | loss: 0.0640094
	speed: 0.0952s/iter; left time: 2331.9014s
Epoch: 6 cost time: 25.466378450393677
Epoch: 6, Steps: 260 | Train Loss: 0.0648777 Vali Loss: 0.0750413 Test Loss: 0.1757128
EarlyStopping counter: 1 out of 100
Updating learning rate to 0.0025
	iters: 100, epoch: 7 | loss: 0.0609909
	speed: 0.1908s/iter; left time: 4643.4577s
	iters: 200, epoch: 7 | loss: 0.0504842
	speed: 0.0972s/iter; left time: 2357.4170s
Epoch: 7 cost time: 25.054723739624023
Epoch: 7, Steps: 260 | Train Loss: 0.0606240 Vali Loss: 0.0751030 Test Loss: 0.1692410
EarlyStopping counter: 2 out of 100
Updating learning rate to 0.0025
	iters: 100, epoch: 8 | loss: 0.0582429
	speed: 0.1919s/iter; left time: 4621.5776s
	iters: 200, epoch: 8 | loss: 0.0510643
	speed: 0.0989s/iter; left time: 2372.4398s
Epoch: 8 cost time: 25.656664609909058
Epoch: 8, Steps: 260 | Train Loss: 0.0585177 Vali Loss: 0.0677923 Test Loss: 0.1800656
Validation loss decreased (0.070114 --> 0.067792).  Saving model ...
Updating learning rate to 0.0025
	iters: 100, epoch: 9 | loss: 0.0728641
	speed: 0.1891s/iter; left time: 4504.4073s
	iters: 200, epoch: 9 | loss: 0.0325456
	speed: 0.0951s/iter; left time: 2256.5798s
Epoch: 9 cost time: 25.477596521377563
Epoch: 9, Steps: 260 | Train Loss: 0.0569030 Vali Loss: 0.0721580 Test Loss: 0.1671486
EarlyStopping counter: 1 out of 100
Updating learning rate to 0.0025
	iters: 100, epoch: 10 | loss: 0.0601011
	speed: 0.1940s/iter; left time: 4571.4676s
	iters: 200, epoch: 10 | loss: 0.0679353
	speed: 0.0950s/iter; left time: 2229.4894s
Epoch: 10 cost time: 25.241785526275635
Epoch: 10, Steps: 260 | Train Loss: 0.0527483 Vali Loss: 0.0594790 Test Loss: 0.1363138
Validation loss decreased (0.067792 --> 0.059479).  Saving model ...
Updating learning rate to 0.0025
	iters: 100, epoch: 11 | loss: 0.0343423
	speed: 0.1871s/iter; left time: 4359.9136s
	iters: 200, epoch: 11 | loss: 0.0564188
	speed: 0.1011s/iter; left time: 2346.0562s
Epoch: 11 cost time: 25.527153730392456
Epoch: 11, Steps: 260 | Train Loss: 0.0494077 Vali Loss: 0.0693218 Test Loss: 0.1528835
EarlyStopping counter: 1 out of 100
Updating learning rate to 0.0025
	iters: 100, epoch: 12 | loss: 0.0475996
	speed: 0.1900s/iter; left time: 4377.7353s
	iters: 200, epoch: 12 | loss: 0.0310333
	speed: 0.0961s/iter; left time: 2205.6725s
Epoch: 12 cost time: 25.442555904388428
Epoch: 12, Steps: 260 | Train Loss: 0.0493158 Vali Loss: 0.0642850 Test Loss: 0.1643703
EarlyStopping counter: 2 out of 100
Updating learning rate to 0.0025
	iters: 100, epoch: 13 | loss: 0.0248757
	speed: 0.1927s/iter; left time: 4390.4790s
	iters: 200, epoch: 13 | loss: 0.0316829
	speed: 0.0960s/iter; left time: 2177.8963s
Epoch: 13 cost time: 25.796008110046387
Epoch: 13, Steps: 260 | Train Loss: 0.0462977 Vali Loss: 0.0697683 Test Loss: 0.1566946
EarlyStopping counter: 3 out of 100
Updating learning rate to 0.0025
	iters: 100, epoch: 14 | loss: 0.0355861
	speed: 0.1924s/iter; left time: 4333.4693s
	iters: 200, epoch: 14 | loss: 0.0270619
	speed: 0.0993s/iter; left time: 2225.8958s
Epoch: 14 cost time: 25.834352254867554
Epoch: 14, Steps: 260 | Train Loss: 0.0481293 Vali Loss: 0.0582801 Test Loss: 0.1293550
Validation loss decreased (0.059479 --> 0.058280).  Saving model ...
Updating learning rate to 0.0025
	iters: 100, epoch: 15 | loss: 0.0516266
	speed: 0.1926s/iter; left time: 4287.1202s
	iters: 200, epoch: 15 | loss: 0.0461216
	speed: 0.0997s/iter; left time: 2209.5740s
Epoch: 15 cost time: 25.693912029266357
Epoch: 15, Steps: 260 | Train Loss: 0.0451632 Vali Loss: 0.0581678 Test Loss: 0.1395627
Validation loss decreased (0.058280 --> 0.058168).  Saving model ...
Updating learning rate to 0.0025
	iters: 100, epoch: 16 | loss: 0.0535339
	speed: 0.1960s/iter; left time: 4311.1415s
	iters: 200, epoch: 16 | loss: 0.0572541
	speed: 0.0966s/iter; left time: 2115.4108s
Epoch: 16 cost time: 25.83535408973694
Epoch: 16, Steps: 260 | Train Loss: 0.0417289 Vali Loss: 0.0550222 Test Loss: 0.1279305
Validation loss decreased (0.058168 --> 0.055022).  Saving model ...
Updating learning rate to 0.0025
	iters: 100, epoch: 17 | loss: 0.0551824
	speed: 0.1887s/iter; left time: 4101.6617s
	iters: 200, epoch: 17 | loss: 0.0853872
	speed: 0.0978s/iter; left time: 2116.7281s
Epoch: 17 cost time: 25.637760400772095
Epoch: 17, Steps: 260 | Train Loss: 0.0413676 Vali Loss: 0.0812369 Test Loss: 0.2064837
EarlyStopping counter: 1 out of 100
Updating learning rate to 0.0025
	iters: 100, epoch: 18 | loss: 0.0314212
	speed: 0.1963s/iter; left time: 4215.8035s
	iters: 200, epoch: 18 | loss: 0.0731936
	speed: 0.0960s/iter; left time: 2052.4860s
Epoch: 18 cost time: 25.59367871284485
Epoch: 18, Steps: 260 | Train Loss: 0.0406661 Vali Loss: 0.0584693 Test Loss: 0.1426990
EarlyStopping counter: 2 out of 100
Updating learning rate to 0.0025
	iters: 100, epoch: 19 | loss: 0.0327871
	speed: 0.1972s/iter; left time: 4184.7081s
	iters: 200, epoch: 19 | loss: 0.0772365
	speed: 0.0957s/iter; left time: 2021.1301s
Epoch: 19 cost time: 25.87779450416565
Epoch: 19, Steps: 260 | Train Loss: 0.0404008 Vali Loss: 0.0560935 Test Loss: 0.1302931
EarlyStopping counter: 3 out of 100
Updating learning rate to 0.0025
	iters: 100, epoch: 20 | loss: 0.0345805
	speed: 0.1892s/iter; left time: 3966.7805s
	iters: 200, epoch: 20 | loss: 0.0891920
	speed: 0.0999s/iter; left time: 2083.9571s
Epoch: 20 cost time: 26.02981209754944
Epoch: 20, Steps: 260 | Train Loss: 0.0399014 Vali Loss: 0.0606576 Test Loss: 0.1416289
EarlyStopping counter: 4 out of 100
Updating learning rate to 0.0025
	iters: 100, epoch: 21 | loss: 0.0643699
	speed: 0.1903s/iter; left time: 3939.8162s
	iters: 200, epoch: 21 | loss: 0.0650350
	speed: 0.0967s/iter; left time: 1992.6212s
Epoch: 21 cost time: 24.689670085906982
Epoch: 21, Steps: 260 | Train Loss: 0.0385127 Vali Loss: 0.0636109 Test Loss: 0.1503377
EarlyStopping counter: 5 out of 100
Updating learning rate to 0.0025
	iters: 100, epoch: 22 | loss: 0.0526965
	speed: 0.1887s/iter; left time: 3857.1467s
	iters: 200, epoch: 22 | loss: 0.0172973
	speed: 0.0949s/iter; left time: 1931.3669s
Epoch: 22 cost time: 25.126665830612183
Epoch: 22, Steps: 260 | Train Loss: 0.0389347 Vali Loss: 0.0537035 Test Loss: 0.1283777
Validation loss decreased (0.055022 --> 0.053704).  Saving model ...
Updating learning rate to 0.0025
	iters: 100, epoch: 23 | loss: 0.0392641
	speed: 0.1854s/iter; left time: 3742.0469s
	iters: 200, epoch: 23 | loss: 0.0644311
	speed: 0.0957s/iter; left time: 1920.8240s
Epoch: 23 cost time: 25.289531469345093
Epoch: 23, Steps: 260 | Train Loss: 0.0378075 Vali Loss: 0.0613884 Test Loss: 0.1569103
EarlyStopping counter: 1 out of 100
Updating learning rate to 0.0025
	iters: 100, epoch: 24 | loss: 0.0145092
	speed: 0.1945s/iter; left time: 3875.3864s
	iters: 200, epoch: 24 | loss: 0.0384807
	speed: 0.0934s/iter; left time: 1850.3656s
Epoch: 24 cost time: 25.10158061981201
Epoch: 24, Steps: 260 | Train Loss: 0.0394945 Vali Loss: 0.0526065 Test Loss: 0.1353517
Validation loss decreased (0.053704 --> 0.052606).  Saving model ...
Updating learning rate to 0.0025
	iters: 100, epoch: 25 | loss: 0.0269984
	speed: 0.1922s/iter; left time: 3778.1369s
	iters: 200, epoch: 25 | loss: 0.0557290
	speed: 0.1000s/iter; left time: 1955.2637s
Epoch: 25 cost time: 25.972487449645996
Epoch: 25, Steps: 260 | Train Loss: 0.0376541 Vali Loss: 0.0616067 Test Loss: 0.1565248
EarlyStopping counter: 1 out of 100
Updating learning rate to 0.0025
	iters: 100, epoch: 26 | loss: 0.0598908
	speed: 0.1906s/iter; left time: 3697.9657s
	iters: 200, epoch: 26 | loss: 0.0244091
	speed: 0.0978s/iter; left time: 1888.4652s
Epoch: 26 cost time: 25.714663982391357
Epoch: 26, Steps: 260 | Train Loss: 0.0371637 Vali Loss: 0.0602567 Test Loss: 0.1367575
EarlyStopping counter: 2 out of 100
Updating learning rate to 0.0025
	iters: 100, epoch: 27 | loss: 0.0387037
	speed: 0.1925s/iter; left time: 3684.5041s
	iters: 200, epoch: 27 | loss: 0.0710012
	speed: 0.0964s/iter; left time: 1835.8036s
Epoch: 27 cost time: 25.17632484436035
Epoch: 27, Steps: 260 | Train Loss: 0.0370971 Vali Loss: 0.0580959 Test Loss: 0.1429220
EarlyStopping counter: 3 out of 100
Updating learning rate to 0.0025
	iters: 100, epoch: 28 | loss: 0.0571204
	speed: 0.1882s/iter; left time: 3554.0978s
	iters: 200, epoch: 28 | loss: 0.0209832
	speed: 0.0997s/iter; left time: 1871.8999s
Epoch: 28 cost time: 25.80352282524109
Epoch: 28, Steps: 260 | Train Loss: 0.0353724 Vali Loss: 0.0617703 Test Loss: 0.1417668
EarlyStopping counter: 4 out of 100
Updating learning rate to 0.0025
	iters: 100, epoch: 29 | loss: 0.0388198
	speed: 0.1902s/iter; left time: 3540.8418s
	iters: 200, epoch: 29 | loss: 0.0397560
	speed: 0.0943s/iter; left time: 1746.4090s
Epoch: 29 cost time: 25.008175373077393
Epoch: 29, Steps: 260 | Train Loss: 0.0357613 Vali Loss: 0.0500231 Test Loss: 0.1209446
Validation loss decreased (0.052606 --> 0.050023).  Saving model ...
Updating learning rate to 0.0025
	iters: 100, epoch: 30 | loss: 0.0342852
	speed: 0.1971s/iter; left time: 3619.0167s
	iters: 200, epoch: 30 | loss: 0.0478984
	speed: 0.0952s/iter; left time: 1737.9328s
Epoch: 30 cost time: 25.640353202819824
Epoch: 30, Steps: 260 | Train Loss: 0.0347432 Vali Loss: 0.0560181 Test Loss: 0.1351424
EarlyStopping counter: 1 out of 100
Updating learning rate to 0.0025
	iters: 100, epoch: 31 | loss: 0.0336926
	speed: 0.1840s/iter; left time: 3330.3089s
	iters: 200, epoch: 31 | loss: 0.0356867
	speed: 0.0954s/iter; left time: 1717.1627s
Epoch: 31 cost time: 25.50376009941101
Epoch: 31, Steps: 260 | Train Loss: 0.0349401 Vali Loss: 0.0620790 Test Loss: 0.1471786
EarlyStopping counter: 2 out of 100
Updating learning rate to 0.0025
	iters: 100, epoch: 32 | loss: 0.0291420
	speed: 0.1964s/iter; left time: 3504.0723s
	iters: 200, epoch: 32 | loss: 0.0307397
	speed: 0.0951s/iter; left time: 1686.9692s
Epoch: 32 cost time: 25.21621036529541
Epoch: 32, Steps: 260 | Train Loss: 0.0340711 Vali Loss: 0.0719330 Test Loss: 0.1691843
EarlyStopping counter: 3 out of 100
Updating learning rate to 0.0025
	iters: 100, epoch: 33 | loss: 0.0405782
	speed: 0.1890s/iter; left time: 3322.1540s
	iters: 200, epoch: 33 | loss: 0.0215056
	speed: 0.0976s/iter; left time: 1705.2941s
Epoch: 33 cost time: 25.412249326705933
Epoch: 33, Steps: 260 | Train Loss: 0.0344295 Vali Loss: 0.0611800 Test Loss: 0.1569249
EarlyStopping counter: 4 out of 100
Updating learning rate to 0.0025
	iters: 100, epoch: 34 | loss: 0.0239624
	speed: 0.1893s/iter; left time: 3279.2607s
	iters: 200, epoch: 34 | loss: 0.0223943
	speed: 0.0940s/iter; left time: 1619.0411s
Epoch: 34 cost time: 25.315536499023438
Epoch: 34, Steps: 260 | Train Loss: 0.0339334 Vali Loss: 0.0533824 Test Loss: 0.1286462
EarlyStopping counter: 5 out of 100
Updating learning rate to 0.0025
	iters: 100, epoch: 35 | loss: 0.0196207
	speed: 0.1935s/iter; left time: 3300.7002s
	iters: 200, epoch: 35 | loss: 0.0347486
	speed: 0.0955s/iter; left time: 1619.6124s
Epoch: 35 cost time: 25.227943420410156
Epoch: 35, Steps: 260 | Train Loss: 0.0346705 Vali Loss: 0.0829132 Test Loss: 0.1908580
EarlyStopping counter: 6 out of 100
Updating learning rate to 0.0025
	iters: 100, epoch: 36 | loss: 0.0344806
	speed: 0.1891s/iter; left time: 3177.1159s
	iters: 200, epoch: 36 | loss: 0.0330558
	speed: 0.0967s/iter; left time: 1615.3554s
Epoch: 36 cost time: 25.215516328811646
Epoch: 36, Steps: 260 | Train Loss: 0.0329037 Vali Loss: 0.0646802 Test Loss: 0.1537361
EarlyStopping counter: 7 out of 100
Updating learning rate to 0.0025
	iters: 100, epoch: 37 | loss: 0.0233756
	speed: 0.1881s/iter; left time: 3111.5491s
	iters: 200, epoch: 37 | loss: 0.0184143
	speed: 0.0969s/iter; left time: 1593.2351s
Epoch: 37 cost time: 25.481572151184082
Epoch: 37, Steps: 260 | Train Loss: 0.0320534 Vali Loss: 0.0678035 Test Loss: 0.1581340
EarlyStopping counter: 8 out of 100
Updating learning rate to 0.0025
	iters: 100, epoch: 38 | loss: 0.0348516
	speed: 0.1913s/iter; left time: 3115.2368s
	iters: 200, epoch: 38 | loss: 0.0374941
	speed: 0.0951s/iter; left time: 1538.2257s
Epoch: 38 cost time: 25.081381797790527
Epoch: 38, Steps: 260 | Train Loss: 0.0318906 Vali Loss: 0.0484669 Test Loss: 0.1150961
Validation loss decreased (0.050023 --> 0.048467).  Saving model ...
Updating learning rate to 0.0025
	iters: 100, epoch: 39 | loss: 0.0388365
	speed: 0.1860s/iter; left time: 2980.2610s
	iters: 200, epoch: 39 | loss: 0.0417610
	speed: 0.0990s/iter; left time: 1575.9136s
Epoch: 39 cost time: 25.209622383117676
Epoch: 39, Steps: 260 | Train Loss: 0.0333316 Vali Loss: 0.0619399 Test Loss: 0.1416960
EarlyStopping counter: 1 out of 100
Updating learning rate to 0.0025
	iters: 100, epoch: 40 | loss: 0.0373614
	speed: 0.1893s/iter; left time: 2984.2037s
	iters: 200, epoch: 40 | loss: 0.0229133
	speed: 0.0932s/iter; left time: 1459.0896s
Epoch: 40 cost time: 24.99582028388977
Epoch: 40, Steps: 260 | Train Loss: 0.0326723 Vali Loss: 0.0645155 Test Loss: 0.1558371
EarlyStopping counter: 2 out of 100
Updating learning rate to 0.0025
	iters: 100, epoch: 41 | loss: 0.0270800
	speed: 0.1945s/iter; left time: 3015.5985s
	iters: 200, epoch: 41 | loss: 0.0200222
	speed: 0.0939s/iter; left time: 1445.4924s
Epoch: 41 cost time: 25.33876943588257
Epoch: 41, Steps: 260 | Train Loss: 0.0323320 Vali Loss: 0.0602178 Test Loss: 0.1419967
EarlyStopping counter: 3 out of 100
Updating learning rate to 0.0025
	iters: 100, epoch: 42 | loss: 0.0272312
	speed: 0.1857s/iter; left time: 2830.0628s
	iters: 200, epoch: 42 | loss: 0.0416713
	speed: 0.0999s/iter; left time: 1512.1269s
Epoch: 42 cost time: 25.391167402267456
Epoch: 42, Steps: 260 | Train Loss: 0.0320243 Vali Loss: 0.0636602 Test Loss: 0.1484039
EarlyStopping counter: 4 out of 100
Updating learning rate to 0.0025
	iters: 100, epoch: 43 | loss: 0.0291738
	speed: 0.1846s/iter; left time: 2765.2196s
	iters: 200, epoch: 43 | loss: 0.0207720
	speed: 0.0968s/iter; left time: 1439.9546s
Epoch: 43 cost time: 25.067564010620117
Epoch: 43, Steps: 260 | Train Loss: 0.0313526 Vali Loss: 0.0661965 Test Loss: 0.1662420
EarlyStopping counter: 5 out of 100
Updating learning rate to 0.0025
	iters: 100, epoch: 44 | loss: 0.0234770
	speed: 0.1910s/iter; left time: 2811.7039s
	iters: 200, epoch: 44 | loss: 0.0533121
	speed: 0.0974s/iter; left time: 1423.9069s
Epoch: 44 cost time: 25.56662154197693
Epoch: 44, Steps: 260 | Train Loss: 0.0317997 Vali Loss: 0.0579170 Test Loss: 0.1419508
EarlyStopping counter: 6 out of 100
Updating learning rate to 0.0025
	iters: 100, epoch: 45 | loss: 0.0248483
	speed: 0.1847s/iter; left time: 2670.8291s
	iters: 200, epoch: 45 | loss: 0.0757658
	speed: 0.1007s/iter; left time: 1445.7704s
Epoch: 45 cost time: 25.660841703414917
Epoch: 45, Steps: 260 | Train Loss: 0.0314163 Vali Loss: 0.0721429 Test Loss: 0.1618152
EarlyStopping counter: 7 out of 100
Updating learning rate to 0.0025
	iters: 100, epoch: 46 | loss: 0.0502175
	speed: 0.1930s/iter; left time: 2741.3581s
	iters: 200, epoch: 46 | loss: 0.0144963
	speed: 0.0956s/iter; left time: 1348.2324s
Epoch: 46 cost time: 25.43558096885681
Epoch: 46, Steps: 260 | Train Loss: 0.0310684 Vali Loss: 0.0609957 Test Loss: 0.1451404
EarlyStopping counter: 8 out of 100
Updating learning rate to 0.0025
	iters: 100, epoch: 47 | loss: 0.0217140
	speed: 0.1985s/iter; left time: 2766.9773s
	iters: 200, epoch: 47 | loss: 0.0353356
	speed: 0.0970s/iter; left time: 1342.7029s
Epoch: 47 cost time: 26.0012469291687
Epoch: 47, Steps: 260 | Train Loss: 0.0310649 Vali Loss: 0.0604001 Test Loss: 0.1439930
EarlyStopping counter: 9 out of 100
Updating learning rate to 0.0025
	iters: 100, epoch: 48 | loss: 0.0216738
	speed: 0.1885s/iter; left time: 2578.5107s
	iters: 200, epoch: 48 | loss: 0.0317074
	speed: 0.0998s/iter; left time: 1355.1511s
Epoch: 48 cost time: 26.01916790008545
Epoch: 48, Steps: 260 | Train Loss: 0.0306838 Vali Loss: 0.0606872 Test Loss: 0.1452835
EarlyStopping counter: 10 out of 100
Updating learning rate to 0.0025
	iters: 100, epoch: 49 | loss: 0.0432686
	speed: 0.1923s/iter; left time: 2581.2673s
	iters: 200, epoch: 49 | loss: 0.0264831
	speed: 0.0975s/iter; left time: 1298.5278s
Epoch: 49 cost time: 25.20331382751465
Epoch: 49, Steps: 260 | Train Loss: 0.0315461 Vali Loss: 0.0814330 Test Loss: 0.1852806
EarlyStopping counter: 11 out of 100
Updating learning rate to 0.0025
	iters: 100, epoch: 50 | loss: 0.0501701
	speed: 0.1954s/iter; left time: 2571.6891s
	iters: 200, epoch: 50 | loss: 0.0156886
	speed: 0.0936s/iter; left time: 1222.4536s
Epoch: 50 cost time: 25.550406217575073
Epoch: 50, Steps: 260 | Train Loss: 0.0309462 Vali Loss: 0.0573017 Test Loss: 0.1333262
EarlyStopping counter: 12 out of 100
Updating learning rate to 0.0025
	iters: 100, epoch: 51 | loss: 0.0308386
	speed: 0.1885s/iter; left time: 2432.0665s
	iters: 200, epoch: 51 | loss: 0.0390222
	speed: 0.0972s/iter; left time: 1243.9678s
Epoch: 51 cost time: 26.116714239120483
Epoch: 51, Steps: 260 | Train Loss: 0.0313790 Vali Loss: 0.0532115 Test Loss: 0.1304756
EarlyStopping counter: 13 out of 100
Updating learning rate to 0.0025
	iters: 100, epoch: 52 | loss: 0.0432152
	speed: 0.1986s/iter; left time: 2510.0234s
	iters: 200, epoch: 52 | loss: 0.0233750
	speed: 0.0959s/iter; left time: 1202.2738s
Epoch: 52 cost time: 25.46721124649048
Epoch: 52, Steps: 260 | Train Loss: 0.0297568 Vali Loss: 0.0593018 Test Loss: 0.1401823
EarlyStopping counter: 14 out of 100
Updating learning rate to 0.0025
	iters: 100, epoch: 53 | loss: 0.0433260
	speed: 0.1917s/iter; left time: 2373.9942s
	iters: 200, epoch: 53 | loss: 0.0360111
	speed: 0.0972s/iter; left time: 1194.0464s
Epoch: 53 cost time: 25.6461284160614
Epoch: 53, Steps: 260 | Train Loss: 0.0295078 Vali Loss: 0.0652604 Test Loss: 0.1502521
EarlyStopping counter: 15 out of 100
Updating learning rate to 0.0025
	iters: 100, epoch: 54 | loss: 0.0140019
	speed: 0.1892s/iter; left time: 2293.3726s
	iters: 200, epoch: 54 | loss: 0.0411765
	speed: 0.0956s/iter; left time: 1148.6645s
Epoch: 54 cost time: 25.432127714157104
Epoch: 54, Steps: 260 | Train Loss: 0.0290338 Vali Loss: 0.0722557 Test Loss: 0.1686005
EarlyStopping counter: 16 out of 100
Updating learning rate to 0.0025
	iters: 100, epoch: 55 | loss: 0.0243624
	speed: 0.1928s/iter; left time: 2286.9898s
	iters: 200, epoch: 55 | loss: 0.0288472
	speed: 0.0946s/iter; left time: 1112.1712s
Epoch: 55 cost time: 24.920692682266235
Epoch: 55, Steps: 260 | Train Loss: 0.0310674 Vali Loss: 0.0689320 Test Loss: 0.1690514
EarlyStopping counter: 17 out of 100
Updating learning rate to 0.0025
	iters: 100, epoch: 56 | loss: 0.0337769
	speed: 0.1936s/iter; left time: 2245.7391s
	iters: 200, epoch: 56 | loss: 0.0109478
	speed: 0.1003s/iter; left time: 1153.8418s
Epoch: 56 cost time: 25.762623071670532
Epoch: 56, Steps: 260 | Train Loss: 0.0290763 Vali Loss: 0.0744024 Test Loss: 0.1637705
EarlyStopping counter: 18 out of 100
Updating learning rate to 0.0025
	iters: 100, epoch: 57 | loss: 0.0327819
	speed: 0.1883s/iter; left time: 2135.5764s
	iters: 200, epoch: 57 | loss: 0.0164833
	speed: 0.0984s/iter; left time: 1105.7784s
Epoch: 57 cost time: 25.859246969223022
Epoch: 57, Steps: 260 | Train Loss: 0.0283723 Vali Loss: 0.0813831 Test Loss: 0.1842533
EarlyStopping counter: 19 out of 100
Updating learning rate to 0.0025
	iters: 100, epoch: 58 | loss: 0.0596528
	speed: 0.1917s/iter; left time: 2123.9494s
	iters: 200, epoch: 58 | loss: 0.0285425
	speed: 0.0967s/iter; left time: 1062.2387s
Epoch: 58 cost time: 25.083218097686768
Epoch: 58, Steps: 260 | Train Loss: 0.0289015 Vali Loss: 0.0661304 Test Loss: 0.1472400
EarlyStopping counter: 20 out of 100
Updating learning rate to 0.0025
	iters: 100, epoch: 59 | loss: 0.0256843
	speed: 0.1857s/iter; left time: 2009.8354s
	iters: 200, epoch: 59 | loss: 0.0362857
	speed: 0.1015s/iter; left time: 1088.1983s
Epoch: 59 cost time: 25.565237998962402
Epoch: 59, Steps: 260 | Train Loss: 0.0283290 Vali Loss: 0.0700621 Test Loss: 0.1660583
EarlyStopping counter: 21 out of 100
Updating learning rate to 0.0025
	iters: 100, epoch: 60 | loss: 0.0168026
	speed: 0.1878s/iter; left time: 1983.3044s
	iters: 200, epoch: 60 | loss: 0.0416831
	speed: 0.0963s/iter; left time: 1007.4053s
Epoch: 60 cost time: 25.31246852874756
Epoch: 60, Steps: 260 | Train Loss: 0.0290267 Vali Loss: 0.0542177 Test Loss: 0.1273708
EarlyStopping counter: 22 out of 100
Updating learning rate to 0.0025
	iters: 100, epoch: 61 | loss: 0.0278617
	speed: 0.1960s/iter; left time: 2019.1003s
	iters: 200, epoch: 61 | loss: 0.0228824
	speed: 0.0977s/iter; left time: 996.7722s
Epoch: 61 cost time: 25.556360006332397
Epoch: 61, Steps: 260 | Train Loss: 0.0299382 Vali Loss: 0.0655707 Test Loss: 0.1470288
EarlyStopping counter: 23 out of 100
Updating learning rate to 0.0025
	iters: 100, epoch: 62 | loss: 0.0139309
	speed: 0.1886s/iter; left time: 1893.5395s
	iters: 200, epoch: 62 | loss: 0.0250924
	speed: 0.1005s/iter; left time: 998.6515s
Epoch: 62 cost time: 25.760645151138306
Epoch: 62, Steps: 260 | Train Loss: 0.0278765 Vali Loss: 0.0667120 Test Loss: 0.1536977
EarlyStopping counter: 24 out of 100
Updating learning rate to 0.0025
	iters: 100, epoch: 63 | loss: 0.0321379
	speed: 0.1887s/iter; left time: 1845.5656s
	iters: 200, epoch: 63 | loss: 0.0304811
	speed: 0.0959s/iter; left time: 928.5207s
Epoch: 63 cost time: 25.30383324623108
Epoch: 63, Steps: 260 | Train Loss: 0.0274426 Vali Loss: 0.0660592 Test Loss: 0.1594704
EarlyStopping counter: 25 out of 100
Updating learning rate to 0.0025
	iters: 100, epoch: 64 | loss: 0.0400794
	speed: 0.1963s/iter; left time: 1869.1258s
	iters: 200, epoch: 64 | loss: 0.0186430
	speed: 0.0969s/iter; left time: 912.9507s
Epoch: 64 cost time: 25.87640905380249
Epoch: 64, Steps: 260 | Train Loss: 0.0283267 Vali Loss: 0.0689861 Test Loss: 0.1657833
EarlyStopping counter: 26 out of 100
Updating learning rate to 0.0025
	iters: 100, epoch: 65 | loss: 0.0322979
	speed: 0.1895s/iter; left time: 1754.9097s
	iters: 200, epoch: 65 | loss: 0.0334028
	speed: 0.0975s/iter; left time: 893.0144s
Epoch: 65 cost time: 25.2675302028656
Epoch: 65, Steps: 260 | Train Loss: 0.0301881 Vali Loss: 0.0925665 Test Loss: 0.2217856
EarlyStopping counter: 27 out of 100
Updating learning rate to 0.0025
	iters: 100, epoch: 66 | loss: 0.0337108
	speed: 0.1898s/iter; left time: 1708.4248s
	iters: 200, epoch: 66 | loss: 0.0224000
	speed: 0.0968s/iter; left time: 861.3340s
Epoch: 66 cost time: 25.595090627670288
Epoch: 66, Steps: 260 | Train Loss: 0.0284123 Vali Loss: 0.0809233 Test Loss: 0.1798541
EarlyStopping counter: 28 out of 100
Updating learning rate to 0.0025
	iters: 100, epoch: 67 | loss: 0.0157173
	speed: 0.1929s/iter; left time: 1686.5659s
	iters: 200, epoch: 67 | loss: 0.0448845
	speed: 0.0936s/iter; left time: 808.9187s
Epoch: 67 cost time: 25.53422522544861
Epoch: 67, Steps: 260 | Train Loss: 0.0270243 Vali Loss: 0.0702509 Test Loss: 0.1554812
EarlyStopping counter: 29 out of 100
Updating learning rate to 0.0025
	iters: 100, epoch: 68 | loss: 0.0225998
	speed: 0.1908s/iter; left time: 1617.9013s
	iters: 200, epoch: 68 | loss: 0.0335316
	speed: 0.0973s/iter; left time: 815.6539s
Epoch: 68 cost time: 25.87522792816162
Epoch: 68, Steps: 260 | Train Loss: 0.0275641 Vali Loss: 0.0666399 Test Loss: 0.1426674
EarlyStopping counter: 30 out of 100
Updating learning rate to 0.0025
	iters: 100, epoch: 69 | loss: 0.0227928
	speed: 0.1950s/iter; left time: 1603.3970s
	iters: 200, epoch: 69 | loss: 0.0242234
	speed: 0.0968s/iter; left time: 785.8529s
Epoch: 69 cost time: 25.23876690864563
Epoch: 69, Steps: 260 | Train Loss: 0.0274566 Vali Loss: 0.0658292 Test Loss: 0.1536456
EarlyStopping counter: 31 out of 100
Updating learning rate to 0.0025
	iters: 100, epoch: 70 | loss: 0.0259447
	speed: 0.1951s/iter; left time: 1553.1241s
	iters: 200, epoch: 70 | loss: 0.0181411
	speed: 0.0998s/iter; left time: 784.7725s
Epoch: 70 cost time: 26.087812900543213
Epoch: 70, Steps: 260 | Train Loss: 0.0273706 Vali Loss: 0.0806035 Test Loss: 0.1795465
EarlyStopping counter: 32 out of 100
Updating learning rate to 0.0025
	iters: 100, epoch: 71 | loss: 0.0184748
	speed: 0.1896s/iter; left time: 1459.8382s
	iters: 200, epoch: 71 | loss: 0.0190493
	speed: 0.0964s/iter; left time: 732.6891s
Epoch: 71 cost time: 25.733957290649414
Epoch: 71, Steps: 260 | Train Loss: 0.0270580 Vali Loss: 0.0771928 Test Loss: 0.1792886
EarlyStopping counter: 33 out of 100
Updating learning rate to 0.0025
	iters: 100, epoch: 72 | loss: 0.0129862
	speed: 0.1957s/iter; left time: 1456.1185s
	iters: 200, epoch: 72 | loss: 0.0278182
	speed: 0.0969s/iter; left time: 711.5504s
Epoch: 72 cost time: 25.41653037071228
Epoch: 72, Steps: 260 | Train Loss: 0.0273463 Vali Loss: 0.0819587 Test Loss: 0.1841119
EarlyStopping counter: 34 out of 100
Updating learning rate to 0.0025
	iters: 100, epoch: 73 | loss: 0.0176497
	speed: 0.1927s/iter; left time: 1383.9933s
	iters: 200, epoch: 73 | loss: 0.0089861
	speed: 0.0981s/iter; left time: 694.3501s
Epoch: 73 cost time: 25.85272192955017
Epoch: 73, Steps: 260 | Train Loss: 0.0260749 Vali Loss: 0.0613681 Test Loss: 0.1430966
EarlyStopping counter: 35 out of 100
Updating learning rate to 0.0025
	iters: 100, epoch: 74 | loss: 0.0243899
	speed: 0.1890s/iter; left time: 1307.9697s
	iters: 200, epoch: 74 | loss: 0.0192013
	speed: 0.0979s/iter; left time: 667.5492s
Epoch: 74 cost time: 25.48496651649475
Epoch: 74, Steps: 260 | Train Loss: 0.0282580 Vali Loss: 0.0783684 Test Loss: 0.1715056
EarlyStopping counter: 36 out of 100
Updating learning rate to 0.0025
	iters: 100, epoch: 75 | loss: 0.0237947
	speed: 0.1896s/iter; left time: 1262.9102s
	iters: 200, epoch: 75 | loss: 0.0227256
	speed: 0.0925s/iter; left time: 606.7192s
Epoch: 75 cost time: 24.68897795677185
Epoch: 75, Steps: 260 | Train Loss: 0.0272730 Vali Loss: 0.0600119 Test Loss: 0.1426457
EarlyStopping counter: 37 out of 100
Updating learning rate to 0.0025
	iters: 100, epoch: 76 | loss: 0.0282427
	speed: 0.1899s/iter; left time: 1215.7553s
	iters: 200, epoch: 76 | loss: 0.0076020
	speed: 0.1028s/iter; left time: 647.5359s
Epoch: 76 cost time: 25.968854665756226
Epoch: 76, Steps: 260 | Train Loss: 0.0273167 Vali Loss: 0.0815695 Test Loss: 0.1824281
EarlyStopping counter: 38 out of 100
Updating learning rate to 0.0025
	iters: 100, epoch: 77 | loss: 0.0199213
	speed: 0.1891s/iter; left time: 1161.1418s
	iters: 200, epoch: 77 | loss: 0.0443372
	speed: 0.0978s/iter; left time: 590.7716s
Epoch: 77 cost time: 25.636367321014404
Epoch: 77, Steps: 260 | Train Loss: 0.0267832 Vali Loss: 0.0736444 Test Loss: 0.1706210
EarlyStopping counter: 39 out of 100
Updating learning rate to 0.0025
	iters: 100, epoch: 78 | loss: 0.0148526
	speed: 0.1931s/iter; left time: 1135.8835s
	iters: 200, epoch: 78 | loss: 0.0527915
	speed: 0.0964s/iter; left time: 557.3879s
Epoch: 78 cost time: 25.258411407470703
Epoch: 78, Steps: 260 | Train Loss: 0.0276187 Vali Loss: 0.0863015 Test Loss: 0.1883458
EarlyStopping counter: 40 out of 100
Updating learning rate to 0.0025
	iters: 100, epoch: 79 | loss: 0.0387867
	speed: 0.1899s/iter; left time: 1067.5849s
	iters: 200, epoch: 79 | loss: 0.0181231
	speed: 0.1008s/iter; left time: 556.4637s
Epoch: 79 cost time: 25.681284189224243
Epoch: 79, Steps: 260 | Train Loss: 0.0266975 Vali Loss: 0.0775665 Test Loss: 0.1772820
EarlyStopping counter: 41 out of 100
Updating learning rate to 0.0025
	iters: 100, epoch: 80 | loss: 0.0226908
	speed: 0.1865s/iter; left time: 1000.0749s
	iters: 200, epoch: 80 | loss: 0.0220927
	speed: 0.0953s/iter; left time: 501.1935s
Epoch: 80 cost time: 25.16965413093567
Epoch: 80, Steps: 260 | Train Loss: 0.0270761 Vali Loss: 0.0788580 Test Loss: 0.1851342
EarlyStopping counter: 42 out of 100
Updating learning rate to 0.0025
	iters: 100, epoch: 81 | loss: 0.0252359
	speed: 0.1952s/iter; left time: 995.4990s
	iters: 200, epoch: 81 | loss: 0.0373222
	speed: 0.0966s/iter; left time: 483.1191s
Epoch: 81 cost time: 25.797606229782104
Epoch: 81, Steps: 260 | Train Loss: 0.0273563 Vali Loss: 0.0640344 Test Loss: 0.1456971
EarlyStopping counter: 43 out of 100
Updating learning rate to 0.0025
	iters: 100, epoch: 82 | loss: 0.0225123
	speed: 0.1903s/iter; left time: 921.2383s
	iters: 200, epoch: 82 | loss: 0.0337615
	speed: 0.0982s/iter; left time: 465.6649s
Epoch: 82 cost time: 25.697386026382446
Epoch: 82, Steps: 260 | Train Loss: 0.0261317 Vali Loss: 0.0925318 Test Loss: 0.2108032
EarlyStopping counter: 44 out of 100
Updating learning rate to 0.0025
	iters: 100, epoch: 83 | loss: 0.0141232
	speed: 0.1936s/iter; left time: 886.9590s
	iters: 200, epoch: 83 | loss: 0.0324319
	speed: 0.0953s/iter; left time: 427.0448s
Epoch: 83 cost time: 25.430135250091553
Epoch: 83, Steps: 260 | Train Loss: 0.0264976 Vali Loss: 0.0804801 Test Loss: 0.1739117
EarlyStopping counter: 45 out of 100
Updating learning rate to 0.0025
	iters: 100, epoch: 84 | loss: 0.0397025
	speed: 0.1953s/iter; left time: 843.8836s
	iters: 200, epoch: 84 | loss: 0.0199030
	speed: 0.0935s/iter; left time: 394.6606s
Epoch: 84 cost time: 25.67846941947937
Epoch: 84, Steps: 260 | Train Loss: 0.0261835 Vali Loss: 0.0722891 Test Loss: 0.1595470
EarlyStopping counter: 46 out of 100
Updating learning rate to 0.0025
	iters: 100, epoch: 85 | loss: 0.0367252
	speed: 0.1906s/iter; left time: 774.1743s
	iters: 200, epoch: 85 | loss: 0.0121044
	speed: 0.0944s/iter; left time: 373.9925s
Epoch: 85 cost time: 25.78512930870056
Epoch: 85, Steps: 260 | Train Loss: 0.0262715 Vali Loss: 0.0678868 Test Loss: 0.1572542
EarlyStopping counter: 47 out of 100
Updating learning rate to 0.0025
	iters: 100, epoch: 86 | loss: 0.0234111
	speed: 0.1919s/iter; left time: 729.4843s
	iters: 200, epoch: 86 | loss: 0.0326251
	speed: 0.0967s/iter; left time: 357.7308s
Epoch: 86 cost time: 25.001749515533447
Epoch: 86, Steps: 260 | Train Loss: 0.0257430 Vali Loss: 0.0788177 Test Loss: 0.1707175
EarlyStopping counter: 48 out of 100
Updating learning rate to 0.0025
	iters: 100, epoch: 87 | loss: 0.0232165
	speed: 0.1946s/iter; left time: 688.9150s
	iters: 200, epoch: 87 | loss: 0.0246895
	speed: 0.0977s/iter; left time: 336.1505s
Epoch: 87 cost time: 26.109390020370483
Epoch: 87, Steps: 260 | Train Loss: 0.0257405 Vali Loss: 0.0670709 Test Loss: 0.1581761
EarlyStopping counter: 49 out of 100
Updating learning rate to 0.0025
	iters: 100, epoch: 88 | loss: 0.0587656
	speed: 0.1924s/iter; left time: 631.2571s
	iters: 200, epoch: 88 | loss: 0.0314355
	speed: 0.0952s/iter; left time: 302.9222s
Epoch: 88 cost time: 25.611417531967163
Epoch: 88, Steps: 260 | Train Loss: 0.0260551 Vali Loss: 0.0672426 Test Loss: 0.1511476
EarlyStopping counter: 50 out of 100
Updating learning rate to 0.0025
	iters: 100, epoch: 89 | loss: 0.0349905
	speed: 0.1941s/iter; left time: 586.3413s
	iters: 200, epoch: 89 | loss: 0.0423160
	speed: 0.0966s/iter; left time: 282.2524s
Epoch: 89 cost time: 25.39046573638916
Epoch: 89, Steps: 260 | Train Loss: 0.0262813 Vali Loss: 0.0742045 Test Loss: 0.1647810
EarlyStopping counter: 51 out of 100
Updating learning rate to 0.0025
	iters: 100, epoch: 90 | loss: 0.0578102
	speed: 0.1894s/iter; left time: 522.8957s
	iters: 200, epoch: 90 | loss: 0.0281802
	speed: 0.0985s/iter; left time: 262.0548s
Epoch: 90 cost time: 25.568865299224854
Epoch: 90, Steps: 260 | Train Loss: 0.0254161 Vali Loss: 0.0699459 Test Loss: 0.1574496
EarlyStopping counter: 52 out of 100
Updating learning rate to 0.0025
	iters: 100, epoch: 91 | loss: 0.0234922
	speed: 0.1903s/iter; left time: 475.9037s
	iters: 200, epoch: 91 | loss: 0.0303994
	speed: 0.0972s/iter; left time: 233.3449s
Epoch: 91 cost time: 25.43195867538452
Epoch: 91, Steps: 260 | Train Loss: 0.0260982 Vali Loss: 0.0674313 Test Loss: 0.1543138
EarlyStopping counter: 53 out of 100
Updating learning rate to 0.0025
	iters: 100, epoch: 92 | loss: 0.0300361
	speed: 0.1918s/iter; left time: 429.7215s
	iters: 200, epoch: 92 | loss: 0.0318376
	speed: 0.0969s/iter; left time: 207.4886s
Epoch: 92 cost time: 25.23131775856018
Epoch: 92, Steps: 260 | Train Loss: 0.0257988 Vali Loss: 0.0759348 Test Loss: 0.1747550
EarlyStopping counter: 54 out of 100
Updating learning rate to 0.0025
	iters: 100, epoch: 93 | loss: 0.0167948
	speed: 0.1877s/iter; left time: 371.8869s
	iters: 200, epoch: 93 | loss: 0.0104010
	speed: 0.0994s/iter; left time: 186.9144s
Epoch: 93 cost time: 25.465452909469604
Epoch: 93, Steps: 260 | Train Loss: 0.0252724 Vali Loss: 0.0687944 Test Loss: 0.1574343
EarlyStopping counter: 55 out of 100
Updating learning rate to 0.0025
	iters: 100, epoch: 94 | loss: 0.0241085
	speed: 0.1899s/iter; left time: 326.8791s
	iters: 200, epoch: 94 | loss: 0.0165574
	speed: 0.0970s/iter; left time: 157.2326s
Epoch: 94 cost time: 25.26511549949646
Epoch: 94, Steps: 260 | Train Loss: 0.0247404 Vali Loss: 0.0741081 Test Loss: 0.1631083
EarlyStopping counter: 56 out of 100
Updating learning rate to 0.0025
	iters: 100, epoch: 95 | loss: 0.0319611
	speed: 0.1941s/iter; left time: 283.5293s
	iters: 200, epoch: 95 | loss: 0.0259851
	speed: 0.0966s/iter; left time: 131.5391s
Epoch: 95 cost time: 25.644176483154297
Epoch: 95, Steps: 260 | Train Loss: 0.0254278 Vali Loss: 0.0790739 Test Loss: 0.1790707
EarlyStopping counter: 57 out of 100
Updating learning rate to 0.0025
	iters: 100, epoch: 96 | loss: 0.0209036
	speed: 0.1899s/iter; left time: 228.0659s
	iters: 200, epoch: 96 | loss: 0.0153941
	speed: 0.1025s/iter; left time: 112.8408s
Epoch: 96 cost time: 25.961652755737305
Epoch: 96, Steps: 260 | Train Loss: 0.0256292 Vali Loss: 0.0782972 Test Loss: 0.1712654
EarlyStopping counter: 58 out of 100
Updating learning rate to 0.0025
	iters: 100, epoch: 97 | loss: 0.0110531
	speed: 0.1917s/iter; left time: 180.3558s
	iters: 200, epoch: 97 | loss: 0.0220786
	speed: 0.0953s/iter; left time: 80.1813s
Epoch: 97 cost time: 25.376968145370483
Epoch: 97, Steps: 260 | Train Loss: 0.0259174 Vali Loss: 0.0656224 Test Loss: 0.1503883
EarlyStopping counter: 59 out of 100
Updating learning rate to 0.0025
	iters: 100, epoch: 98 | loss: 0.0215936
	speed: 0.1955s/iter; left time: 133.1191s
	iters: 200, epoch: 98 | loss: 0.0221563
	speed: 0.0952s/iter; left time: 55.2948s
Epoch: 98 cost time: 25.70798397064209
Epoch: 98, Steps: 260 | Train Loss: 0.0265353 Vali Loss: 0.0589738 Test Loss: 0.1325187
EarlyStopping counter: 60 out of 100
Updating learning rate to 0.0025
	iters: 100, epoch: 99 | loss: 0.0213065
	speed: 0.1897s/iter; left time: 79.8528s
	iters: 200, epoch: 99 | loss: 0.0243265
	speed: 0.1011s/iter; left time: 32.4482s
Epoch: 99 cost time: 26.35926651954651
Epoch: 99, Steps: 260 | Train Loss: 0.0251816 Vali Loss: 0.0764800 Test Loss: 0.1722351
EarlyStopping counter: 61 out of 100
Updating learning rate to 0.0025
	iters: 100, epoch: 100 | loss: 0.0337148
	speed: 0.1960s/iter; left time: 31.5536s
	iters: 200, epoch: 100 | loss: 0.0165218
	speed: 0.0970s/iter; left time: 5.9176s
Epoch: 100 cost time: 25.69145369529724
Epoch: 100, Steps: 260 | Train Loss: 0.0247518 Vali Loss: 0.0786401 Test Loss: 0.1784841
EarlyStopping counter: 62 out of 100
Updating learning rate to 0.0025
>>>>>>>testing : 60_5_PatchTST_custom_ftM_sl60_ll48_pl5_dm16_nh4_el3_dl1_df128_fc1_ebtimeF_dtTrue_Exp_0<<<<<<<<<<<<<<<<<<<<<<<<<<<<<<<<<
test 1203
mse:0.1150960698723793, mae:0.18082399666309357, rse:0.09040538966655731
