Args in experiment:
Namespace(random_seed=2024, is_training=1, model_id='60_10', model='PatchTST', data='custom', root_path='./dataset/', data_path='sym_lv8.csv', features='M', target='Target', freq='h', checkpoints='./checkpoints/', seq_len=60, label_len=48, pred_len=10, fc_dropout=0.2, head_dropout=0.0, patch_len=5, stride=2, padding_patch='end', revin=1, affine=0, subtract_last=0, decomposition=0, kernel_size=25, individual=0, embed_type=0, enc_in=11, dec_in=7, c_out=7, d_model=16, n_heads=4, e_layers=3, d_layers=1, d_ff=128, moving_avg=25, factor=1, distil=True, dropout=0.2, embed='timeF', activation='gelu', output_attention=False, do_predict=False, num_workers=10, itr=1, train_epochs=100, batch_size=16, patience=100, learning_rate=0.0025, des='Exp', loss='mse', lradj='constant', pct_start=0.3, use_amp=False, use_gpu=False, gpu=0, use_multi_gpu=False, devices='0,1,2,3', test_flop=False)
Use CPU
>>>>>>>start training : 60_10_PatchTST_custom_ftM_sl60_ll48_pl10_dm16_nh4_el3_dl1_df128_fc1_ebtimeF_dtTrue_Exp_0>>>>>>>>>>>>>>>>>>>>>>>>>>
train 4156
val 596
test 1198
	iters: 100, epoch: 1 | loss: 0.1534510
	speed: 0.2658s/iter; left time: 6857.4335s
	iters: 200, epoch: 1 | loss: 0.0363650
	speed: 0.2364s/iter; left time: 6075.0615s
Epoch: 1 cost time: 64.36440563201904
Epoch: 1, Steps: 259 | Train Loss: 0.1060053 Vali Loss: 0.0209754 Test Loss: 0.0697073
Validation loss decreased (inf --> 0.020975).  Saving model ...
Updating learning rate to 0.0025
	iters: 100, epoch: 2 | loss: 0.0197972
	speed: 0.4856s/iter; left time: 12402.3510s
	iters: 200, epoch: 2 | loss: 0.0315163
	speed: 0.2237s/iter; left time: 5690.3047s
Epoch: 2 cost time: 65.51009321212769
Epoch: 2, Steps: 259 | Train Loss: 0.0243542 Vali Loss: 0.0116859 Test Loss: 0.0416208
Validation loss decreased (0.020975 --> 0.011686).  Saving model ...
Updating learning rate to 0.0025
	iters: 100, epoch: 3 | loss: 0.0103289
	speed: 0.4518s/iter; left time: 11423.4087s
	iters: 200, epoch: 3 | loss: 0.0140085
	speed: 0.2867s/iter; left time: 7218.9035s
Epoch: 3 cost time: 68.14456844329834
Epoch: 3, Steps: 259 | Train Loss: 0.0196151 Vali Loss: 0.0105534 Test Loss: 0.0385314
Validation loss decreased (0.011686 --> 0.010553).  Saving model ...
Updating learning rate to 0.0025
	iters: 100, epoch: 4 | loss: 0.0148993
	speed: 0.4909s/iter; left time: 12285.3991s
	iters: 200, epoch: 4 | loss: 0.0666824
	speed: 0.3205s/iter; left time: 7988.6972s
Epoch: 4 cost time: 71.97425627708435
Epoch: 4, Steps: 259 | Train Loss: 0.0181217 Vali Loss: 0.0105371 Test Loss: 0.0370177
Validation loss decreased (0.010553 --> 0.010537).  Saving model ...
Updating learning rate to 0.0025
	iters: 100, epoch: 5 | loss: 0.0355281
	speed: 0.4556s/iter; left time: 11283.9813s
	iters: 200, epoch: 5 | loss: 0.0070710
	speed: 0.2906s/iter; left time: 7167.7004s
Epoch: 5 cost time: 72.63078165054321
Epoch: 5, Steps: 259 | Train Loss: 0.0174747 Vali Loss: 0.0112677 Test Loss: 0.0402794
EarlyStopping counter: 1 out of 100
Updating learning rate to 0.0025
	iters: 100, epoch: 6 | loss: 0.0096162
	speed: 0.5019s/iter; left time: 12300.2811s
	iters: 200, epoch: 6 | loss: 0.0060501
	speed: 0.2614s/iter; left time: 6378.5106s
Epoch: 6 cost time: 70.41434741020203
Epoch: 6, Steps: 259 | Train Loss: 0.0173031 Vali Loss: 0.0103877 Test Loss: 0.0371995
Validation loss decreased (0.010537 --> 0.010388).  Saving model ...
Updating learning rate to 0.0025
	iters: 100, epoch: 7 | loss: 0.0097946
	speed: 0.5834s/iter; left time: 14146.5725s
	iters: 200, epoch: 7 | loss: 0.0182331
	speed: 0.3295s/iter; left time: 7956.1118s
Epoch: 7 cost time: 82.81291937828064
Epoch: 7, Steps: 259 | Train Loss: 0.0156164 Vali Loss: 0.0110309 Test Loss: 0.0416410
EarlyStopping counter: 1 out of 100
Updating learning rate to 0.0025
	iters: 100, epoch: 8 | loss: 0.0085521
	speed: 0.5900s/iter; left time: 14153.1105s
	iters: 200, epoch: 8 | loss: 0.0132642
	speed: 0.2474s/iter; left time: 5909.3984s
Epoch: 8 cost time: 72.73323512077332
Epoch: 8, Steps: 259 | Train Loss: 0.0161464 Vali Loss: 0.0097263 Test Loss: 0.0384222
Validation loss decreased (0.010388 --> 0.009726).  Saving model ...
Updating learning rate to 0.0025
	iters: 100, epoch: 9 | loss: 0.0058530
	speed: 0.5309s/iter; left time: 12596.7973s
	iters: 200, epoch: 9 | loss: 0.0045060
	speed: 0.2607s/iter; left time: 6160.6069s
Epoch: 9 cost time: 75.73785710334778
Epoch: 9, Steps: 259 | Train Loss: 0.0144331 Vali Loss: 0.0099127 Test Loss: 0.0383651
EarlyStopping counter: 1 out of 100
Updating learning rate to 0.0025
	iters: 100, epoch: 10 | loss: 0.0194436
	speed: 0.5096s/iter; left time: 11960.0522s
	iters: 200, epoch: 10 | loss: 0.0102426
	speed: 0.1701s/iter; left time: 3974.7082s
Epoch: 10 cost time: 53.46742606163025
Epoch: 10, Steps: 259 | Train Loss: 0.0135371 Vali Loss: 0.0092693 Test Loss: 0.0346296
Validation loss decreased (0.009726 --> 0.009269).  Saving model ...
Updating learning rate to 0.0025
	iters: 100, epoch: 11 | loss: 0.0096832
	speed: 0.4351s/iter; left time: 10099.6036s
	iters: 200, epoch: 11 | loss: 0.0136634
	speed: 0.2796s/iter; left time: 6462.8686s
Epoch: 11 cost time: 67.08478784561157
Epoch: 11, Steps: 259 | Train Loss: 0.0133666 Vali Loss: 0.0080968 Test Loss: 0.0367277
Validation loss decreased (0.009269 --> 0.008097).  Saving model ...
Updating learning rate to 0.0025
	iters: 100, epoch: 12 | loss: 0.0071725
	speed: 0.4552s/iter; left time: 10447.0625s
	iters: 200, epoch: 12 | loss: 0.0106183
	speed: 0.2651s/iter; left time: 6057.3063s
Epoch: 12 cost time: 67.49476408958435
Epoch: 12, Steps: 259 | Train Loss: 0.0133618 Vali Loss: 0.0093881 Test Loss: 0.0370348
EarlyStopping counter: 1 out of 100
Updating learning rate to 0.0025
	iters: 100, epoch: 13 | loss: 0.0100099
	speed: 0.4739s/iter; left time: 10753.5895s
	iters: 200, epoch: 13 | loss: 0.0224246
	speed: 0.2873s/iter; left time: 6490.4985s
Epoch: 13 cost time: 73.12830138206482
Epoch: 13, Steps: 259 | Train Loss: 0.0123251 Vali Loss: 0.0092545 Test Loss: 0.0350424
EarlyStopping counter: 2 out of 100
Updating learning rate to 0.0025
	iters: 100, epoch: 14 | loss: 0.0077984
	speed: 0.5553s/iter; left time: 12457.1804s
	iters: 200, epoch: 14 | loss: 0.0070839
	speed: 0.2377s/iter; left time: 5308.4887s
Epoch: 14 cost time: 70.175448179245
Epoch: 14, Steps: 259 | Train Loss: 0.0120395 Vali Loss: 0.0087091 Test Loss: 0.0382316
EarlyStopping counter: 3 out of 100
Updating learning rate to 0.0025
	iters: 100, epoch: 15 | loss: 0.0177296
	speed: 0.4541s/iter; left time: 10069.7122s
	iters: 200, epoch: 15 | loss: 0.0145146
	speed: 0.2999s/iter; left time: 6620.1997s
Epoch: 15 cost time: 70.67060017585754
Epoch: 15, Steps: 259 | Train Loss: 0.0121720 Vali Loss: 0.0084245 Test Loss: 0.0354047
EarlyStopping counter: 4 out of 100
Updating learning rate to 0.0025
	iters: 100, epoch: 16 | loss: 0.0082169
	speed: 0.5394s/iter; left time: 11821.3566s
	iters: 200, epoch: 16 | loss: 0.0046209
	speed: 0.2818s/iter; left time: 6147.1684s
Epoch: 16 cost time: 72.5414969921112
Epoch: 16, Steps: 259 | Train Loss: 0.0110467 Vali Loss: 0.0084359 Test Loss: 0.0469714
EarlyStopping counter: 5 out of 100
Updating learning rate to 0.0025
	iters: 100, epoch: 17 | loss: 0.0068514
	speed: 0.4785s/iter; left time: 10362.8532s
	iters: 200, epoch: 17 | loss: 0.0175235
	speed: 0.2735s/iter; left time: 5895.3404s
Epoch: 17 cost time: 70.21899151802063
Epoch: 17, Steps: 259 | Train Loss: 0.0114830 Vali Loss: 0.0088474 Test Loss: 0.0367226
EarlyStopping counter: 6 out of 100
Updating learning rate to 0.0025
	iters: 100, epoch: 18 | loss: 0.0102791
	speed: 0.4777s/iter; left time: 10221.8621s
	iters: 200, epoch: 18 | loss: 0.0155957
	speed: 0.3083s/iter; left time: 6566.7838s
Epoch: 18 cost time: 70.25387382507324
Epoch: 18, Steps: 259 | Train Loss: 0.0104319 Vali Loss: 0.0078654 Test Loss: 0.0367166
Validation loss decreased (0.008097 --> 0.007865).  Saving model ...
Updating learning rate to 0.0025
	iters: 100, epoch: 19 | loss: 0.0127008
	speed: 0.3932s/iter; left time: 8311.6228s
	iters: 200, epoch: 19 | loss: 0.0066431
	speed: 0.2487s/iter; left time: 5232.3677s
Epoch: 19 cost time: 65.14154934883118
Epoch: 19, Steps: 259 | Train Loss: 0.0111011 Vali Loss: 0.0073288 Test Loss: 0.0337840
Validation loss decreased (0.007865 --> 0.007329).  Saving model ...
Updating learning rate to 0.0025
	iters: 100, epoch: 20 | loss: 0.0068804
	speed: 0.4868s/iter; left time: 10163.5769s
	iters: 200, epoch: 20 | loss: 0.0034077
	speed: 0.2452s/iter; left time: 5095.0354s
Epoch: 20 cost time: 63.42851209640503
Epoch: 20, Steps: 259 | Train Loss: 0.0104652 Vali Loss: 0.0081036 Test Loss: 0.0351761
EarlyStopping counter: 1 out of 100
Updating learning rate to 0.0025
	iters: 100, epoch: 21 | loss: 0.0153216
	speed: 0.5426s/iter; left time: 11189.9021s
	iters: 200, epoch: 21 | loss: 0.0083170
	speed: 0.2586s/iter; left time: 5307.5622s
Epoch: 21 cost time: 70.09718894958496
Epoch: 21, Steps: 259 | Train Loss: 0.0101959 Vali Loss: 0.0087582 Test Loss: 0.0359521
EarlyStopping counter: 2 out of 100
Updating learning rate to 0.0025
	iters: 100, epoch: 22 | loss: 0.0067331
	speed: 0.5299s/iter; left time: 10789.1387s
	iters: 200, epoch: 22 | loss: 0.0092897
	speed: 0.3544s/iter; left time: 7180.4132s
Epoch: 22 cost time: 82.38743710517883
Epoch: 22, Steps: 259 | Train Loss: 0.0098355 Vali Loss: 0.0082238 Test Loss: 0.0370309
EarlyStopping counter: 3 out of 100
Updating learning rate to 0.0025
	iters: 100, epoch: 23 | loss: 0.0064457
	speed: 0.4916s/iter; left time: 9883.2343s
	iters: 200, epoch: 23 | loss: 0.0102977
	speed: 0.2834s/iter; left time: 5668.7791s
Epoch: 23 cost time: 72.67404866218567
Epoch: 23, Steps: 259 | Train Loss: 0.0101489 Vali Loss: 0.0074663 Test Loss: 0.0314205
EarlyStopping counter: 4 out of 100
Updating learning rate to 0.0025
	iters: 100, epoch: 24 | loss: 0.0072991
	speed: 0.5235s/iter; left time: 10389.1487s
	iters: 200, epoch: 24 | loss: 0.0064735
	speed: 0.3063s/iter; left time: 6047.1832s
Epoch: 24 cost time: 79.25981664657593
Epoch: 24, Steps: 259 | Train Loss: 0.0096564 Vali Loss: 0.0072935 Test Loss: 0.0373486
Validation loss decreased (0.007329 --> 0.007293).  Saving model ...
Updating learning rate to 0.0025
	iters: 100, epoch: 25 | loss: 0.0041198
	speed: 0.5555s/iter; left time: 10879.0997s
	iters: 200, epoch: 25 | loss: 0.0068897
	speed: 0.2461s/iter; left time: 4794.7063s
Epoch: 25 cost time: 70.22367143630981
Epoch: 25, Steps: 259 | Train Loss: 0.0091961 Vali Loss: 0.0069315 Test Loss: 0.0331331
Validation loss decreased (0.007293 --> 0.006931).  Saving model ...
Updating learning rate to 0.0025
	iters: 100, epoch: 26 | loss: 0.0055126
	speed: 0.4907s/iter; left time: 9482.4237s
	iters: 200, epoch: 26 | loss: 0.0074288
	speed: 0.2740s/iter; left time: 5267.4411s
Epoch: 26 cost time: 70.28230261802673
Epoch: 26, Steps: 259 | Train Loss: 0.0093491 Vali Loss: 0.0069066 Test Loss: 0.0352571
Validation loss decreased (0.006931 --> 0.006907).  Saving model ...
Updating learning rate to 0.0025
	iters: 100, epoch: 27 | loss: 0.0044920
	speed: 0.4694s/iter; left time: 8950.7475s
	iters: 200, epoch: 27 | loss: 0.0066213
	speed: 0.2585s/iter; left time: 4903.1006s
Epoch: 27 cost time: 63.465237617492676
Epoch: 27, Steps: 259 | Train Loss: 0.0088071 Vali Loss: 0.0071991 Test Loss: 0.0370879
EarlyStopping counter: 1 out of 100
Updating learning rate to 0.0025
	iters: 100, epoch: 28 | loss: 0.0105067
	speed: 0.4133s/iter; left time: 7773.4041s
	iters: 200, epoch: 28 | loss: 0.0265653
	speed: 0.3043s/iter; left time: 5692.1380s
Epoch: 28 cost time: 70.46043539047241
Epoch: 28, Steps: 259 | Train Loss: 0.0097028 Vali Loss: 0.0071997 Test Loss: 0.0334225
EarlyStopping counter: 2 out of 100
Updating learning rate to 0.0025
	iters: 100, epoch: 29 | loss: 0.0062712
	speed: 0.4979s/iter; left time: 9235.4399s
	iters: 200, epoch: 29 | loss: 0.0035823
	speed: 0.2589s/iter; left time: 4775.8003s
Epoch: 29 cost time: 71.26943445205688
Epoch: 29, Steps: 259 | Train Loss: 0.0090058 Vali Loss: 0.0069099 Test Loss: 0.0337912
EarlyStopping counter: 3 out of 100
Updating learning rate to 0.0025
	iters: 100, epoch: 30 | loss: 0.0086561
	speed: 0.5292s/iter; left time: 9678.2227s
	iters: 200, epoch: 30 | loss: 0.0116275
	speed: 0.2651s/iter; left time: 4822.5764s
Epoch: 30 cost time: 71.3204414844513
Epoch: 30, Steps: 259 | Train Loss: 0.0084571 Vali Loss: 0.0076845 Test Loss: 0.0446666
EarlyStopping counter: 4 out of 100
Updating learning rate to 0.0025
	iters: 100, epoch: 31 | loss: 0.0120771
	speed: 0.4685s/iter; left time: 8446.7593s
	iters: 200, epoch: 31 | loss: 0.0038700
	speed: 0.2847s/iter; left time: 5105.0791s
Epoch: 31 cost time: 66.69108891487122
Epoch: 31, Steps: 259 | Train Loss: 0.0087565 Vali Loss: 0.0068913 Test Loss: 0.0341427
Validation loss decreased (0.006907 --> 0.006891).  Saving model ...
Updating learning rate to 0.0025
	iters: 100, epoch: 32 | loss: 0.0121438
	speed: 0.4930s/iter; left time: 8761.0576s
	iters: 200, epoch: 32 | loss: 0.0045369
	speed: 0.2599s/iter; left time: 4592.0692s
Epoch: 32 cost time: 73.7324366569519
Epoch: 32, Steps: 259 | Train Loss: 0.0086031 Vali Loss: 0.0086181 Test Loss: 0.0387469
EarlyStopping counter: 1 out of 100
Updating learning rate to 0.0025
	iters: 100, epoch: 33 | loss: 0.0094793
	speed: 0.5461s/iter; left time: 9564.6785s
	iters: 200, epoch: 33 | loss: 0.0168312
	speed: 0.3023s/iter; left time: 5263.6402s
Epoch: 33 cost time: 71.78374433517456
Epoch: 33, Steps: 259 | Train Loss: 0.0086960 Vali Loss: 0.0079145 Test Loss: 0.0365718
EarlyStopping counter: 2 out of 100
Updating learning rate to 0.0025
	iters: 100, epoch: 34 | loss: 0.0058315
	speed: 0.5265s/iter; left time: 9083.9419s
	iters: 200, epoch: 34 | loss: 0.0052664
	speed: 0.2676s/iter; left time: 4590.7219s
Epoch: 34 cost time: 73.78042531013489
Epoch: 34, Steps: 259 | Train Loss: 0.0086477 Vali Loss: 0.0075678 Test Loss: 0.0367903
EarlyStopping counter: 3 out of 100
Updating learning rate to 0.0025
	iters: 100, epoch: 35 | loss: 0.0106441
	speed: 0.4090s/iter; left time: 6951.7710s
	iters: 200, epoch: 35 | loss: 0.0037823
	speed: 0.2803s/iter; left time: 4735.2202s
Epoch: 35 cost time: 63.92927670478821
Epoch: 35, Steps: 259 | Train Loss: 0.0085348 Vali Loss: 0.0079241 Test Loss: 0.0336478
EarlyStopping counter: 4 out of 100
Updating learning rate to 0.0025
	iters: 100, epoch: 36 | loss: 0.0233953
	speed: 0.5242s/iter; left time: 8772.3492s
	iters: 200, epoch: 36 | loss: 0.0038426
	speed: 0.3365s/iter; left time: 5597.1982s
Epoch: 36 cost time: 76.52209520339966
Epoch: 36, Steps: 259 | Train Loss: 0.0081771 Vali Loss: 0.0071341 Test Loss: 0.0356530
EarlyStopping counter: 5 out of 100
Updating learning rate to 0.0025
	iters: 100, epoch: 37 | loss: 0.0186740
	speed: 0.5048s/iter; left time: 8316.8145s
	iters: 200, epoch: 37 | loss: 0.0078913
	speed: 0.2962s/iter; left time: 4851.6449s
Epoch: 37 cost time: 79.48153567314148
Epoch: 37, Steps: 259 | Train Loss: 0.0081631 Vali Loss: 0.0069603 Test Loss: 0.0346999
EarlyStopping counter: 6 out of 100
Updating learning rate to 0.0025
	iters: 100, epoch: 38 | loss: 0.0102941
	speed: 0.5909s/iter; left time: 9583.8036s
	iters: 200, epoch: 38 | loss: 0.0043425
	speed: 0.2709s/iter; left time: 4365.6827s
Epoch: 38 cost time: 75.855459690094
Epoch: 38, Steps: 259 | Train Loss: 0.0082388 Vali Loss: 0.0085805 Test Loss: 0.0371245
EarlyStopping counter: 7 out of 100
Updating learning rate to 0.0025
	iters: 100, epoch: 39 | loss: 0.0047783
	speed: 0.4818s/iter; left time: 7689.0168s
	iters: 200, epoch: 39 | loss: 0.0116901
	speed: 0.2984s/iter; left time: 4732.6969s
Epoch: 39 cost time: 72.16353607177734
Epoch: 39, Steps: 259 | Train Loss: 0.0086182 Vali Loss: 0.0096874 Test Loss: 0.0567914
EarlyStopping counter: 8 out of 100
Updating learning rate to 0.0025
	iters: 100, epoch: 40 | loss: 0.0061446
	speed: 0.5261s/iter; left time: 8260.1543s
	iters: 200, epoch: 40 | loss: 0.0069253
	speed: 0.2760s/iter; left time: 4305.7094s
Epoch: 40 cost time: 74.20509815216064
Epoch: 40, Steps: 259 | Train Loss: 0.0081738 Vali Loss: 0.0085119 Test Loss: 0.0392573
EarlyStopping counter: 9 out of 100
Updating learning rate to 0.0025
	iters: 100, epoch: 41 | loss: 0.0055680
	speed: 0.4830s/iter; left time: 7458.7373s
	iters: 200, epoch: 41 | loss: 0.0156672
	speed: 0.2877s/iter; left time: 4414.3433s
Epoch: 41 cost time: 71.18480205535889
Epoch: 41, Steps: 259 | Train Loss: 0.0080477 Vali Loss: 0.0072102 Test Loss: 0.0339515
EarlyStopping counter: 10 out of 100
Updating learning rate to 0.0025
	iters: 100, epoch: 42 | loss: 0.0062379
	speed: 0.5144s/iter; left time: 7809.6937s
	iters: 200, epoch: 42 | loss: 0.0058006
	speed: 0.3016s/iter; left time: 4548.3896s
Epoch: 42 cost time: 76.31447052955627
Epoch: 42, Steps: 259 | Train Loss: 0.0081753 Vali Loss: 0.0073896 Test Loss: 0.0343973
EarlyStopping counter: 11 out of 100
Updating learning rate to 0.0025
	iters: 100, epoch: 43 | loss: 0.0053636
	speed: 0.5005s/iter; left time: 7468.3358s
	iters: 200, epoch: 43 | loss: 0.0071525
	speed: 0.3717s/iter; left time: 5509.3586s
Epoch: 43 cost time: 85.44397473335266
Epoch: 43, Steps: 259 | Train Loss: 0.0082321 Vali Loss: 0.0070627 Test Loss: 0.0330934
EarlyStopping counter: 12 out of 100
Updating learning rate to 0.0025
	iters: 100, epoch: 44 | loss: 0.0079976
	speed: 0.5790s/iter; left time: 8490.2630s
	iters: 200, epoch: 44 | loss: 0.0054784
	speed: 0.2604s/iter; left time: 3792.2448s
Epoch: 44 cost time: 71.80267977714539
Epoch: 44, Steps: 259 | Train Loss: 0.0081516 Vali Loss: 0.0078670 Test Loss: 0.0363243
EarlyStopping counter: 13 out of 100
Updating learning rate to 0.0025
	iters: 100, epoch: 45 | loss: 0.0042713
	speed: 0.4675s/iter; left time: 6734.1690s
	iters: 200, epoch: 45 | loss: 0.0131582
	speed: 0.3040s/iter; left time: 4348.5454s
Epoch: 45 cost time: 75.11496877670288
Epoch: 45, Steps: 259 | Train Loss: 0.0081251 Vali Loss: 0.0071772 Test Loss: 0.0337460
EarlyStopping counter: 14 out of 100
Updating learning rate to 0.0025
	iters: 100, epoch: 46 | loss: 0.0237279
	speed: 0.4747s/iter; left time: 6714.8564s
	iters: 200, epoch: 46 | loss: 0.0122029
	speed: 0.2613s/iter; left time: 3670.7512s
Epoch: 46 cost time: 67.95101428031921
Epoch: 46, Steps: 259 | Train Loss: 0.0078063 Vali Loss: 0.0074963 Test Loss: 0.0369184
EarlyStopping counter: 15 out of 100
Updating learning rate to 0.0025
	iters: 100, epoch: 47 | loss: 0.0151329
	speed: 0.5095s/iter; left time: 7074.7470s
	iters: 200, epoch: 47 | loss: 0.0060393
	speed: 0.3108s/iter; left time: 4284.6932s
Epoch: 47 cost time: 75.74324345588684
Epoch: 47, Steps: 259 | Train Loss: 0.0080119 Vali Loss: 0.0079033 Test Loss: 0.0401593
EarlyStopping counter: 16 out of 100
Updating learning rate to 0.0025
	iters: 100, epoch: 48 | loss: 0.0116900
	speed: 0.5249s/iter; left time: 7153.1044s
	iters: 200, epoch: 48 | loss: 0.0087732
	speed: 0.2632s/iter; left time: 3560.2976s
Epoch: 48 cost time: 70.77109026908875
Epoch: 48, Steps: 259 | Train Loss: 0.0107934 Vali Loss: 0.0081813 Test Loss: 0.0434178
EarlyStopping counter: 17 out of 100
Updating learning rate to 0.0025
	iters: 100, epoch: 49 | loss: 0.0076903
	speed: 0.5199s/iter; left time: 6950.6392s
	iters: 200, epoch: 49 | loss: 0.0239577
	speed: 0.3017s/iter; left time: 4003.7328s
Epoch: 49 cost time: 72.07977890968323
Epoch: 49, Steps: 259 | Train Loss: 0.0086567 Vali Loss: 0.0066236 Test Loss: 0.0321384
Validation loss decreased (0.006891 --> 0.006624).  Saving model ...
Updating learning rate to 0.0025
	iters: 100, epoch: 50 | loss: 0.0043321
	speed: 0.4501s/iter; left time: 5900.6910s
	iters: 200, epoch: 50 | loss: 0.0069028
	speed: 0.3296s/iter; left time: 4287.8158s
Epoch: 50 cost time: 77.3867301940918
Epoch: 50, Steps: 259 | Train Loss: 0.0082227 Vali Loss: 0.0097279 Test Loss: 0.0504115
EarlyStopping counter: 1 out of 100
Updating learning rate to 0.0025
	iters: 100, epoch: 51 | loss: 0.0140462
	speed: 0.5414s/iter; left time: 6957.3086s
	iters: 200, epoch: 51 | loss: 0.0076740
	speed: 0.3124s/iter; left time: 3983.0333s
Epoch: 51 cost time: 78.66646242141724
Epoch: 51, Steps: 259 | Train Loss: 0.0077451 Vali Loss: 0.0088346 Test Loss: 0.0483944
EarlyStopping counter: 2 out of 100
Updating learning rate to 0.0025
	iters: 100, epoch: 52 | loss: 0.0061238
	speed: 0.5059s/iter; left time: 6370.4259s
	iters: 200, epoch: 52 | loss: 0.0071608
	speed: 0.3308s/iter; left time: 4132.2036s
Epoch: 52 cost time: 77.54769849777222
Epoch: 52, Steps: 259 | Train Loss: 0.0076227 Vali Loss: 0.0074557 Test Loss: 0.0359989
EarlyStopping counter: 3 out of 100
Updating learning rate to 0.0025
	iters: 100, epoch: 53 | loss: 0.0106235
	speed: 0.5214s/iter; left time: 6430.9472s
	iters: 200, epoch: 53 | loss: 0.0052631
	speed: 0.2724s/iter; left time: 3332.5991s
Epoch: 53 cost time: 67.30562663078308
Epoch: 53, Steps: 259 | Train Loss: 0.0075639 Vali Loss: 0.0078606 Test Loss: 0.0423521
EarlyStopping counter: 4 out of 100
Updating learning rate to 0.0025
	iters: 100, epoch: 54 | loss: 0.0037831
	speed: 0.4142s/iter; left time: 5000.5869s
	iters: 200, epoch: 54 | loss: 0.0070621
	speed: 0.2780s/iter; left time: 3328.9516s
Epoch: 54 cost time: 68.35775375366211
Epoch: 54, Steps: 259 | Train Loss: 0.0074471 Vali Loss: 0.0074386 Test Loss: 0.0393181
EarlyStopping counter: 5 out of 100
Updating learning rate to 0.0025
	iters: 100, epoch: 55 | loss: 0.0074135
	speed: 0.4266s/iter; left time: 5040.1726s
	iters: 200, epoch: 55 | loss: 0.0056616
	speed: 0.3015s/iter; left time: 3532.0172s
Epoch: 55 cost time: 67.69628262519836
Epoch: 55, Steps: 259 | Train Loss: 0.0080218 Vali Loss: 0.0074827 Test Loss: 0.0408904
EarlyStopping counter: 6 out of 100
Updating learning rate to 0.0025
	iters: 100, epoch: 56 | loss: 0.0226777
	speed: 0.4853s/iter; left time: 5608.3907s
	iters: 200, epoch: 56 | loss: 0.0047467
	speed: 0.2742s/iter; left time: 3141.6493s
Epoch: 56 cost time: 66.43153667449951
Epoch: 56, Steps: 259 | Train Loss: 0.0074153 Vali Loss: 0.0069809 Test Loss: 0.0335948
EarlyStopping counter: 7 out of 100
Updating learning rate to 0.0025
	iters: 100, epoch: 57 | loss: 0.0123209
	speed: 0.4834s/iter; left time: 5461.4984s
	iters: 200, epoch: 57 | loss: 0.0105506
	speed: 0.3053s/iter; left time: 3418.8445s
Epoch: 57 cost time: 76.32965183258057
Epoch: 57, Steps: 259 | Train Loss: 0.0075851 Vali Loss: 0.0071617 Test Loss: 0.0330482
EarlyStopping counter: 8 out of 100
Updating learning rate to 0.0025
	iters: 100, epoch: 58 | loss: 0.0439514
	speed: 0.4601s/iter; left time: 5078.3116s
	iters: 200, epoch: 58 | loss: 0.0181920
	speed: 0.2549s/iter; left time: 2788.4337s
Epoch: 58 cost time: 73.22330665588379
Epoch: 58, Steps: 259 | Train Loss: 0.0076946 Vali Loss: 0.0075868 Test Loss: 0.0449346
EarlyStopping counter: 9 out of 100
Updating learning rate to 0.0025
	iters: 100, epoch: 59 | loss: 0.0042255
	speed: 0.4732s/iter; left time: 5100.1589s
	iters: 200, epoch: 59 | loss: 0.0104832
	speed: 0.3022s/iter; left time: 3227.0589s
Epoch: 59 cost time: 68.9750747680664
Epoch: 59, Steps: 259 | Train Loss: 0.0078213 Vali Loss: 0.0086786 Test Loss: 0.0481904
EarlyStopping counter: 10 out of 100
Updating learning rate to 0.0025
	iters: 100, epoch: 60 | loss: 0.0072166
	speed: 0.4633s/iter; left time: 4873.7682s
	iters: 200, epoch: 60 | loss: 0.0062001
	speed: 0.2396s/iter; left time: 2496.7949s
Epoch: 60 cost time: 61.69720387458801
Epoch: 60, Steps: 259 | Train Loss: 0.0075730 Vali Loss: 0.0080550 Test Loss: 0.0458178
EarlyStopping counter: 11 out of 100
Updating learning rate to 0.0025
	iters: 100, epoch: 61 | loss: 0.0049324
	speed: 0.4673s/iter; left time: 4794.7510s
	iters: 200, epoch: 61 | loss: 0.0047803
	speed: 0.2492s/iter; left time: 2532.1918s
Epoch: 61 cost time: 67.54979848861694
Epoch: 61, Steps: 259 | Train Loss: 0.0074720 Vali Loss: 0.0072555 Test Loss: 0.0396832
EarlyStopping counter: 12 out of 100
Updating learning rate to 0.0025
	iters: 100, epoch: 62 | loss: 0.0043222
	speed: 0.5408s/iter; left time: 5409.4662s
	iters: 200, epoch: 62 | loss: 0.0041498
	speed: 0.2228s/iter; left time: 2206.3215s
Epoch: 62 cost time: 65.88715481758118
Epoch: 62, Steps: 259 | Train Loss: 0.0078202 Vali Loss: 0.0078351 Test Loss: 0.0404317
EarlyStopping counter: 13 out of 100
Updating learning rate to 0.0025
	iters: 100, epoch: 63 | loss: 0.0096855
	speed: 0.5219s/iter; left time: 5084.4979s
	iters: 200, epoch: 63 | loss: 0.0076733
	speed: 0.2810s/iter; left time: 2709.4113s
Epoch: 63 cost time: 76.38611221313477
Epoch: 63, Steps: 259 | Train Loss: 0.0081276 Vali Loss: 0.0085699 Test Loss: 0.0485028
EarlyStopping counter: 14 out of 100
Updating learning rate to 0.0025
	iters: 100, epoch: 64 | loss: 0.0065646
	speed: 0.5411s/iter; left time: 5132.0589s
	iters: 200, epoch: 64 | loss: 0.0043004
	speed: 0.2803s/iter; left time: 2630.3045s
Epoch: 64 cost time: 71.10849952697754
Epoch: 64, Steps: 259 | Train Loss: 0.0074474 Vali Loss: 0.0073051 Test Loss: 0.0401178
EarlyStopping counter: 15 out of 100
Updating learning rate to 0.0025
	iters: 100, epoch: 65 | loss: 0.0141530
	speed: 0.4571s/iter; left time: 4216.7326s
	iters: 200, epoch: 65 | loss: 0.0046068
	speed: 0.3054s/iter; left time: 2787.2196s
Epoch: 65 cost time: 74.980792760849
Epoch: 65, Steps: 259 | Train Loss: 0.0076166 Vali Loss: 0.0078459 Test Loss: 0.0434820
EarlyStopping counter: 16 out of 100
Updating learning rate to 0.0025
	iters: 100, epoch: 66 | loss: 0.0040324
	speed: 0.4842s/iter; left time: 4341.0059s
	iters: 200, epoch: 66 | loss: 0.0091746
	speed: 0.2861s/iter; left time: 2536.8455s
Epoch: 66 cost time: 71.2901303768158
Epoch: 66, Steps: 259 | Train Loss: 0.0072279 Vali Loss: 0.0105311 Test Loss: 0.0432070
EarlyStopping counter: 17 out of 100
Updating learning rate to 0.0025
	iters: 100, epoch: 67 | loss: 0.0038739
	speed: 0.5778s/iter; left time: 5031.0386s
	iters: 200, epoch: 67 | loss: 0.0044258
	speed: 0.2938s/iter; left time: 2529.0846s
Epoch: 67 cost time: 83.52956438064575
Epoch: 67, Steps: 259 | Train Loss: 0.0075124 Vali Loss: 0.0080610 Test Loss: 0.0440189
EarlyStopping counter: 18 out of 100
Updating learning rate to 0.0025
	iters: 100, epoch: 68 | loss: 0.0033749
	speed: 0.4735s/iter; left time: 4000.2639s
	iters: 200, epoch: 68 | loss: 0.0182638
	speed: 0.2534s/iter; left time: 2115.5786s
Epoch: 68 cost time: 68.17790532112122
Epoch: 68, Steps: 259 | Train Loss: 0.0074721 Vali Loss: 0.0075864 Test Loss: 0.0420034
EarlyStopping counter: 19 out of 100
Updating learning rate to 0.0025
	iters: 100, epoch: 69 | loss: 0.0061499
	speed: 0.5093s/iter; left time: 4170.3976s
	iters: 200, epoch: 69 | loss: 0.0051443
	speed: 0.2650s/iter; left time: 2143.5634s
Epoch: 69 cost time: 69.58934330940247
Epoch: 69, Steps: 259 | Train Loss: 0.0073378 Vali Loss: 0.0071950 Test Loss: 0.0390514
EarlyStopping counter: 20 out of 100
Updating learning rate to 0.0025
	iters: 100, epoch: 70 | loss: 0.0068812
	speed: 0.5069s/iter; left time: 4019.9291s
	iters: 200, epoch: 70 | loss: 0.0044457
	speed: 0.2475s/iter; left time: 1937.9726s
Epoch: 70 cost time: 69.41616654396057
Epoch: 70, Steps: 259 | Train Loss: 0.0072817 Vali Loss: 0.0085218 Test Loss: 0.0449127
EarlyStopping counter: 21 out of 100
Updating learning rate to 0.0025
	iters: 100, epoch: 71 | loss: 0.0075426
	speed: 0.4527s/iter; left time: 3473.0040s
	iters: 200, epoch: 71 | loss: 0.0063249
	speed: 0.2690s/iter; left time: 2036.9211s
Epoch: 71 cost time: 69.60291051864624
Epoch: 71, Steps: 259 | Train Loss: 0.0071689 Vali Loss: 0.0072618 Test Loss: 0.0359885
EarlyStopping counter: 22 out of 100
Updating learning rate to 0.0025
	iters: 100, epoch: 72 | loss: 0.0095167
	speed: 0.4786s/iter; left time: 3547.6887s
	iters: 200, epoch: 72 | loss: 0.0030164
	speed: 0.2533s/iter; left time: 1851.7709s
Epoch: 72 cost time: 64.9433856010437
Epoch: 72, Steps: 259 | Train Loss: 0.0076822 Vali Loss: 0.0066993 Test Loss: 0.0320263
EarlyStopping counter: 23 out of 100
Updating learning rate to 0.0025
	iters: 100, epoch: 73 | loss: 0.0037266
	speed: 0.4811s/iter; left time: 3441.2046s
	iters: 200, epoch: 73 | loss: 0.0049430
	speed: 0.2338s/iter; left time: 1648.9056s
Epoch: 73 cost time: 62.094488859176636
Epoch: 73, Steps: 259 | Train Loss: 0.0074636 Vali Loss: 0.0077159 Test Loss: 0.0510052
EarlyStopping counter: 24 out of 100
Updating learning rate to 0.0025
	iters: 100, epoch: 74 | loss: 0.0059358
	speed: 0.5194s/iter; left time: 3580.4179s
	iters: 200, epoch: 74 | loss: 0.0153053
	speed: 0.2888s/iter; left time: 1962.0847s
Epoch: 74 cost time: 80.52907657623291
Epoch: 74, Steps: 259 | Train Loss: 0.0073675 Vali Loss: 0.0076058 Test Loss: 0.0337020
EarlyStopping counter: 25 out of 100
Updating learning rate to 0.0025
	iters: 100, epoch: 75 | loss: 0.0064081
	speed: 0.5505s/iter; left time: 3652.6601s
	iters: 200, epoch: 75 | loss: 0.0046094
	speed: 0.2654s/iter; left time: 1734.7130s
Epoch: 75 cost time: 71.1545135974884
Epoch: 75, Steps: 259 | Train Loss: 0.0073758 Vali Loss: 0.0067936 Test Loss: 0.0334901
EarlyStopping counter: 26 out of 100
Updating learning rate to 0.0025
	iters: 100, epoch: 76 | loss: 0.0102193
	speed: 0.4792s/iter; left time: 3055.1189s
	iters: 200, epoch: 76 | loss: 0.0037631
	speed: 0.2205s/iter; left time: 1384.1464s
Epoch: 76 cost time: 63.84031701087952
Epoch: 76, Steps: 259 | Train Loss: 0.0071352 Vali Loss: 0.0072432 Test Loss: 0.0365344
EarlyStopping counter: 27 out of 100
Updating learning rate to 0.0025
	iters: 100, epoch: 77 | loss: 0.0054046
	speed: 0.4846s/iter; left time: 2964.0955s
	iters: 200, epoch: 77 | loss: 0.0043705
	speed: 0.2105s/iter; left time: 1266.2783s
Epoch: 77 cost time: 67.0654878616333
Epoch: 77, Steps: 259 | Train Loss: 0.0071183 Vali Loss: 0.0063284 Test Loss: 0.0302887
Validation loss decreased (0.006624 --> 0.006328).  Saving model ...
Updating learning rate to 0.0025
	iters: 100, epoch: 78 | loss: 0.0054641
	speed: 0.5303s/iter; left time: 3106.6250s
	iters: 200, epoch: 78 | loss: 0.0155093
	speed: 0.3148s/iter; left time: 1812.7477s
Epoch: 78 cost time: 73.89915060997009
Epoch: 78, Steps: 259 | Train Loss: 0.0070103 Vali Loss: 0.0079179 Test Loss: 0.0411080
EarlyStopping counter: 1 out of 100
Updating learning rate to 0.0025
	iters: 100, epoch: 79 | loss: 0.0040896
	speed: 0.4790s/iter; left time: 2681.6830s
	iters: 200, epoch: 79 | loss: 0.0026804
	speed: 0.2627s/iter; left time: 1444.6968s
Epoch: 79 cost time: 68.35294938087463
Epoch: 79, Steps: 259 | Train Loss: 0.0069140 Vali Loss: 0.0065816 Test Loss: 0.0334533
EarlyStopping counter: 2 out of 100
Updating learning rate to 0.0025
	iters: 100, epoch: 80 | loss: 0.0063797
	speed: 0.5532s/iter; left time: 2953.9623s
	iters: 200, epoch: 80 | loss: 0.0022408
	speed: 0.2782s/iter; left time: 1457.6989s
Epoch: 80 cost time: 75.70000886917114
Epoch: 80, Steps: 259 | Train Loss: 0.0068198 Vali Loss: 0.0075368 Test Loss: 0.0381164
EarlyStopping counter: 3 out of 100
Updating learning rate to 0.0025
	iters: 100, epoch: 81 | loss: 0.0130964
	speed: 0.5183s/iter; left time: 2633.4818s
	iters: 200, epoch: 81 | loss: 0.0063257
	speed: 0.2963s/iter; left time: 1475.8086s
Epoch: 81 cost time: 74.56841492652893
Epoch: 81, Steps: 259 | Train Loss: 0.0066077 Vali Loss: 0.0071062 Test Loss: 0.0371202
EarlyStopping counter: 4 out of 100
Updating learning rate to 0.0025
	iters: 100, epoch: 82 | loss: 0.0074658
	speed: 0.4660s/iter; left time: 2246.9028s
	iters: 200, epoch: 82 | loss: 0.0034914
	speed: 0.2916s/iter; left time: 1376.7468s
Epoch: 82 cost time: 73.7032778263092
Epoch: 82, Steps: 259 | Train Loss: 0.0067090 Vali Loss: 0.0076690 Test Loss: 0.0390011
EarlyStopping counter: 5 out of 100
Updating learning rate to 0.0025
	iters: 100, epoch: 83 | loss: 0.0040235
	speed: 0.4770s/iter; left time: 2176.4669s
	iters: 200, epoch: 83 | loss: 0.0052482
	speed: 0.2606s/iter; left time: 1163.0851s
Epoch: 83 cost time: 67.5990035533905
Epoch: 83, Steps: 259 | Train Loss: 0.0070184 Vali Loss: 0.0070875 Test Loss: 0.0350738
EarlyStopping counter: 6 out of 100
Updating learning rate to 0.0025
	iters: 100, epoch: 84 | loss: 0.0045864
	speed: 0.4639s/iter; left time: 1996.6160s
	iters: 200, epoch: 84 | loss: 0.0042919
	speed: 0.3070s/iter; left time: 1290.5586s
Epoch: 84 cost time: 71.05497241020203
Epoch: 84, Steps: 259 | Train Loss: 0.0068464 Vali Loss: 0.0077747 Test Loss: 0.0396125
EarlyStopping counter: 7 out of 100
Updating learning rate to 0.0025
	iters: 100, epoch: 85 | loss: 0.0103494
	speed: 0.4833s/iter; left time: 1955.0491s
	iters: 200, epoch: 85 | loss: 0.0032158
	speed: 0.3140s/iter; left time: 1238.8701s
Epoch: 85 cost time: 77.05005526542664
Epoch: 85, Steps: 259 | Train Loss: 0.0069496 Vali Loss: 0.0082041 Test Loss: 0.0428021
EarlyStopping counter: 8 out of 100
Updating learning rate to 0.0025
	iters: 100, epoch: 86 | loss: 0.0060151
	speed: 0.5681s/iter; left time: 2150.9875s
	iters: 200, epoch: 86 | loss: 0.0060265
	speed: 0.2481s/iter; left time: 914.5647s
Epoch: 86 cost time: 71.05250239372253
Epoch: 86, Steps: 259 | Train Loss: 0.0071555 Vali Loss: 0.0073228 Test Loss: 0.0388605
EarlyStopping counter: 9 out of 100
Updating learning rate to 0.0025
	iters: 100, epoch: 87 | loss: 0.0086039
	speed: 0.4242s/iter; left time: 1496.0517s
	iters: 200, epoch: 87 | loss: 0.0031049
	speed: 0.2456s/iter; left time: 841.5658s
Epoch: 87 cost time: 67.17794108390808
Epoch: 87, Steps: 259 | Train Loss: 0.0069059 Vali Loss: 0.0070236 Test Loss: 0.0350291
EarlyStopping counter: 10 out of 100
Updating learning rate to 0.0025
	iters: 100, epoch: 88 | loss: 0.0042992
	speed: 0.4949s/iter; left time: 1617.2442s
	iters: 200, epoch: 88 | loss: 0.0058616
	speed: 0.3448s/iter; left time: 1092.2246s
Epoch: 88 cost time: 70.78805017471313
Epoch: 88, Steps: 259 | Train Loss: 0.0068289 Vali Loss: 0.0076355 Test Loss: 0.0372903
EarlyStopping counter: 11 out of 100
Updating learning rate to 0.0025
	iters: 100, epoch: 89 | loss: 0.0043211
	speed: 0.4938s/iter; left time: 1485.9491s
	iters: 200, epoch: 89 | loss: 0.0032873
	speed: 0.3594s/iter; left time: 1045.4276s
Epoch: 89 cost time: 81.46645736694336
Epoch: 89, Steps: 259 | Train Loss: 0.0067799 Vali Loss: 0.0075203 Test Loss: 0.0384616
EarlyStopping counter: 12 out of 100
Updating learning rate to 0.0025
	iters: 100, epoch: 90 | loss: 0.0036163
	speed: 0.4432s/iter; left time: 1218.8737s
	iters: 200, epoch: 90 | loss: 0.0037300
	speed: 0.2861s/iter; left time: 758.0523s
Epoch: 90 cost time: 66.50374698638916
Epoch: 90, Steps: 259 | Train Loss: 0.0069845 Vali Loss: 0.0076170 Test Loss: 0.0379190
EarlyStopping counter: 13 out of 100
Updating learning rate to 0.0025
	iters: 100, epoch: 91 | loss: 0.0101966
	speed: 0.4466s/iter; left time: 1112.4285s
	iters: 200, epoch: 91 | loss: 0.0073760
	speed: 0.2888s/iter; left time: 690.4227s
Epoch: 91 cost time: 65.85937595367432
Epoch: 91, Steps: 259 | Train Loss: 0.0070138 Vali Loss: 0.0075029 Test Loss: 0.0384576
EarlyStopping counter: 14 out of 100
Updating learning rate to 0.0025
	iters: 100, epoch: 92 | loss: 0.0043302
	speed: 0.4735s/iter; left time: 1056.8910s
	iters: 200, epoch: 92 | loss: 0.0028339
	speed: 0.2756s/iter; left time: 587.4780s
Epoch: 92 cost time: 69.62570118904114
Epoch: 92, Steps: 259 | Train Loss: 0.0067928 Vali Loss: 0.0086689 Test Loss: 0.0450995
EarlyStopping counter: 15 out of 100
Updating learning rate to 0.0025
	iters: 100, epoch: 93 | loss: 0.0057223
	speed: 0.4874s/iter; left time: 961.6690s
	iters: 200, epoch: 93 | loss: 0.0042770
	speed: 0.2995s/iter; left time: 561.0133s
Epoch: 93 cost time: 70.33146548271179
Epoch: 93, Steps: 259 | Train Loss: 0.0070863 Vali Loss: 0.0074817 Test Loss: 0.0354951
EarlyStopping counter: 16 out of 100
Updating learning rate to 0.0025
	iters: 100, epoch: 94 | loss: 0.0087771
	speed: 0.4601s/iter; left time: 788.6711s
	iters: 200, epoch: 94 | loss: 0.0033480
	speed: 0.3683s/iter; left time: 594.4969s
Epoch: 94 cost time: 73.9533441066742
Epoch: 94, Steps: 259 | Train Loss: 0.0070670 Vali Loss: 0.0077232 Test Loss: 0.0382671
EarlyStopping counter: 17 out of 100
Updating learning rate to 0.0025
	iters: 100, epoch: 95 | loss: 0.0037707
	speed: 0.4912s/iter; left time: 714.7391s
	iters: 200, epoch: 95 | loss: 0.0130671
	speed: 0.2317s/iter; left time: 313.9944s
Epoch: 95 cost time: 72.88460493087769
Epoch: 95, Steps: 259 | Train Loss: 0.0067147 Vali Loss: 0.0078119 Test Loss: 0.0390738
EarlyStopping counter: 18 out of 100
Updating learning rate to 0.0025
	iters: 100, epoch: 96 | loss: 0.0075505
	speed: 0.6216s/iter; left time: 743.4906s
	iters: 200, epoch: 96 | loss: 0.0106712
	speed: 0.3180s/iter; left time: 348.5180s
Epoch: 96 cost time: 83.08889865875244
Epoch: 96, Steps: 259 | Train Loss: 0.0067140 Vali Loss: 0.0082527 Test Loss: 0.0403888
EarlyStopping counter: 19 out of 100
Updating learning rate to 0.0025
	iters: 100, epoch: 97 | loss: 0.0033022
	speed: 0.4684s/iter; left time: 438.8727s
	iters: 200, epoch: 97 | loss: 0.0048685
	speed: 0.2687s/iter; left time: 224.8983s
Epoch: 97 cost time: 62.681347608566284
Epoch: 97, Steps: 259 | Train Loss: 0.0070234 Vali Loss: 0.0079115 Test Loss: 0.0382489
EarlyStopping counter: 20 out of 100
Updating learning rate to 0.0025
	iters: 100, epoch: 98 | loss: 0.0077095
	speed: 0.4368s/iter; left time: 296.1825s
	iters: 200, epoch: 98 | loss: 0.0059875
	speed: 0.2597s/iter; left time: 150.1275s
Epoch: 98 cost time: 67.86226868629456
Epoch: 98, Steps: 259 | Train Loss: 0.0067202 Vali Loss: 0.0071141 Test Loss: 0.0344723
EarlyStopping counter: 21 out of 100
Updating learning rate to 0.0025
	iters: 100, epoch: 99 | loss: 0.0096701
	speed: 0.4575s/iter; left time: 191.6975s
	iters: 200, epoch: 99 | loss: 0.0149564
	speed: 0.2711s/iter; left time: 86.4868s
Epoch: 99 cost time: 66.35957217216492
Epoch: 99, Steps: 259 | Train Loss: 0.0065467 Vali Loss: 0.0067646 Test Loss: 0.0325065
EarlyStopping counter: 22 out of 100
Updating learning rate to 0.0025
	iters: 100, epoch: 100 | loss: 0.0093268
	speed: 0.4585s/iter; left time: 73.3592s
	iters: 200, epoch: 100 | loss: 0.0046950
	speed: 0.2149s/iter; left time: 12.8937s
Epoch: 100 cost time: 62.269774198532104
Epoch: 100, Steps: 259 | Train Loss: 0.0070711 Vali Loss: 0.0078963 Test Loss: 0.0402027
EarlyStopping counter: 23 out of 100
Updating learning rate to 0.0025
>>>>>>>testing : 60_10_PatchTST_custom_ftM_sl60_ll48_pl10_dm16_nh4_el3_dl1_df128_fc1_ebtimeF_dtTrue_Exp_0<<<<<<<<<<<<<<<<<<<<<<<<<<<<<<<<<
test 1198
mse:0.0889589935541153, mae:0.16812433302402496, rse:0.08752389252185822
