Args in experiment:
Namespace(random_seed=2024, is_training=1, model_id='84_7', model='PatchTST', data='custom', root_path='./dataset/', data_path='db_lv2.csv', features='M', target='Target', freq='h', checkpoints='./checkpoints/', seq_len=84, label_len=48, pred_len=7, fc_dropout=0.2, head_dropout=0.0, patch_len=30, stride=2, padding_patch='end', revin=1, affine=0, subtract_last=0, decomposition=0, kernel_size=25, individual=0, embed_type=0, enc_in=5, dec_in=7, c_out=7, d_model=16, n_heads=4, e_layers=3, d_layers=1, d_ff=128, moving_avg=25, factor=1, distil=True, dropout=0.2, embed='timeF', activation='gelu', output_attention=False, do_predict=False, num_workers=10, itr=1, train_epochs=100, batch_size=16, patience=100, learning_rate=0.0025, des='Exp', loss='mse', lradj='constant', pct_start=0.3, use_amp=False, use_gpu=False, gpu=0, use_multi_gpu=False, devices='0,1,2,3', test_flop=False)
Use CPU
>>>>>>>start training : 84_7_PatchTST_custom_ftM_sl84_ll48_pl7_dm16_nh4_el3_dl1_df128_fc1_ebtimeF_dtTrue_Exp_0>>>>>>>>>>>>>>>>>>>>>>>>>>
train 4135
val 599
test 1201
	iters: 100, epoch: 1 | loss: 0.0144355
	speed: 0.0739s/iter; left time: 1899.5705s
	iters: 200, epoch: 1 | loss: 0.1467830
	speed: 0.0661s/iter; left time: 1692.3869s
Epoch: 1 cost time: 17.804145336151123
Epoch: 1, Steps: 258 | Train Loss: 0.0320602 Vali Loss: 106.8610611 Test Loss: 206.7183685
Validation loss decreased (inf --> 106.861061).  Saving model ...
Updating learning rate to 0.0025
	iters: 100, epoch: 2 | loss: 0.0069828
	speed: 0.1357s/iter; left time: 3453.0295s
	iters: 200, epoch: 2 | loss: 0.0107491
	speed: 0.0648s/iter; left time: 1641.9699s
Epoch: 2 cost time: 17.602961778640747
Epoch: 2, Steps: 258 | Train Loss: 0.0210157 Vali Loss: 84.8996277 Test Loss: 180.0390778
Validation loss decreased (106.861061 --> 84.899628).  Saving model ...
Updating learning rate to 0.0025
	iters: 100, epoch: 3 | loss: 0.0198345
	speed: 0.1319s/iter; left time: 3321.8475s
	iters: 200, epoch: 3 | loss: 0.0105154
	speed: 0.0659s/iter; left time: 1653.1643s
Epoch: 3 cost time: 17.444467067718506
Epoch: 3, Steps: 258 | Train Loss: 0.0157096 Vali Loss: 89.0362320 Test Loss: 206.0602417
EarlyStopping counter: 1 out of 100
Updating learning rate to 0.0025
	iters: 100, epoch: 4 | loss: 0.0211460
	speed: 0.1341s/iter; left time: 3341.5606s
	iters: 200, epoch: 4 | loss: 0.0068314
	speed: 0.0715s/iter; left time: 1773.9905s
Epoch: 4 cost time: 17.814666509628296
Epoch: 4, Steps: 258 | Train Loss: 0.0142870 Vali Loss: 64.0806808 Test Loss: 207.8233490
Validation loss decreased (84.899628 --> 64.080681).  Saving model ...
Updating learning rate to 0.0025
	iters: 100, epoch: 5 | loss: 0.0063352
	speed: 0.1294s/iter; left time: 3191.4373s
	iters: 200, epoch: 5 | loss: 0.0120028
	speed: 0.0700s/iter; left time: 1720.4024s
Epoch: 5 cost time: 17.653379917144775
Epoch: 5, Steps: 258 | Train Loss: 0.0133157 Vali Loss: 68.7933807 Test Loss: 226.6433868
EarlyStopping counter: 1 out of 100
Updating learning rate to 0.0025
	iters: 100, epoch: 6 | loss: 0.0074211
	speed: 0.1341s/iter; left time: 3274.0922s
	iters: 200, epoch: 6 | loss: 0.0042334
	speed: 0.0697s/iter; left time: 1694.6510s
Epoch: 6 cost time: 17.976893424987793
Epoch: 6, Steps: 258 | Train Loss: 0.0133073 Vali Loss: 73.6530991 Test Loss: 195.9172211
EarlyStopping counter: 2 out of 100
Updating learning rate to 0.0025
	iters: 100, epoch: 7 | loss: 0.0082368
	speed: 0.1370s/iter; left time: 3309.2147s
	iters: 200, epoch: 7 | loss: 0.0043311
	speed: 0.0665s/iter; left time: 1598.8873s
Epoch: 7 cost time: 17.830392599105835
Epoch: 7, Steps: 258 | Train Loss: 0.0126249 Vali Loss: 57.5753746 Test Loss: 201.3046417
Validation loss decreased (64.080681 --> 57.575375).  Saving model ...
Updating learning rate to 0.0025
	iters: 100, epoch: 8 | loss: 0.0049376
	speed: 0.1340s/iter; left time: 3201.6465s
	iters: 200, epoch: 8 | loss: 0.0069821
	speed: 0.0652s/iter; left time: 1552.5419s
Epoch: 8 cost time: 17.045149564743042
Epoch: 8, Steps: 258 | Train Loss: 0.0118170 Vali Loss: 60.9138374 Test Loss: 216.8862915
EarlyStopping counter: 1 out of 100
Updating learning rate to 0.0025
	iters: 100, epoch: 9 | loss: 0.0062144
	speed: 0.1322s/iter; left time: 3125.5351s
	iters: 200, epoch: 9 | loss: 0.0086563
	speed: 0.0663s/iter; left time: 1559.8247s
Epoch: 9 cost time: 17.246086835861206
Epoch: 9, Steps: 258 | Train Loss: 0.0114312 Vali Loss: 61.8687439 Test Loss: 192.4610748
EarlyStopping counter: 2 out of 100
Updating learning rate to 0.0025
	iters: 100, epoch: 10 | loss: 0.0075201
	speed: 0.1330s/iter; left time: 3108.5689s
	iters: 200, epoch: 10 | loss: 0.0109444
	speed: 0.0665s/iter; left time: 1547.5000s
Epoch: 10 cost time: 17.455960273742676
Epoch: 10, Steps: 258 | Train Loss: 0.0112872 Vali Loss: 65.8812256 Test Loss: 187.4998627
EarlyStopping counter: 3 out of 100
Updating learning rate to 0.0025
	iters: 100, epoch: 11 | loss: 0.0034483
	speed: 0.1291s/iter; left time: 2985.4130s
	iters: 200, epoch: 11 | loss: 0.0056625
	speed: 0.0692s/iter; left time: 1592.8619s
Epoch: 11 cost time: 17.569406509399414
Epoch: 11, Steps: 258 | Train Loss: 0.0129122 Vali Loss: 72.2092590 Test Loss: 219.7500000
EarlyStopping counter: 4 out of 100
Updating learning rate to 0.0025
	iters: 100, epoch: 12 | loss: 0.0069951
	speed: 0.1283s/iter; left time: 2934.4045s
	iters: 200, epoch: 12 | loss: 0.0056620
	speed: 0.0688s/iter; left time: 1566.5845s
Epoch: 12 cost time: 17.336016178131104
Epoch: 12, Steps: 258 | Train Loss: 0.0120297 Vali Loss: 58.2703094 Test Loss: 204.4719696
EarlyStopping counter: 5 out of 100
Updating learning rate to 0.0025
	iters: 100, epoch: 13 | loss: 0.0073983
	speed: 0.1321s/iter; left time: 2987.0713s
	iters: 200, epoch: 13 | loss: 0.0162361
	speed: 0.0672s/iter; left time: 1512.3592s
Epoch: 13 cost time: 17.791976928710938
Epoch: 13, Steps: 258 | Train Loss: 0.0120614 Vali Loss: 61.6889191 Test Loss: 200.4780273
EarlyStopping counter: 6 out of 100
Updating learning rate to 0.0025
	iters: 100, epoch: 14 | loss: 0.0051171
	speed: 0.1335s/iter; left time: 2983.4193s
	iters: 200, epoch: 14 | loss: 0.0058770
	speed: 0.0653s/iter; left time: 1453.5621s
Epoch: 14 cost time: 17.50427556037903
Epoch: 14, Steps: 258 | Train Loss: 0.0112763 Vali Loss: 58.3192024 Test Loss: 192.2423096
EarlyStopping counter: 7 out of 100
Updating learning rate to 0.0025
	iters: 100, epoch: 15 | loss: 0.0043612
	speed: 0.1350s/iter; left time: 2981.4253s
	iters: 200, epoch: 15 | loss: 0.0092798
	speed: 0.0635s/iter; left time: 1395.3200s
Epoch: 15 cost time: 16.915045976638794
Epoch: 15, Steps: 258 | Train Loss: 0.0109891 Vali Loss: 62.2514114 Test Loss: 207.7259979
EarlyStopping counter: 8 out of 100
Updating learning rate to 0.0025
	iters: 100, epoch: 16 | loss: 0.0042433
	speed: 0.1344s/iter; left time: 2934.0580s
	iters: 200, epoch: 16 | loss: 0.0503676
	speed: 0.0674s/iter; left time: 1464.6710s
Epoch: 16 cost time: 17.479952812194824
Epoch: 16, Steps: 258 | Train Loss: 0.0122040 Vali Loss: 70.2354431 Test Loss: 217.7643738
EarlyStopping counter: 9 out of 100
Updating learning rate to 0.0025
	iters: 100, epoch: 17 | loss: 0.0118869
	speed: 0.1353s/iter; left time: 2918.4220s
	iters: 200, epoch: 17 | loss: 0.0080515
	speed: 0.0636s/iter; left time: 1366.1827s
Epoch: 17 cost time: 17.167714595794678
Epoch: 17, Steps: 258 | Train Loss: 0.0111103 Vali Loss: 56.5986404 Test Loss: 187.2224579
Validation loss decreased (57.575375 --> 56.598640).  Saving model ...
Updating learning rate to 0.0025
	iters: 100, epoch: 18 | loss: 0.0050911
	speed: 0.1340s/iter; left time: 2855.3952s
	iters: 200, epoch: 18 | loss: 0.0117180
	speed: 0.0687s/iter; left time: 1456.7944s
Epoch: 18 cost time: 17.857664823532104
Epoch: 18, Steps: 258 | Train Loss: 0.0125146 Vali Loss: 58.5891838 Test Loss: 195.3791351
EarlyStopping counter: 1 out of 100
Updating learning rate to 0.0025
	iters: 100, epoch: 19 | loss: 0.0033033
	speed: 0.1352s/iter; left time: 2847.7667s
	iters: 200, epoch: 19 | loss: 0.0041986
	speed: 0.0710s/iter; left time: 1488.7456s
Epoch: 19 cost time: 18.04761266708374
Epoch: 19, Steps: 258 | Train Loss: 0.0115979 Vali Loss: 58.5180550 Test Loss: 184.8452454
EarlyStopping counter: 2 out of 100
Updating learning rate to 0.0025
	iters: 100, epoch: 20 | loss: 0.0060523
	speed: 0.1307s/iter; left time: 2719.3325s
	iters: 200, epoch: 20 | loss: 0.0061608
	speed: 0.0696s/iter; left time: 1440.9933s
Epoch: 20 cost time: 17.30930209159851
Epoch: 20, Steps: 258 | Train Loss: 0.0113690 Vali Loss: 64.2778778 Test Loss: 187.0761261
EarlyStopping counter: 3 out of 100
Updating learning rate to 0.0025
	iters: 100, epoch: 21 | loss: 0.0131040
	speed: 0.1316s/iter; left time: 2703.1932s
	iters: 200, epoch: 21 | loss: 0.0050070
	speed: 0.0691s/iter; left time: 1412.1303s
Epoch: 21 cost time: 17.575347900390625
Epoch: 21, Steps: 258 | Train Loss: 0.0107464 Vali Loss: 57.6833878 Test Loss: 184.6616211
EarlyStopping counter: 4 out of 100
Updating learning rate to 0.0025
	iters: 100, epoch: 22 | loss: 0.0045208
	speed: 0.1342s/iter; left time: 2722.4389s
	iters: 200, epoch: 22 | loss: 0.1619742
	speed: 0.0660s/iter; left time: 1331.9542s
Epoch: 22 cost time: 18.043664693832397
Epoch: 22, Steps: 258 | Train Loss: 0.0124105 Vali Loss: 65.2228394 Test Loss: 199.2477570
EarlyStopping counter: 5 out of 100
Updating learning rate to 0.0025
	iters: 100, epoch: 23 | loss: 0.0150819
	speed: 0.1352s/iter; left time: 2707.8706s
	iters: 200, epoch: 23 | loss: 0.0039208
	speed: 0.0643s/iter; left time: 1280.5175s
Epoch: 23 cost time: 17.136436700820923
Epoch: 23, Steps: 258 | Train Loss: 0.0115793 Vali Loss: 54.8380203 Test Loss: 180.7346191
Validation loss decreased (56.598640 --> 54.838020).  Saving model ...
Updating learning rate to 0.0025
	iters: 100, epoch: 24 | loss: 0.0143685
	speed: 0.1327s/iter; left time: 2623.2991s
	iters: 200, epoch: 24 | loss: 0.0042164
	speed: 0.0666s/iter; left time: 1310.0319s
Epoch: 24 cost time: 17.33006238937378
Epoch: 24, Steps: 258 | Train Loss: 0.0109255 Vali Loss: 57.5330315 Test Loss: 188.4099274
EarlyStopping counter: 1 out of 100
Updating learning rate to 0.0025
	iters: 100, epoch: 25 | loss: 0.0064679
	speed: 0.1399s/iter; left time: 2730.1913s
	iters: 200, epoch: 25 | loss: 0.0075958
	speed: 0.0671s/iter; left time: 1301.7835s
Epoch: 25 cost time: 18.243010759353638
Epoch: 25, Steps: 258 | Train Loss: 0.0107913 Vali Loss: 57.6341667 Test Loss: 184.0249176
EarlyStopping counter: 2 out of 100
Updating learning rate to 0.0025
	iters: 100, epoch: 26 | loss: 0.0051266
	speed: 0.1332s/iter; left time: 2564.7288s
	iters: 200, epoch: 26 | loss: 0.0039920
	speed: 0.0681s/iter; left time: 1305.0514s
Epoch: 26 cost time: 17.83638906478882
Epoch: 26, Steps: 258 | Train Loss: 0.0109661 Vali Loss: 60.8420525 Test Loss: 179.7915192
EarlyStopping counter: 3 out of 100
Updating learning rate to 0.0025
	iters: 100, epoch: 27 | loss: 0.0907637
	speed: 0.1357s/iter; left time: 2577.4829s
	iters: 200, epoch: 27 | loss: 0.0042025
	speed: 0.0652s/iter; left time: 1232.7203s
Epoch: 27 cost time: 17.5619957447052
Epoch: 27, Steps: 258 | Train Loss: 0.0105536 Vali Loss: 52.5738945 Test Loss: 178.9063568
Validation loss decreased (54.838020 --> 52.573895).  Saving model ...
Updating learning rate to 0.0025
	iters: 100, epoch: 28 | loss: 0.0123445
	speed: 0.1303s/iter; left time: 2440.4676s
	iters: 200, epoch: 28 | loss: 0.0101096
	speed: 0.0680s/iter; left time: 1266.8465s
Epoch: 28 cost time: 17.69518518447876
Epoch: 28, Steps: 258 | Train Loss: 0.0114608 Vali Loss: 68.5183334 Test Loss: 190.9139404
EarlyStopping counter: 1 out of 100
Updating learning rate to 0.0025
	iters: 100, epoch: 29 | loss: 0.0060976
	speed: 0.1332s/iter; left time: 2460.6221s
	iters: 200, epoch: 29 | loss: 0.0091713
	speed: 0.0699s/iter; left time: 1284.2948s
Epoch: 29 cost time: 17.720906734466553
Epoch: 29, Steps: 258 | Train Loss: 0.0133625 Vali Loss: 75.9873810 Test Loss: 192.8555756
EarlyStopping counter: 2 out of 100
Updating learning rate to 0.0025
	iters: 100, epoch: 30 | loss: 0.0055831
	speed: 0.1322s/iter; left time: 2409.0240s
	iters: 200, epoch: 30 | loss: 0.0036076
	speed: 0.0696s/iter; left time: 1261.6145s
Epoch: 30 cost time: 17.64600133895874
Epoch: 30, Steps: 258 | Train Loss: 0.0116410 Vali Loss: 58.1929550 Test Loss: 196.2010956
EarlyStopping counter: 3 out of 100
Updating learning rate to 0.0025
	iters: 100, epoch: 31 | loss: 0.0057828
	speed: 0.1360s/iter; left time: 2442.1661s
	iters: 200, epoch: 31 | loss: 0.0130638
	speed: 0.0693s/iter; left time: 1238.0673s
Epoch: 31 cost time: 18.285610914230347
Epoch: 31, Steps: 258 | Train Loss: 0.0113710 Vali Loss: 63.6485367 Test Loss: 181.1562958
EarlyStopping counter: 4 out of 100
Updating learning rate to 0.0025
	iters: 100, epoch: 32 | loss: 0.0043951
	speed: 0.1353s/iter; left time: 2395.9768s
	iters: 200, epoch: 32 | loss: 0.0119413
	speed: 0.0671s/iter; left time: 1180.4783s
Epoch: 32 cost time: 17.44617462158203
Epoch: 32, Steps: 258 | Train Loss: 0.0110938 Vali Loss: 53.8762894 Test Loss: 184.5103302
EarlyStopping counter: 5 out of 100
Updating learning rate to 0.0025
	iters: 100, epoch: 33 | loss: 0.0088644
	speed: 0.1335s/iter; left time: 2328.6758s
	iters: 200, epoch: 33 | loss: 0.0262247
	speed: 0.0671s/iter; left time: 1163.9847s
Epoch: 33 cost time: 17.466972827911377
Epoch: 33, Steps: 258 | Train Loss: 0.0108818 Vali Loss: 58.4993134 Test Loss: 176.1016998
EarlyStopping counter: 6 out of 100
Updating learning rate to 0.0025
	iters: 100, epoch: 34 | loss: 0.0041973
	speed: 0.1360s/iter; left time: 2337.5499s
	iters: 200, epoch: 34 | loss: 0.0085316
	speed: 0.0682s/iter; left time: 1165.9426s
Epoch: 34 cost time: 17.99984121322632
Epoch: 34, Steps: 258 | Train Loss: 0.0103849 Vali Loss: 71.9399643 Test Loss: 171.6128540
EarlyStopping counter: 7 out of 100
Updating learning rate to 0.0025
	iters: 100, epoch: 35 | loss: 0.0068697
	speed: 0.1328s/iter; left time: 2248.9982s
	iters: 200, epoch: 35 | loss: 0.0055116
	speed: 0.0664s/iter; left time: 1118.2001s
Epoch: 35 cost time: 17.375964403152466
Epoch: 35, Steps: 258 | Train Loss: 0.0107245 Vali Loss: 56.5306892 Test Loss: 170.9170227
EarlyStopping counter: 8 out of 100
Updating learning rate to 0.0025
	iters: 100, epoch: 36 | loss: 0.0041757
	speed: 0.1333s/iter; left time: 2222.6083s
	iters: 200, epoch: 36 | loss: 0.0061251
	speed: 0.0684s/iter; left time: 1133.3912s
Epoch: 36 cost time: 17.703954219818115
Epoch: 36, Steps: 258 | Train Loss: 0.0106658 Vali Loss: 61.3710213 Test Loss: 174.2925873
EarlyStopping counter: 9 out of 100
Updating learning rate to 0.0025
	iters: 100, epoch: 37 | loss: 0.0047476
	speed: 0.1348s/iter; left time: 2213.2447s
	iters: 200, epoch: 37 | loss: 0.0050290
	speed: 0.0750s/iter; left time: 1224.1563s
Epoch: 37 cost time: 18.62931251525879
Epoch: 37, Steps: 258 | Train Loss: 0.0118645 Vali Loss: 59.5325699 Test Loss: 174.7625122
EarlyStopping counter: 10 out of 100
Updating learning rate to 0.0025
	iters: 100, epoch: 38 | loss: 0.0068172
	speed: 0.1310s/iter; left time: 2115.9404s
	iters: 200, epoch: 38 | loss: 0.0039008
	speed: 0.0722s/iter; left time: 1159.0935s
Epoch: 38 cost time: 17.826473474502563
Epoch: 38, Steps: 258 | Train Loss: 0.0111036 Vali Loss: 56.2423592 Test Loss: 174.4073639
EarlyStopping counter: 11 out of 100
Updating learning rate to 0.0025
	iters: 100, epoch: 39 | loss: 0.0596044
	speed: 0.1319s/iter; left time: 2096.1259s
	iters: 200, epoch: 39 | loss: 0.0414139
	speed: 0.0681s/iter; left time: 1076.2893s
Epoch: 39 cost time: 17.724518537521362
Epoch: 39, Steps: 258 | Train Loss: 0.0113731 Vali Loss: 57.4931297 Test Loss: 171.7985077
EarlyStopping counter: 12 out of 100
Updating learning rate to 0.0025
	iters: 100, epoch: 40 | loss: 0.0074163
	speed: 0.1356s/iter; left time: 2121.4204s
	iters: 200, epoch: 40 | loss: 0.0036368
	speed: 0.0672s/iter; left time: 1044.9618s
Epoch: 40 cost time: 18.02969455718994
Epoch: 40, Steps: 258 | Train Loss: 0.0107289 Vali Loss: 48.1127434 Test Loss: 177.6837616
Validation loss decreased (52.573895 --> 48.112743).  Saving model ...
Updating learning rate to 0.0025
	iters: 100, epoch: 41 | loss: 0.0035422
	speed: 0.1368s/iter; left time: 2104.4061s
	iters: 200, epoch: 41 | loss: 0.0067506
	speed: 0.0651s/iter; left time: 994.3730s
Epoch: 41 cost time: 17.180909633636475
Epoch: 41, Steps: 258 | Train Loss: 0.0108145 Vali Loss: 62.9490471 Test Loss: 172.5423584
EarlyStopping counter: 1 out of 100
Updating learning rate to 0.0025
	iters: 100, epoch: 42 | loss: 0.0051751
	speed: 0.1324s/iter; left time: 2001.8338s
	iters: 200, epoch: 42 | loss: 0.0043343
	speed: 0.0643s/iter; left time: 966.0762s
Epoch: 42 cost time: 17.27346420288086
Epoch: 42, Steps: 258 | Train Loss: 0.0104249 Vali Loss: 60.5321884 Test Loss: 172.7715149
EarlyStopping counter: 2 out of 100
Updating learning rate to 0.0025
	iters: 100, epoch: 43 | loss: 0.0048230
	speed: 0.1367s/iter; left time: 2031.8235s
	iters: 200, epoch: 43 | loss: 0.0047526
	speed: 0.0659s/iter; left time: 972.4990s
Epoch: 43 cost time: 17.787125825881958
Epoch: 43, Steps: 258 | Train Loss: 0.0103550 Vali Loss: 61.6453972 Test Loss: 171.6961365
EarlyStopping counter: 3 out of 100
Updating learning rate to 0.0025
	iters: 100, epoch: 44 | loss: 0.0063596
	speed: 0.1334s/iter; left time: 1948.4510s
	iters: 200, epoch: 44 | loss: 0.0031551
	speed: 0.0664s/iter; left time: 963.6105s
Epoch: 44 cost time: 17.470448970794678
Epoch: 44, Steps: 258 | Train Loss: 0.0108997 Vali Loss: 59.3979378 Test Loss: 167.7028503
EarlyStopping counter: 4 out of 100
Updating learning rate to 0.0025
	iters: 100, epoch: 45 | loss: 0.0037131
	speed: 0.1292s/iter; left time: 1853.2193s
	iters: 200, epoch: 45 | loss: 0.0031308
	speed: 0.0703s/iter; left time: 1002.1359s
Epoch: 45 cost time: 17.427204132080078
Epoch: 45, Steps: 258 | Train Loss: 0.0111939 Vali Loss: 58.4083481 Test Loss: 179.7855225
EarlyStopping counter: 5 out of 100
Updating learning rate to 0.0025
	iters: 100, epoch: 46 | loss: 0.0084532
	speed: 0.1318s/iter; left time: 1857.3000s
	iters: 200, epoch: 46 | loss: 0.0046291
	speed: 0.0712s/iter; left time: 996.4158s
Epoch: 46 cost time: 18.20846962928772
Epoch: 46, Steps: 258 | Train Loss: 0.0111483 Vali Loss: 58.8073273 Test Loss: 181.3677063
EarlyStopping counter: 6 out of 100
Updating learning rate to 0.0025
	iters: 100, epoch: 47 | loss: 0.0072189
	speed: 0.1352s/iter; left time: 1870.7435s
	iters: 200, epoch: 47 | loss: 0.0050086
	speed: 0.0692s/iter; left time: 950.1938s
Epoch: 47 cost time: 17.720500230789185
Epoch: 47, Steps: 258 | Train Loss: 0.0109697 Vali Loss: 57.8297081 Test Loss: 177.9010620
EarlyStopping counter: 7 out of 100
Updating learning rate to 0.0025
	iters: 100, epoch: 48 | loss: 0.0080842
	speed: 0.1335s/iter; left time: 1811.6786s
	iters: 200, epoch: 48 | loss: 0.0024146
	speed: 0.0669s/iter; left time: 902.0887s
Epoch: 48 cost time: 17.635018587112427
Epoch: 48, Steps: 258 | Train Loss: 0.0104206 Vali Loss: 56.4484215 Test Loss: 187.2370300
EarlyStopping counter: 8 out of 100
Updating learning rate to 0.0025
	iters: 100, epoch: 49 | loss: 0.0051366
	speed: 0.1373s/iter; left time: 1828.8585s
	iters: 200, epoch: 49 | loss: 0.0036261
	speed: 0.0682s/iter; left time: 901.8239s
Epoch: 49 cost time: 17.827511072158813
Epoch: 49, Steps: 258 | Train Loss: 0.0113099 Vali Loss: 57.1547203 Test Loss: 175.1576843
EarlyStopping counter: 9 out of 100
Updating learning rate to 0.0025
	iters: 100, epoch: 50 | loss: 0.0052290
	speed: 0.1354s/iter; left time: 1768.0537s
	iters: 200, epoch: 50 | loss: 0.0071662
	speed: 0.0671s/iter; left time: 869.3205s
Epoch: 50 cost time: 17.31442093849182
Epoch: 50, Steps: 258 | Train Loss: 0.0103772 Vali Loss: 58.2415085 Test Loss: 174.1208649
EarlyStopping counter: 10 out of 100
Updating learning rate to 0.0025
	iters: 100, epoch: 51 | loss: 0.0086948
	speed: 0.1362s/iter; left time: 1742.9734s
	iters: 200, epoch: 51 | loss: 0.0060130
	speed: 0.0666s/iter; left time: 845.2695s
Epoch: 51 cost time: 17.77724266052246
Epoch: 51, Steps: 258 | Train Loss: 0.0102585 Vali Loss: 56.4768181 Test Loss: 174.0936127
EarlyStopping counter: 11 out of 100
Updating learning rate to 0.0025
	iters: 100, epoch: 52 | loss: 0.0084052
	speed: 0.1362s/iter; left time: 1708.3871s
	iters: 200, epoch: 52 | loss: 0.0041137
	speed: 0.0664s/iter; left time: 825.9299s
Epoch: 52 cost time: 17.762614727020264
Epoch: 52, Steps: 258 | Train Loss: 0.0112461 Vali Loss: 61.9908295 Test Loss: 182.3829346
EarlyStopping counter: 12 out of 100
Updating learning rate to 0.0025
	iters: 100, epoch: 53 | loss: 0.0361610
	speed: 0.1340s/iter; left time: 1646.7703s
	iters: 200, epoch: 53 | loss: 0.0101926
	speed: 0.0678s/iter; left time: 825.7176s
Epoch: 53 cost time: 17.831698894500732
Epoch: 53, Steps: 258 | Train Loss: 0.0116105 Vali Loss: 59.9790955 Test Loss: 174.5359039
EarlyStopping counter: 13 out of 100
Updating learning rate to 0.0025
	iters: 100, epoch: 54 | loss: 0.0113360
	speed: 0.1347s/iter; left time: 1619.9517s
	iters: 200, epoch: 54 | loss: 0.0048888
	speed: 0.0743s/iter; left time: 886.6250s
Epoch: 54 cost time: 18.578066110610962
Epoch: 54, Steps: 258 | Train Loss: 0.0106907 Vali Loss: 59.5920334 Test Loss: 179.0531616
EarlyStopping counter: 14 out of 100
Updating learning rate to 0.0025
	iters: 100, epoch: 55 | loss: 0.0045106
	speed: 0.1341s/iter; left time: 1577.9582s
	iters: 200, epoch: 55 | loss: 0.0057568
	speed: 0.0710s/iter; left time: 828.5356s
Epoch: 55 cost time: 17.684322357177734
Epoch: 55, Steps: 258 | Train Loss: 0.0108693 Vali Loss: 51.6715736 Test Loss: 177.5163269
EarlyStopping counter: 15 out of 100
Updating learning rate to 0.0025
	iters: 100, epoch: 56 | loss: 0.0082417
	speed: 0.1321s/iter; left time: 1520.2785s
	iters: 200, epoch: 56 | loss: 0.0058043
	speed: 0.0683s/iter; left time: 779.2606s
Epoch: 56 cost time: 17.76578402519226
Epoch: 56, Steps: 258 | Train Loss: 0.0106937 Vali Loss: 55.3567429 Test Loss: 177.5796967
EarlyStopping counter: 16 out of 100
Updating learning rate to 0.0025
	iters: 100, epoch: 57 | loss: 0.0038893
	speed: 0.1326s/iter; left time: 1492.0267s
	iters: 200, epoch: 57 | loss: 0.0593858
	speed: 0.0656s/iter; left time: 731.3880s
Epoch: 57 cost time: 17.9987690448761
Epoch: 57, Steps: 258 | Train Loss: 0.0109287 Vali Loss: 59.6263809 Test Loss: 169.6715088
EarlyStopping counter: 17 out of 100
Updating learning rate to 0.0025
	iters: 100, epoch: 58 | loss: 0.0032800
	speed: 0.1382s/iter; left time: 1519.6937s
	iters: 200, epoch: 58 | loss: 0.0115058
	speed: 0.0647s/iter; left time: 704.5273s
Epoch: 58 cost time: 17.41003680229187
Epoch: 58, Steps: 258 | Train Loss: 0.0103023 Vali Loss: 56.7473488 Test Loss: 172.4216309
EarlyStopping counter: 18 out of 100
Updating learning rate to 0.0025
	iters: 100, epoch: 59 | loss: 0.0044307
	speed: 0.1366s/iter; left time: 1466.1628s
	iters: 200, epoch: 59 | loss: 0.0077360
	speed: 0.0659s/iter; left time: 701.3134s
Epoch: 59 cost time: 17.20980715751648
Epoch: 59, Steps: 258 | Train Loss: 0.0100858 Vali Loss: 56.1408157 Test Loss: 170.1300201
EarlyStopping counter: 19 out of 100
Updating learning rate to 0.0025
	iters: 100, epoch: 60 | loss: 0.0087363
	speed: 0.1346s/iter; left time: 1410.1494s
	iters: 200, epoch: 60 | loss: 0.0051661
	speed: 0.0642s/iter; left time: 666.1638s
Epoch: 60 cost time: 17.44716739654541
Epoch: 60, Steps: 258 | Train Loss: 0.0102909 Vali Loss: 53.2434044 Test Loss: 173.1569214
EarlyStopping counter: 20 out of 100
Updating learning rate to 0.0025
	iters: 100, epoch: 61 | loss: 0.0049791
	speed: 0.1345s/iter; left time: 1374.7813s
	iters: 200, epoch: 61 | loss: 0.0045851
	speed: 0.0660s/iter; left time: 667.8904s
Epoch: 61 cost time: 17.67324995994568
Epoch: 61, Steps: 258 | Train Loss: 0.0097106 Vali Loss: 61.3873253 Test Loss: 173.6652832
EarlyStopping counter: 21 out of 100
Updating learning rate to 0.0025
	iters: 100, epoch: 62 | loss: 0.0043743
	speed: 0.1351s/iter; left time: 1346.0206s
	iters: 200, epoch: 62 | loss: 0.0056509
	speed: 0.0669s/iter; left time: 659.8441s
Epoch: 62 cost time: 17.320930004119873
Epoch: 62, Steps: 258 | Train Loss: 0.0102121 Vali Loss: 58.8839951 Test Loss: 173.1997070
EarlyStopping counter: 22 out of 100
Updating learning rate to 0.0025
	iters: 100, epoch: 63 | loss: 0.0036043
	speed: 0.1280s/iter; left time: 1241.8400s
	iters: 200, epoch: 63 | loss: 0.0069480
	speed: 0.0687s/iter; left time: 659.9735s
Epoch: 63 cost time: 17.466416835784912
Epoch: 63, Steps: 258 | Train Loss: 0.0099922 Vali Loss: 60.6298714 Test Loss: 171.7479095
EarlyStopping counter: 23 out of 100
Updating learning rate to 0.0025
	iters: 100, epoch: 64 | loss: 0.0043924
	speed: 0.1302s/iter; left time: 1229.8929s
	iters: 200, epoch: 64 | loss: 0.0099901
	speed: 0.0687s/iter; left time: 642.1200s
Epoch: 64 cost time: 17.505542039871216
Epoch: 64, Steps: 258 | Train Loss: 0.0109822 Vali Loss: 59.6177559 Test Loss: 175.7061157
EarlyStopping counter: 24 out of 100
Updating learning rate to 0.0025
	iters: 100, epoch: 65 | loss: 0.0062738
	speed: 0.1309s/iter; left time: 1202.8215s
	iters: 200, epoch: 65 | loss: 0.0039711
	speed: 0.0670s/iter; left time: 609.0612s
Epoch: 65 cost time: 17.438809633255005
Epoch: 65, Steps: 258 | Train Loss: 0.0105403 Vali Loss: 61.1233902 Test Loss: 176.0651550
EarlyStopping counter: 25 out of 100
Updating learning rate to 0.0025
	iters: 100, epoch: 66 | loss: 0.0047295
	speed: 0.1351s/iter; left time: 1206.3069s
	iters: 200, epoch: 66 | loss: 0.0027103
	speed: 0.0674s/iter; left time: 595.2650s
Epoch: 66 cost time: 17.709773540496826
Epoch: 66, Steps: 258 | Train Loss: 0.0098817 Vali Loss: 58.2124100 Test Loss: 172.4767914
EarlyStopping counter: 26 out of 100
Updating learning rate to 0.0025
	iters: 100, epoch: 67 | loss: 0.0124523
	speed: 0.1356s/iter; left time: 1176.1696s
	iters: 200, epoch: 67 | loss: 0.0058709
	speed: 0.0663s/iter; left time: 568.2650s
Epoch: 67 cost time: 17.387932777404785
Epoch: 67, Steps: 258 | Train Loss: 0.0108427 Vali Loss: 68.3120041 Test Loss: 181.1841736
EarlyStopping counter: 27 out of 100
Updating learning rate to 0.0025
	iters: 100, epoch: 68 | loss: 0.0034409
	speed: 0.1355s/iter; left time: 1140.2318s
	iters: 200, epoch: 68 | loss: 0.0277944
	speed: 0.0645s/iter; left time: 536.2658s
Epoch: 68 cost time: 17.27993130683899
Epoch: 68, Steps: 258 | Train Loss: 0.0101597 Vali Loss: 58.8606300 Test Loss: 178.2551117
EarlyStopping counter: 28 out of 100
Updating learning rate to 0.0025
	iters: 100, epoch: 69 | loss: 0.0098024
	speed: 0.1331s/iter; left time: 1085.4814s
	iters: 200, epoch: 69 | loss: 0.0639847
	speed: 0.0668s/iter; left time: 537.9789s
Epoch: 69 cost time: 17.847001552581787
Epoch: 69, Steps: 258 | Train Loss: 0.0103712 Vali Loss: 59.5372467 Test Loss: 178.6285706
EarlyStopping counter: 29 out of 100
Updating learning rate to 0.0025
	iters: 100, epoch: 70 | loss: 0.0056981
	speed: 0.1355s/iter; left time: 1070.0420s
	iters: 200, epoch: 70 | loss: 0.0053459
	speed: 0.0660s/iter; left time: 514.8912s
Epoch: 70 cost time: 17.62550377845764
Epoch: 70, Steps: 258 | Train Loss: 0.0100754 Vali Loss: 57.1761894 Test Loss: 173.1086731
EarlyStopping counter: 30 out of 100
Updating learning rate to 0.0025
	iters: 100, epoch: 71 | loss: 0.0056959
	speed: 0.1315s/iter; left time: 1004.8051s
	iters: 200, epoch: 71 | loss: 0.0043423
	speed: 0.0677s/iter; left time: 510.4988s
Epoch: 71 cost time: 17.40825915336609
Epoch: 71, Steps: 258 | Train Loss: 0.0108449 Vali Loss: 68.2584915 Test Loss: 184.3820496
EarlyStopping counter: 31 out of 100
Updating learning rate to 0.0025
	iters: 100, epoch: 72 | loss: 0.0055971
	speed: 0.1309s/iter; left time: 966.3773s
	iters: 200, epoch: 72 | loss: 0.0175253
	speed: 0.0681s/iter; left time: 495.7866s
Epoch: 72 cost time: 17.449734449386597
Epoch: 72, Steps: 258 | Train Loss: 0.0109085 Vali Loss: 61.2907982 Test Loss: 182.7773743
EarlyStopping counter: 32 out of 100
Updating learning rate to 0.0025
	iters: 100, epoch: 73 | loss: 0.0052133
	speed: 0.1306s/iter; left time: 930.2566s
	iters: 200, epoch: 73 | loss: 0.0051321
	speed: 0.0687s/iter; left time: 482.7817s
Epoch: 73 cost time: 17.69299077987671
Epoch: 73, Steps: 258 | Train Loss: 0.0100556 Vali Loss: 60.0435181 Test Loss: 179.0554962
EarlyStopping counter: 33 out of 100
Updating learning rate to 0.0025
	iters: 100, epoch: 74 | loss: 0.0080047
	speed: 0.1337s/iter; left time: 918.3960s
	iters: 200, epoch: 74 | loss: 0.0034153
	speed: 0.0665s/iter; left time: 450.2155s
Epoch: 74 cost time: 17.540849685668945
Epoch: 74, Steps: 258 | Train Loss: 0.0104562 Vali Loss: 72.9775848 Test Loss: 187.3066864
EarlyStopping counter: 34 out of 100
Updating learning rate to 0.0025
	iters: 100, epoch: 75 | loss: 0.0049458
	speed: 0.1341s/iter; left time: 886.5251s
	iters: 200, epoch: 75 | loss: 0.0181107
	speed: 0.0669s/iter; left time: 435.7476s
Epoch: 75 cost time: 17.499845027923584
Epoch: 75, Steps: 258 | Train Loss: 0.0100828 Vali Loss: 60.0312958 Test Loss: 179.3623657
EarlyStopping counter: 35 out of 100
Updating learning rate to 0.0025
	iters: 100, epoch: 76 | loss: 0.0201256
	speed: 0.1357s/iter; left time: 862.0221s
	iters: 200, epoch: 76 | loss: 0.0039848
	speed: 0.0662s/iter; left time: 413.6495s
Epoch: 76 cost time: 17.4483540058136
Epoch: 76, Steps: 258 | Train Loss: 0.0135599 Vali Loss: 58.7772331 Test Loss: 183.1516571
EarlyStopping counter: 36 out of 100
Updating learning rate to 0.0025
	iters: 100, epoch: 77 | loss: 0.0063355
	speed: 0.1357s/iter; left time: 826.9868s
	iters: 200, epoch: 77 | loss: 0.0103929
	speed: 0.0669s/iter; left time: 401.1236s
Epoch: 77 cost time: 17.791369199752808
Epoch: 77, Steps: 258 | Train Loss: 0.0123565 Vali Loss: 61.9208260 Test Loss: 188.0696869
EarlyStopping counter: 37 out of 100
Updating learning rate to 0.0025
	iters: 100, epoch: 78 | loss: 0.0106344
	speed: 0.1343s/iter; left time: 783.5064s
	iters: 200, epoch: 78 | loss: 0.0073976
	speed: 0.0657s/iter; left time: 376.6643s
Epoch: 78 cost time: 17.73391628265381
Epoch: 78, Steps: 258 | Train Loss: 0.0124662 Vali Loss: 67.2434464 Test Loss: 179.0533142
EarlyStopping counter: 38 out of 100
Updating learning rate to 0.0025
	iters: 100, epoch: 79 | loss: 0.1675839
	speed: 0.1314s/iter; left time: 732.6233s
	iters: 200, epoch: 79 | loss: 0.0074088
	speed: 0.0686s/iter; left time: 375.7002s
Epoch: 79 cost time: 17.657941102981567
Epoch: 79, Steps: 258 | Train Loss: 0.0126953 Vali Loss: 56.1433029 Test Loss: 186.6576080
EarlyStopping counter: 39 out of 100
Updating learning rate to 0.0025
	iters: 100, epoch: 80 | loss: 0.0046795
	speed: 0.1331s/iter; left time: 708.0111s
	iters: 200, epoch: 80 | loss: 0.0085160
	speed: 0.0712s/iter; left time: 371.6632s
Epoch: 80 cost time: 17.85284996032715
Epoch: 80, Steps: 258 | Train Loss: 0.0120978 Vali Loss: 60.3125076 Test Loss: 188.9909668
EarlyStopping counter: 40 out of 100
Updating learning rate to 0.0025
	iters: 100, epoch: 81 | loss: 0.0070646
	speed: 0.1320s/iter; left time: 667.8097s
	iters: 200, epoch: 81 | loss: 0.0037983
	speed: 0.0708s/iter; left time: 351.2502s
Epoch: 81 cost time: 18.003502368927002
Epoch: 81, Steps: 258 | Train Loss: 0.0115274 Vali Loss: 58.4354820 Test Loss: 186.9018707
EarlyStopping counter: 41 out of 100
Updating learning rate to 0.0025
	iters: 100, epoch: 82 | loss: 0.0072091
	speed: 0.1330s/iter; left time: 638.9586s
	iters: 200, epoch: 82 | loss: 0.0049917
	speed: 0.0673s/iter; left time: 316.3015s
Epoch: 82 cost time: 17.867189168930054
Epoch: 82, Steps: 258 | Train Loss: 0.0113925 Vali Loss: 61.6829529 Test Loss: 183.5017548
EarlyStopping counter: 42 out of 100
Updating learning rate to 0.0025
	iters: 100, epoch: 83 | loss: 0.0052255
	speed: 0.1358s/iter; left time: 617.2678s
	iters: 200, epoch: 83 | loss: 0.0048302
	speed: 0.0664s/iter; left time: 295.0417s
Epoch: 83 cost time: 17.587684631347656
Epoch: 83, Steps: 258 | Train Loss: 0.0120567 Vali Loss: 63.1795235 Test Loss: 187.1230316
EarlyStopping counter: 43 out of 100
Updating learning rate to 0.0025
	iters: 100, epoch: 84 | loss: 0.0052021
	speed: 0.1334s/iter; left time: 571.8441s
	iters: 200, epoch: 84 | loss: 0.0064446
	speed: 0.0657s/iter; left time: 275.2396s
Epoch: 84 cost time: 17.181915760040283
Epoch: 84, Steps: 258 | Train Loss: 0.0112274 Vali Loss: 67.6865463 Test Loss: 188.7495117
EarlyStopping counter: 44 out of 100
Updating learning rate to 0.0025
	iters: 100, epoch: 85 | loss: 0.0034647
	speed: 0.1349s/iter; left time: 543.6590s
	iters: 200, epoch: 85 | loss: 0.0139712
	speed: 0.0647s/iter; left time: 254.3605s
Epoch: 85 cost time: 17.563976287841797
Epoch: 85, Steps: 258 | Train Loss: 0.0112339 Vali Loss: 58.1783333 Test Loss: 190.8892517
EarlyStopping counter: 45 out of 100
Updating learning rate to 0.0025
	iters: 100, epoch: 86 | loss: 0.0041508
	speed: 0.1343s/iter; left time: 506.4506s
	iters: 200, epoch: 86 | loss: 0.0071984
	speed: 0.0653s/iter; left time: 239.8689s
Epoch: 86 cost time: 17.70681881904602
Epoch: 86, Steps: 258 | Train Loss: 0.0110404 Vali Loss: 58.9090347 Test Loss: 178.2304382
EarlyStopping counter: 46 out of 100
Updating learning rate to 0.0025
	iters: 100, epoch: 87 | loss: 0.0067557
	speed: 0.1318s/iter; left time: 463.1054s
	iters: 200, epoch: 87 | loss: 0.0047149
	speed: 0.0693s/iter; left time: 236.3868s
Epoch: 87 cost time: 17.79073405265808
Epoch: 87, Steps: 258 | Train Loss: 0.0104878 Vali Loss: 66.2349548 Test Loss: 177.5004883
EarlyStopping counter: 47 out of 100
Updating learning rate to 0.0025
	iters: 100, epoch: 88 | loss: 0.0038720
	speed: 0.1306s/iter; left time: 425.1762s
	iters: 200, epoch: 88 | loss: 0.0070611
	speed: 0.0702s/iter; left time: 221.4639s
Epoch: 88 cost time: 17.54950213432312
Epoch: 88, Steps: 258 | Train Loss: 0.0108944 Vali Loss: 60.1532745 Test Loss: 172.2832336
EarlyStopping counter: 48 out of 100
Updating learning rate to 0.0025
	iters: 100, epoch: 89 | loss: 0.0065113
	speed: 0.1290s/iter; left time: 386.5367s
	iters: 200, epoch: 89 | loss: 0.0074735
	speed: 0.0678s/iter; left time: 196.3662s
Epoch: 89 cost time: 17.486570835113525
Epoch: 89, Steps: 258 | Train Loss: 0.0117319 Vali Loss: 57.8813553 Test Loss: 177.9954834
EarlyStopping counter: 49 out of 100
Updating learning rate to 0.0025
	iters: 100, epoch: 90 | loss: 0.0131161
	speed: 0.1336s/iter; left time: 365.9547s
	iters: 200, epoch: 90 | loss: 0.0074492
	speed: 0.0658s/iter; left time: 173.6156s
Epoch: 90 cost time: 17.819990873336792
Epoch: 90, Steps: 258 | Train Loss: 0.0112366 Vali Loss: 56.7406044 Test Loss: 183.0857086
EarlyStopping counter: 50 out of 100
Updating learning rate to 0.0025
	iters: 100, epoch: 91 | loss: 0.0034947
	speed: 0.1365s/iter; left time: 338.5606s
	iters: 200, epoch: 91 | loss: 0.0035634
	speed: 0.0676s/iter; left time: 160.9039s
Epoch: 91 cost time: 17.826775789260864
Epoch: 91, Steps: 258 | Train Loss: 0.0112468 Vali Loss: 57.8127098 Test Loss: 174.4216156
EarlyStopping counter: 51 out of 100
Updating learning rate to 0.0025
	iters: 100, epoch: 92 | loss: 0.0049203
	speed: 0.1350s/iter; left time: 300.1873s
	iters: 200, epoch: 92 | loss: 0.0072595
	speed: 0.0660s/iter; left time: 140.0543s
Epoch: 92 cost time: 17.43330216407776
Epoch: 92, Steps: 258 | Train Loss: 0.0105882 Vali Loss: 58.6722450 Test Loss: 179.7142029
EarlyStopping counter: 52 out of 100
Updating learning rate to 0.0025
	iters: 100, epoch: 93 | loss: 0.0086551
	speed: 0.1368s/iter; left time: 268.7430s
	iters: 200, epoch: 93 | loss: 0.0063185
	speed: 0.0671s/iter; left time: 125.1337s
Epoch: 93 cost time: 17.83322286605835
Epoch: 93, Steps: 258 | Train Loss: 0.0110963 Vali Loss: 55.4884644 Test Loss: 178.6839142
EarlyStopping counter: 53 out of 100
Updating learning rate to 0.0025
	iters: 100, epoch: 94 | loss: 0.0129759
	speed: 0.1378s/iter; left time: 235.1765s
	iters: 200, epoch: 94 | loss: 0.0041411
	speed: 0.0672s/iter; left time: 107.9686s
Epoch: 94 cost time: 17.79460859298706
Epoch: 94, Steps: 258 | Train Loss: 0.0122261 Vali Loss: 60.1874657 Test Loss: 176.6656342
EarlyStopping counter: 54 out of 100
Updating learning rate to 0.0025
	iters: 100, epoch: 95 | loss: 0.0047296
	speed: 0.1361s/iter; left time: 197.1480s
	iters: 200, epoch: 95 | loss: 0.0042849
	speed: 0.0655s/iter; left time: 88.3312s
Epoch: 95 cost time: 17.753002882003784
Epoch: 95, Steps: 258 | Train Loss: 0.0110746 Vali Loss: 67.1264343 Test Loss: 173.3939514
EarlyStopping counter: 55 out of 100
Updating learning rate to 0.0025
	iters: 100, epoch: 96 | loss: 0.0068256
	speed: 0.1329s/iter; left time: 158.2935s
	iters: 200, epoch: 96 | loss: 0.0075744
	speed: 0.0762s/iter; left time: 83.1110s
Epoch: 96 cost time: 18.55272650718689
Epoch: 96, Steps: 258 | Train Loss: 0.0109501 Vali Loss: 57.8731117 Test Loss: 169.2587738
EarlyStopping counter: 56 out of 100
Updating learning rate to 0.0025
	iters: 100, epoch: 97 | loss: 0.0095770
	speed: 0.1334s/iter; left time: 124.4285s
	iters: 200, epoch: 97 | loss: 0.0094332
	speed: 0.0645s/iter; left time: 53.7519s
Epoch: 97 cost time: 17.751909017562866
Epoch: 97, Steps: 258 | Train Loss: 0.0108918 Vali Loss: 58.6671104 Test Loss: 173.3593750
EarlyStopping counter: 57 out of 100
Updating learning rate to 0.0025
	iters: 100, epoch: 98 | loss: 0.0040323
	speed: 0.1377s/iter; left time: 92.9574s
	iters: 200, epoch: 98 | loss: 0.0065957
	speed: 0.0651s/iter; left time: 37.4521s
Epoch: 98 cost time: 17.68767285346985
Epoch: 98, Steps: 258 | Train Loss: 0.0106477 Vali Loss: 54.4623146 Test Loss: 174.8183136
EarlyStopping counter: 58 out of 100
Updating learning rate to 0.0025
	iters: 100, epoch: 99 | loss: 0.0125210
	speed: 0.1385s/iter; left time: 57.7524s
	iters: 200, epoch: 99 | loss: 0.0050349
	speed: 0.0673s/iter; left time: 21.3258s
Epoch: 99 cost time: 17.517310619354248
Epoch: 99, Steps: 258 | Train Loss: 0.0104582 Vali Loss: 62.0346413 Test Loss: 176.6096802
EarlyStopping counter: 59 out of 100
Updating learning rate to 0.0025
	iters: 100, epoch: 100 | loss: 0.0048427
	speed: 0.1344s/iter; left time: 21.3668s
	iters: 200, epoch: 100 | loss: 0.0055921
	speed: 0.0646s/iter; left time: 3.8137s
Epoch: 100 cost time: 17.19223713874817
Epoch: 100, Steps: 258 | Train Loss: 0.0107837 Vali Loss: 57.6675797 Test Loss: 177.8491058
EarlyStopping counter: 60 out of 100
Updating learning rate to 0.0025
>>>>>>>testing : 84_7_PatchTST_custom_ftM_sl84_ll48_pl7_dm16_nh4_el3_dl1_df128_fc1_ebtimeF_dtTrue_Exp_0<<<<<<<<<<<<<<<<<<<<<<<<<<<<<<<<<
test 1201
mse:177.6837615966797, mae:3.9577839374542236, rse:0.2198481410741806
