Args in experiment:
Namespace(random_seed=2024, is_training=1, model_id='60_10', model='PatchTST', data='custom', root_path='./dataset/', data_path='haar_lv4.csv', features='M', target='Target', freq='h', checkpoints='./checkpoints/', seq_len=60, label_len=48, pred_len=10, fc_dropout=0.2, head_dropout=0.0, patch_len=5, stride=2, padding_patch='end', revin=1, affine=0, subtract_last=0, decomposition=0, kernel_size=25, individual=0, embed_type=0, enc_in=7, dec_in=7, c_out=7, d_model=16, n_heads=4, e_layers=3, d_layers=1, d_ff=128, moving_avg=25, factor=1, distil=True, dropout=0.2, embed='timeF', activation='gelu', output_attention=False, do_predict=False, num_workers=10, itr=1, train_epochs=100, batch_size=16, patience=100, learning_rate=0.0025, des='Exp', loss='mse', lradj='constant', pct_start=0.3, use_amp=False, use_gpu=False, gpu=0, use_multi_gpu=False, devices='0,1,2,3', test_flop=False)
Use CPU
>>>>>>>start training : 60_10_PatchTST_custom_ftM_sl60_ll48_pl10_dm16_nh4_el3_dl1_df128_fc1_ebtimeF_dtTrue_Exp_0>>>>>>>>>>>>>>>>>>>>>>>>>>
train 4156
val 596
test 1198
	iters: 100, epoch: 1 | loss: 0.6539662
	speed: 0.0929s/iter; left time: 2397.0751s
	iters: 200, epoch: 1 | loss: 0.5305927
	speed: 0.0991s/iter; left time: 2545.8130s
Epoch: 1 cost time: 24.67953372001648
Epoch: 1, Steps: 259 | Train Loss: 0.6413423 Vali Loss: 0.6095005 Test Loss: 1.8879180
Validation loss decreased (inf --> 0.609501).  Saving model ...
Updating learning rate to 0.0025
	iters: 100, epoch: 2 | loss: 0.3961811
	speed: 0.1797s/iter; left time: 4589.7629s
	iters: 200, epoch: 2 | loss: 0.2962514
	speed: 0.0974s/iter; left time: 2478.4736s
Epoch: 2 cost time: 24.790920972824097
Epoch: 2, Steps: 259 | Train Loss: 0.4192513 Vali Loss: 0.4654652 Test Loss: 1.4564481
Validation loss decreased (0.609501 --> 0.465465).  Saving model ...
Updating learning rate to 0.0025
	iters: 100, epoch: 3 | loss: 0.3447826
	speed: 0.1769s/iter; left time: 4472.0648s
	iters: 200, epoch: 3 | loss: 0.5595881
	speed: 0.0974s/iter; left time: 2453.8034s
Epoch: 3 cost time: 24.319421768188477
Epoch: 3, Steps: 259 | Train Loss: 0.3662404 Vali Loss: 0.4375253 Test Loss: 1.3806940
Validation loss decreased (0.465465 --> 0.437525).  Saving model ...
Updating learning rate to 0.0025
	iters: 100, epoch: 4 | loss: 0.2679437
	speed: 0.1813s/iter; left time: 4536.3091s
	iters: 200, epoch: 4 | loss: 0.3968551
	speed: 0.0952s/iter; left time: 2372.8151s
Epoch: 4 cost time: 24.479145765304565
Epoch: 4, Steps: 259 | Train Loss: 0.3439679 Vali Loss: 0.4056944 Test Loss: 1.3014866
Validation loss decreased (0.437525 --> 0.405694).  Saving model ...
Updating learning rate to 0.0025
	iters: 100, epoch: 5 | loss: 0.3906434
	speed: 0.1772s/iter; left time: 4387.8209s
	iters: 200, epoch: 5 | loss: 0.5382765
	speed: 0.0972s/iter; left time: 2398.1823s
Epoch: 5 cost time: 24.286731243133545
Epoch: 5, Steps: 259 | Train Loss: 0.3382950 Vali Loss: 0.3847601 Test Loss: 1.2683053
Validation loss decreased (0.405694 --> 0.384760).  Saving model ...
Updating learning rate to 0.0025
	iters: 100, epoch: 6 | loss: 0.2859814
	speed: 0.1760s/iter; left time: 4313.6783s
	iters: 200, epoch: 6 | loss: 0.3968976
	speed: 0.0931s/iter; left time: 2271.2729s
Epoch: 6 cost time: 24.222593784332275
Epoch: 6, Steps: 259 | Train Loss: 0.3283456 Vali Loss: 0.4002995 Test Loss: 1.3043897
EarlyStopping counter: 1 out of 100
Updating learning rate to 0.0025
	iters: 100, epoch: 7 | loss: 0.2554811
	speed: 0.1917s/iter; left time: 4647.4182s
	iters: 200, epoch: 7 | loss: 0.2900440
	speed: 0.0985s/iter; left time: 2377.9938s
Epoch: 7 cost time: 25.352914094924927
Epoch: 7, Steps: 259 | Train Loss: 0.3204188 Vali Loss: 0.3847011 Test Loss: 1.2531632
Validation loss decreased (0.384760 --> 0.384701).  Saving model ...
Updating learning rate to 0.0025
	iters: 100, epoch: 8 | loss: 0.2748681
	speed: 0.1788s/iter; left time: 4289.5734s
	iters: 200, epoch: 8 | loss: 0.3132033
	speed: 0.0977s/iter; left time: 2333.3231s
Epoch: 8 cost time: 24.67053246498108
Epoch: 8, Steps: 259 | Train Loss: 0.3156131 Vali Loss: 0.3855040 Test Loss: 1.2255759
EarlyStopping counter: 1 out of 100
Updating learning rate to 0.0025
	iters: 100, epoch: 9 | loss: 0.3048748
	speed: 0.1811s/iter; left time: 4296.4068s
	iters: 200, epoch: 9 | loss: 0.3842288
	speed: 0.0949s/iter; left time: 2243.1962s
Epoch: 9 cost time: 24.275956869125366
Epoch: 9, Steps: 259 | Train Loss: 0.3145080 Vali Loss: 0.3863675 Test Loss: 1.2373079
EarlyStopping counter: 2 out of 100
Updating learning rate to 0.0025
	iters: 100, epoch: 10 | loss: 0.2782102
	speed: 0.1799s/iter; left time: 4223.3789s
	iters: 200, epoch: 10 | loss: 0.4603866
	speed: 0.0941s/iter; left time: 2198.4100s
Epoch: 10 cost time: 24.563410997390747
Epoch: 10, Steps: 259 | Train Loss: 0.3076950 Vali Loss: 0.3658404 Test Loss: 1.1988000
Validation loss decreased (0.384701 --> 0.365840).  Saving model ...
Updating learning rate to 0.0025
	iters: 100, epoch: 11 | loss: 0.5603453
	speed: 0.1829s/iter; left time: 4246.4198s
	iters: 200, epoch: 11 | loss: 0.2241163
	speed: 0.0921s/iter; left time: 2128.6538s
Epoch: 11 cost time: 24.282549142837524
Epoch: 11, Steps: 259 | Train Loss: 0.3024923 Vali Loss: 0.3582915 Test Loss: 1.1797634
Validation loss decreased (0.365840 --> 0.358292).  Saving model ...
Updating learning rate to 0.0025
	iters: 100, epoch: 12 | loss: 0.4057972
	speed: 0.1846s/iter; left time: 4236.2528s
	iters: 200, epoch: 12 | loss: 0.2477453
	speed: 0.0952s/iter; left time: 2176.5030s
Epoch: 12 cost time: 24.655794143676758
Epoch: 12, Steps: 259 | Train Loss: 0.2991727 Vali Loss: 0.3409870 Test Loss: 1.1772085
Validation loss decreased (0.358292 --> 0.340987).  Saving model ...
Updating learning rate to 0.0025
	iters: 100, epoch: 13 | loss: 0.2403482
	speed: 0.1804s/iter; left time: 4093.5613s
	iters: 200, epoch: 13 | loss: 0.3521111
	speed: 0.0945s/iter; left time: 2134.5020s
Epoch: 13 cost time: 24.353339195251465
Epoch: 13, Steps: 259 | Train Loss: 0.2973740 Vali Loss: 0.3381601 Test Loss: 1.1887783
Validation loss decreased (0.340987 --> 0.338160).  Saving model ...
Updating learning rate to 0.0025
	iters: 100, epoch: 14 | loss: 0.1585042
	speed: 0.1873s/iter; left time: 4202.7218s
	iters: 200, epoch: 14 | loss: 0.3940868
	speed: 0.0927s/iter; left time: 2070.7719s
Epoch: 14 cost time: 24.615911722183228
Epoch: 14, Steps: 259 | Train Loss: 0.2922674 Vali Loss: 0.3428912 Test Loss: 1.2205571
EarlyStopping counter: 1 out of 100
Updating learning rate to 0.0025
	iters: 100, epoch: 15 | loss: 0.4017960
	speed: 0.1830s/iter; left time: 4057.1856s
	iters: 200, epoch: 15 | loss: 0.2042569
	speed: 0.0920s/iter; left time: 2031.2979s
Epoch: 15 cost time: 24.332515716552734
Epoch: 15, Steps: 259 | Train Loss: 0.2932059 Vali Loss: 0.3311864 Test Loss: 1.1666584
Validation loss decreased (0.338160 --> 0.331186).  Saving model ...
Updating learning rate to 0.0025
	iters: 100, epoch: 16 | loss: 0.1808731
	speed: 0.1844s/iter; left time: 4041.8743s
	iters: 200, epoch: 16 | loss: 0.4357702
	speed: 0.0899s/iter; left time: 1960.2113s
Epoch: 16 cost time: 24.13787603378296
Epoch: 16, Steps: 259 | Train Loss: 0.2861430 Vali Loss: 0.3273643 Test Loss: 1.1444174
Validation loss decreased (0.331186 --> 0.327364).  Saving model ...
Updating learning rate to 0.0025
	iters: 100, epoch: 17 | loss: 0.2874303
	speed: 0.1796s/iter; left time: 3889.0734s
	iters: 200, epoch: 17 | loss: 0.2287640
	speed: 0.0912s/iter; left time: 1965.1980s
Epoch: 17 cost time: 24.131421327590942
Epoch: 17, Steps: 259 | Train Loss: 0.2862667 Vali Loss: 0.3307687 Test Loss: 1.1013678
EarlyStopping counter: 1 out of 100
Updating learning rate to 0.0025
	iters: 100, epoch: 18 | loss: 0.2758409
	speed: 0.1812s/iter; left time: 3876.2603s
	iters: 200, epoch: 18 | loss: 0.3184690
	speed: 0.0898s/iter; left time: 1913.0822s
Epoch: 18 cost time: 24.099121809005737
Epoch: 18, Steps: 259 | Train Loss: 0.2820085 Vali Loss: 0.3339870 Test Loss: 1.1076272
EarlyStopping counter: 2 out of 100
Updating learning rate to 0.0025
	iters: 100, epoch: 19 | loss: 0.2575824
	speed: 0.1846s/iter; left time: 3902.3943s
	iters: 200, epoch: 19 | loss: 0.1844614
	speed: 0.0910s/iter; left time: 1914.7455s
Epoch: 19 cost time: 24.22176694869995
Epoch: 19, Steps: 259 | Train Loss: 0.2807446 Vali Loss: 0.3254356 Test Loss: 1.1506090
Validation loss decreased (0.327364 --> 0.325436).  Saving model ...
Updating learning rate to 0.0025
	iters: 100, epoch: 20 | loss: 0.2621231
	speed: 0.1793s/iter; left time: 3743.8520s
	iters: 200, epoch: 20 | loss: 0.2344190
	speed: 0.0880s/iter; left time: 1828.3028s
Epoch: 20 cost time: 23.409454345703125
Epoch: 20, Steps: 259 | Train Loss: 0.2791396 Vali Loss: 0.3243998 Test Loss: 1.1158510
Validation loss decreased (0.325436 --> 0.324400).  Saving model ...
Updating learning rate to 0.0025
	iters: 100, epoch: 21 | loss: 0.2171131
	speed: 0.1756s/iter; left time: 3620.1071s
	iters: 200, epoch: 21 | loss: 0.1963582
	speed: 0.0894s/iter; left time: 1835.4283s
Epoch: 21 cost time: 23.204833269119263
Epoch: 21, Steps: 259 | Train Loss: 0.2770781 Vali Loss: 0.3368802 Test Loss: 1.1638622
EarlyStopping counter: 1 out of 100
Updating learning rate to 0.0025
	iters: 100, epoch: 22 | loss: 0.2090039
	speed: 0.1728s/iter; left time: 3519.3555s
	iters: 200, epoch: 22 | loss: 0.2192467
	speed: 0.0888s/iter; left time: 1799.0507s
Epoch: 22 cost time: 23.303875207901
Epoch: 22, Steps: 259 | Train Loss: 0.2731808 Vali Loss: 0.3302810 Test Loss: 1.0842580
EarlyStopping counter: 2 out of 100
Updating learning rate to 0.0025
	iters: 100, epoch: 23 | loss: 0.2041846
	speed: 0.1750s/iter; left time: 3517.7756s
	iters: 200, epoch: 23 | loss: 0.2833964
	speed: 0.0922s/iter; left time: 1844.7411s
Epoch: 23 cost time: 23.543181657791138
Epoch: 23, Steps: 259 | Train Loss: 0.2708828 Vali Loss: 0.3094087 Test Loss: 1.0806257
Validation loss decreased (0.324400 --> 0.309409).  Saving model ...
Updating learning rate to 0.0025
	iters: 100, epoch: 24 | loss: 0.2822718
	speed: 0.1773s/iter; left time: 3519.0059s
	iters: 200, epoch: 24 | loss: 0.4394100
	speed: 0.0921s/iter; left time: 1818.4142s
Epoch: 24 cost time: 24.286768436431885
Epoch: 24, Steps: 259 | Train Loss: 0.2712612 Vali Loss: 0.3263421 Test Loss: 1.1041145
EarlyStopping counter: 1 out of 100
Updating learning rate to 0.0025
	iters: 100, epoch: 25 | loss: 0.1410550
	speed: 0.1825s/iter; left time: 3575.1648s
	iters: 200, epoch: 25 | loss: 0.3004672
	speed: 0.0917s/iter; left time: 1787.3728s
Epoch: 25 cost time: 24.25409770011902
Epoch: 25, Steps: 259 | Train Loss: 0.2689511 Vali Loss: 0.3331282 Test Loss: 1.0900391
EarlyStopping counter: 2 out of 100
Updating learning rate to 0.0025
	iters: 100, epoch: 26 | loss: 0.3757211
	speed: 0.1834s/iter; left time: 3543.8709s
	iters: 200, epoch: 26 | loss: 0.2380751
	speed: 0.0932s/iter; left time: 1792.7423s
Epoch: 26 cost time: 24.610883712768555
Epoch: 26, Steps: 259 | Train Loss: 0.2670721 Vali Loss: 0.3105368 Test Loss: 1.0543318
EarlyStopping counter: 3 out of 100
Updating learning rate to 0.0025
	iters: 100, epoch: 27 | loss: 0.2762674
	speed: 0.1835s/iter; left time: 3498.9813s
	iters: 200, epoch: 27 | loss: 0.1969911
	speed: 0.0934s/iter; left time: 1770.6419s
Epoch: 27 cost time: 24.31291627883911
Epoch: 27, Steps: 259 | Train Loss: 0.2675969 Vali Loss: 0.3174706 Test Loss: 1.0394965
EarlyStopping counter: 4 out of 100
Updating learning rate to 0.0025
	iters: 100, epoch: 28 | loss: 0.2209295
	speed: 0.1799s/iter; left time: 3383.5965s
	iters: 200, epoch: 28 | loss: 0.1853534
	speed: 0.0910s/iter; left time: 1701.8372s
Epoch: 28 cost time: 24.36611008644104
Epoch: 28, Steps: 259 | Train Loss: 0.2653526 Vali Loss: 0.3198031 Test Loss: 1.0303818
EarlyStopping counter: 5 out of 100
Updating learning rate to 0.0025
	iters: 100, epoch: 29 | loss: 0.2504306
	speed: 0.1856s/iter; left time: 3441.9499s
	iters: 200, epoch: 29 | loss: 0.1978275
	speed: 0.0905s/iter; left time: 1668.8551s
Epoch: 29 cost time: 24.4033682346344
Epoch: 29, Steps: 259 | Train Loss: 0.2644954 Vali Loss: 0.3090509 Test Loss: 1.0279562
Validation loss decreased (0.309409 --> 0.309051).  Saving model ...
Updating learning rate to 0.0025
	iters: 100, epoch: 30 | loss: 0.4100658
	speed: 0.1816s/iter; left time: 3321.5026s
	iters: 200, epoch: 30 | loss: 0.1542488
	speed: 0.0909s/iter; left time: 1653.7057s
Epoch: 30 cost time: 24.138266801834106
Epoch: 30, Steps: 259 | Train Loss: 0.2684584 Vali Loss: 0.3070109 Test Loss: 1.0553517
Validation loss decreased (0.309051 --> 0.307011).  Saving model ...
Updating learning rate to 0.0025
	iters: 100, epoch: 31 | loss: 0.1864276
	speed: 0.1814s/iter; left time: 3271.4987s
	iters: 200, epoch: 31 | loss: 0.2470573
	speed: 0.0909s/iter; left time: 1630.5437s
Epoch: 31 cost time: 24.307780265808105
Epoch: 31, Steps: 259 | Train Loss: 0.2626324 Vali Loss: 0.3014984 Test Loss: 1.0334704
Validation loss decreased (0.307011 --> 0.301498).  Saving model ...
Updating learning rate to 0.0025
	iters: 100, epoch: 32 | loss: 0.1667367
	speed: 0.1882s/iter; left time: 3344.5562s
	iters: 200, epoch: 32 | loss: 0.6638219
	speed: 0.0941s/iter; left time: 1663.6933s
Epoch: 32 cost time: 25.167219877243042
Epoch: 32, Steps: 259 | Train Loss: 0.2584189 Vali Loss: 0.2963907 Test Loss: 1.0151533
Validation loss decreased (0.301498 --> 0.296391).  Saving model ...
Updating learning rate to 0.0025
	iters: 100, epoch: 33 | loss: 0.2615938
	speed: 0.1836s/iter; left time: 3215.3963s
	iters: 200, epoch: 33 | loss: 0.4273495
	speed: 0.0908s/iter; left time: 1581.0254s
Epoch: 33 cost time: 24.124446392059326
Epoch: 33, Steps: 259 | Train Loss: 0.2588576 Vali Loss: 0.3038661 Test Loss: 1.0184596
EarlyStopping counter: 1 out of 100
Updating learning rate to 0.0025
	iters: 100, epoch: 34 | loss: 0.3281433
	speed: 0.1864s/iter; left time: 3215.8368s
	iters: 200, epoch: 34 | loss: 0.2504986
	speed: 0.0924s/iter; left time: 1585.2732s
Epoch: 34 cost time: 24.26622223854065
Epoch: 34, Steps: 259 | Train Loss: 0.2563040 Vali Loss: 0.3087337 Test Loss: 0.9819999
EarlyStopping counter: 2 out of 100
Updating learning rate to 0.0025
	iters: 100, epoch: 35 | loss: 0.2928752
	speed: 0.1825s/iter; left time: 3101.1544s
	iters: 200, epoch: 35 | loss: 0.1743240
	speed: 0.0923s/iter; left time: 1559.8533s
Epoch: 35 cost time: 23.922263145446777
Epoch: 35, Steps: 259 | Train Loss: 0.2590745 Vali Loss: 0.3498115 Test Loss: 1.1504642
EarlyStopping counter: 3 out of 100
Updating learning rate to 0.0025
	iters: 100, epoch: 36 | loss: 0.1924484
	speed: 0.1863s/iter; left time: 3117.1120s
	iters: 200, epoch: 36 | loss: 0.2431001
	speed: 0.0901s/iter; left time: 1498.8561s
Epoch: 36 cost time: 24.349685668945312
Epoch: 36, Steps: 259 | Train Loss: 0.2571419 Vali Loss: 0.3050253 Test Loss: 1.0085299
EarlyStopping counter: 4 out of 100
Updating learning rate to 0.0025
	iters: 100, epoch: 37 | loss: 0.1506594
	speed: 0.1807s/iter; left time: 2976.6750s
	iters: 200, epoch: 37 | loss: 0.1736873
	speed: 0.0904s/iter; left time: 1480.9997s
Epoch: 37 cost time: 23.60133194923401
Epoch: 37, Steps: 259 | Train Loss: 0.2597733 Vali Loss: 0.3148175 Test Loss: 1.0430452
EarlyStopping counter: 5 out of 100
Updating learning rate to 0.0025
	iters: 100, epoch: 38 | loss: 0.2501676
	speed: 0.1804s/iter; left time: 2925.3741s
	iters: 200, epoch: 38 | loss: 0.2854255
	speed: 0.0918s/iter; left time: 1479.8235s
Epoch: 38 cost time: 23.92298173904419
Epoch: 38, Steps: 259 | Train Loss: 0.2578081 Vali Loss: 0.3200409 Test Loss: 1.0496502
EarlyStopping counter: 6 out of 100
Updating learning rate to 0.0025
	iters: 100, epoch: 39 | loss: 0.2498447
	speed: 0.1805s/iter; left time: 2881.2086s
	iters: 200, epoch: 39 | loss: 0.2904867
	speed: 0.0881s/iter; left time: 1397.0306s
Epoch: 39 cost time: 23.541959285736084
Epoch: 39, Steps: 259 | Train Loss: 0.2543232 Vali Loss: 0.3165499 Test Loss: 1.0026376
EarlyStopping counter: 7 out of 100
Updating learning rate to 0.0025
	iters: 100, epoch: 40 | loss: 0.2204338
	speed: 0.1823s/iter; left time: 2861.9883s
	iters: 200, epoch: 40 | loss: 0.2883483
	speed: 0.0926s/iter; left time: 1444.0185s
Epoch: 40 cost time: 24.010982513427734
Epoch: 40, Steps: 259 | Train Loss: 0.2566160 Vali Loss: 0.3110267 Test Loss: 0.9844009
EarlyStopping counter: 8 out of 100
Updating learning rate to 0.0025
	iters: 100, epoch: 41 | loss: 0.2892195
	speed: 0.1797s/iter; left time: 2774.2126s
	iters: 200, epoch: 41 | loss: 0.2174475
	speed: 0.0929s/iter; left time: 1424.4720s
Epoch: 41 cost time: 24.09017586708069
Epoch: 41, Steps: 259 | Train Loss: 0.2532369 Vali Loss: 0.3172565 Test Loss: 1.0190790
EarlyStopping counter: 9 out of 100
Updating learning rate to 0.0025
	iters: 100, epoch: 42 | loss: 0.2447353
	speed: 0.1842s/iter; left time: 2796.1588s
	iters: 200, epoch: 42 | loss: 0.2402214
	speed: 0.0920s/iter; left time: 1387.3188s
Epoch: 42 cost time: 23.864961862564087
Epoch: 42, Steps: 259 | Train Loss: 0.2508249 Vali Loss: 0.3082742 Test Loss: 0.9525894
EarlyStopping counter: 10 out of 100
Updating learning rate to 0.0025
	iters: 100, epoch: 43 | loss: 0.1663795
	speed: 0.1824s/iter; left time: 2721.6121s
	iters: 200, epoch: 43 | loss: 0.3931336
	speed: 0.0928s/iter; left time: 1374.9537s
Epoch: 43 cost time: 24.457681894302368
Epoch: 43, Steps: 259 | Train Loss: 0.2517550 Vali Loss: 0.3264300 Test Loss: 1.0334680
EarlyStopping counter: 11 out of 100
Updating learning rate to 0.0025
	iters: 100, epoch: 44 | loss: 0.1896867
	speed: 0.1829s/iter; left time: 2681.7157s
	iters: 200, epoch: 44 | loss: 0.2036289
	speed: 0.0934s/iter; left time: 1360.0861s
Epoch: 44 cost time: 24.521400213241577
Epoch: 44, Steps: 259 | Train Loss: 0.2539811 Vali Loss: 0.3065187 Test Loss: 1.0205576
EarlyStopping counter: 12 out of 100
Updating learning rate to 0.0025
	iters: 100, epoch: 45 | loss: 0.3020304
	speed: 0.1877s/iter; left time: 2704.2294s
	iters: 200, epoch: 45 | loss: 0.1544759
	speed: 0.0921s/iter; left time: 1318.0187s
Epoch: 45 cost time: 25.046159029006958
Epoch: 45, Steps: 259 | Train Loss: 0.2508380 Vali Loss: 0.3094395 Test Loss: 0.9808651
EarlyStopping counter: 13 out of 100
Updating learning rate to 0.0025
	iters: 100, epoch: 46 | loss: 0.3492542
	speed: 0.1845s/iter; left time: 2610.1274s
	iters: 200, epoch: 46 | loss: 0.2074900
	speed: 0.0922s/iter; left time: 1295.4003s
Epoch: 46 cost time: 24.209868669509888
Epoch: 46, Steps: 259 | Train Loss: 0.2528295 Vali Loss: 0.3077785 Test Loss: 0.9973364
EarlyStopping counter: 14 out of 100
Updating learning rate to 0.0025
	iters: 100, epoch: 47 | loss: 0.1956505
	speed: 0.1822s/iter; left time: 2530.2191s
	iters: 200, epoch: 47 | loss: 0.3220188
	speed: 0.0898s/iter; left time: 1238.3215s
Epoch: 47 cost time: 24.243789196014404
Epoch: 47, Steps: 259 | Train Loss: 0.2494642 Vali Loss: 0.3075308 Test Loss: 0.9570465
EarlyStopping counter: 15 out of 100
Updating learning rate to 0.0025
	iters: 100, epoch: 48 | loss: 0.2570167
	speed: 0.1841s/iter; left time: 2509.5226s
	iters: 200, epoch: 48 | loss: 0.1869528
	speed: 0.0905s/iter; left time: 1224.6120s
Epoch: 48 cost time: 24.543999671936035
Epoch: 48, Steps: 259 | Train Loss: 0.2518920 Vali Loss: 0.3034713 Test Loss: 0.9750513
EarlyStopping counter: 16 out of 100
Updating learning rate to 0.0025
	iters: 100, epoch: 49 | loss: 0.1588738
	speed: 0.1792s/iter; left time: 2395.8484s
	iters: 200, epoch: 49 | loss: 0.3649977
	speed: 0.0895s/iter; left time: 1187.6612s
Epoch: 49 cost time: 24.108052730560303
Epoch: 49, Steps: 259 | Train Loss: 0.2486010 Vali Loss: 0.3090956 Test Loss: 0.9880668
EarlyStopping counter: 17 out of 100
Updating learning rate to 0.0025
	iters: 100, epoch: 50 | loss: 0.3074192
	speed: 0.1806s/iter; left time: 2368.0625s
	iters: 200, epoch: 50 | loss: 0.2694427
	speed: 0.0899s/iter; left time: 1169.0169s
Epoch: 50 cost time: 23.700401067733765
Epoch: 50, Steps: 259 | Train Loss: 0.2500519 Vali Loss: 0.3111682 Test Loss: 0.9668458
EarlyStopping counter: 18 out of 100
Updating learning rate to 0.0025
	iters: 100, epoch: 51 | loss: 0.2952932
	speed: 0.1804s/iter; left time: 2317.8135s
	iters: 200, epoch: 51 | loss: 0.2555356
	speed: 0.0881s/iter; left time: 1123.3770s
Epoch: 51 cost time: 24.146317720413208
Epoch: 51, Steps: 259 | Train Loss: 0.2478438 Vali Loss: 0.3049479 Test Loss: 0.9650489
EarlyStopping counter: 19 out of 100
Updating learning rate to 0.0025
	iters: 100, epoch: 52 | loss: 0.2969298
	speed: 0.1849s/iter; left time: 2328.3672s
	iters: 200, epoch: 52 | loss: 0.3081793
	speed: 0.0921s/iter; left time: 1151.0536s
Epoch: 52 cost time: 24.105868101119995
Epoch: 52, Steps: 259 | Train Loss: 0.2506600 Vali Loss: 0.3191058 Test Loss: 0.9933713
EarlyStopping counter: 20 out of 100
Updating learning rate to 0.0025
	iters: 100, epoch: 53 | loss: 0.2056893
	speed: 0.1832s/iter; left time: 2259.8000s
	iters: 200, epoch: 53 | loss: 0.2616616
	speed: 0.0913s/iter; left time: 1117.1795s
Epoch: 53 cost time: 24.47235655784607
Epoch: 53, Steps: 259 | Train Loss: 0.2472170 Vali Loss: 0.3125465 Test Loss: 0.9869807
EarlyStopping counter: 21 out of 100
Updating learning rate to 0.0025
	iters: 100, epoch: 54 | loss: 0.1861491
	speed: 0.1835s/iter; left time: 2215.2560s
	iters: 200, epoch: 54 | loss: 0.2551379
	speed: 0.0929s/iter; left time: 1112.5981s
Epoch: 54 cost time: 24.296536445617676
Epoch: 54, Steps: 259 | Train Loss: 0.2470615 Vali Loss: 0.3232264 Test Loss: 1.0115800
EarlyStopping counter: 22 out of 100
Updating learning rate to 0.0025
	iters: 100, epoch: 55 | loss: 0.1870818
	speed: 0.1811s/iter; left time: 2139.8311s
	iters: 200, epoch: 55 | loss: 0.2136304
	speed: 0.0926s/iter; left time: 1085.2259s
Epoch: 55 cost time: 24.081690549850464
Epoch: 55, Steps: 259 | Train Loss: 0.2498535 Vali Loss: 0.2925660 Test Loss: 0.9572457
Validation loss decreased (0.296391 --> 0.292566).  Saving model ...
Updating learning rate to 0.0025
	iters: 100, epoch: 56 | loss: 0.2173383
	speed: 0.1808s/iter; left time: 2089.6209s
	iters: 200, epoch: 56 | loss: 0.2025097
	speed: 0.0921s/iter; left time: 1054.9525s
Epoch: 56 cost time: 23.876555919647217
Epoch: 56, Steps: 259 | Train Loss: 0.2490667 Vali Loss: 0.3000535 Test Loss: 0.9601772
EarlyStopping counter: 1 out of 100
Updating learning rate to 0.0025
	iters: 100, epoch: 57 | loss: 0.1440147
	speed: 0.1827s/iter; left time: 2064.2846s
	iters: 200, epoch: 57 | loss: 0.4082775
	speed: 0.0974s/iter; left time: 1090.0348s
Epoch: 57 cost time: 24.659789323806763
Epoch: 57, Steps: 259 | Train Loss: 0.2463006 Vali Loss: 0.3006053 Test Loss: 0.9635790
EarlyStopping counter: 2 out of 100
Updating learning rate to 0.0025
	iters: 100, epoch: 58 | loss: 0.2291704
	speed: 0.1787s/iter; left time: 1972.3674s
	iters: 200, epoch: 58 | loss: 0.1891627
	speed: 0.0936s/iter; left time: 1023.8827s
Epoch: 58 cost time: 24.407987594604492
Epoch: 58, Steps: 259 | Train Loss: 0.2454987 Vali Loss: 0.2943746 Test Loss: 0.9440973
EarlyStopping counter: 3 out of 100
Updating learning rate to 0.0025
	iters: 100, epoch: 59 | loss: 0.2504900
	speed: 0.1802s/iter; left time: 1942.9147s
	iters: 200, epoch: 59 | loss: 0.2840534
	speed: 0.0975s/iter; left time: 1041.3005s
Epoch: 59 cost time: 24.75892949104309
Epoch: 59, Steps: 259 | Train Loss: 0.2452173 Vali Loss: 0.3045207 Test Loss: 0.9803690
EarlyStopping counter: 4 out of 100
Updating learning rate to 0.0025
	iters: 100, epoch: 60 | loss: 0.2339230
	speed: 0.1811s/iter; left time: 1904.7422s
	iters: 200, epoch: 60 | loss: 0.3967151
	speed: 0.0981s/iter; left time: 1022.7026s
Epoch: 60 cost time: 24.47452425956726
Epoch: 60, Steps: 259 | Train Loss: 0.2492364 Vali Loss: 0.3013553 Test Loss: 0.9410360
EarlyStopping counter: 5 out of 100
Updating learning rate to 0.0025
	iters: 100, epoch: 61 | loss: 0.2023426
	speed: 0.1727s/iter; left time: 1772.4082s
	iters: 200, epoch: 61 | loss: 0.1812153
	speed: 0.0946s/iter; left time: 961.6865s
Epoch: 61 cost time: 23.93694519996643
Epoch: 61, Steps: 259 | Train Loss: 0.2436976 Vali Loss: 0.2988302 Test Loss: 0.9460295
EarlyStopping counter: 6 out of 100
Updating learning rate to 0.0025
	iters: 100, epoch: 62 | loss: 0.4524975
	speed: 0.1745s/iter; left time: 1744.8597s
	iters: 200, epoch: 62 | loss: 0.3299122
	speed: 0.0941s/iter; left time: 931.3235s
Epoch: 62 cost time: 23.83039689064026
Epoch: 62, Steps: 259 | Train Loss: 0.2427531 Vali Loss: 0.3016448 Test Loss: 1.0054868
EarlyStopping counter: 7 out of 100
Updating learning rate to 0.0025
	iters: 100, epoch: 63 | loss: 0.2382267
	speed: 0.1798s/iter; left time: 1751.3120s
	iters: 200, epoch: 63 | loss: 0.2126792
	speed: 0.0926s/iter; left time: 893.0095s
Epoch: 63 cost time: 24.377610206604004
Epoch: 63, Steps: 259 | Train Loss: 0.2455605 Vali Loss: 0.2977242 Test Loss: 0.9721489
EarlyStopping counter: 8 out of 100
Updating learning rate to 0.0025
	iters: 100, epoch: 64 | loss: 0.1880319
	speed: 0.1807s/iter; left time: 1713.4961s
	iters: 200, epoch: 64 | loss: 0.1514704
	speed: 0.0970s/iter; left time: 910.0767s
Epoch: 64 cost time: 24.485752820968628
Epoch: 64, Steps: 259 | Train Loss: 0.2458812 Vali Loss: 0.3035839 Test Loss: 0.9673790
EarlyStopping counter: 9 out of 100
Updating learning rate to 0.0025
	iters: 100, epoch: 65 | loss: 0.2302367
	speed: 0.1813s/iter; left time: 1672.9105s
	iters: 200, epoch: 65 | loss: 0.2508976
	speed: 0.0952s/iter; left time: 868.9183s
Epoch: 65 cost time: 24.318389415740967
Epoch: 65, Steps: 259 | Train Loss: 0.2444742 Vali Loss: 0.3054810 Test Loss: 0.9883637
EarlyStopping counter: 10 out of 100
Updating learning rate to 0.0025
	iters: 100, epoch: 66 | loss: 0.3226197
	speed: 0.1775s/iter; left time: 1591.6663s
	iters: 200, epoch: 66 | loss: 0.1680516
	speed: 0.0931s/iter; left time: 825.7830s
Epoch: 66 cost time: 23.92400074005127
Epoch: 66, Steps: 259 | Train Loss: 0.2415860 Vali Loss: 0.3111521 Test Loss: 0.9986212
EarlyStopping counter: 11 out of 100
Updating learning rate to 0.0025
	iters: 100, epoch: 67 | loss: 0.2673727
	speed: 0.1786s/iter; left time: 1554.7516s
	iters: 200, epoch: 67 | loss: 0.2735964
	speed: 0.0940s/iter; left time: 809.0410s
Epoch: 67 cost time: 24.327543020248413
Epoch: 67, Steps: 259 | Train Loss: 0.2433336 Vali Loss: 0.2922271 Test Loss: 0.9712054
Validation loss decreased (0.292566 --> 0.292227).  Saving model ...
Updating learning rate to 0.0025
	iters: 100, epoch: 68 | loss: 0.1685221
	speed: 0.1829s/iter; left time: 1545.0208s
	iters: 200, epoch: 68 | loss: 0.3215161
	speed: 0.0967s/iter; left time: 807.1935s
Epoch: 68 cost time: 24.522732496261597
Epoch: 68, Steps: 259 | Train Loss: 0.2445704 Vali Loss: 0.3200790 Test Loss: 1.0164287
EarlyStopping counter: 1 out of 100
Updating learning rate to 0.0025
	iters: 100, epoch: 69 | loss: 0.1928685
	speed: 0.1815s/iter; left time: 1486.4024s
	iters: 200, epoch: 69 | loss: 0.3144047
	speed: 0.0956s/iter; left time: 773.5105s
Epoch: 69 cost time: 24.33094358444214
Epoch: 69, Steps: 259 | Train Loss: 0.2441808 Vali Loss: 0.3040386 Test Loss: 1.0028368
EarlyStopping counter: 2 out of 100
Updating learning rate to 0.0025
	iters: 100, epoch: 70 | loss: 0.3172101
	speed: 0.1775s/iter; left time: 1407.5331s
	iters: 200, epoch: 70 | loss: 0.3050483
	speed: 0.0902s/iter; left time: 706.4264s
Epoch: 70 cost time: 23.5660240650177
Epoch: 70, Steps: 259 | Train Loss: 0.2438669 Vali Loss: 0.2941522 Test Loss: 0.9904720
EarlyStopping counter: 3 out of 100
Updating learning rate to 0.0025
	iters: 100, epoch: 71 | loss: 0.3344245
	speed: 0.1746s/iter; left time: 1339.4291s
	iters: 200, epoch: 71 | loss: 0.2393924
	speed: 0.0931s/iter; left time: 705.0502s
Epoch: 71 cost time: 23.814085960388184
Epoch: 71, Steps: 259 | Train Loss: 0.2422727 Vali Loss: 0.3023598 Test Loss: 0.9821204
EarlyStopping counter: 4 out of 100
Updating learning rate to 0.0025
	iters: 100, epoch: 72 | loss: 0.2406442
	speed: 0.1818s/iter; left time: 1347.1900s
	iters: 200, epoch: 72 | loss: 0.2402546
	speed: 0.0963s/iter; left time: 704.1520s
Epoch: 72 cost time: 24.505001544952393
Epoch: 72, Steps: 259 | Train Loss: 0.2419563 Vali Loss: 0.3209835 Test Loss: 1.0022974
EarlyStopping counter: 5 out of 100
Updating learning rate to 0.0025
	iters: 100, epoch: 73 | loss: 0.3354100
	speed: 0.1802s/iter; left time: 1289.3045s
	iters: 200, epoch: 73 | loss: 0.2145007
	speed: 0.0962s/iter; left time: 678.2884s
Epoch: 73 cost time: 24.2833731174469
Epoch: 73, Steps: 259 | Train Loss: 0.2460748 Vali Loss: 0.3009940 Test Loss: 0.9762804
EarlyStopping counter: 6 out of 100
Updating learning rate to 0.0025
	iters: 100, epoch: 74 | loss: 0.2096626
	speed: 0.1820s/iter; left time: 1254.5765s
	iters: 200, epoch: 74 | loss: 0.3375796
	speed: 0.0912s/iter; left time: 619.6950s
Epoch: 74 cost time: 24.349846124649048
Epoch: 74, Steps: 259 | Train Loss: 0.2446757 Vali Loss: 0.2960854 Test Loss: 0.9793211
EarlyStopping counter: 7 out of 100
Updating learning rate to 0.0025
	iters: 100, epoch: 75 | loss: 0.2432337
	speed: 0.1785s/iter; left time: 1184.2343s
	iters: 200, epoch: 75 | loss: 0.4432457
	speed: 0.0920s/iter; left time: 601.1439s
Epoch: 75 cost time: 24.178731441497803
Epoch: 75, Steps: 259 | Train Loss: 0.2416317 Vali Loss: 0.2964562 Test Loss: 0.9328206
EarlyStopping counter: 8 out of 100
Updating learning rate to 0.0025
	iters: 100, epoch: 76 | loss: 0.2021030
	speed: 0.1833s/iter; left time: 1168.5069s
	iters: 200, epoch: 76 | loss: 0.2104980
	speed: 0.0915s/iter; left time: 574.0562s
Epoch: 76 cost time: 24.332173109054565
Epoch: 76, Steps: 259 | Train Loss: 0.2399223 Vali Loss: 0.3062172 Test Loss: 0.9649293
EarlyStopping counter: 9 out of 100
Updating learning rate to 0.0025
	iters: 100, epoch: 77 | loss: 0.1599367
	speed: 0.1817s/iter; left time: 1111.7201s
	iters: 200, epoch: 77 | loss: 0.2436191
	speed: 0.0909s/iter; left time: 546.8054s
Epoch: 77 cost time: 24.096925020217896
Epoch: 77, Steps: 259 | Train Loss: 0.2412684 Vali Loss: 0.3013853 Test Loss: 1.0006505
EarlyStopping counter: 10 out of 100
Updating learning rate to 0.0025
	iters: 100, epoch: 78 | loss: 0.2554331
	speed: 0.1886s/iter; left time: 1104.6807s
	iters: 200, epoch: 78 | loss: 0.2238616
	speed: 0.0904s/iter; left time: 520.6475s
Epoch: 78 cost time: 24.21214270591736
Epoch: 78, Steps: 259 | Train Loss: 0.2432599 Vali Loss: 0.3084693 Test Loss: 0.9835876
EarlyStopping counter: 11 out of 100
Updating learning rate to 0.0025
	iters: 100, epoch: 79 | loss: 0.3498371
	speed: 0.1798s/iter; left time: 1006.7888s
	iters: 200, epoch: 79 | loss: 0.2386674
	speed: 0.0899s/iter; left time: 494.1620s
Epoch: 79 cost time: 24.062493324279785
Epoch: 79, Steps: 259 | Train Loss: 0.2437812 Vali Loss: 0.3159298 Test Loss: 0.9588323
EarlyStopping counter: 12 out of 100
Updating learning rate to 0.0025
	iters: 100, epoch: 80 | loss: 0.1346200
	speed: 0.1828s/iter; left time: 976.0239s
	iters: 200, epoch: 80 | loss: 0.3085536
	speed: 0.0923s/iter; left time: 483.4177s
Epoch: 80 cost time: 24.513856887817383
Epoch: 80, Steps: 259 | Train Loss: 0.2405945 Vali Loss: 0.3009582 Test Loss: 0.9344802
EarlyStopping counter: 13 out of 100
Updating learning rate to 0.0025
	iters: 100, epoch: 81 | loss: 0.1948351
	speed: 0.1835s/iter; left time: 932.3275s
	iters: 200, epoch: 81 | loss: 0.3812878
	speed: 0.0906s/iter; left time: 451.2794s
Epoch: 81 cost time: 24.09038257598877
Epoch: 81, Steps: 259 | Train Loss: 0.2538449 Vali Loss: 0.3010326 Test Loss: 0.9730377
EarlyStopping counter: 14 out of 100
Updating learning rate to 0.0025
	iters: 100, epoch: 82 | loss: 0.3501740
	speed: 0.1820s/iter; left time: 877.6881s
	iters: 200, epoch: 82 | loss: 0.2482392
	speed: 0.0902s/iter; left time: 425.8800s
Epoch: 82 cost time: 24.202149391174316
Epoch: 82, Steps: 259 | Train Loss: 0.2415366 Vali Loss: 0.3051486 Test Loss: 0.9621989
EarlyStopping counter: 15 out of 100
Updating learning rate to 0.0025
	iters: 100, epoch: 83 | loss: 0.2416428
	speed: 0.1818s/iter; left time: 829.5272s
	iters: 200, epoch: 83 | loss: 0.1749966
	speed: 0.0927s/iter; left time: 413.5347s
Epoch: 83 cost time: 24.29771375656128
Epoch: 83, Steps: 259 | Train Loss: 0.2400758 Vali Loss: 0.2999711 Test Loss: 0.9739191
EarlyStopping counter: 16 out of 100
Updating learning rate to 0.0025
	iters: 100, epoch: 84 | loss: 0.2349073
	speed: 0.1823s/iter; left time: 784.4554s
	iters: 200, epoch: 84 | loss: 0.1701893
	speed: 0.0915s/iter; left time: 384.5774s
Epoch: 84 cost time: 24.116382122039795
Epoch: 84, Steps: 259 | Train Loss: 0.2410530 Vali Loss: 0.3275495 Test Loss: 1.0615833
EarlyStopping counter: 17 out of 100
Updating learning rate to 0.0025
	iters: 100, epoch: 85 | loss: 0.1922337
	speed: 0.1808s/iter; left time: 731.1650s
	iters: 200, epoch: 85 | loss: 0.1670135
	speed: 0.0912s/iter; left time: 359.6513s
Epoch: 85 cost time: 24.291657209396362
Epoch: 85, Steps: 259 | Train Loss: 0.2406228 Vali Loss: 0.2891732 Test Loss: 0.9317864
Validation loss decreased (0.292227 --> 0.289173).  Saving model ...
Updating learning rate to 0.0025
	iters: 100, epoch: 86 | loss: 0.2699630
	speed: 0.1844s/iter; left time: 697.9859s
	iters: 200, epoch: 86 | loss: 0.2271375
	speed: 0.0915s/iter; left time: 337.1482s
Epoch: 86 cost time: 24.408886194229126
Epoch: 86, Steps: 259 | Train Loss: 0.2417946 Vali Loss: 0.2912082 Test Loss: 0.9527951
EarlyStopping counter: 1 out of 100
Updating learning rate to 0.0025
	iters: 100, epoch: 87 | loss: 0.2720370
	speed: 0.1821s/iter; left time: 642.4014s
	iters: 200, epoch: 87 | loss: 0.3767125
	speed: 0.0880s/iter; left time: 301.4302s
Epoch: 87 cost time: 23.948392629623413
Epoch: 87, Steps: 259 | Train Loss: 0.2427247 Vali Loss: 0.2889623 Test Loss: 0.9503972
Validation loss decreased (0.289173 --> 0.288962).  Saving model ...
Updating learning rate to 0.0025
	iters: 100, epoch: 88 | loss: 0.2051453
	speed: 0.1804s/iter; left time: 589.4054s
	iters: 200, epoch: 88 | loss: 0.2292401
	speed: 0.0894s/iter; left time: 283.1286s
Epoch: 88 cost time: 23.919410467147827
Epoch: 88, Steps: 259 | Train Loss: 0.2378370 Vali Loss: 0.2906148 Test Loss: 0.9647926
EarlyStopping counter: 1 out of 100
Updating learning rate to 0.0025
	iters: 100, epoch: 89 | loss: 0.2081719
	speed: 0.1828s/iter; left time: 550.1624s
	iters: 200, epoch: 89 | loss: 0.1514334
	speed: 0.0909s/iter; left time: 264.2918s
Epoch: 89 cost time: 24.37043285369873
Epoch: 89, Steps: 259 | Train Loss: 0.2394190 Vali Loss: 0.2972277 Test Loss: 0.9674999
EarlyStopping counter: 2 out of 100
Updating learning rate to 0.0025
	iters: 100, epoch: 90 | loss: 0.3755816
	speed: 0.1865s/iter; left time: 512.9829s
	iters: 200, epoch: 90 | loss: 0.5839164
	speed: 0.0896s/iter; left time: 237.4683s
Epoch: 90 cost time: 24.611098527908325
Epoch: 90, Steps: 259 | Train Loss: 0.2388897 Vali Loss: 0.2895277 Test Loss: 0.9678054
EarlyStopping counter: 3 out of 100
Updating learning rate to 0.0025
	iters: 100, epoch: 91 | loss: 0.1897159
	speed: 0.1792s/iter; left time: 446.2900s
	iters: 200, epoch: 91 | loss: 0.2023631
	speed: 0.0892s/iter; left time: 213.3015s
Epoch: 91 cost time: 23.83286190032959
Epoch: 91, Steps: 259 | Train Loss: 0.2415969 Vali Loss: 0.2865696 Test Loss: 0.9539688
Validation loss decreased (0.288962 --> 0.286570).  Saving model ...
Updating learning rate to 0.0025
	iters: 100, epoch: 92 | loss: 0.2790456
	speed: 0.1884s/iter; left time: 420.4411s
	iters: 200, epoch: 92 | loss: 0.1173716
	speed: 0.0898s/iter; left time: 191.5101s
Epoch: 92 cost time: 24.482556581497192
Epoch: 92, Steps: 259 | Train Loss: 0.2405048 Vali Loss: 0.2889543 Test Loss: 0.9697734
EarlyStopping counter: 1 out of 100
Updating learning rate to 0.0025
	iters: 100, epoch: 93 | loss: 0.1961310
	speed: 0.1868s/iter; left time: 368.4687s
	iters: 200, epoch: 93 | loss: 0.3331227
	speed: 0.0901s/iter; left time: 168.8461s
Epoch: 93 cost time: 24.55358648300171
Epoch: 93, Steps: 259 | Train Loss: 0.2366379 Vali Loss: 0.2909318 Test Loss: 0.9445279
EarlyStopping counter: 2 out of 100
Updating learning rate to 0.0025
	iters: 100, epoch: 94 | loss: 0.1843819
	speed: 0.1798s/iter; left time: 308.1870s
	iters: 200, epoch: 94 | loss: 0.3186164
	speed: 0.0902s/iter; left time: 145.5905s
Epoch: 94 cost time: 23.543136835098267
Epoch: 94, Steps: 259 | Train Loss: 0.2385442 Vali Loss: 0.2931381 Test Loss: 0.9889942
EarlyStopping counter: 3 out of 100
Updating learning rate to 0.0025
	iters: 100, epoch: 95 | loss: 0.2380502
	speed: 0.1813s/iter; left time: 263.8263s
	iters: 200, epoch: 95 | loss: 0.1520595
	speed: 0.0933s/iter; left time: 126.4764s
Epoch: 95 cost time: 24.59972047805786
Epoch: 95, Steps: 259 | Train Loss: 0.2374534 Vali Loss: 0.3023606 Test Loss: 0.9621523
EarlyStopping counter: 4 out of 100
Updating learning rate to 0.0025
	iters: 100, epoch: 96 | loss: 0.2161683
	speed: 0.1833s/iter; left time: 219.2564s
	iters: 200, epoch: 96 | loss: 0.1668107
	speed: 0.0889s/iter; left time: 97.4004s
Epoch: 96 cost time: 23.760871410369873
Epoch: 96, Steps: 259 | Train Loss: 0.2404115 Vali Loss: 0.2917439 Test Loss: 0.9826457
EarlyStopping counter: 5 out of 100
Updating learning rate to 0.0025
	iters: 100, epoch: 97 | loss: 0.2606890
	speed: 0.1808s/iter; left time: 169.4468s
	iters: 200, epoch: 97 | loss: 0.0886012
	speed: 0.0908s/iter; left time: 75.9967s
Epoch: 97 cost time: 24.10444402694702
Epoch: 97, Steps: 259 | Train Loss: 0.2403512 Vali Loss: 0.2968045 Test Loss: 0.9589376
EarlyStopping counter: 6 out of 100
Updating learning rate to 0.0025
	iters: 100, epoch: 98 | loss: 0.1955145
	speed: 0.1882s/iter; left time: 127.5807s
	iters: 200, epoch: 98 | loss: 0.2455668
	speed: 0.0905s/iter; left time: 52.2829s
Epoch: 98 cost time: 24.4972562789917
Epoch: 98, Steps: 259 | Train Loss: 0.2397528 Vali Loss: 0.2951311 Test Loss: 0.9675295
EarlyStopping counter: 7 out of 100
Updating learning rate to 0.0025
	iters: 100, epoch: 99 | loss: 0.4208719
	speed: 0.1832s/iter; left time: 76.7744s
	iters: 200, epoch: 99 | loss: 0.1991068
	speed: 0.0917s/iter; left time: 29.2425s
Epoch: 99 cost time: 24.312121868133545
Epoch: 99, Steps: 259 | Train Loss: 0.2368755 Vali Loss: 0.2884073 Test Loss: 0.9768450
EarlyStopping counter: 8 out of 100
Updating learning rate to 0.0025
	iters: 100, epoch: 100 | loss: 0.3734292
	speed: 0.1863s/iter; left time: 29.8138s
	iters: 200, epoch: 100 | loss: 0.2393610
	speed: 0.0928s/iter; left time: 5.5694s
Epoch: 100 cost time: 24.823503017425537
Epoch: 100, Steps: 259 | Train Loss: 0.2367154 Vali Loss: 0.2917960 Test Loss: 0.9931437
EarlyStopping counter: 9 out of 100
Updating learning rate to 0.0025
>>>>>>>testing : 60_10_PatchTST_custom_ftM_sl60_ll48_pl10_dm16_nh4_el3_dl1_df128_fc1_ebtimeF_dtTrue_Exp_0<<<<<<<<<<<<<<<<<<<<<<<<<<<<<<<<<
test 1198
mse:0.9539688229560852, mae:0.47394096851348877, rse:0.25250038504600525
