Args in experiment:
Namespace(random_seed=2024, is_training=1, model_id='84_28', model='PatchTST', data='custom', root_path='./dataset/', data_path='sym_lv3.csv', features='M', target='Target', freq='h', checkpoints='./checkpoints/', seq_len=84, label_len=48, pred_len=28, fc_dropout=0.2, head_dropout=0.0, patch_len=30, stride=2, padding_patch='end', revin=1, affine=0, subtract_last=0, decomposition=0, kernel_size=25, individual=0, embed_type=0, enc_in=6, dec_in=7, c_out=7, d_model=16, n_heads=4, e_layers=3, d_layers=1, d_ff=128, moving_avg=25, factor=1, distil=True, dropout=0.2, embed='timeF', activation='gelu', output_attention=False, do_predict=False, num_workers=10, itr=1, train_epochs=100, batch_size=16, patience=100, learning_rate=0.0025, des='Exp', loss='mse', lradj='constant', pct_start=0.3, use_amp=False, use_gpu=False, gpu=0, use_multi_gpu=False, devices='0,1,2,3', test_flop=False)
Use CPU
>>>>>>>start training : 84_28_PatchTST_custom_ftM_sl84_ll48_pl28_dm16_nh4_el3_dl1_df128_fc1_ebtimeF_dtTrue_Exp_0>>>>>>>>>>>>>>>>>>>>>>>>>>
train 4114
val 578
test 1180
	iters: 100, epoch: 1 | loss: 0.0484201
	speed: 0.0812s/iter; left time: 2078.9784s
	iters: 200, epoch: 1 | loss: 0.0332892
	speed: 0.0766s/iter; left time: 1952.8162s
Epoch: 1 cost time: 20.290246963500977
Epoch: 1, Steps: 257 | Train Loss: 0.0674257 Vali Loss: 190.8733673 Test Loss: 964.9071045
Validation loss decreased (inf --> 190.873367).  Saving model ...
Updating learning rate to 0.0025
	iters: 100, epoch: 2 | loss: 0.0460511
	speed: 0.1543s/iter; left time: 3910.9193s
	iters: 200, epoch: 2 | loss: 0.0131377
	speed: 0.0757s/iter; left time: 1911.2072s
Epoch: 2 cost time: 19.918987274169922
Epoch: 2, Steps: 257 | Train Loss: 0.0443576 Vali Loss: 143.4044647 Test Loss: 765.4965210
Validation loss decreased (190.873367 --> 143.404465).  Saving model ...
Updating learning rate to 0.0025
	iters: 100, epoch: 3 | loss: 0.0221868
	speed: 0.1540s/iter; left time: 3864.2237s
	iters: 200, epoch: 3 | loss: 0.0134919
	speed: 0.0735s/iter; left time: 1836.4042s
Epoch: 3 cost time: 20.24231195449829
Epoch: 3, Steps: 257 | Train Loss: 0.0400513 Vali Loss: 162.5292511 Test Loss: 791.2402954
EarlyStopping counter: 1 out of 100
Updating learning rate to 0.0025
	iters: 100, epoch: 4 | loss: 0.0103283
	speed: 0.1519s/iter; left time: 3770.7783s
	iters: 200, epoch: 4 | loss: 0.2255668
	speed: 0.0781s/iter; left time: 1930.8300s
Epoch: 4 cost time: 20.264344930648804
Epoch: 4, Steps: 257 | Train Loss: 0.0400218 Vali Loss: 163.2220459 Test Loss: 885.3901978
EarlyStopping counter: 2 out of 100
Updating learning rate to 0.0025
	iters: 100, epoch: 5 | loss: 0.0058989
	speed: 0.1541s/iter; left time: 3786.0586s
	iters: 200, epoch: 5 | loss: 0.0074031
	speed: 0.0790s/iter; left time: 1933.2985s
Epoch: 5 cost time: 20.62868642807007
Epoch: 5, Steps: 257 | Train Loss: 0.0345660 Vali Loss: 130.5964203 Test Loss: 777.0996094
Validation loss decreased (143.404465 --> 130.596420).  Saving model ...
Updating learning rate to 0.0025
	iters: 100, epoch: 6 | loss: 0.0141282
	speed: 0.1540s/iter; left time: 3745.6663s
	iters: 200, epoch: 6 | loss: 0.0200150
	speed: 0.0802s/iter; left time: 1942.3327s
Epoch: 6 cost time: 20.43230175971985
Epoch: 6, Steps: 257 | Train Loss: 0.0362849 Vali Loss: 202.5268402 Test Loss: 1097.6594238
EarlyStopping counter: 1 out of 100
Updating learning rate to 0.0025
	iters: 100, epoch: 7 | loss: 0.1140652
	speed: 0.1522s/iter; left time: 3662.3555s
	iters: 200, epoch: 7 | loss: 0.0119105
	speed: 0.0792s/iter; left time: 1898.6724s
Epoch: 7 cost time: 20.41494846343994
Epoch: 7, Steps: 257 | Train Loss: 0.0357789 Vali Loss: 143.8302612 Test Loss: 849.9497070
EarlyStopping counter: 2 out of 100
Updating learning rate to 0.0025
	iters: 100, epoch: 8 | loss: 0.0051709
	speed: 0.1549s/iter; left time: 3686.1526s
	iters: 200, epoch: 8 | loss: 0.0123128
	speed: 0.0789s/iter; left time: 1870.5462s
Epoch: 8 cost time: 20.74678087234497
Epoch: 8, Steps: 257 | Train Loss: 0.0334917 Vali Loss: 132.0697937 Test Loss: 743.3561401
EarlyStopping counter: 3 out of 100
Updating learning rate to 0.0025
	iters: 100, epoch: 9 | loss: 0.0490013
	speed: 0.1489s/iter; left time: 3506.2781s
	iters: 200, epoch: 9 | loss: 0.0106324
	speed: 0.0756s/iter; left time: 1772.9998s
Epoch: 9 cost time: 19.996333360671997
Epoch: 9, Steps: 257 | Train Loss: 0.0319346 Vali Loss: 161.2992249 Test Loss: 955.3524170
EarlyStopping counter: 4 out of 100
Updating learning rate to 0.0025
	iters: 100, epoch: 10 | loss: 0.0247613
	speed: 0.1554s/iter; left time: 3618.3880s
	iters: 200, epoch: 10 | loss: 0.0098220
	speed: 0.0730s/iter; left time: 1691.5879s
Epoch: 10 cost time: 20.31243634223938
Epoch: 10, Steps: 257 | Train Loss: 0.0315654 Vali Loss: 134.7190399 Test Loss: 805.0864868
EarlyStopping counter: 5 out of 100
Updating learning rate to 0.0025
	iters: 100, epoch: 11 | loss: 0.0357471
	speed: 0.1552s/iter; left time: 3574.2649s
	iters: 200, epoch: 11 | loss: 0.0101493
	speed: 0.0767s/iter; left time: 1758.4715s
Epoch: 11 cost time: 19.780048370361328
Epoch: 11, Steps: 257 | Train Loss: 0.0334172 Vali Loss: 148.4952087 Test Loss: 793.1670532
EarlyStopping counter: 6 out of 100
Updating learning rate to 0.0025
	iters: 100, epoch: 12 | loss: 0.0075505
	speed: 0.1517s/iter; left time: 3455.5351s
	iters: 200, epoch: 12 | loss: 0.0086138
	speed: 0.0794s/iter; left time: 1800.2713s
Epoch: 12 cost time: 20.282068967819214
Epoch: 12, Steps: 257 | Train Loss: 0.0317703 Vali Loss: 127.2606506 Test Loss: 739.4862061
Validation loss decreased (130.596420 --> 127.260651).  Saving model ...
Updating learning rate to 0.0025
	iters: 100, epoch: 13 | loss: 0.0148368
	speed: 0.1476s/iter; left time: 3323.0333s
	iters: 200, epoch: 13 | loss: 0.0202493
	speed: 0.0803s/iter; left time: 1799.3188s
Epoch: 13 cost time: 20.289592027664185
Epoch: 13, Steps: 257 | Train Loss: 0.0281136 Vali Loss: 151.2150726 Test Loss: 822.4340820
EarlyStopping counter: 1 out of 100
Updating learning rate to 0.0025
	iters: 100, epoch: 14 | loss: 0.0116530
	speed: 0.1543s/iter; left time: 3435.3145s
	iters: 200, epoch: 14 | loss: 0.0104755
	speed: 0.0747s/iter; left time: 1655.7163s
Epoch: 14 cost time: 19.98386812210083
Epoch: 14, Steps: 257 | Train Loss: 0.0237917 Vali Loss: 133.8125305 Test Loss: 782.5791626
EarlyStopping counter: 2 out of 100
Updating learning rate to 0.0025
	iters: 100, epoch: 15 | loss: 0.0168745
	speed: 0.1520s/iter; left time: 3343.6837s
	iters: 200, epoch: 15 | loss: 0.0119911
	speed: 0.0739s/iter; left time: 1618.0308s
Epoch: 15 cost time: 19.823272705078125
Epoch: 15, Steps: 257 | Train Loss: 0.0234741 Vali Loss: 137.8870087 Test Loss: 796.7467041
EarlyStopping counter: 3 out of 100
Updating learning rate to 0.0025
	iters: 100, epoch: 16 | loss: 0.0357218
	speed: 0.1504s/iter; left time: 3270.3729s
	iters: 200, epoch: 16 | loss: 0.0178566
	speed: 0.0800s/iter; left time: 1731.8393s
Epoch: 16 cost time: 20.22766089439392
Epoch: 16, Steps: 257 | Train Loss: 0.0247960 Vali Loss: 136.9800415 Test Loss: 751.6835938
EarlyStopping counter: 4 out of 100
Updating learning rate to 0.0025
	iters: 100, epoch: 17 | loss: 0.0126879
	speed: 0.1513s/iter; left time: 3250.4030s
	iters: 200, epoch: 17 | loss: 0.0111386
	speed: 0.0763s/iter; left time: 1631.5812s
Epoch: 17 cost time: 20.067437171936035
Epoch: 17, Steps: 257 | Train Loss: 0.0226998 Vali Loss: 128.2973175 Test Loss: 754.3521118
EarlyStopping counter: 5 out of 100
Updating learning rate to 0.0025
	iters: 100, epoch: 18 | loss: 0.0096694
	speed: 0.1517s/iter; left time: 3220.3216s
	iters: 200, epoch: 18 | loss: 0.0156809
	speed: 0.0797s/iter; left time: 1684.2736s
Epoch: 18 cost time: 20.30210828781128
Epoch: 18, Steps: 257 | Train Loss: 0.0225122 Vali Loss: 131.1737213 Test Loss: 754.6611328
EarlyStopping counter: 6 out of 100
Updating learning rate to 0.0025
	iters: 100, epoch: 19 | loss: 0.0100495
	speed: 0.1514s/iter; left time: 3175.2141s
	iters: 200, epoch: 19 | loss: 0.0238530
	speed: 0.0772s/iter; left time: 1612.3646s
Epoch: 19 cost time: 20.29962182044983
Epoch: 19, Steps: 257 | Train Loss: 0.0225354 Vali Loss: 129.2900696 Test Loss: 745.0398560
EarlyStopping counter: 7 out of 100
Updating learning rate to 0.0025
	iters: 100, epoch: 20 | loss: 0.0138129
	speed: 0.1511s/iter; left time: 3130.8062s
	iters: 200, epoch: 20 | loss: 0.0143196
	speed: 0.0797s/iter; left time: 1642.4450s
Epoch: 20 cost time: 20.152462005615234
Epoch: 20, Steps: 257 | Train Loss: 0.0196550 Vali Loss: 127.2564697 Test Loss: 761.8553467
Validation loss decreased (127.260651 --> 127.256470).  Saving model ...
Updating learning rate to 0.0025
	iters: 100, epoch: 21 | loss: 0.0210938
	speed: 0.1539s/iter; left time: 3148.7390s
	iters: 200, epoch: 21 | loss: 0.0245671
	speed: 0.0757s/iter; left time: 1541.1907s
Epoch: 21 cost time: 20.430578231811523
Epoch: 21, Steps: 257 | Train Loss: 0.0205151 Vali Loss: 126.8029633 Test Loss: 749.9644165
Validation loss decreased (127.256470 --> 126.802963).  Saving model ...
Updating learning rate to 0.0025
	iters: 100, epoch: 22 | loss: 0.0125112
	speed: 0.1559s/iter; left time: 3149.9377s
	iters: 200, epoch: 22 | loss: 0.0127586
	speed: 0.0751s/iter; left time: 1509.3233s
Epoch: 22 cost time: 20.003685235977173
Epoch: 22, Steps: 257 | Train Loss: 0.0197152 Vali Loss: 132.2732239 Test Loss: 779.2835693
EarlyStopping counter: 1 out of 100
Updating learning rate to 0.0025
	iters: 100, epoch: 23 | loss: 0.0176183
	speed: 0.1521s/iter; left time: 3034.2637s
	iters: 200, epoch: 23 | loss: 0.0415861
	speed: 0.0757s/iter; left time: 1503.1989s
Epoch: 23 cost time: 20.114274263381958
Epoch: 23, Steps: 257 | Train Loss: 0.0210126 Vali Loss: 127.4148636 Test Loss: 724.3945923
EarlyStopping counter: 2 out of 100
Updating learning rate to 0.0025
	iters: 100, epoch: 24 | loss: 0.0199066
	speed: 0.1500s/iter; left time: 2953.6282s
	iters: 200, epoch: 24 | loss: 0.0576216
	speed: 0.0761s/iter; left time: 1491.7495s
Epoch: 24 cost time: 20.171910762786865
Epoch: 24, Steps: 257 | Train Loss: 0.0225864 Vali Loss: 127.9199753 Test Loss: 713.4824829
EarlyStopping counter: 3 out of 100
Updating learning rate to 0.0025
	iters: 100, epoch: 25 | loss: 0.0068550
	speed: 0.1550s/iter; left time: 3012.5348s
	iters: 200, epoch: 25 | loss: 0.0110542
	speed: 0.0809s/iter; left time: 1563.1988s
Epoch: 25 cost time: 20.321744203567505
Epoch: 25, Steps: 257 | Train Loss: 0.0230841 Vali Loss: 136.0957947 Test Loss: 754.6347046
EarlyStopping counter: 4 out of 100
Updating learning rate to 0.0025
	iters: 100, epoch: 26 | loss: 0.0060561
	speed: 0.1484s/iter; left time: 2844.8662s
	iters: 200, epoch: 26 | loss: 0.0090295
	speed: 0.0796s/iter; left time: 1517.9321s
Epoch: 26 cost time: 20.063713788986206
Epoch: 26, Steps: 257 | Train Loss: 0.0253126 Vali Loss: 133.8027954 Test Loss: 796.6109009
EarlyStopping counter: 5 out of 100
Updating learning rate to 0.0025
	iters: 100, epoch: 27 | loss: 0.0150385
	speed: 0.1508s/iter; left time: 2852.8465s
	iters: 200, epoch: 27 | loss: 0.0178377
	speed: 0.0774s/iter; left time: 1456.1348s
Epoch: 27 cost time: 20.176039457321167
Epoch: 27, Steps: 257 | Train Loss: 0.0307202 Vali Loss: 131.8123169 Test Loss: 788.6934814
EarlyStopping counter: 6 out of 100
Updating learning rate to 0.0025
	iters: 100, epoch: 28 | loss: 0.0119719
	speed: 0.1512s/iter; left time: 2822.0693s
	iters: 200, epoch: 28 | loss: 0.0033530
	speed: 0.0746s/iter; left time: 1385.2555s
Epoch: 28 cost time: 19.92586398124695
Epoch: 28, Steps: 257 | Train Loss: 0.0205527 Vali Loss: 136.0433044 Test Loss: 783.5856934
EarlyStopping counter: 7 out of 100
Updating learning rate to 0.0025
	iters: 100, epoch: 29 | loss: 0.0067987
	speed: 0.1524s/iter; left time: 2805.4406s
	iters: 200, epoch: 29 | loss: 0.0239192
	speed: 0.0765s/iter; left time: 1400.2026s
Epoch: 29 cost time: 20.07932424545288
Epoch: 29, Steps: 257 | Train Loss: 0.0197225 Vali Loss: 126.5344543 Test Loss: 733.7723389
Validation loss decreased (126.802963 --> 126.534454).  Saving model ...
Updating learning rate to 0.0025
	iters: 100, epoch: 30 | loss: 0.0091645
	speed: 0.1508s/iter; left time: 2736.7974s
	iters: 200, epoch: 30 | loss: 0.0124456
	speed: 0.0787s/iter; left time: 1420.4792s
Epoch: 30 cost time: 20.378147840499878
Epoch: 30, Steps: 257 | Train Loss: 0.0189140 Vali Loss: 124.1737900 Test Loss: 758.4455566
Validation loss decreased (126.534454 --> 124.173790).  Saving model ...
Updating learning rate to 0.0025
	iters: 100, epoch: 31 | loss: 0.0204747
	speed: 0.1511s/iter; left time: 2703.2529s
	iters: 200, epoch: 31 | loss: 0.0152965
	speed: 0.0770s/iter; left time: 1370.3245s
Epoch: 31 cost time: 19.878307580947876
Epoch: 31, Steps: 257 | Train Loss: 0.0193866 Vali Loss: 130.7256775 Test Loss: 756.0745239
EarlyStopping counter: 1 out of 100
Updating learning rate to 0.0025
	iters: 100, epoch: 32 | loss: 0.0086383
	speed: 0.1494s/iter; left time: 2634.9154s
	iters: 200, epoch: 32 | loss: 0.0076736
	speed: 0.0795s/iter; left time: 1393.1031s
Epoch: 32 cost time: 20.02745032310486
Epoch: 32, Steps: 257 | Train Loss: 0.0185660 Vali Loss: 127.7474670 Test Loss: 737.2493286
EarlyStopping counter: 2 out of 100
Updating learning rate to 0.0025
	iters: 100, epoch: 33 | loss: 0.0116256
	speed: 0.1471s/iter; left time: 2556.4024s
	iters: 200, epoch: 33 | loss: 0.0542790
	speed: 0.0780s/iter; left time: 1347.4696s
Epoch: 33 cost time: 20.018866539001465
Epoch: 33, Steps: 257 | Train Loss: 0.0196562 Vali Loss: 157.1433716 Test Loss: 796.1492310
EarlyStopping counter: 3 out of 100
Updating learning rate to 0.0025
	iters: 100, epoch: 34 | loss: 0.0099012
	speed: 0.1499s/iter; left time: 2566.4559s
	iters: 200, epoch: 34 | loss: 0.0531002
	speed: 0.0796s/iter; left time: 1354.3472s
Epoch: 34 cost time: 20.002876043319702
Epoch: 34, Steps: 257 | Train Loss: 0.0197893 Vali Loss: 145.5772095 Test Loss: 839.3851929
EarlyStopping counter: 4 out of 100
Updating learning rate to 0.0025
	iters: 100, epoch: 35 | loss: 0.0090146
	speed: 0.1522s/iter; left time: 2567.3812s
	iters: 200, epoch: 35 | loss: 0.0380173
	speed: 0.0755s/iter; left time: 1265.3047s
Epoch: 35 cost time: 20.262820720672607
Epoch: 35, Steps: 257 | Train Loss: 0.0245783 Vali Loss: 166.7404022 Test Loss: 827.1185303
EarlyStopping counter: 5 out of 100
Updating learning rate to 0.0025
	iters: 100, epoch: 36 | loss: 0.0735572
	speed: 0.1537s/iter; left time: 2552.2769s
	iters: 200, epoch: 36 | loss: 0.0132623
	speed: 0.0752s/iter; left time: 1241.4594s
Epoch: 36 cost time: 20.094881057739258
Epoch: 36, Steps: 257 | Train Loss: 0.0227327 Vali Loss: 137.8715668 Test Loss: 735.0874634
EarlyStopping counter: 6 out of 100
Updating learning rate to 0.0025
	iters: 100, epoch: 37 | loss: 0.0321434
	speed: 0.1529s/iter; left time: 2500.3238s
	iters: 200, epoch: 37 | loss: 0.0246372
	speed: 0.0760s/iter; left time: 1235.1468s
Epoch: 37 cost time: 20.160563707351685
Epoch: 37, Steps: 257 | Train Loss: 0.0207990 Vali Loss: 132.8482208 Test Loss: 729.4578247
EarlyStopping counter: 7 out of 100
Updating learning rate to 0.0025
	iters: 100, epoch: 38 | loss: 0.0088533
	speed: 0.1533s/iter; left time: 2467.3554s
	iters: 200, epoch: 38 | loss: 0.0275541
	speed: 0.0767s/iter; left time: 1227.1992s
Epoch: 38 cost time: 20.26794171333313
Epoch: 38, Steps: 257 | Train Loss: 0.0211590 Vali Loss: 136.6952362 Test Loss: 790.2372437
EarlyStopping counter: 8 out of 100
Updating learning rate to 0.0025
	iters: 100, epoch: 39 | loss: 0.0193604
	speed: 0.1510s/iter; left time: 2390.9960s
	iters: 200, epoch: 39 | loss: 0.0101574
	speed: 0.0779s/iter; left time: 1225.8637s
Epoch: 39 cost time: 19.72925066947937
Epoch: 39, Steps: 257 | Train Loss: 0.0190423 Vali Loss: 135.0441284 Test Loss: 725.5149536
EarlyStopping counter: 9 out of 100
Updating learning rate to 0.0025
	iters: 100, epoch: 40 | loss: 0.0095809
	speed: 0.1469s/iter; left time: 2288.6502s
	iters: 200, epoch: 40 | loss: 0.0093851
	speed: 0.0772s/iter; left time: 1195.2707s
Epoch: 40 cost time: 19.862821340560913
Epoch: 40, Steps: 257 | Train Loss: 0.0182583 Vali Loss: 137.5223846 Test Loss: 729.9273071
EarlyStopping counter: 10 out of 100
Updating learning rate to 0.0025
	iters: 100, epoch: 41 | loss: 0.0100912
	speed: 0.1527s/iter; left time: 2338.9758s
	iters: 200, epoch: 41 | loss: 0.0588980
	speed: 0.0779s/iter; left time: 1186.1628s
Epoch: 41 cost time: 20.48067808151245
Epoch: 41, Steps: 257 | Train Loss: 0.0190837 Vali Loss: 134.1724548 Test Loss: 757.6493530
EarlyStopping counter: 11 out of 100
Updating learning rate to 0.0025
	iters: 100, epoch: 42 | loss: 0.0706949
	speed: 0.1489s/iter; left time: 2243.4816s
	iters: 200, epoch: 42 | loss: 0.0171952
	speed: 0.0801s/iter; left time: 1199.1438s
Epoch: 42 cost time: 20.14467978477478
Epoch: 42, Steps: 257 | Train Loss: 0.0183909 Vali Loss: 134.2041626 Test Loss: 719.4661865
EarlyStopping counter: 12 out of 100
Updating learning rate to 0.0025
	iters: 100, epoch: 43 | loss: 0.0084511
	speed: 0.1519s/iter; left time: 2248.8230s
	iters: 200, epoch: 43 | loss: 0.0172398
	speed: 0.0762s/iter; left time: 1121.1449s
Epoch: 43 cost time: 20.39833927154541
Epoch: 43, Steps: 257 | Train Loss: 0.0179462 Vali Loss: 135.5305481 Test Loss: 766.9327393
EarlyStopping counter: 13 out of 100
Updating learning rate to 0.0025
	iters: 100, epoch: 44 | loss: 0.0677596
	speed: 0.1538s/iter; left time: 2237.2070s
	iters: 200, epoch: 44 | loss: 0.0086273
	speed: 0.0770s/iter; left time: 1113.0333s
Epoch: 44 cost time: 20.130582571029663
Epoch: 44, Steps: 257 | Train Loss: 0.0191455 Vali Loss: 174.4143677 Test Loss: 755.5645142
EarlyStopping counter: 14 out of 100
Updating learning rate to 0.0025
	iters: 100, epoch: 45 | loss: 0.0052672
	speed: 0.1503s/iter; left time: 2148.6133s
	iters: 200, epoch: 45 | loss: 0.0132265
	speed: 0.0763s/iter; left time: 1083.1886s
Epoch: 45 cost time: 20.01303195953369
Epoch: 45, Steps: 257 | Train Loss: 0.0196348 Vali Loss: 185.9611206 Test Loss: 808.4664917
EarlyStopping counter: 15 out of 100
Updating learning rate to 0.0025
	iters: 100, epoch: 46 | loss: 0.0078170
	speed: 0.1517s/iter; left time: 2129.4498s
	iters: 200, epoch: 46 | loss: 0.0091563
	speed: 0.0770s/iter; left time: 1073.3073s
Epoch: 46 cost time: 20.43717932701111
Epoch: 46, Steps: 257 | Train Loss: 0.0207184 Vali Loss: 127.9488907 Test Loss: 753.9708252
EarlyStopping counter: 16 out of 100
Updating learning rate to 0.0025
	iters: 100, epoch: 47 | loss: 0.0124823
	speed: 0.1539s/iter; left time: 2120.4027s
	iters: 200, epoch: 47 | loss: 0.0109861
	speed: 0.0771s/iter; left time: 1055.3004s
Epoch: 47 cost time: 20.250195026397705
Epoch: 47, Steps: 257 | Train Loss: 0.0190060 Vali Loss: 146.6367340 Test Loss: 790.7196655
EarlyStopping counter: 17 out of 100
Updating learning rate to 0.0025
	iters: 100, epoch: 48 | loss: 0.0196176
	speed: 0.1493s/iter; left time: 2018.8898s
	iters: 200, epoch: 48 | loss: 0.0224925
	speed: 0.0774s/iter; left time: 1039.1416s
Epoch: 48 cost time: 20.073975086212158
Epoch: 48, Steps: 257 | Train Loss: 0.0190085 Vali Loss: 120.3066025 Test Loss: 737.6031494
Validation loss decreased (124.173790 --> 120.306602).  Saving model ...
Updating learning rate to 0.0025
	iters: 100, epoch: 49 | loss: 0.0067102
	speed: 0.1527s/iter; left time: 2025.6778s
	iters: 200, epoch: 49 | loss: 0.0232625
	speed: 0.0785s/iter; left time: 1033.8589s
Epoch: 49 cost time: 20.13236689567566
Epoch: 49, Steps: 257 | Train Loss: 0.0210861 Vali Loss: 133.5490723 Test Loss: 736.0540771
EarlyStopping counter: 1 out of 100
Updating learning rate to 0.0025
	iters: 100, epoch: 50 | loss: 0.0079040
	speed: 0.1505s/iter; left time: 1958.1647s
	iters: 200, epoch: 50 | loss: 0.0083991
	speed: 0.0786s/iter; left time: 1014.4165s
Epoch: 50 cost time: 20.228818893432617
Epoch: 50, Steps: 257 | Train Loss: 0.0207178 Vali Loss: 140.9637299 Test Loss: 756.8445435
EarlyStopping counter: 2 out of 100
Updating learning rate to 0.0025
	iters: 100, epoch: 51 | loss: 0.0092411
	speed: 0.1532s/iter; left time: 1953.7515s
	iters: 200, epoch: 51 | loss: 0.0126827
	speed: 0.0790s/iter; left time: 999.2732s
Epoch: 51 cost time: 20.554129362106323
Epoch: 51, Steps: 257 | Train Loss: 0.0177112 Vali Loss: 132.7140961 Test Loss: 747.2858276
EarlyStopping counter: 3 out of 100
Updating learning rate to 0.0025
	iters: 100, epoch: 52 | loss: 0.0171435
	speed: 0.1535s/iter; left time: 1918.2648s
	iters: 200, epoch: 52 | loss: 0.0136522
	speed: 0.0757s/iter; left time: 938.4352s
Epoch: 52 cost time: 20.09999918937683
Epoch: 52, Steps: 257 | Train Loss: 0.0185493 Vali Loss: 130.6403046 Test Loss: 727.1851196
EarlyStopping counter: 4 out of 100
Updating learning rate to 0.0025
	iters: 100, epoch: 53 | loss: 0.0754536
	speed: 0.1504s/iter; left time: 1840.7950s
	iters: 200, epoch: 53 | loss: 0.0120934
	speed: 0.0761s/iter; left time: 923.0304s
Epoch: 53 cost time: 20.14744472503662
Epoch: 53, Steps: 257 | Train Loss: 0.0177405 Vali Loss: 130.2185211 Test Loss: 742.5666504
EarlyStopping counter: 5 out of 100
Updating learning rate to 0.0025
	iters: 100, epoch: 54 | loss: 0.0115864
	speed: 0.1516s/iter; left time: 1816.4789s
	iters: 200, epoch: 54 | loss: 0.0096322
	speed: 0.0775s/iter; left time: 920.3218s
Epoch: 54 cost time: 19.941523790359497
Epoch: 54, Steps: 257 | Train Loss: 0.0176981 Vali Loss: 133.3573608 Test Loss: 717.1937866
EarlyStopping counter: 6 out of 100
Updating learning rate to 0.0025
	iters: 100, epoch: 55 | loss: 0.0169002
	speed: 0.1502s/iter; left time: 1760.2281s
	iters: 200, epoch: 55 | loss: 0.0148672
	speed: 0.0788s/iter; left time: 915.9881s
Epoch: 55 cost time: 20.098143339157104
Epoch: 55, Steps: 257 | Train Loss: 0.0177797 Vali Loss: 133.6298218 Test Loss: 734.4373779
EarlyStopping counter: 7 out of 100
Updating learning rate to 0.0025
	iters: 100, epoch: 56 | loss: 0.0059355
	speed: 0.1497s/iter; left time: 1716.1601s
	iters: 200, epoch: 56 | loss: 0.0074381
	speed: 0.0792s/iter; left time: 900.6415s
Epoch: 56 cost time: 20.292864322662354
Epoch: 56, Steps: 257 | Train Loss: 0.0179826 Vali Loss: 129.8041077 Test Loss: 770.2122803
EarlyStopping counter: 8 out of 100
Updating learning rate to 0.0025
	iters: 100, epoch: 57 | loss: 0.0149373
	speed: 0.1561s/iter; left time: 1749.2072s
	iters: 200, epoch: 57 | loss: 0.0128258
	speed: 0.0791s/iter; left time: 878.7113s
Epoch: 57 cost time: 20.438571214675903
Epoch: 57, Steps: 257 | Train Loss: 0.0170168 Vali Loss: 121.7873230 Test Loss: 734.5260620
EarlyStopping counter: 9 out of 100
Updating learning rate to 0.0025
	iters: 100, epoch: 58 | loss: 0.0117792
	speed: 0.1510s/iter; left time: 1654.1816s
	iters: 200, epoch: 58 | loss: 0.0200021
	speed: 0.0751s/iter; left time: 814.7307s
Epoch: 58 cost time: 20.06572937965393
Epoch: 58, Steps: 257 | Train Loss: 0.0181717 Vali Loss: 131.2128754 Test Loss: 738.8800049
EarlyStopping counter: 10 out of 100
Updating learning rate to 0.0025
	iters: 100, epoch: 59 | loss: 0.0181427
	speed: 0.1527s/iter; left time: 1633.6320s
	iters: 200, epoch: 59 | loss: 0.0152943
	speed: 0.0765s/iter; left time: 810.4424s
Epoch: 59 cost time: 20.14792799949646
Epoch: 59, Steps: 257 | Train Loss: 0.0182267 Vali Loss: 135.3591461 Test Loss: 743.2395630
EarlyStopping counter: 11 out of 100
Updating learning rate to 0.0025
	iters: 100, epoch: 60 | loss: 0.0164120
	speed: 0.1515s/iter; left time: 1581.0356s
	iters: 200, epoch: 60 | loss: 0.0153506
	speed: 0.0766s/iter; left time: 791.9041s
Epoch: 60 cost time: 20.102397680282593
Epoch: 60, Steps: 257 | Train Loss: 0.0199915 Vali Loss: 165.8595734 Test Loss: 757.6819458
EarlyStopping counter: 12 out of 100
Updating learning rate to 0.0025
	iters: 100, epoch: 61 | loss: 0.0081438
	speed: 0.1509s/iter; left time: 1536.5099s
	iters: 200, epoch: 61 | loss: 0.0175062
	speed: 0.0785s/iter; left time: 791.2236s
Epoch: 61 cost time: 20.253904819488525
Epoch: 61, Steps: 257 | Train Loss: 0.0208276 Vali Loss: 136.5877686 Test Loss: 771.6247559
EarlyStopping counter: 13 out of 100
Updating learning rate to 0.0025
	iters: 100, epoch: 62 | loss: 0.0292244
	speed: 0.1541s/iter; left time: 1529.6467s
	iters: 200, epoch: 62 | loss: 0.0445206
	speed: 0.0795s/iter; left time: 780.8593s
Epoch: 62 cost time: 20.243599891662598
Epoch: 62, Steps: 257 | Train Loss: 0.0186739 Vali Loss: 130.9502716 Test Loss: 767.8123779
EarlyStopping counter: 14 out of 100
Updating learning rate to 0.0025
	iters: 100, epoch: 63 | loss: 0.0274254
	speed: 0.1488s/iter; left time: 1438.4518s
	iters: 200, epoch: 63 | loss: 0.0145793
	speed: 0.0797s/iter; left time: 762.6821s
Epoch: 63 cost time: 20.242797374725342
Epoch: 63, Steps: 257 | Train Loss: 0.0190849 Vali Loss: 135.5491791 Test Loss: 751.6406250
EarlyStopping counter: 15 out of 100
Updating learning rate to 0.0025
	iters: 100, epoch: 64 | loss: 0.0156158
	speed: 0.1507s/iter; left time: 1418.1806s
	iters: 200, epoch: 64 | loss: 0.0079047
	speed: 0.0776s/iter; left time: 722.2758s
Epoch: 64 cost time: 20.580983638763428
Epoch: 64, Steps: 257 | Train Loss: 0.0173989 Vali Loss: 132.2868042 Test Loss: 747.7512817
EarlyStopping counter: 16 out of 100
Updating learning rate to 0.0025
	iters: 100, epoch: 65 | loss: 0.0384196
	speed: 0.1603s/iter; left time: 1466.8205s
	iters: 200, epoch: 65 | loss: 0.0101180
	speed: 0.0766s/iter; left time: 693.7045s
Epoch: 65 cost time: 20.82558536529541
Epoch: 65, Steps: 257 | Train Loss: 0.0265951 Vali Loss: 137.3079224 Test Loss: 760.1495361
EarlyStopping counter: 17 out of 100
Updating learning rate to 0.0025
	iters: 100, epoch: 66 | loss: 0.0083631
	speed: 0.1507s/iter; left time: 1340.8274s
	iters: 200, epoch: 66 | loss: 0.0259238
	speed: 0.0506s/iter; left time: 445.3433s
Epoch: 66 cost time: 15.524187564849854
Epoch: 66, Steps: 257 | Train Loss: 0.0215181 Vali Loss: 133.3142242 Test Loss: 773.3464355
EarlyStopping counter: 18 out of 100
Updating learning rate to 0.0025
	iters: 100, epoch: 67 | loss: 0.0259376
	speed: 0.0996s/iter; left time: 860.7852s
	iters: 200, epoch: 67 | loss: 0.0416133
	speed: 0.0507s/iter; left time: 433.1088s
Epoch: 67 cost time: 13.125279664993286
Epoch: 67, Steps: 257 | Train Loss: 0.0181823 Vali Loss: 128.6339722 Test Loss: 749.7025146
EarlyStopping counter: 19 out of 100
Updating learning rate to 0.0025
	iters: 100, epoch: 68 | loss: 0.0112352
	speed: 0.1006s/iter; left time: 843.1194s
	iters: 200, epoch: 68 | loss: 0.0421090
	speed: 0.0501s/iter; left time: 415.0931s
Epoch: 68 cost time: 13.142423152923584
Epoch: 68, Steps: 257 | Train Loss: 0.0194232 Vali Loss: 126.3324356 Test Loss: 726.7548828
EarlyStopping counter: 20 out of 100
Updating learning rate to 0.0025
	iters: 100, epoch: 69 | loss: 0.0336132
	speed: 0.0982s/iter; left time: 798.2637s
	iters: 200, epoch: 69 | loss: 0.0312180
	speed: 0.0507s/iter; left time: 406.6768s
Epoch: 69 cost time: 13.168747901916504
Epoch: 69, Steps: 257 | Train Loss: 0.0184965 Vali Loss: 139.8188324 Test Loss: 793.9641724
EarlyStopping counter: 21 out of 100
Updating learning rate to 0.0025
	iters: 100, epoch: 70 | loss: 0.0116663
	speed: 0.1219s/iter; left time: 959.1276s
	iters: 200, epoch: 70 | loss: 0.0106209
	speed: 0.0767s/iter; left time: 595.8474s
Epoch: 70 cost time: 19.385008335113525
Epoch: 70, Steps: 257 | Train Loss: 0.0174349 Vali Loss: 133.9326477 Test Loss: 734.4353638
EarlyStopping counter: 22 out of 100
Updating learning rate to 0.0025
	iters: 100, epoch: 71 | loss: 0.0117840
	speed: 0.1530s/iter; left time: 1164.2602s
	iters: 200, epoch: 71 | loss: 0.0068461
	speed: 0.0757s/iter; left time: 568.6805s
Epoch: 71 cost time: 20.166045427322388
Epoch: 71, Steps: 257 | Train Loss: 0.0169252 Vali Loss: 142.0402527 Test Loss: 731.6332397
EarlyStopping counter: 23 out of 100
Updating learning rate to 0.0025
	iters: 100, epoch: 72 | loss: 0.0083465
	speed: 0.1513s/iter; left time: 1112.4465s
	iters: 200, epoch: 72 | loss: 0.0179358
	speed: 0.0766s/iter; left time: 555.3950s
Epoch: 72 cost time: 20.193765878677368
Epoch: 72, Steps: 257 | Train Loss: 0.0177010 Vali Loss: 137.1916046 Test Loss: 735.0184326
EarlyStopping counter: 24 out of 100
Updating learning rate to 0.0025
	iters: 100, epoch: 73 | loss: 0.0117104
	speed: 0.1517s/iter; left time: 1076.6779s
	iters: 200, epoch: 73 | loss: 0.0079744
	speed: 0.0756s/iter; left time: 529.3212s
Epoch: 73 cost time: 20.175649642944336
Epoch: 73, Steps: 257 | Train Loss: 0.0184079 Vali Loss: 131.0877838 Test Loss: 745.2459717
EarlyStopping counter: 25 out of 100
Updating learning rate to 0.0025
	iters: 100, epoch: 74 | loss: 0.0178451
	speed: 0.1547s/iter; left time: 1058.3890s
	iters: 200, epoch: 74 | loss: 0.0122141
	speed: 0.0774s/iter; left time: 521.6761s
Epoch: 74 cost time: 20.356831789016724
Epoch: 74, Steps: 257 | Train Loss: 0.0174740 Vali Loss: 152.8978882 Test Loss: 751.2534790
EarlyStopping counter: 26 out of 100
Updating learning rate to 0.0025
	iters: 100, epoch: 75 | loss: 0.0450433
	speed: 0.1533s/iter; left time: 1009.2391s
	iters: 200, epoch: 75 | loss: 0.0514239
	speed: 0.0751s/iter; left time: 486.6650s
Epoch: 75 cost time: 20.186416625976562
Epoch: 75, Steps: 257 | Train Loss: 0.0184912 Vali Loss: 136.8444214 Test Loss: 752.9916992
EarlyStopping counter: 27 out of 100
Updating learning rate to 0.0025
	iters: 100, epoch: 76 | loss: 0.0127551
	speed: 0.1530s/iter; left time: 967.7399s
	iters: 200, epoch: 76 | loss: 0.0179889
	speed: 0.0787s/iter; left time: 490.1172s
Epoch: 76 cost time: 20.472986221313477
Epoch: 76, Steps: 257 | Train Loss: 0.0199015 Vali Loss: 127.5905228 Test Loss: 742.5050659
EarlyStopping counter: 28 out of 100
Updating learning rate to 0.0025
	iters: 100, epoch: 77 | loss: 0.0110024
	speed: 0.1548s/iter; left time: 939.2112s
	iters: 200, epoch: 77 | loss: 0.0115091
	speed: 0.0751s/iter; left time: 448.2915s
Epoch: 77 cost time: 20.463866472244263
Epoch: 77, Steps: 257 | Train Loss: 0.0191316 Vali Loss: 132.8374023 Test Loss: 753.6434326
EarlyStopping counter: 29 out of 100
Updating learning rate to 0.0025
	iters: 100, epoch: 78 | loss: 0.0052887
	speed: 0.1531s/iter; left time: 889.5340s
	iters: 200, epoch: 78 | loss: 0.0198837
	speed: 0.0748s/iter; left time: 427.1190s
Epoch: 78 cost time: 19.886386394500732
Epoch: 78, Steps: 257 | Train Loss: 0.0184893 Vali Loss: 132.6266479 Test Loss: 772.8942261
EarlyStopping counter: 30 out of 100
Updating learning rate to 0.0025
	iters: 100, epoch: 79 | loss: 0.0191450
	speed: 0.1561s/iter; left time: 867.0555s
	iters: 200, epoch: 79 | loss: 0.0337804
	speed: 0.0754s/iter; left time: 411.0635s
Epoch: 79 cost time: 20.631468296051025
Epoch: 79, Steps: 257 | Train Loss: 0.0179482 Vali Loss: 148.4043579 Test Loss: 807.9519653
EarlyStopping counter: 31 out of 100
Updating learning rate to 0.0025
	iters: 100, epoch: 80 | loss: 0.0105606
	speed: 0.1547s/iter; left time: 819.5500s
	iters: 200, epoch: 80 | loss: 0.0465869
	speed: 0.0789s/iter; left time: 410.1146s
Epoch: 80 cost time: 20.44832730293274
Epoch: 80, Steps: 257 | Train Loss: 0.0186190 Vali Loss: 144.0399475 Test Loss: 787.1370239
EarlyStopping counter: 32 out of 100
Updating learning rate to 0.0025
	iters: 100, epoch: 81 | loss: 0.0117170
	speed: 0.1500s/iter; left time: 756.1091s
	iters: 200, epoch: 81 | loss: 0.0079846
	speed: 0.0785s/iter; left time: 387.6561s
Epoch: 81 cost time: 20.19062376022339
Epoch: 81, Steps: 257 | Train Loss: 0.0204041 Vali Loss: 130.5997620 Test Loss: 738.8478394
EarlyStopping counter: 33 out of 100
Updating learning rate to 0.0025
	iters: 100, epoch: 82 | loss: 0.0137884
	speed: 0.1527s/iter; left time: 730.5704s
	iters: 200, epoch: 82 | loss: 0.0499541
	speed: 0.0785s/iter; left time: 367.7068s
Epoch: 82 cost time: 20.378706455230713
Epoch: 82, Steps: 257 | Train Loss: 0.0208664 Vali Loss: 133.4437714 Test Loss: 762.4810791
EarlyStopping counter: 34 out of 100
Updating learning rate to 0.0025
	iters: 100, epoch: 83 | loss: 0.0713301
	speed: 0.1525s/iter; left time: 690.3233s
	iters: 200, epoch: 83 | loss: 0.0124907
	speed: 0.0768s/iter; left time: 340.1293s
Epoch: 83 cost time: 20.44696879386902
Epoch: 83, Steps: 257 | Train Loss: 0.0210833 Vali Loss: 137.6135406 Test Loss: 742.0607300
EarlyStopping counter: 35 out of 100
Updating learning rate to 0.0025
	iters: 100, epoch: 84 | loss: 0.0221791
	speed: 0.1570s/iter; left time: 670.4907s
	iters: 200, epoch: 84 | loss: 0.0150827
	speed: 0.0766s/iter; left time: 319.6300s
Epoch: 84 cost time: 20.389816761016846
Epoch: 84, Steps: 257 | Train Loss: 0.0210889 Vali Loss: 144.8904266 Test Loss: 752.6443481
EarlyStopping counter: 36 out of 100
Updating learning rate to 0.0025
	iters: 100, epoch: 85 | loss: 0.0112745
	speed: 0.1540s/iter; left time: 618.1273s
	iters: 200, epoch: 85 | loss: 0.0160897
	speed: 0.0776s/iter; left time: 303.6395s
Epoch: 85 cost time: 20.531937837600708
Epoch: 85, Steps: 257 | Train Loss: 0.0182430 Vali Loss: 128.0655060 Test Loss: 728.8612061
EarlyStopping counter: 37 out of 100
Updating learning rate to 0.0025
	iters: 100, epoch: 86 | loss: 0.0639337
	speed: 0.1519s/iter; left time: 570.3836s
	iters: 200, epoch: 86 | loss: 0.0136219
	speed: 0.0780s/iter; left time: 285.1368s
Epoch: 86 cost time: 20.339472770690918
Epoch: 86, Steps: 257 | Train Loss: 0.0192641 Vali Loss: 130.4329987 Test Loss: 749.1791992
EarlyStopping counter: 38 out of 100
Updating learning rate to 0.0025
	iters: 100, epoch: 87 | loss: 0.0159222
	speed: 0.1532s/iter; left time: 536.0333s
	iters: 200, epoch: 87 | loss: 0.0062535
	speed: 0.0740s/iter; left time: 251.6068s
Epoch: 87 cost time: 19.86743950843811
Epoch: 87, Steps: 257 | Train Loss: 0.0187159 Vali Loss: 131.6000214 Test Loss: 742.4415283
EarlyStopping counter: 39 out of 100
Updating learning rate to 0.0025
	iters: 100, epoch: 88 | loss: 0.0117546
	speed: 0.1583s/iter; left time: 513.2294s
	iters: 200, epoch: 88 | loss: 0.0103334
	speed: 0.0780s/iter; left time: 245.0503s
Epoch: 88 cost time: 20.55583167076111
Epoch: 88, Steps: 257 | Train Loss: 0.0180034 Vali Loss: 135.3769989 Test Loss: 753.1437378
EarlyStopping counter: 40 out of 100
Updating learning rate to 0.0025
	iters: 100, epoch: 89 | loss: 0.0226668
	speed: 0.1544s/iter; left time: 460.9819s
	iters: 200, epoch: 89 | loss: 0.0210299
	speed: 0.0763s/iter; left time: 220.2557s
Epoch: 89 cost time: 20.011649131774902
Epoch: 89, Steps: 257 | Train Loss: 0.0184904 Vali Loss: 128.9223785 Test Loss: 732.6318359
EarlyStopping counter: 41 out of 100
Updating learning rate to 0.0025
	iters: 100, epoch: 90 | loss: 0.0091805
	speed: 0.1521s/iter; left time: 414.9562s
	iters: 200, epoch: 90 | loss: 0.0217523
	speed: 0.0752s/iter; left time: 197.5496s
Epoch: 90 cost time: 20.13291645050049
Epoch: 90, Steps: 257 | Train Loss: 0.0179833 Vali Loss: 140.5032349 Test Loss: 770.9959106
EarlyStopping counter: 42 out of 100
Updating learning rate to 0.0025
	iters: 100, epoch: 91 | loss: 0.0132942
	speed: 0.1511s/iter; left time: 373.3684s
	iters: 200, epoch: 91 | loss: 0.0245818
	speed: 0.0770s/iter; left time: 182.6505s
Epoch: 91 cost time: 20.1466863155365
Epoch: 91, Steps: 257 | Train Loss: 0.0178835 Vali Loss: 131.2708893 Test Loss: 751.1133423
EarlyStopping counter: 43 out of 100
Updating learning rate to 0.0025
	iters: 100, epoch: 92 | loss: 0.0132423
	speed: 0.1534s/iter; left time: 339.5280s
	iters: 200, epoch: 92 | loss: 0.0115293
	speed: 0.0761s/iter; left time: 160.8680s
Epoch: 92 cost time: 20.554111003875732
Epoch: 92, Steps: 257 | Train Loss: 0.0221338 Vali Loss: 135.7283325 Test Loss: 748.7515259
EarlyStopping counter: 44 out of 100
Updating learning rate to 0.0025
	iters: 100, epoch: 93 | loss: 0.0239636
	speed: 0.1561s/iter; left time: 305.4560s
	iters: 200, epoch: 93 | loss: 0.0129946
	speed: 0.0771s/iter; left time: 143.1826s
Epoch: 93 cost time: 20.24732279777527
Epoch: 93, Steps: 257 | Train Loss: 0.0207094 Vali Loss: 134.0746460 Test Loss: 748.6985474
EarlyStopping counter: 45 out of 100
Updating learning rate to 0.0025
	iters: 100, epoch: 94 | loss: 0.0162888
	speed: 0.1543s/iter; left time: 262.3464s
	iters: 200, epoch: 94 | loss: 0.0163977
	speed: 0.0753s/iter; left time: 120.4340s
Epoch: 94 cost time: 20.101778507232666
Epoch: 94, Steps: 257 | Train Loss: 0.0184726 Vali Loss: 129.3808136 Test Loss: 736.4285889
EarlyStopping counter: 46 out of 100
Updating learning rate to 0.0025
	iters: 100, epoch: 95 | loss: 0.0080806
	speed: 0.1539s/iter; left time: 222.1196s
	iters: 200, epoch: 95 | loss: 0.0216132
	speed: 0.0779s/iter; left time: 104.6827s
Epoch: 95 cost time: 20.529945135116577
Epoch: 95, Steps: 257 | Train Loss: 0.0185771 Vali Loss: 133.4099884 Test Loss: 744.4962769
EarlyStopping counter: 47 out of 100
Updating learning rate to 0.0025
	iters: 100, epoch: 96 | loss: 0.0128510
	speed: 0.1573s/iter; left time: 186.5251s
	iters: 200, epoch: 96 | loss: 0.0203520
	speed: 0.0770s/iter; left time: 83.6058s
Epoch: 96 cost time: 20.328255653381348
Epoch: 96, Steps: 257 | Train Loss: 0.0178844 Vali Loss: 142.4070435 Test Loss: 756.5183716
EarlyStopping counter: 48 out of 100
Updating learning rate to 0.0025
	iters: 100, epoch: 97 | loss: 0.0331476
	speed: 0.1569s/iter; left time: 145.7522s
	iters: 200, epoch: 97 | loss: 0.0132554
	speed: 0.0766s/iter; left time: 63.5422s
Epoch: 97 cost time: 20.499136924743652
Epoch: 97, Steps: 257 | Train Loss: 0.0195650 Vali Loss: 134.4443817 Test Loss: 745.6369629
EarlyStopping counter: 49 out of 100
Updating learning rate to 0.0025
	iters: 100, epoch: 98 | loss: 0.0476521
	speed: 0.1556s/iter; left time: 104.5441s
	iters: 200, epoch: 98 | loss: 0.0107776
	speed: 0.0768s/iter; left time: 43.9080s
Epoch: 98 cost time: 20.46543574333191
Epoch: 98, Steps: 257 | Train Loss: 0.0184321 Vali Loss: 133.4633789 Test Loss: 754.3073730
EarlyStopping counter: 50 out of 100
Updating learning rate to 0.0025
	iters: 100, epoch: 99 | loss: 0.0264649
	speed: 0.1569s/iter; left time: 65.1334s
	iters: 200, epoch: 99 | loss: 0.0142413
	speed: 0.0773s/iter; left time: 24.3448s
Epoch: 99 cost time: 20.442959785461426
Epoch: 99, Steps: 257 | Train Loss: 0.0220443 Vali Loss: 140.6150818 Test Loss: 770.2043457
EarlyStopping counter: 51 out of 100
Updating learning rate to 0.0025
	iters: 100, epoch: 100 | loss: 0.0714894
	speed: 0.1555s/iter; left time: 24.5667s
	iters: 200, epoch: 100 | loss: 0.0047453
	speed: 0.0764s/iter; left time: 4.4291s
Epoch: 100 cost time: 20.088313341140747
Epoch: 100, Steps: 257 | Train Loss: 0.0280068 Vali Loss: 133.9772339 Test Loss: 751.7139893
EarlyStopping counter: 52 out of 100
Updating learning rate to 0.0025
>>>>>>>testing : 84_28_PatchTST_custom_ftM_sl84_ll48_pl28_dm16_nh4_el3_dl1_df128_fc1_ebtimeF_dtTrue_Exp_0<<<<<<<<<<<<<<<<<<<<<<<<<<<<<<<<<
test 1180
mse:737.6032104492188, mae:7.702876567840576, rse:0.2214127629995346
